[0.019s] Invoking command in '/home/soroush/robatics/Assignment2/assi2/build/yangsim': CMAKE_PREFIX_PATH=/home/soroush/robatics/Assignment2/assi2/install/interfaces:/home/soroush/robatics/Assignment2/assi2/install/yangsim:/home/soroush/robatics/Assignment2/assi2/install/yinsim:/home/soroush/robatics/Assignment2/assi2/install/py_srvcli:/opt/ros/humble /usr/bin/cmake --build /home/soroush/robatics/Assignment2/assi2/build/yangsim -- -j8 -l8
[0.065s] [35m[1mConsolidate compiler generated dependencies of target yangnode[0m
[0.084s] [ 50%] [32mBuilding CXX object CMakeFiles/yangnode.dir/src/yangnode.cpp.o[0m
[3.803s] [100%] [32m[1mLinking CXX executable yangnode[0m
[3.962s] [100%] Built target yangnode
[3.974s] Invoked command in '/home/soroush/robatics/Assignment2/assi2/build/yangsim' returned '0': CMAKE_PREFIX_PATH=/home/soroush/robatics/Assignment2/assi2/install/interfaces:/home/soroush/robatics/Assignment2/assi2/install/yangsim:/home/soroush/robatics/Assignment2/assi2/install/yinsim:/home/soroush/robatics/Assignment2/assi2/install/py_srvcli:/opt/ros/humble /usr/bin/cmake --build /home/soroush/robatics/Assignment2/assi2/build/yangsim -- -j8 -l8
[4.013s] Invoking command in '/home/soroush/robatics/Assignment2/assi2/build/yangsim': CMAKE_PREFIX_PATH=/home/soroush/robatics/Assignment2/assi2/install/interfaces:/home/soroush/robatics/Assignment2/assi2/install/yangsim:/home/soroush/robatics/Assignment2/assi2/install/yinsim:/home/soroush/robatics/Assignment2/assi2/install/py_srvcli:/opt/ros/humble /usr/bin/cmake --install /home/soroush/robatics/Assignment2/assi2/build/yangsim
[4.020s] -- Install configuration: ""
[4.020s] -- Installing: /home/soroush/robatics/Assignment2/assi2/install/yangsim/lib/yangsim/yangnode
[4.022s] -- Set runtime path of "/home/soroush/robatics/Assignment2/assi2/install/yangsim/lib/yangsim/yangnode" to ""
[4.022s] -- Up-to-date: /home/soroush/robatics/Assignment2/assi2/install/yangsim/share/ament_index/resource_index/package_run_dependencies/yangsim
[4.022s] -- Up-to-date: /home/soroush/robatics/Assignment2/assi2/install/yangsim/share/ament_index/resource_index/parent_prefix_path/yangsim
[4.023s] -- Up-to-date: /home/soroush/robatics/Assignment2/assi2/install/yangsim/share/yangsim/environment/ament_prefix_path.sh
[4.023s] -- Up-to-date: /home/soroush/robatics/Assignment2/assi2/install/yangsim/share/yangsim/environment/ament_prefix_path.dsv
[4.023s] -- Up-to-date: /home/soroush/robatics/Assignment2/assi2/install/yangsim/share/yangsim/environment/path.sh
[4.023s] -- Up-to-date: /home/soroush/robatics/Assignment2/assi2/install/yangsim/share/yangsim/environment/path.dsv
[4.023s] -- Up-to-date: /home/soroush/robatics/Assignment2/assi2/install/yangsim/share/yangsim/local_setup.bash
[4.023s] -- Up-to-date: /home/soroush/robatics/Assignment2/assi2/install/yangsim/share/yangsim/local_setup.sh
[4.024s] -- Up-to-date: /home/soroush/robatics/Assignment2/assi2/install/yangsim/share/yangsim/local_setup.zsh
[4.024s] -- Up-to-date: /home/soroush/robatics/Assignment2/assi2/install/yangsim/share/yangsim/local_setup.dsv
[4.024s] -- Installing: /home/soroush/robatics/Assignment2/assi2/install/yangsim/share/yangsim/package.dsv
[4.024s] -- Up-to-date: /home/soroush/robatics/Assignment2/assi2/install/yangsim/share/ament_index/resource_index/packages/yangsim
[4.024s] -- Up-to-date: /home/soroush/robatics/Assignment2/assi2/install/yangsim/share/yangsim/cmake/yangsimConfig.cmake
[4.024s] -- Up-to-date: /home/soroush/robatics/Assignment2/assi2/install/yangsim/share/yangsim/cmake/yangsimConfig-version.cmake
[4.024s] -- Up-to-date: /home/soroush/robatics/Assignment2/assi2/install/yangsim/share/yangsim/package.xml
[4.026s] Invoked command in '/home/soroush/robatics/Assignment2/assi2/build/yangsim' returned '0': CMAKE_PREFIX_PATH=/home/soroush/robatics/Assignment2/assi2/install/interfaces:/home/soroush/robatics/Assignment2/assi2/install/yangsim:/home/soroush/robatics/Assignment2/assi2/install/yinsim:/home/soroush/robatics/Assignment2/assi2/install/py_srvcli:/opt/ros/humble /usr/bin/cmake --install /home/soroush/robatics/Assignment2/assi2/build/yangsim
