[3.238s] Invoking command in '/home/soroush/robatics/Assignment2/assi2/src/lab7': PYTHONPATH=/home/soroush/robatics/Assignment2/assi2/src/build/lab7/prefix_override:/home/soroush/robatics/Assignment2/assi2/src/install/lab7/lib/python3.10/site-packages:${PYTHONPATH} /usr/bin/python3 setup.py egg_info --egg-base ../build/lab7 build --build-base /home/soroush/robatics/Assignment2/assi2/src/build/lab7/build install --record /home/soroush/robatics/Assignment2/assi2/src/build/lab7/install.log --single-version-externally-managed
[4.136s] running egg_info
[4.197s] writing ../build/lab7/lab7.egg-info/PKG-INFO
[4.198s] writing dependency_links to ../build/lab7/lab7.egg-info/dependency_links.txt
[4.199s] writing entry points to ../build/lab7/lab7.egg-info/entry_points.txt
[4.199s] writing requirements to ../build/lab7/lab7.egg-info/requires.txt
[4.200s] writing top-level names to ../build/lab7/lab7.egg-info/top_level.txt
[4.320s] reading manifest file '../build/lab7/lab7.egg-info/SOURCES.txt'
[4.323s] writing manifest file '../build/lab7/lab7.egg-info/SOURCES.txt'
[4.324s] running build
[4.324s] running build_py
[4.324s] copying lab7/__init__.py -> /home/soroush/robatics/Assignment2/assi2/src/build/lab7/build/lib/lab7
[4.326s] running install
[4.326s] /home/soroush/.local/lib/python3.10/site-packages/setuptools/command/install.py:34: SetuptoolsDeprecationWarning: setup.py install is deprecated. Use build and pip and other standards-based tools.
[4.326s]   warnings.warn(
[4.347s] running install_lib
[4.412s] copying /home/soroush/robatics/Assignment2/assi2/src/build/lab7/build/lib/lab7/__init__.py -> /home/soroush/robatics/Assignment2/assi2/src/install/lab7/lib/python3.10/site-packages/lab7
[4.414s] byte-compiling /home/soroush/robatics/Assignment2/assi2/src/install/lab7/lib/python3.10/site-packages/lab7/__init__.py to __init__.cpython-310.pyc
[4.415s] running install_data
[4.476s] copying resource/lab7 -> /home/soroush/robatics/Assignment2/assi2/src/install/lab7/share/ament_index/resource_index/packages
[4.477s] copying package.xml -> /home/soroush/robatics/Assignment2/assi2/src/install/lab7/share/lab7
[4.478s] running install_egg_info
[4.541s] Copying ../build/lab7/lab7.egg-info to /home/soroush/robatics/Assignment2/assi2/src/install/lab7/lib/python3.10/site-packages/lab7-0.0.0-py3.10.egg-info
[4.544s] running install_scripts
[5.249s] Installing modelgazebo script to /home/soroush/robatics/Assignment2/assi2/src/install/lab7/lib/lab7
[5.250s] writing list of installed files to '/home/soroush/robatics/Assignment2/assi2/src/build/lab7/install.log'
[5.336s] Invoked command in '/home/soroush/robatics/Assignment2/assi2/src/lab7' returned '0': PYTHONPATH=/home/soroush/robatics/Assignment2/assi2/src/build/lab7/prefix_override:/home/soroush/robatics/Assignment2/assi2/src/install/lab7/lib/python3.10/site-packages:${PYTHONPATH} /usr/bin/python3 setup.py egg_info --egg-base ../build/lab7 build --build-base /home/soroush/robatics/Assignment2/assi2/src/build/lab7/build install --record /home/soroush/robatics/Assignment2/assi2/src/build/lab7/install.log --single-version-externally-managed
