[3.161s] Invoking command in '/home/soroush/robatics/Assignment2/assi2/src/lab7': PYTHONPATH=/home/soroush/robatics/Assignment2/assi2/src/build/lab7/prefix_override:/home/soroush/robatics/Assignment2/assi2/src/install/lab7/lib/python3.10/site-packages:${PYTHONPATH} /usr/bin/python3 setup.py egg_info --egg-base ../build/lab7 build --build-base /home/soroush/robatics/Assignment2/assi2/src/build/lab7/build install --record /home/soroush/robatics/Assignment2/assi2/src/build/lab7/install.log --single-version-externally-managed
[4.020s] running egg_info
[4.021s] creating ../build/lab7/lab7.egg-info
[4.079s] writing ../build/lab7/lab7.egg-info/PKG-INFO
[4.080s] writing dependency_links to ../build/lab7/lab7.egg-info/dependency_links.txt
[4.080s] writing entry points to ../build/lab7/lab7.egg-info/entry_points.txt
[4.081s] writing requirements to ../build/lab7/lab7.egg-info/requires.txt
[4.081s] writing top-level names to ../build/lab7/lab7.egg-info/top_level.txt
[4.082s] writing manifest file '../build/lab7/lab7.egg-info/SOURCES.txt'
[4.204s] reading manifest file '../build/lab7/lab7.egg-info/SOURCES.txt'
[4.206s] writing manifest file '../build/lab7/lab7.egg-info/SOURCES.txt'
[4.207s] running build
[4.207s] running build_py
[4.208s] creating /home/soroush/robatics/Assignment2/assi2/src/build/lab7/build
[4.208s] creating /home/soroush/robatics/Assignment2/assi2/src/build/lab7/build/lib
[4.208s] creating /home/soroush/robatics/Assignment2/assi2/src/build/lab7/build/lib/lab7
[4.209s] copying lab7/model_gazebo.py -> /home/soroush/robatics/Assignment2/assi2/src/build/lab7/build/lib/lab7
[4.210s] copying lab7/__init__.py -> /home/soroush/robatics/Assignment2/assi2/src/build/lab7/build/lib/lab7
[4.210s] running install
[4.210s] /home/soroush/.local/lib/python3.10/site-packages/setuptools/command/install.py:34: SetuptoolsDeprecationWarning: setup.py install is deprecated. Use build and pip and other standards-based tools.
[4.210s]   warnings.warn(
[4.228s] running install_lib
[4.288s] creating /home/soroush/robatics/Assignment2/assi2/src/install/lab7/lib/python3.10/site-packages/lab7
[4.288s] copying /home/soroush/robatics/Assignment2/assi2/src/build/lab7/build/lib/lab7/model_gazebo.py -> /home/soroush/robatics/Assignment2/assi2/src/install/lab7/lib/python3.10/site-packages/lab7
[4.289s] copying /home/soroush/robatics/Assignment2/assi2/src/build/lab7/build/lib/lab7/__init__.py -> /home/soroush/robatics/Assignment2/assi2/src/install/lab7/lib/python3.10/site-packages/lab7
[4.290s] byte-compiling /home/soroush/robatics/Assignment2/assi2/src/install/lab7/lib/python3.10/site-packages/lab7/model_gazebo.py to model_gazebo.cpython-310.pyc
[4.292s] byte-compiling /home/soroush/robatics/Assignment2/assi2/src/install/lab7/lib/python3.10/site-packages/lab7/__init__.py to __init__.cpython-310.pyc
[4.293s] running install_data
[4.350s] error: can't copy 'resource/lab7': doesn't exist or not a regular file
[4.410s] Invoked command in '/home/soroush/robatics/Assignment2/assi2/src/lab7' returned '1': PYTHONPATH=/home/soroush/robatics/Assignment2/assi2/src/build/lab7/prefix_override:/home/soroush/robatics/Assignment2/assi2/src/install/lab7/lib/python3.10/site-packages:${PYTHONPATH} /usr/bin/python3 setup.py egg_info --egg-base ../build/lab7 build --build-base /home/soroush/robatics/Assignment2/assi2/src/build/lab7/build install --record /home/soroush/robatics/Assignment2/assi2/src/build/lab7/install.log --single-version-externally-managed
