[1.059s] Invoking command in '/home/soroush/ros2_ws/src/alicesim': PYTHONPATH=/home/soroush/ros2_ws/build/alicesim/prefix_override:/home/soroush/ros2_ws/install/alicesim/lib/python3.10/site-packages:${PYTHONPATH} /usr/bin/python3 setup.py egg_info --egg-base ../../build/alicesim build --build-base /home/soroush/ros2_ws/build/alicesim/build install --record /home/soroush/ros2_ws/build/alicesim/install.log --single-version-externally-managed
[1.486s] running egg_info
[1.487s] writing ../../build/alicesim/alicesim.egg-info/PKG-INFO
[1.487s] writing dependency_links to ../../build/alicesim/alicesim.egg-info/dependency_links.txt
[1.488s] writing entry points to ../../build/alicesim/alicesim.egg-info/entry_points.txt
[1.488s] writing requirements to ../../build/alicesim/alicesim.egg-info/requires.txt
[1.488s] writing top-level names to ../../build/alicesim/alicesim.egg-info/top_level.txt
[1.491s] reading manifest file '../../build/alicesim/alicesim.egg-info/SOURCES.txt'
[1.492s] writing manifest file '../../build/alicesim/alicesim.egg-info/SOURCES.txt'
[1.493s] running build
[1.493s] running build_py
[1.493s] running install
[1.493s] /usr/lib/python3/dist-packages/setuptools/command/install.py:34: SetuptoolsDeprecationWarning: setup.py install is deprecated. Use build and pip and other standards-based tools.
[1.493s]   warnings.warn(
[1.494s] running install_lib
[1.496s] running install_data
[1.497s] running install_egg_info
[1.499s] removing '/home/soroush/ros2_ws/install/alicesim/lib/python3.10/site-packages/alicesim-0.0.0-py3.10.egg-info' (and everything under it)
[1.500s] Copying ../../build/alicesim/alicesim.egg-info to /home/soroush/ros2_ws/install/alicesim/lib/python3.10/site-packages/alicesim-0.0.0-py3.10.egg-info
[1.501s] running install_scripts
[1.538s] Installing listener script to /home/soroush/ros2_ws/install/alicesim/lib/alicesim
[1.539s] writing list of installed files to '/home/soroush/ros2_ws/build/alicesim/install.log'
[1.573s] Invoked command in '/home/soroush/ros2_ws/src/alicesim' returned '0': PYTHONPATH=/home/soroush/ros2_ws/build/alicesim/prefix_override:/home/soroush/ros2_ws/install/alicesim/lib/python3.10/site-packages:${PYTHONPATH} /usr/bin/python3 setup.py egg_info --egg-base ../../build/alicesim build --build-base /home/soroush/ros2_ws/build/alicesim/build install --record /home/soroush/ros2_ws/build/alicesim/install.log --single-version-externally-managed
