running egg_info
creating ../build/lab7/lab7.egg-info
writing ../build/lab7/lab7.egg-info/PKG-INFO
writing dependency_links to ../build/lab7/lab7.egg-info/dependency_links.txt
writing entry points to ../build/lab7/lab7.egg-info/entry_points.txt
writing requirements to ../build/lab7/lab7.egg-info/requires.txt
writing top-level names to ../build/lab7/lab7.egg-info/top_level.txt
writing manifest file '../build/lab7/lab7.egg-info/SOURCES.txt'
reading manifest file '../build/lab7/lab7.egg-info/SOURCES.txt'
writing manifest file '../build/lab7/lab7.egg-info/SOURCES.txt'
running build
running build_py
creating /home/soroush/robatics/Assignment2/assi2/src/build/lab7/build
creating /home/soroush/robatics/Assignment2/assi2/src/build/lab7/build/lib
creating /home/soroush/robatics/Assignment2/assi2/src/build/lab7/build/lib/lab7
copying lab7/model_gazebo.py -> /home/soroush/robatics/Assignment2/assi2/src/build/lab7/build/lib/lab7
copying lab7/__init__.py -> /home/soroush/robatics/Assignment2/assi2/src/build/lab7/build/lib/lab7
running install
running install_lib
creating /home/soroush/robatics/Assignment2/assi2/src/install/lab7/lib/python3.10/site-packages/lab7
copying /home/soroush/robatics/Assignment2/assi2/src/build/lab7/build/lib/lab7/model_gazebo.py -> /home/soroush/robatics/Assignment2/assi2/src/install/lab7/lib/python3.10/site-packages/lab7
copying /home/soroush/robatics/Assignment2/assi2/src/build/lab7/build/lib/lab7/__init__.py -> /home/soroush/robatics/Assignment2/assi2/src/install/lab7/lib/python3.10/site-packages/lab7
byte-compiling /home/soroush/robatics/Assignment2/assi2/src/install/lab7/lib/python3.10/site-packages/lab7/model_gazebo.py to model_gazebo.cpython-310.pyc
byte-compiling /home/soroush/robatics/Assignment2/assi2/src/install/lab7/lib/python3.10/site-packages/lab7/__init__.py to __init__.cpython-310.pyc
running install_data
creating /home/soroush/robatics/Assignment2/assi2/src/install/lab7/share/ament_index
creating /home/soroush/robatics/Assignment2/assi2/src/install/lab7/share/ament_index/resource_index
creating /home/soroush/robatics/Assignment2/assi2/src/install/lab7/share/ament_index/resource_index/packages
copying resource/lab7 -> /home/soroush/robatics/Assignment2/assi2/src/install/lab7/share/ament_index/resource_index/packages
copying package.xml -> /home/soroush/robatics/Assignment2/assi2/src/install/lab7/share/lab7
running install_egg_info
Copying ../build/lab7/lab7.egg-info to /home/soroush/robatics/Assignment2/assi2/src/install/lab7/lib/python3.10/site-packages/lab7-0.0.0-py3.10.egg-info
running install_scripts
Installing modelgazebo script to /home/soroush/robatics/Assignment2/assi2/src/install/lab7/lib/lab7
writing list of installed files to '/home/soroush/robatics/Assignment2/assi2/src/build/lab7/install.log'
