[3.260s] Invoking command in '/home/soroush/robatics/Assignment2/assi2/src/lab7': PYTHONPATH=/home/soroush/robatics/Assignment2/assi2/src/build/lab7/prefix_override:/home/soroush/robatics/Assignment2/assi2/src/install/lab7/lib/python3.10/site-packages:${PYTHONPATH} /usr/bin/python3 setup.py egg_info --egg-base ../build/lab7 build --build-base /home/soroush/robatics/Assignment2/assi2/src/build/lab7/build install --record /home/soroush/robatics/Assignment2/assi2/src/build/lab7/install.log --single-version-externally-managed
[4.153s] running egg_info
[4.154s] creating ../build/lab7/lab7.egg-info
[4.212s] writing ../build/lab7/lab7.egg-info/PKG-INFO
[4.213s] writing dependency_links to ../build/lab7/lab7.egg-info/dependency_links.txt
[4.213s] writing entry points to ../build/lab7/lab7.egg-info/entry_points.txt
[4.214s] writing requirements to ../build/lab7/lab7.egg-info/requires.txt
[4.215s] writing top-level names to ../build/lab7/lab7.egg-info/top_level.txt
[4.215s] writing manifest file '../build/lab7/lab7.egg-info/SOURCES.txt'
[4.360s] reading manifest file '../build/lab7/lab7.egg-info/SOURCES.txt'
[4.363s] writing manifest file '../build/lab7/lab7.egg-info/SOURCES.txt'
[4.363s] running build
[4.363s] running build_py
[4.364s] creating /home/soroush/robatics/Assignment2/assi2/src/build/lab7/build
[4.365s] creating /home/soroush/robatics/Assignment2/assi2/src/build/lab7/build/lib
[4.365s] creating /home/soroush/robatics/Assignment2/assi2/src/build/lab7/build/lib/lab7
[4.366s] copying lab7/model_gazebo.py -> /home/soroush/robatics/Assignment2/assi2/src/build/lab7/build/lib/lab7
[4.366s] copying lab7/__init__.py -> /home/soroush/robatics/Assignment2/assi2/src/build/lab7/build/lib/lab7
[4.367s] running install
[4.368s] /home/soroush/.local/lib/python3.10/site-packages/setuptools/command/install.py:34: SetuptoolsDeprecationWarning: setup.py install is deprecated. Use build and pip and other standards-based tools.
[4.368s]   warnings.warn(
[4.392s] running install_lib
[4.474s] creating /home/soroush/robatics/Assignment2/assi2/src/install/lab7/lib/python3.10/site-packages/lab7
[4.475s] copying /home/soroush/robatics/Assignment2/assi2/src/build/lab7/build/lib/lab7/model_gazebo.py -> /home/soroush/robatics/Assignment2/assi2/src/install/lab7/lib/python3.10/site-packages/lab7
[4.476s] copying /home/soroush/robatics/Assignment2/assi2/src/build/lab7/build/lib/lab7/__init__.py -> /home/soroush/robatics/Assignment2/assi2/src/install/lab7/lib/python3.10/site-packages/lab7
[4.480s] byte-compiling /home/soroush/robatics/Assignment2/assi2/src/install/lab7/lib/python3.10/site-packages/lab7/model_gazebo.py to model_gazebo.cpython-310.pyc
[4.482s] byte-compiling /home/soroush/robatics/Assignment2/assi2/src/install/lab7/lib/python3.10/site-packages/lab7/__init__.py to __init__.cpython-310.pyc
[4.483s] running install_data
[4.564s] creating /home/soroush/robatics/Assignment2/assi2/src/install/lab7/share/ament_index
[4.565s] creating /home/soroush/robatics/Assignment2/assi2/src/install/lab7/share/ament_index/resource_index
[4.565s] creating /home/soroush/robatics/Assignment2/assi2/src/install/lab7/share/ament_index/resource_index/packages
[4.566s] copying resource/lab7 -> /home/soroush/robatics/Assignment2/assi2/src/install/lab7/share/ament_index/resource_index/packages
[4.566s] copying package.xml -> /home/soroush/robatics/Assignment2/assi2/src/install/lab7/share/lab7
[4.566s] running install_egg_info
[4.631s] Copying ../build/lab7/lab7.egg-info to /home/soroush/robatics/Assignment2/assi2/src/install/lab7/lib/python3.10/site-packages/lab7-0.0.0-py3.10.egg-info
[4.634s] running install_scripts
[5.323s] Installing modelgazebo script to /home/soroush/robatics/Assignment2/assi2/src/install/lab7/lib/lab7
[5.324s] writing list of installed files to '/home/soroush/robatics/Assignment2/assi2/src/build/lab7/install.log'
[5.411s] Invoked command in '/home/soroush/robatics/Assignment2/assi2/src/lab7' returned '0': PYTHONPATH=/home/soroush/robatics/Assignment2/assi2/src/build/lab7/prefix_override:/home/soroush/robatics/Assignment2/assi2/src/install/lab7/lib/python3.10/site-packages:${PYTHONPATH} /usr/bin/python3 setup.py egg_info --egg-base ../build/lab7 build --build-base /home/soroush/robatics/Assignment2/assi2/src/build/lab7/build install --record /home/soroush/robatics/Assignment2/assi2/src/build/lab7/install.log --single-version-externally-managed
