running egg_info
writing ../build/modelgazebo/modelgazebo.egg-info/PKG-INFO
writing dependency_links to ../build/modelgazebo/modelgazebo.egg-info/dependency_links.txt
writing entry points to ../build/modelgazebo/modelgazebo.egg-info/entry_points.txt
writing requirements to ../build/modelgazebo/modelgazebo.egg-info/requires.txt
writing top-level names to ../build/modelgazebo/modelgazebo.egg-info/top_level.txt
reading manifest file '../build/modelgazebo/modelgazebo.egg-info/SOURCES.txt'
writing manifest file '../build/modelgazebo/modelgazebo.egg-info/SOURCES.txt'
running build
running build_py
copying modelgazebo/__init__.py -> /home/soroush/robatics/Assignment2/assi2/src/build/modelgazebo/build/lib/modelgazebo
running install
/home/soroush/.local/lib/python3.10/site-packages/setuptools/command/install.py:34: SetuptoolsDeprecationWarning: setup.py install is deprecated. Use build and pip and other standards-based tools.
  warnings.warn(
running install_lib
copying /home/soroush/robatics/Assignment2/assi2/src/build/modelgazebo/build/lib/modelgazebo/__init__.py -> /home/soroush/robatics/Assignment2/assi2/src/install/modelgazebo/lib/python3.10/site-packages/modelgazebo
byte-compiling /home/soroush/robatics/Assignment2/assi2/src/install/modelgazebo/lib/python3.10/site-packages/modelgazebo/__init__.py to __init__.cpython-310.pyc
running install_data
copying resource/modelgazebo -> /home/soroush/robatics/Assignment2/assi2/src/install/modelgazebo/share/ament_index/resource_index/packages
copying package.xml -> /home/soroush/robatics/Assignment2/assi2/src/install/modelgazebo/share/modelgazebo
running install_egg_info
removing '/home/soroush/robatics/Assignment2/assi2/src/install/modelgazebo/lib/python3.10/site-packages/modelgazebo-0.0.0-py3.10.egg-info' (and everything under it)
Copying ../build/modelgazebo/modelgazebo.egg-info to /home/soroush/robatics/Assignment2/assi2/src/install/modelgazebo/lib/python3.10/site-packages/modelgazebo-0.0.0-py3.10.egg-info
running install_scripts
Installing modelgazebo script to /home/soroush/robatics/Assignment2/assi2/src/install/modelgazebo/lib/modelgazebo
writing list of installed files to '/home/soroush/robatics/Assignment2/assi2/src/build/modelgazebo/install.log'
