[0.761s] Invoking command in '/home/soroush/robatics/Assignment2/assi2/src/modelgazebo': PYTHONPATH=/home/soroush/robatics/Assignment2/assi2/src/build/modelgazebo/prefix_override:/home/soroush/robatics/Assignment2/assi2/src/install/modelgazebo/lib/python3.10/site-packages:${PYTHONPATH} /usr/bin/python3 setup.py egg_info --egg-base ../build/modelgazebo build --build-base /home/soroush/robatics/Assignment2/assi2/src/build/modelgazebo/build install --record /home/soroush/robatics/Assignment2/assi2/src/build/modelgazebo/install.log --single-version-externally-managed
[0.986s] running egg_info
[1.001s] writing ../build/modelgazebo/modelgazebo.egg-info/PKG-INFO
[1.001s] writing dependency_links to ../build/modelgazebo/modelgazebo.egg-info/dependency_links.txt
[1.001s] writing entry points to ../build/modelgazebo/modelgazebo.egg-info/entry_points.txt
[1.001s] writing requirements to ../build/modelgazebo/modelgazebo.egg-info/requires.txt
[1.001s] writing top-level names to ../build/modelgazebo/modelgazebo.egg-info/top_level.txt
[1.030s] reading manifest file '../build/modelgazebo/modelgazebo.egg-info/SOURCES.txt'
[1.031s] writing manifest file '../build/modelgazebo/modelgazebo.egg-info/SOURCES.txt'
[1.031s] running build
[1.032s] running build_py
[1.032s] copying modelgazebo/__init__.py -> /home/soroush/robatics/Assignment2/assi2/src/build/modelgazebo/build/lib/modelgazebo
[1.032s] running install
[1.032s] /home/soroush/.local/lib/python3.10/site-packages/setuptools/command/install.py:34: SetuptoolsDeprecationWarning: setup.py install is deprecated. Use build and pip and other standards-based tools.
[1.032s]   warnings.warn(
[1.037s] running install_lib
[1.052s] copying /home/soroush/robatics/Assignment2/assi2/src/build/modelgazebo/build/lib/modelgazebo/__init__.py -> /home/soroush/robatics/Assignment2/assi2/src/install/modelgazebo/lib/python3.10/site-packages/modelgazebo
[1.052s] byte-compiling /home/soroush/robatics/Assignment2/assi2/src/install/modelgazebo/lib/python3.10/site-packages/modelgazebo/__init__.py to __init__.cpython-310.pyc
[1.052s] running install_data
[1.067s] copying resource/modelgazebo -> /home/soroush/robatics/Assignment2/assi2/src/install/modelgazebo/share/ament_index/resource_index/packages
[1.067s] copying package.xml -> /home/soroush/robatics/Assignment2/assi2/src/install/modelgazebo/share/modelgazebo
[1.067s] running install_egg_info
[1.082s] removing '/home/soroush/robatics/Assignment2/assi2/src/install/modelgazebo/lib/python3.10/site-packages/modelgazebo-0.0.0-py3.10.egg-info' (and everything under it)
[1.082s] Copying ../build/modelgazebo/modelgazebo.egg-info to /home/soroush/robatics/Assignment2/assi2/src/install/modelgazebo/lib/python3.10/site-packages/modelgazebo-0.0.0-py3.10.egg-info
[1.083s] running install_scripts
[1.249s] Installing modelgazebo script to /home/soroush/robatics/Assignment2/assi2/src/install/modelgazebo/lib/modelgazebo
[1.249s] writing list of installed files to '/home/soroush/robatics/Assignment2/assi2/src/build/modelgazebo/install.log'
[1.274s] Invoked command in '/home/soroush/robatics/Assignment2/assi2/src/modelgazebo' returned '0': PYTHONPATH=/home/soroush/robatics/Assignment2/assi2/src/build/modelgazebo/prefix_override:/home/soroush/robatics/Assignment2/assi2/src/install/modelgazebo/lib/python3.10/site-packages:${PYTHONPATH} /usr/bin/python3 setup.py egg_info --egg-base ../build/modelgazebo build --build-base /home/soroush/robatics/Assignment2/assi2/src/build/modelgazebo/build install --record /home/soroush/robatics/Assignment2/assi2/src/build/modelgazebo/install.log --single-version-externally-managed
