[0.625s] DEBUG:colcon:Command line arguments: ['/usr/bin/colcon', 'build', '--packages-select', 'yangsim']
[0.626s] DEBUG:colcon:Parsed command line arguments: Namespace(log_base=None, log_level=None, verb_name='build', build_base='build', install_base='install', merge_install=False, symlink_install=False, test_result_base=None, continue_on_error=False, executor='parallel', parallel_workers=8, event_handlers=None, ignore_user_meta=False, metas=['./colcon.meta'], base_paths=['.'], packages_ignore=None, packages_ignore_regex=None, paths=None, packages_up_to=None, packages_up_to_regex=None, packages_above=None, packages_above_and_dependencies=None, packages_above_depth=None, packages_select_by_dep=None, packages_skip_by_dep=None, packages_skip_up_to=None, packages_select_build_failed=False, packages_skip_build_finished=False, packages_select_test_failures=False, packages_skip_test_passed=False, packages_select=['yangsim'], packages_skip=None, packages_select_regex=None, packages_skip_regex=None, packages_start=None, packages_end=None, cmake_args=None, cmake_target=None, cmake_target_skip_unavailable=False, cmake_clean_cache=False, cmake_clean_first=False, cmake_force_configure=False, ament_cmake_args=None, catkin_cmake_args=None, catkin_skip_building_tests=False, mixin_files=None, mixin=None, verb_parser=<colcon_mixin.mixin.mixin_argument.MixinArgumentDecorator object at 0x7fe65a675f30>, verb_extension=<colcon_core.verb.build.BuildVerb object at 0x7fe65afb35b0>, main=<bound method BuildVerb.main of <colcon_core.verb.build.BuildVerb object at 0x7fe65afb35b0>>, mixin_verb=('build',))
[0.670s] Level 1:colcon.colcon_core.package_discovery:discover_packages(colcon_meta) check parameters
[0.670s] Level 1:colcon.colcon_core.package_discovery:discover_packages(recursive) check parameters
[0.671s] Level 1:colcon.colcon_core.package_discovery:discover_packages(ignore) check parameters
[0.671s] Level 1:colcon.colcon_core.package_discovery:discover_packages(path) check parameters
[0.671s] Level 1:colcon.colcon_core.package_discovery:discover_packages(colcon_meta) discover
[0.671s] Level 1:colcon.colcon_core.package_discovery:discover_packages(recursive) discover
[0.671s] INFO:colcon.colcon_core.package_discovery:Crawling recursively for packages in '/home/soroush/robatics/Assignment2/assi2'
[0.671s] Level 1:colcon.colcon_core.package_identification:_identify(.) by extensions ['ignore', 'ignore_ament_install']
[0.671s] Level 1:colcon.colcon_core.package_identification:_identify(.) by extension 'ignore'
[0.671s] Level 1:colcon.colcon_core.package_identification:_identify(.) by extension 'ignore_ament_install'
[0.672s] Level 1:colcon.colcon_core.package_identification:_identify(.) by extensions ['colcon_pkg']
[0.672s] Level 1:colcon.colcon_core.package_identification:_identify(.) by extension 'colcon_pkg'
[0.672s] Level 1:colcon.colcon_core.package_identification:_identify(.) by extensions ['colcon_meta']
[0.672s] Level 1:colcon.colcon_core.package_identification:_identify(.) by extension 'colcon_meta'
[0.672s] Level 1:colcon.colcon_core.package_identification:_identify(.) by extensions ['ros']
[0.672s] Level 1:colcon.colcon_core.package_identification:_identify(.) by extension 'ros'
[0.705s] Level 1:colcon.colcon_core.package_identification:_identify(.) by extensions ['cmake', 'python']
[0.705s] Level 1:colcon.colcon_core.package_identification:_identify(.) by extension 'cmake'
[0.705s] Level 1:colcon.colcon_core.package_identification:_identify(.) by extension 'python'
[0.705s] Level 1:colcon.colcon_core.package_identification:_identify(.) by extensions ['python_setup_py']
[0.705s] Level 1:colcon.colcon_core.package_identification:_identify(.) by extension 'python_setup_py'
[0.706s] Level 1:colcon.colcon_core.package_identification:_identify(build) by extensions ['ignore', 'ignore_ament_install']
[0.706s] Level 1:colcon.colcon_core.package_identification:_identify(build) by extension 'ignore'
[0.706s] Level 1:colcon.colcon_core.package_identification:_identify(build) ignored
[0.706s] Level 1:colcon.colcon_core.package_identification:_identify(install) by extensions ['ignore', 'ignore_ament_install']
[0.706s] Level 1:colcon.colcon_core.package_identification:_identify(install) by extension 'ignore'
[0.706s] Level 1:colcon.colcon_core.package_identification:_identify(install) ignored
[0.707s] Level 1:colcon.colcon_core.package_identification:_identify(log) by extensions ['ignore', 'ignore_ament_install']
[0.707s] Level 1:colcon.colcon_core.package_identification:_identify(log) by extension 'ignore'
[0.707s] Level 1:colcon.colcon_core.package_identification:_identify(log) ignored
[0.707s] Level 1:colcon.colcon_core.package_identification:_identify(src) by extensions ['ignore', 'ignore_ament_install']
[0.707s] Level 1:colcon.colcon_core.package_identification:_identify(src) by extension 'ignore'
[0.708s] Level 1:colcon.colcon_core.package_identification:_identify(src) by extension 'ignore_ament_install'
[0.708s] Level 1:colcon.colcon_core.package_identification:_identify(src) by extensions ['colcon_pkg']
[0.708s] Level 1:colcon.colcon_core.package_identification:_identify(src) by extension 'colcon_pkg'
[0.708s] Level 1:colcon.colcon_core.package_identification:_identify(src) by extensions ['colcon_meta']
[0.708s] Level 1:colcon.colcon_core.package_identification:_identify(src) by extension 'colcon_meta'
[0.708s] Level 1:colcon.colcon_core.package_identification:_identify(src) by extensions ['ros']
[0.708s] Level 1:colcon.colcon_core.package_identification:_identify(src) by extension 'ros'
[0.708s] Level 1:colcon.colcon_core.package_identification:_identify(src) by extensions ['cmake', 'python']
[0.708s] Level 1:colcon.colcon_core.package_identification:_identify(src) by extension 'cmake'
[0.708s] Level 1:colcon.colcon_core.package_identification:_identify(src) by extension 'python'
[0.708s] Level 1:colcon.colcon_core.package_identification:_identify(src) by extensions ['python_setup_py']
[0.708s] Level 1:colcon.colcon_core.package_identification:_identify(src) by extension 'python_setup_py'
[0.709s] Level 1:colcon.colcon_core.package_identification:_identify(src/interfaces) by extensions ['ignore', 'ignore_ament_install']
[0.709s] Level 1:colcon.colcon_core.package_identification:_identify(src/interfaces) by extension 'ignore'
[0.709s] Level 1:colcon.colcon_core.package_identification:_identify(src/interfaces) by extension 'ignore_ament_install'
[0.709s] Level 1:colcon.colcon_core.package_identification:_identify(src/interfaces) by extensions ['colcon_pkg']
[0.709s] Level 1:colcon.colcon_core.package_identification:_identify(src/interfaces) by extension 'colcon_pkg'
[0.709s] Level 1:colcon.colcon_core.package_identification:_identify(src/interfaces) by extensions ['colcon_meta']
[0.709s] Level 1:colcon.colcon_core.package_identification:_identify(src/interfaces) by extension 'colcon_meta'
[0.709s] Level 1:colcon.colcon_core.package_identification:_identify(src/interfaces) by extensions ['ros']
[0.709s] Level 1:colcon.colcon_core.package_identification:_identify(src/interfaces) by extension 'ros'
[0.714s] DEBUG:colcon.colcon_core.package_identification:Package 'src/interfaces' with type 'ros.ament_cmake' and name 'interfaces'
[0.714s] Level 1:colcon.colcon_core.package_identification:_identify(src/turtlesim_controller) by extensions ['ignore', 'ignore_ament_install']
[0.714s] Level 1:colcon.colcon_core.package_identification:_identify(src/turtlesim_controller) by extension 'ignore'
[0.714s] Level 1:colcon.colcon_core.package_identification:_identify(src/turtlesim_controller) by extension 'ignore_ament_install'
[0.714s] Level 1:colcon.colcon_core.package_identification:_identify(src/turtlesim_controller) by extensions ['colcon_pkg']
[0.714s] Level 1:colcon.colcon_core.package_identification:_identify(src/turtlesim_controller) by extension 'colcon_pkg'
[0.714s] Level 1:colcon.colcon_core.package_identification:_identify(src/turtlesim_controller) by extensions ['colcon_meta']
[0.714s] Level 1:colcon.colcon_core.package_identification:_identify(src/turtlesim_controller) by extension 'colcon_meta'
[0.715s] Level 1:colcon.colcon_core.package_identification:_identify(src/turtlesim_controller) by extensions ['ros']
[0.715s] Level 1:colcon.colcon_core.package_identification:_identify(src/turtlesim_controller) by extension 'ros'
[0.716s] DEBUG:colcon.colcon_core.package_identification:Package 'src/turtlesim_controller' with type 'ros.ament_python' and name 'turtlesim_controller'
[0.716s] Level 1:colcon.colcon_core.package_identification:_identify(src/yangsim) by extensions ['ignore', 'ignore_ament_install']
[0.716s] Level 1:colcon.colcon_core.package_identification:_identify(src/yangsim) by extension 'ignore'
[0.716s] Level 1:colcon.colcon_core.package_identification:_identify(src/yangsim) by extension 'ignore_ament_install'
[0.717s] Level 1:colcon.colcon_core.package_identification:_identify(src/yangsim) by extensions ['colcon_pkg']
[0.717s] Level 1:colcon.colcon_core.package_identification:_identify(src/yangsim) by extension 'colcon_pkg'
[0.717s] Level 1:colcon.colcon_core.package_identification:_identify(src/yangsim) by extensions ['colcon_meta']
[0.717s] Level 1:colcon.colcon_core.package_identification:_identify(src/yangsim) by extension 'colcon_meta'
[0.717s] Level 1:colcon.colcon_core.package_identification:_identify(src/yangsim) by extensions ['ros']
[0.717s] Level 1:colcon.colcon_core.package_identification:_identify(src/yangsim) by extension 'ros'
[0.718s] DEBUG:colcon.colcon_core.package_identification:Package 'src/yangsim' with type 'ros.ament_cmake' and name 'yangsim'
[0.718s] Level 1:colcon.colcon_core.package_identification:_identify(src/yinsim) by extensions ['ignore', 'ignore_ament_install']
[0.718s] Level 1:colcon.colcon_core.package_identification:_identify(src/yinsim) by extension 'ignore'
[0.719s] Level 1:colcon.colcon_core.package_identification:_identify(src/yinsim) by extension 'ignore_ament_install'
[0.719s] Level 1:colcon.colcon_core.package_identification:_identify(src/yinsim) by extensions ['colcon_pkg']
[0.719s] Level 1:colcon.colcon_core.package_identification:_identify(src/yinsim) by extension 'colcon_pkg'
[0.719s] Level 1:colcon.colcon_core.package_identification:_identify(src/yinsim) by extensions ['colcon_meta']
[0.719s] Level 1:colcon.colcon_core.package_identification:_identify(src/yinsim) by extension 'colcon_meta'
[0.719s] Level 1:colcon.colcon_core.package_identification:_identify(src/yinsim) by extensions ['ros']
[0.719s] Level 1:colcon.colcon_core.package_identification:_identify(src/yinsim) by extension 'ros'
[0.720s] DEBUG:colcon.colcon_core.package_identification:Package 'src/yinsim' with type 'ros.ament_python' and name 'yinsim'
[0.720s] Level 1:colcon.colcon_core.package_discovery:discover_packages(recursive) using defaults
[0.721s] Level 1:colcon.colcon_core.package_discovery:discover_packages(ignore) discover
[0.721s] Level 1:colcon.colcon_core.package_discovery:discover_packages(ignore) using defaults
[0.721s] Level 1:colcon.colcon_core.package_discovery:discover_packages(path) discover
[0.721s] Level 1:colcon.colcon_core.package_discovery:discover_packages(path) using defaults
[0.766s] INFO:colcon.colcon_core.package_selection:Skipping not selected package 'interfaces' in 'src/interfaces'
[0.766s] INFO:colcon.colcon_core.package_selection:Skipping not selected package 'turtlesim_controller' in 'src/turtlesim_controller'
[0.767s] INFO:colcon.colcon_core.package_selection:Skipping not selected package 'yinsim' in 'src/yinsim'
[0.768s] Level 5:colcon.colcon_core.verb:set package 'yangsim' build argument 'cmake_args' from command line to 'None'
[0.768s] Level 5:colcon.colcon_core.verb:set package 'yangsim' build argument 'cmake_target' from command line to 'None'
[0.769s] Level 5:colcon.colcon_core.verb:set package 'yangsim' build argument 'cmake_target_skip_unavailable' from command line to 'False'
[0.769s] Level 5:colcon.colcon_core.verb:set package 'yangsim' build argument 'cmake_clean_cache' from command line to 'False'
[0.769s] Level 5:colcon.colcon_core.verb:set package 'yangsim' build argument 'cmake_clean_first' from command line to 'False'
[0.769s] Level 5:colcon.colcon_core.verb:set package 'yangsim' build argument 'cmake_force_configure' from command line to 'False'
[0.769s] Level 5:colcon.colcon_core.verb:set package 'yangsim' build argument 'ament_cmake_args' from command line to 'None'
[0.769s] Level 5:colcon.colcon_core.verb:set package 'yangsim' build argument 'catkin_cmake_args' from command line to 'None'
[0.769s] Level 5:colcon.colcon_core.verb:set package 'yangsim' build argument 'catkin_skip_building_tests' from command line to 'False'
[0.769s] DEBUG:colcon.colcon_core.verb:Building package 'yangsim' with the following arguments: {'ament_cmake_args': None, 'build_base': '/home/soroush/robatics/Assignment2/assi2/build/yangsim', 'catkin_cmake_args': None, 'catkin_skip_building_tests': False, 'cmake_args': None, 'cmake_clean_cache': False, 'cmake_clean_first': False, 'cmake_force_configure': False, 'cmake_target': None, 'cmake_target_skip_unavailable': False, 'install_base': '/home/soroush/robatics/Assignment2/assi2/install/yangsim', 'merge_install': False, 'path': '/home/soroush/robatics/Assignment2/assi2/src/yangsim', 'symlink_install': False, 'test_result_base': None}
[0.770s] INFO:colcon.colcon_core.executor:Executing jobs using 'parallel' executor
[0.776s] DEBUG:colcon.colcon_parallel_executor.executor.parallel:run_until_complete
[0.776s] INFO:colcon.colcon_ros.task.ament_cmake.build:Building ROS package in '/home/soroush/robatics/Assignment2/assi2/src/yangsim' with build type 'ament_cmake'
[0.776s] INFO:colcon.colcon_cmake.task.cmake.build:Building CMake package in '/home/soroush/robatics/Assignment2/assi2/src/yangsim'
[0.786s] INFO:colcon.colcon_core.plugin_system:Skipping extension 'colcon_core.shell.bat': Not used on non-Windows systems
[0.786s] INFO:colcon.colcon_core.shell:Skip shell extension 'powershell' for command environment: Not usable outside of PowerShell
[0.786s] DEBUG:colcon.colcon_core.shell:Skip shell extension 'dsv' for command environment
[0.811s] DEBUG:colcon.colcon_core.event_handler.log_command:Invoking command in '/home/soroush/robatics/Assignment2/assi2/build/yangsim': CMAKE_PREFIX_PATH=/home/soroush/robatics/Assignment2/assi2/install/interfaces:/home/soroush/robatics/Assignment2/assi2/install/yangsim:/home/soroush/robatics/Assignment2/assi2/install/yinsim:/home/soroush/robatics/Assignment2/assi2/install/py_srvcli:/opt/ros/humble /usr/bin/cmake --build /home/soroush/robatics/Assignment2/assi2/build/yangsim -- -j8 -l8
[12.505s] DEBUG:colcon.colcon_core.event_handler.log_command:Invoked command in '/home/soroush/robatics/Assignment2/assi2/build/yangsim' returned '0': CMAKE_PREFIX_PATH=/home/soroush/robatics/Assignment2/assi2/install/interfaces:/home/soroush/robatics/Assignment2/assi2/install/yangsim:/home/soroush/robatics/Assignment2/assi2/install/yinsim:/home/soroush/robatics/Assignment2/assi2/install/py_srvcli:/opt/ros/humble /usr/bin/cmake --build /home/soroush/robatics/Assignment2/assi2/build/yangsim -- -j8 -l8
[12.569s] DEBUG:colcon.colcon_core.event_handler.log_command:Invoking command in '/home/soroush/robatics/Assignment2/assi2/build/yangsim': CMAKE_PREFIX_PATH=/home/soroush/robatics/Assignment2/assi2/install/interfaces:/home/soroush/robatics/Assignment2/assi2/install/yangsim:/home/soroush/robatics/Assignment2/assi2/install/yinsim:/home/soroush/robatics/Assignment2/assi2/install/py_srvcli:/opt/ros/humble /usr/bin/cmake --install /home/soroush/robatics/Assignment2/assi2/build/yangsim
[12.592s] Level 1:colcon.colcon_core.environment:create_environment_scripts_only(yangsim)
[12.594s] DEBUG:colcon.colcon_core.event_handler.log_command:Invoked command in '/home/soroush/robatics/Assignment2/assi2/build/yangsim' returned '0': CMAKE_PREFIX_PATH=/home/soroush/robatics/Assignment2/assi2/install/interfaces:/home/soroush/robatics/Assignment2/assi2/install/yangsim:/home/soroush/robatics/Assignment2/assi2/install/yinsim:/home/soroush/robatics/Assignment2/assi2/install/py_srvcli:/opt/ros/humble /usr/bin/cmake --install /home/soroush/robatics/Assignment2/assi2/build/yangsim
[12.601s] Level 1:colcon.colcon_core.environment:checking '/home/soroush/robatics/Assignment2/assi2/install/yangsim' for CMake module files
[12.602s] Level 1:colcon.colcon_core.environment:checking '/home/soroush/robatics/Assignment2/assi2/install/yangsim' for CMake config files
[12.603s] Level 1:colcon.colcon_core.shell:create_environment_hook('yangsim', 'cmake_prefix_path')
[12.605s] INFO:colcon.colcon_core.shell:Creating environment hook '/home/soroush/robatics/Assignment2/assi2/install/yangsim/share/yangsim/hook/cmake_prefix_path.ps1'
[12.606s] INFO:colcon.colcon_core.shell:Creating environment descriptor '/home/soroush/robatics/Assignment2/assi2/install/yangsim/share/yangsim/hook/cmake_prefix_path.dsv'
[12.607s] INFO:colcon.colcon_core.shell:Creating environment hook '/home/soroush/robatics/Assignment2/assi2/install/yangsim/share/yangsim/hook/cmake_prefix_path.sh'
[12.608s] Level 1:colcon.colcon_core.environment:checking '/home/soroush/robatics/Assignment2/assi2/install/yangsim/lib'
[12.609s] Level 1:colcon.colcon_core.environment:checking '/home/soroush/robatics/Assignment2/assi2/install/yangsim/bin'
[12.609s] Level 1:colcon.colcon_core.environment:checking '/home/soroush/robatics/Assignment2/assi2/install/yangsim/lib/pkgconfig/yangsim.pc'
[12.611s] Level 1:colcon.colcon_core.environment:checking '/home/soroush/robatics/Assignment2/assi2/install/yangsim/lib/python3.10/site-packages'
[12.611s] Level 1:colcon.colcon_core.environment:checking '/home/soroush/robatics/Assignment2/assi2/install/yangsim/bin'
[12.614s] INFO:colcon.colcon_core.shell:Creating package script '/home/soroush/robatics/Assignment2/assi2/install/yangsim/share/yangsim/package.ps1'
[12.615s] INFO:colcon.colcon_core.shell:Creating package descriptor '/home/soroush/robatics/Assignment2/assi2/install/yangsim/share/yangsim/package.dsv'
[12.616s] INFO:colcon.colcon_core.shell:Creating package script '/home/soroush/robatics/Assignment2/assi2/install/yangsim/share/yangsim/package.sh'
[12.617s] INFO:colcon.colcon_core.shell:Creating package script '/home/soroush/robatics/Assignment2/assi2/install/yangsim/share/yangsim/package.bash'
[12.618s] INFO:colcon.colcon_core.shell:Creating package script '/home/soroush/robatics/Assignment2/assi2/install/yangsim/share/yangsim/package.zsh'
[12.620s] Level 1:colcon.colcon_core.environment:create_file_with_runtime_dependencies(/home/soroush/robatics/Assignment2/assi2/install/yangsim/share/colcon-core/packages/yangsim)
[12.668s] Level 1:colcon.colcon_core.environment:create_environment_scripts_only(yangsim)
[12.672s] Level 1:colcon.colcon_core.environment:checking '/home/soroush/robatics/Assignment2/assi2/install/yangsim' for CMake module files
[12.673s] Level 1:colcon.colcon_core.environment:checking '/home/soroush/robatics/Assignment2/assi2/install/yangsim' for CMake config files
[12.673s] Level 1:colcon.colcon_core.shell:create_environment_hook('yangsim', 'cmake_prefix_path')
[12.676s] INFO:colcon.colcon_core.shell:Creating environment hook '/home/soroush/robatics/Assignment2/assi2/install/yangsim/share/yangsim/hook/cmake_prefix_path.ps1'
[12.677s] INFO:colcon.colcon_core.shell:Creating environment descriptor '/home/soroush/robatics/Assignment2/assi2/install/yangsim/share/yangsim/hook/cmake_prefix_path.dsv'
[12.678s] INFO:colcon.colcon_core.shell:Creating environment hook '/home/soroush/robatics/Assignment2/assi2/install/yangsim/share/yangsim/hook/cmake_prefix_path.sh'
[12.679s] Level 1:colcon.colcon_core.environment:checking '/home/soroush/robatics/Assignment2/assi2/install/yangsim/lib'
[12.679s] Level 1:colcon.colcon_core.environment:checking '/home/soroush/robatics/Assignment2/assi2/install/yangsim/bin'
[12.679s] Level 1:colcon.colcon_core.environment:checking '/home/soroush/robatics/Assignment2/assi2/install/yangsim/lib/pkgconfig/yangsim.pc'
[12.679s] Level 1:colcon.colcon_core.environment:checking '/home/soroush/robatics/Assignment2/assi2/install/yangsim/lib/python3.10/site-packages'
[12.680s] Level 1:colcon.colcon_core.environment:checking '/home/soroush/robatics/Assignment2/assi2/install/yangsim/bin'
[12.682s] INFO:colcon.colcon_core.shell:Creating package script '/home/soroush/robatics/Assignment2/assi2/install/yangsim/share/yangsim/package.ps1'
[12.683s] INFO:colcon.colcon_core.shell:Creating package descriptor '/home/soroush/robatics/Assignment2/assi2/install/yangsim/share/yangsim/package.dsv'
[12.684s] INFO:colcon.colcon_core.shell:Creating package script '/home/soroush/robatics/Assignment2/assi2/install/yangsim/share/yangsim/package.sh'
[12.685s] INFO:colcon.colcon_core.shell:Creating package script '/home/soroush/robatics/Assignment2/assi2/install/yangsim/share/yangsim/package.bash'
[12.685s] INFO:colcon.colcon_core.shell:Creating package script '/home/soroush/robatics/Assignment2/assi2/install/yangsim/share/yangsim/package.zsh'
[12.686s] Level 1:colcon.colcon_core.environment:create_file_with_runtime_dependencies(/home/soroush/robatics/Assignment2/assi2/install/yangsim/share/colcon-core/packages/yangsim)
[12.687s] DEBUG:colcon.colcon_parallel_executor.executor.parallel:closing loop
[12.687s] DEBUG:colcon.colcon_parallel_executor.executor.parallel:loop closed
[12.688s] DEBUG:colcon.colcon_parallel_executor.executor.parallel:run_until_complete finished with '0'
[12.688s] DEBUG:colcon.colcon_core.event_reactor:joining thread
[12.699s] INFO:colcon.colcon_core.plugin_system:Skipping extension 'colcon_notification.desktop_notification.notify_send': Could not find 'notify-send'
[12.699s] INFO:colcon.colcon_core.plugin_system:Skipping extension 'colcon_notification.desktop_notification.terminal_notifier': Not used on non-Darwin systems
[12.699s] INFO:colcon.colcon_core.plugin_system:Skipping extension 'colcon_notification.desktop_notification.win32': Not used on non-Windows systems
[12.699s] INFO:colcon.colcon_notification.desktop_notification:Sending desktop notification using 'notify2'
[12.721s] DEBUG:colcon.colcon_core.event_reactor:joined thread
[12.724s] INFO:colcon.colcon_core.shell:Creating prefix script '/home/soroush/robatics/Assignment2/assi2/install/local_setup.ps1'
[12.726s] INFO:colcon.colcon_core.shell:Creating prefix util module '/home/soroush/robatics/Assignment2/assi2/install/_local_setup_util_ps1.py'
[12.728s] INFO:colcon.colcon_core.shell:Creating prefix chain script '/home/soroush/robatics/Assignment2/assi2/install/setup.ps1'
[12.731s] INFO:colcon.colcon_core.shell:Creating prefix script '/home/soroush/robatics/Assignment2/assi2/install/local_setup.sh'
[12.732s] INFO:colcon.colcon_core.shell:Creating prefix util module '/home/soroush/robatics/Assignment2/assi2/install/_local_setup_util_sh.py'
[12.733s] INFO:colcon.colcon_core.shell:Creating prefix chain script '/home/soroush/robatics/Assignment2/assi2/install/setup.sh'
[12.736s] INFO:colcon.colcon_core.shell:Creating prefix script '/home/soroush/robatics/Assignment2/assi2/install/local_setup.bash'
[12.736s] INFO:colcon.colcon_core.shell:Creating prefix chain script '/home/soroush/robatics/Assignment2/assi2/install/setup.bash'
[12.739s] INFO:colcon.colcon_core.shell:Creating prefix script '/home/soroush/robatics/Assignment2/assi2/install/local_setup.zsh'
[12.740s] INFO:colcon.colcon_core.shell:Creating prefix chain script '/home/soroush/robatics/Assignment2/assi2/install/setup.zsh'
