[0.034s] Invoking command in '/home/soroush/robatics/Assignment2/assi2/build/yangsim': CMAKE_PREFIX_PATH=/home/soroush/robatics/Assignment2/assi2/install/interfaces:/home/soroush/robatics/Assignment2/assi2/install/yangsim:/home/soroush/robatics/Assignment2/assi2/install/yinsim:/home/soroush/robatics/Assignment2/assi2/install/py_srvcli:/opt/ros/humble /usr/bin/cmake --build /home/soroush/robatics/Assignment2/assi2/build/yangsim -- -j8 -l8
[0.111s] [35m[1mConsolidate compiler generated dependencies of target yangnode[0m
[0.145s] [ 50%] [32mBuilding CXX object CMakeFiles/yangnode.dir/src/yangnode.cpp.o[0m
[4.454s] In file included from [01m[K/opt/ros/humble/include/rclcpp/rclcpp/logging.hpp:24[m[K,
[4.454s]                  from [01m[K/opt/ros/humble/include/rclcpp/rclcpp/client.hpp:40[m[K,
[4.454s]                  from [01m[K/opt/ros/humble/include/rclcpp/rclcpp/callback_group.hpp:24[m[K,
[4.454s]                  from [01m[K/opt/ros/humble/include/rclcpp/rclcpp/any_executable.hpp:20[m[K,
[4.454s]                  from [01m[K/opt/ros/humble/include/rclcpp/rclcpp/memory_strategy.hpp:25[m[K,
[4.455s]                  from [01m[K/opt/ros/humble/include/rclcpp/rclcpp/memory_strategies.hpp:18[m[K,
[4.455s]                  from [01m[K/opt/ros/humble/include/rclcpp/rclcpp/executor_options.hpp:20[m[K,
[4.455s]                  from [01m[K/opt/ros/humble/include/rclcpp/rclcpp/executor.hpp:37[m[K,
[4.455s]                  from [01m[K/opt/ros/humble/include/rclcpp/rclcpp/executors/multi_threaded_executor.hpp:25[m[K,
[4.455s]                  from [01m[K/opt/ros/humble/include/rclcpp/rclcpp/executors.hpp:21[m[K,
[4.455s]                  from [01m[K/opt/ros/humble/include/rclcpp/rclcpp/rclcpp.hpp:155[m[K,
[4.455s]                  from [01m[K/home/soroush/robatics/Assignment2/assi2/src/yangsim/src/yangnode.cpp:1[m[K:
[4.455s] [01m[K/home/soroush/robatics/Assignment2/assi2/src/yangsim/src/yangnode.cpp:[m[K In member function ‘[01m[Kvoid yang::callForMessage(std::string)[m[K’:
[4.455s] [01m[K/home/soroush/robatics/Assignment2/assi2/src/yangsim/src/yangnode.cpp:87:45:[m[K [01;35m[Kwarning: [m[Kformat ‘[01m[K%s[m[K’ expects argument of type ‘[01m[Kchar*[m[K’, but argument 5 has type ‘[01m[Kstd::string[m[K’ {aka ‘[01m[Kstd::__cxx11::basic_string<char>[m[K’} [[01;35m[K]8;;https://gcc.gnu.org/onlinedocs/gcc/Warning-Options.html#index-Wformat=-Wformat=]8;;[m[K]
[4.456s]    87 |             RCLCPP_INFO(this->get_logger(), [01;35m[K" %s get the response  %ld "[m[K,this->colour[this->stage] , response->result);
[4.456s]       |                                             [01;35m[K^~~~~~~~~~~~~~~~~~~~~~~~~~~~[m[K
[4.456s] [01m[K/home/soroush/robatics/Assignment2/assi2/src/yangsim/src/yangnode.cpp:87:48:[m[K [01;36m[Knote: [m[Kformat string is defined here
[4.456s]    87 |             RCLCPP_INFO(this->get_logger(), " [01;36m[K%s[m[K get the response  %ld ",this->colour[this->stage] , response->result);
[4.456s]       |                                               [01;36m[K~^[m[K
[4.456s]       |                                                [01;36m[K|[m[K
[4.456s]       |                                                [01;36m[Kchar*[m[K
[7.869s] [100%] [32m[1mLinking CXX executable yangnode[0m
[8.213s] [100%] Built target yangnode
[8.232s] Invoked command in '/home/soroush/robatics/Assignment2/assi2/build/yangsim' returned '0': CMAKE_PREFIX_PATH=/home/soroush/robatics/Assignment2/assi2/install/interfaces:/home/soroush/robatics/Assignment2/assi2/install/yangsim:/home/soroush/robatics/Assignment2/assi2/install/yinsim:/home/soroush/robatics/Assignment2/assi2/install/py_srvcli:/opt/ros/humble /usr/bin/cmake --build /home/soroush/robatics/Assignment2/assi2/build/yangsim -- -j8 -l8
[8.294s] Invoking command in '/home/soroush/robatics/Assignment2/assi2/build/yangsim': CMAKE_PREFIX_PATH=/home/soroush/robatics/Assignment2/assi2/install/interfaces:/home/soroush/robatics/Assignment2/assi2/install/yangsim:/home/soroush/robatics/Assignment2/assi2/install/yinsim:/home/soroush/robatics/Assignment2/assi2/install/py_srvcli:/opt/ros/humble /usr/bin/cmake --install /home/soroush/robatics/Assignment2/assi2/build/yangsim
[8.306s] -- Install configuration: ""
[8.307s] -- Installing: /home/soroush/robatics/Assignment2/assi2/install/yangsim/lib/yangsim/yangnode
[8.310s] -- Set runtime path of "/home/soroush/robatics/Assignment2/assi2/install/yangsim/lib/yangsim/yangnode" to ""
[8.310s] -- Up-to-date: /home/soroush/robatics/Assignment2/assi2/install/yangsim/share/ament_index/resource_index/package_run_dependencies/yangsim
[8.311s] -- Up-to-date: /home/soroush/robatics/Assignment2/assi2/install/yangsim/share/ament_index/resource_index/parent_prefix_path/yangsim
[8.311s] -- Up-to-date: /home/soroush/robatics/Assignment2/assi2/install/yangsim/share/yangsim/environment/ament_prefix_path.sh
[8.311s] -- Up-to-date: /home/soroush/robatics/Assignment2/assi2/install/yangsim/share/yangsim/environment/ament_prefix_path.dsv
[8.311s] -- Up-to-date: /home/soroush/robatics/Assignment2/assi2/install/yangsim/share/yangsim/environment/path.sh
[8.311s] -- Up-to-date: /home/soroush/robatics/Assignment2/assi2/install/yangsim/share/yangsim/environment/path.dsv
[8.312s] -- Up-to-date: /home/soroush/robatics/Assignment2/assi2/install/yangsim/share/yangsim/local_setup.bash
[8.312s] -- Up-to-date: /home/soroush/robatics/Assignment2/assi2/install/yangsim/share/yangsim/local_setup.sh
[8.312s] -- Up-to-date: /home/soroush/robatics/Assignment2/assi2/install/yangsim/share/yangsim/local_setup.zsh
[8.312s] -- Up-to-date: /home/soroush/robatics/Assignment2/assi2/install/yangsim/share/yangsim/local_setup.dsv
[8.312s] -- Installing: /home/soroush/robatics/Assignment2/assi2/install/yangsim/share/yangsim/package.dsv
[8.312s] -- Up-to-date: /home/soroush/robatics/Assignment2/assi2/install/yangsim/share/ament_index/resource_index/packages/yangsim
[8.312s] -- Up-to-date: /home/soroush/robatics/Assignment2/assi2/install/yangsim/share/yangsim/cmake/yangsimConfig.cmake
[8.312s] -- Up-to-date: /home/soroush/robatics/Assignment2/assi2/install/yangsim/share/yangsim/cmake/yangsimConfig-version.cmake
[8.313s] -- Up-to-date: /home/soroush/robatics/Assignment2/assi2/install/yangsim/share/yangsim/package.xml
[8.317s] Invoked command in '/home/soroush/robatics/Assignment2/assi2/build/yangsim' returned '0': CMAKE_PREFIX_PATH=/home/soroush/robatics/Assignment2/assi2/install/interfaces:/home/soroush/robatics/Assignment2/assi2/install/yangsim:/home/soroush/robatics/Assignment2/assi2/install/yinsim:/home/soroush/robatics/Assignment2/assi2/install/py_srvcli:/opt/ros/humble /usr/bin/cmake --install /home/soroush/robatics/Assignment2/assi2/build/yangsim
