[0.639s] Invoking command in '/home/soroush/robatics/Assignment2/assi2/src/yinsim': AMENT_PREFIX_PATH=/home/soroush/robatics/Assignment2/assi2/install/interfaces:${AMENT_PREFIX_PATH} CMAKE_PREFIX_PATH=/home/soroush/robatics/Assignment2/assi2/install/interfaces LD_LIBRARY_PATH=/home/soroush/robatics/Assignment2/assi2/install/interfaces/lib:${LD_LIBRARY_PATH} PYTHONPATH=/home/soroush/robatics/Assignment2/assi2/build/yinsim/prefix_override:/home/soroush/robatics/Assignment2/assi2/install/yinsim/lib/python3.10/site-packages:/home/soroush/robatics/Assignment2/assi2/install/interfaces/local/lib/python3.10/dist-packages:${PYTHONPATH} /usr/bin/python3 setup.py egg_info --egg-base ../../build/yinsim build --build-base /home/soroush/robatics/Assignment2/assi2/build/yinsim/build install --record /home/soroush/robatics/Assignment2/assi2/build/yinsim/install.log --single-version-externally-managed
[0.872s] running egg_info
[0.873s] writing ../../build/yinsim/yinsim.egg-info/PKG-INFO
[0.875s] writing dependency_links to ../../build/yinsim/yinsim.egg-info/dependency_links.txt
[0.875s] writing entry points to ../../build/yinsim/yinsim.egg-info/entry_points.txt
[0.875s] writing requirements to ../../build/yinsim/yinsim.egg-info/requires.txt
[0.875s] writing top-level names to ../../build/yinsim/yinsim.egg-info/top_level.txt
[0.877s] reading manifest file '../../build/yinsim/yinsim.egg-info/SOURCES.txt'
[0.877s] writing manifest file '../../build/yinsim/yinsim.egg-info/SOURCES.txt'
[0.878s] running build
[0.878s] running build_py
[0.878s] copying yinsim/yinnode.py -> /home/soroush/robatics/Assignment2/assi2/build/yinsim/build/lib/yinsim
[0.878s] running install
[0.879s] /usr/lib/python3/dist-packages/setuptools/command/install.py:34: SetuptoolsDeprecationWarning: setup.py install is deprecated. Use build and pip and other standards-based tools.
[0.879s]   warnings.warn(
[0.879s] running install_lib
[0.880s] copying /home/soroush/robatics/Assignment2/assi2/build/yinsim/build/lib/yinsim/yinnode.py -> /home/soroush/robatics/Assignment2/assi2/install/yinsim/lib/python3.10/site-packages/yinsim
[0.880s] byte-compiling /home/soroush/robatics/Assignment2/assi2/install/yinsim/lib/python3.10/site-packages/yinsim/yinnode.py to yinnode.cpython-310.pyc
[0.881s] running install_data
[0.881s] copying package.xml -> /home/soroush/robatics/Assignment2/assi2/install/yinsim/share/yinsim
[0.882s] running install_egg_info
[0.883s] removing '/home/soroush/robatics/Assignment2/assi2/install/yinsim/lib/python3.10/site-packages/yinsim-0.0.0-py3.10.egg-info' (and everything under it)
[0.883s] Copying ../../build/yinsim/yinsim.egg-info to /home/soroush/robatics/Assignment2/assi2/install/yinsim/lib/python3.10/site-packages/yinsim-0.0.0-py3.10.egg-info
[0.884s] running install_scripts
[0.903s] Installing yinnode script to /home/soroush/robatics/Assignment2/assi2/install/yinsim/lib/yinsim
[0.903s] writing list of installed files to '/home/soroush/robatics/Assignment2/assi2/build/yinsim/install.log'
[0.926s] Invoked command in '/home/soroush/robatics/Assignment2/assi2/src/yinsim' returned '0': AMENT_PREFIX_PATH=/home/soroush/robatics/Assignment2/assi2/install/interfaces:${AMENT_PREFIX_PATH} CMAKE_PREFIX_PATH=/home/soroush/robatics/Assignment2/assi2/install/interfaces LD_LIBRARY_PATH=/home/soroush/robatics/Assignment2/assi2/install/interfaces/lib:${LD_LIBRARY_PATH} PYTHONPATH=/home/soroush/robatics/Assignment2/assi2/build/yinsim/prefix_override:/home/soroush/robatics/Assignment2/assi2/install/yinsim/lib/python3.10/site-packages:/home/soroush/robatics/Assignment2/assi2/install/interfaces/local/lib/python3.10/dist-packages:${PYTHONPATH} /usr/bin/python3 setup.py egg_info --egg-base ../../build/yinsim build --build-base /home/soroush/robatics/Assignment2/assi2/build/yinsim/build install --record /home/soroush/robatics/Assignment2/assi2/build/yinsim/install.log --single-version-externally-managed
