[01m[K/home/soroush/robatics/Assignment2/assi2/src/yangsim/src/yangnode.cpp:40:70:[m[K [01;31m[Kerror: [m[K‘[01m[Krequest[m[K’ in ‘[01m[Kstruct interfaces::srv::FirstSreviceMessage[m[K’ does not name a type
   40 | callbackService(const interfaces::srv::FirstSreviceMessage::[01;31m[Krequest[m[K::SharedPtr request  ,
      |                                                             [01;31m[K^~~~~~~[m[K

[01m[K/home/soroush/robatics/Assignment2/assi2/src/yangsim/src/yangnode.cpp:40:89:[m[K [01;31m[Kerror: [m[Kexpected unqualified-id before ‘[01m[Krequest[m[K’
   40 | nst interfaces::srv::FirstSreviceMessage::request::SharedPtr [01;31m[Krequest[m[K  ,
      |                                                              [01;31m[K^~~~~~~[m[K

[01m[K/home/soroush/robatics/Assignment2/assi2/src/yangsim/src/yangnode.cpp:40:88:[m[K [01;31m[Kerror: [m[Kexpected ‘[01m[K)[m[K’ before ‘[01m[Krequest[m[K’
   40 | nst interfaces::srv::FirstSreviceMessage::request::SharedPtr[01;31m[K [m[K[32m[Krequest[m[K  ,
      |                                                             [01;31m[K^[m[K[32m[K~~~~~~~[m[K
      |                                                             [32m[K)[m[K
[01m[K/home/soroush/robatics/Assignment2/assi2/src/yangsim/src/yangnode.cpp:40:79:[m[K [01;31m[Kerror: [m[Kexpected ‘[01m[K;[m[K’ at end of member declaration
   40 | ervice(const interfaces::srv::FirstSreviceMessage::request::[01;31m[KSharedPtr[m[K request  ,
      |                                                             [01;31m[K^~~~~~~~~[m[K
      |                                                                      [32m[K;[m[K
[01m[K/home/soroush/robatics/Assignment2/assi2/src/yangsim/src/yangnode.cpp:40:89:[m[K [01;31m[Kerror: [m[K‘[01m[Krequest[m[K’ does not name a type
   40 | nst interfaces::srv::FirstSreviceMessage::request::SharedPtr [01;31m[Krequest[m[K  ,
      |                                                              [01;31m[K^~~~~~~[m[K

[01m[K/home/soroush/robatics/Assignment2/assi2/src/yangsim/src/yangnode.cpp:[m[K In constructor ‘[01m[Kyang::yang()[m[K’:
[01m[K/home/soroush/robatics/Assignment2/assi2/src/yangsim/src/yangnode.cpp:28:13:[m[K [01;31m[Kerror: [m[K‘[01m[Kserver_[m[K’ was not declared in this scope
   28 |             [01;31m[Kserver_[m[K = this->create_service<interfaces::srv::FirstSreviceMessage>(
      |             [01;31m[K^~~~~~~[m[K
[01m[K/home/soroush/robatics/Assignment2/assi2/src/yangsim/src/yangnode.cpp:32:19:[m[K [01;31m[Kerror: [m[K‘[01m[Kclass yang[m[K’ has no member named ‘[01m[Ktimer_[m[K’
   32 |             this->[01;31m[Ktimer_[m[K = this->create_wall_timer(
      |                   [01;31m[K^~~~~~[m[K
[01m[K/home/soroush/robatics/Assignment2/assi2/src/yangsim/src/yangnode.cpp:34:24:[m[K [01;31m[Kerror: [m[K‘[01m[KYangAsClient[m[K’ is not a class, namespace, or enumeration
   34 |             std::bind(&[01;31m[KYangAsClient[m[K::send_goal, this));
      |                        [01;31m[K^~~~~~~~~~~~[m[K
[01m[K/home/soroush/robatics/Assignment2/assi2/src/yangsim/src/yangnode.cpp:[m[K In member function ‘[01m[Kint yang::asci_convertor(std::string, int64_t)[m[K’:
[01m[K/home/soroush/robatics/Assignment2/assi2/src/yangsim/src/yangnode.cpp:48:54:[m[K [01;31m[Kerror: [m[K‘[01m[Kstr[m[K’ was not declared in this scope; did you mean ‘[01m[Kstd[m[K’?
   48 |           message.erase(std::remove(message.begin(), [01;31m[Kstr[m[K.end(), ' '), message.end());
      |                                                      [01;31m[K^~~[m[K
      |                                                      [32m[Kstd[m[K
In file included from [01m[K/opt/ros/humble/include/rclcpp/rclcpp/client.hpp:39[m[K,
                 from [01m[K/opt/ros/humble/include/rclcpp/rclcpp/callback_group.hpp:24[m[K,
                 from [01m[K/opt/ros/humble/include/rclcpp/rclcpp/any_executable.hpp:20[m[K,
                 from [01m[K/opt/ros/humble/include/rclcpp/rclcpp/memory_strategy.hpp:25[m[K,
                 from [01m[K/opt/ros/humble/include/rclcpp/rclcpp/memory_strategies.hpp:18[m[K,
                 from [01m[K/opt/ros/humble/include/rclcpp/rclcpp/executor_options.hpp:20[m[K,
                 from [01m[K/opt/ros/humble/include/rclcpp/rclcpp/executor.hpp:37[m[K,
                 from [01m[K/opt/ros/humble/include/rclcpp/rclcpp/executors/multi_threaded_executor.hpp:25[m[K,
                 from [01m[K/opt/ros/humble/include/rclcpp/rclcpp/executors.hpp:21[m[K,
                 from [01m[K/opt/ros/humble/include/rclcpp/rclcpp/rclcpp.hpp:155[m[K,
                 from [01m[K/home/soroush/robatics/Assignment2/assi2/src/yangsim/src/yangnode.cpp:1[m[K:
/opt/ros/humble/include/rclcpp/rclcpp/function_traits.hpp: In instantiation of ‘[01m[Kstruct rclcpp::function_traits::function_traits<std::_Bind<void (yang::*(yang*, std::_Placeholder<1>, std::_Placeholder<2>))(...)> >[m[K’:
[01m[K/opt/ros/humble/include/rclcpp/rclcpp/function_traits.hpp:165:8:[m[K   required from ‘[01m[Kstruct rclcpp::function_traits::same_arguments<std::_Bind<void (yang::*(yang*, std::_Placeholder<1>, std::_Placeholder<2>))(...)>, std::function<void(std::shared_ptr<interfaces::srv::FirstSreviceMessage_Request_<std::allocator<void> > >, std::shared_ptr<interfaces::srv::FirstSreviceMessage_Response_<std::allocator<void> > >)> >[m[K’
[01m[K/opt/ros/humble/include/rclcpp/rclcpp/any_service_callback.hpp:76:10:[m[K   required from ‘[01m[Kvoid rclcpp::AnyServiceCallback<ServiceT>::set(CallbackT&&) [with CallbackT = std::_Bind<void (yang::*(yang*, std::_Placeholder<1>, std::_Placeholder<2>))(...)>; typename std::enable_if<(! rclcpp::detail::can_be_nullptr<CallbackT>::value), int>::type <anonymous> = 0; ServiceT = interfaces::srv::FirstSreviceMessage][m[K’
[01m[K/opt/ros/humble/include/rclcpp/rclcpp/create_service.hpp:43:27:[m[K   required from ‘[01m[Ktypename rclcpp::Service<ServiceT>::SharedPtr rclcpp::create_service(std::shared_ptr<rclcpp::node_interfaces::NodeBaseInterface>, std::shared_ptr<rclcpp::node_interfaces::NodeServicesInterface>, const string&, CallbackT&&, const rmw_qos_profile_t&, rclcpp::CallbackGroup::SharedPtr) [with ServiceT = interfaces::srv::FirstSreviceMessage; CallbackT = std::_Bind<void (yang::*(yang*, std::_Placeholder<1>, std::_Placeholder<2>))(...)>; typename rclcpp::Service<ServiceT>::SharedPtr = std::shared_ptr<rclcpp::Service<interfaces::srv::FirstSreviceMessage> >; std::string = std::__cxx11::basic_string<char>; rmw_qos_profile_t = rmw_qos_profile_s; rclcpp::CallbackGroup::SharedPtr = std::shared_ptr<rclcpp::CallbackGroup>][m[K’
[01m[K/opt/ros/humble/include/rclcpp/rclcpp/node_impl.hpp:147:53:[m[K   required from ‘[01m[Ktypename rclcpp::Service<ServiceT>::SharedPtr rclcpp::Node::create_service(const string&, CallbackT&&, const rmw_qos_profile_t&, rclcpp::CallbackGroup::SharedPtr) [with ServiceT = interfaces::srv::FirstSreviceMessage; CallbackT = std::_Bind<void (yang::*(yang*, std::_Placeholder<1>, std::_Placeholder<2>))(...)>; typename rclcpp::Service<ServiceT>::SharedPtr = std::shared_ptr<rclcpp::Service<interfaces::srv::FirstSreviceMessage> >; std::string = std::__cxx11::basic_string<char>; rmw_qos_profile_t = rmw_qos_profile_s; rclcpp::CallbackGroup::SharedPtr = std::shared_ptr<rclcpp::CallbackGroup>][m[K’
[01m[K/home/soroush/robatics/Assignment2/assi2/src/yangsim/src/yangnode.cpp:28:81:[m[K   required from here
[01m[K/opt/ros/humble/include/rclcpp/rclcpp/function_traits.hpp:51:9:[m[K [01;31m[Kerror: [m[K‘[01m[Kdecltype[m[K’ cannot resolve address of overloaded function
   51 |   using [01;31m[Karguments[m[K = typename tuple_tail<
      |         [01;31m[K^~~~~~~~~[m[K
[01m[K/opt/ros/humble/include/rclcpp/rclcpp/function_traits.hpp:57:9:[m[K [01;31m[Kerror: [m[K‘[01m[Kdecltype[m[K’ cannot resolve address of overloaded function
   57 |   using [01;31m[Kargument_type[m[K = typename std::tuple_element<N, arguments>::type;
      |         [01;31m[K^~~~~~~~~~~~~[m[K
[01m[K/opt/ros/humble/include/rclcpp/rclcpp/function_traits.hpp:59:9:[m[K [01;31m[Kerror: [m[K‘[01m[Kdecltype[m[K’ cannot resolve address of overloaded function
   59 |   using [01;31m[Kreturn_type[m[K = typename function_traits<decltype( &FunctionT::operator())>::return_type;
      |         [01;31m[K^~~~~~~~~~~[m[K
In file included from [01m[K/opt/ros/humble/include/rclcpp/rclcpp/service.hpp:36[m[K,
                 from [01m[K/opt/ros/humble/include/rclcpp/rclcpp/callback_group.hpp:28[m[K,
                 from [01m[K/opt/ros/humble/include/rclcpp/rclcpp/any_executable.hpp:20[m[K,
                 from [01m[K/opt/ros/humble/include/rclcpp/rclcpp/memory_strategy.hpp:25[m[K,
                 from [01m[K/opt/ros/humble/include/rclcpp/rclcpp/memory_strategies.hpp:18[m[K,
                 from [01m[K/opt/ros/humble/include/rclcpp/rclcpp/executor_options.hpp:20[m[K,
                 from [01m[K/opt/ros/humble/include/rclcpp/rclcpp/executor.hpp:37[m[K,
                 from [01m[K/opt/ros/humble/include/rclcpp/rclcpp/executors/multi_threaded_executor.hpp:25[m[K,
                 from [01m[K/opt/ros/humble/include/rclcpp/rclcpp/executors.hpp:21[m[K,
                 from [01m[K/opt/ros/humble/include/rclcpp/rclcpp/rclcpp.hpp:155[m[K,
                 from [01m[K/home/soroush/robatics/Assignment2/assi2/src/yangsim/src/yangnode.cpp:1[m[K:
/opt/ros/humble/include/rclcpp/rclcpp/any_service_callback.hpp: In instantiation of ‘[01m[Kvoid rclcpp::AnyServiceCallback<ServiceT>::set(CallbackT&&) [with CallbackT = std::_Bind<void (yang::*(yang*, std::_Placeholder<1>, std::_Placeholder<2>))(...)>; typename std::enable_if<(! rclcpp::detail::can_be_nullptr<CallbackT>::value), int>::type <anonymous> = 0; ServiceT = interfaces::srv::FirstSreviceMessage][m[K’:
[01m[K/opt/ros/humble/include/rclcpp/rclcpp/create_service.hpp:43:27:[m[K   required from ‘[01m[Ktypename rclcpp::Service<ServiceT>::SharedPtr rclcpp::create_service(std::shared_ptr<rclcpp::node_interfaces::NodeBaseInterface>, std::shared_ptr<rclcpp::node_interfaces::NodeServicesInterface>, const string&, CallbackT&&, const rmw_qos_profile_t&, rclcpp::CallbackGroup::SharedPtr) [with ServiceT = interfaces::srv::FirstSreviceMessage; CallbackT = std::_Bind<void (yang::*(yang*, std::_Placeholder<1>, std::_Placeholder<2>))(...)>; typename rclcpp::Service<ServiceT>::SharedPtr = std::shared_ptr<rclcpp::Service<interfaces::srv::FirstSreviceMessage> >; std::string = std::__cxx11::basic_string<char>; rmw_qos_profile_t = rmw_qos_profile_s; rclcpp::CallbackGroup::SharedPtr = std::shared_ptr<rclcpp::CallbackGroup>][m[K’
[01m[K/opt/ros/humble/include/rclcpp/rclcpp/node_impl.hpp:147:53:[m[K   required from ‘[01m[Ktypename rclcpp::Service<ServiceT>::SharedPtr rclcpp::Node::create_service(const string&, CallbackT&&, const rmw_qos_profile_t&, rclcpp::CallbackGroup::SharedPtr) [with ServiceT = interfaces::srv::FirstSreviceMessage; CallbackT = std::_Bind<void (yang::*(yang*, std::_Placeholder<1>, std::_Placeholder<2>))(...)>; typename rclcpp::Service<ServiceT>::SharedPtr = std::shared_ptr<rclcpp::Service<interfaces::srv::FirstSreviceMessage> >; std::string = std::__cxx11::basic_string<char>; rmw_qos_profile_t = rmw_qos_profile_s; rclcpp::CallbackGroup::SharedPtr = std::shared_ptr<rclcpp::CallbackGroup>][m[K’
[01m[K/home/soroush/robatics/Assignment2/assi2/src/yangsim/src/yangnode.cpp:28:81:[m[K   required from here
[01m[K/opt/ros/humble/include/rclcpp/rclcpp/any_service_callback.hpp:76:10:[m[K [01;31m[Kerror: [m[K‘[01m[Kvalue[m[K’ is not a member of ‘[01m[Krclcpp::function_traits::same_arguments<std::_Bind<void (yang::*(yang*, std::_Placeholder<1>, std::_Placeholder<2>))(...)>, std::function<void(std::shared_ptr<interfaces::srv::FirstSreviceMessage_Request_<std::allocator<void> > >, std::shared_ptr<interfaces::srv::FirstSreviceMessage_Response_<std::allocator<void> > >)> >[m[K’
   76 |       >::[01;31m[Kvalue[m[K)
      |          [01;31m[K^~~~~[m[K
[01m[K/opt/ros/humble/include/rclcpp/rclcpp/any_service_callback.hpp:83:10:[m[K [01;31m[Kerror: [m[K‘[01m[Kvalue[m[K’ is not a member of ‘[01m[Krclcpp::function_traits::same_arguments<std::_Bind<void (yang::*(yang*, std::_Placeholder<1>, std::_Placeholder<2>))(...)>, std::function<void(std::shared_ptr<rmw_request_id_s>, std::shared_ptr<interfaces::srv::FirstSreviceMessage_Request_<std::allocator<void> > >, std::shared_ptr<interfaces::srv::FirstSreviceMessage_Response_<std::allocator<void> > >)> >[m[K’
   83 |       >::[01;31m[Kvalue[m[K)
      |          [01;31m[K^~~~~[m[K
[01m[K/opt/ros/humble/include/rclcpp/rclcpp/any_service_callback.hpp:90:10:[m[K [01;31m[Kerror: [m[K‘[01m[Kvalue[m[K’ is not a member of ‘[01m[Krclcpp::function_traits::same_arguments<std::_Bind<void (yang::*(yang*, std::_Placeholder<1>, std::_Placeholder<2>))(...)>, std::function<void(std::shared_ptr<rmw_request_id_s>, std::shared_ptr<interfaces::srv::FirstSreviceMessage_Request_<std::allocator<void> > >)> >[m[K’
   90 |       >::[01;31m[Kvalue[m[K)
      |          [01;31m[K^~~~~[m[K
[01m[K/opt/ros/humble/include/rclcpp/rclcpp/any_service_callback.hpp:97:10:[m[K [01;31m[Kerror: [m[K‘[01m[Kvalue[m[K’ is not a member of ‘[01m[Krclcpp::function_traits::same_arguments<std::_Bind<void (yang::*(yang*, std::_Placeholder<1>, std::_Placeholder<2>))(...)>, std::function<void(std::shared_ptr<rclcpp::Service<interfaces::srv::FirstSreviceMessage> >, std::shared_ptr<rmw_request_id_s>, std::shared_ptr<interfaces::srv::FirstSreviceMessage_Request_<std::allocator<void> > >)> >[m[K’
   97 |       >::[01;31m[Kvalue[m[K)
      |          [01;31m[K^~~~~[m[K
[01m[K/opt/ros/humble/include/rclcpp/rclcpp/any_service_callback.hpp:103:17:[m[K [01;31m[Kerror: [m[Kno match for ‘[01m[Koperator=[m[K’ (operand types are ‘[01m[Kstd::variant<std::monostate, std::function<void(std::shared_ptr<interfaces::srv::FirstSreviceMessage_Request_<std::allocator<void> > >, std::shared_ptr<interfaces::srv::FirstSreviceMessage_Response_<std::allocator<void> > >)>, std::function<void(std::shared_ptr<rmw_request_id_s>, std::shared_ptr<interfaces::srv::FirstSreviceMessage_Request_<std::allocator<void> > >, std::shared_ptr<interfaces::srv::FirstSreviceMessage_Response_<std::allocator<void> > >)>, std::function<void(std::shared_ptr<rmw_request_id_s>, std::shared_ptr<interfaces::srv::FirstSreviceMessage_Request_<std::allocator<void> > >)>, std::function<void(std::shared_ptr<rclcpp::Service<interfaces::srv::FirstSreviceMessage> >, std::shared_ptr<rmw_request_id_s>, std::shared_ptr<interfaces::srv::FirstSreviceMessage_Request_<std::allocator<void> > >)> >[m[K’ and ‘[01m[Kstd::_Bind<void (yang::*(yang*, std::_Placeholder<1>, std::_Placeholder<2>))(...)>[m[K’)
  103 |       [01;31m[Kcallback_ = std::forward<CallbackT>(callback)[m[K;
      |       [01;31m[K~~~~~~~~~~^~~~~~~~~~~~~~~~~~~~~~~~~~~~~~~~~~~[m[K
In file included from [01m[K/opt/ros/humble/include/rclcpp/rclcpp/client.hpp:28[m[K,
                 from [01m[K/opt/ros/humble/include/rclcpp/rclcpp/callback_group.hpp:24[m[K,
                 from [01m[K/opt/ros/humble/include/rclcpp/rclcpp/any_executable.hpp:20[m[K,
                 from [01m[K/opt/ros/humble/include/rclcpp/rclcpp/memory_strategy.hpp:25[m[K,
                 from [01m[K/opt/ros/humble/include/rclcpp/rclcpp/memory_strategies.hpp:18[m[K,
                 from [01m[K/opt/ros/humble/include/rclcpp/rclcpp/executor_options.hpp:20[m[K,
                 from [01m[K/opt/ros/humble/include/rclcpp/rclcpp/executor.hpp:37[m[K,
                 from [01m[K/opt/ros/humble/include/rclcpp/rclcpp/executors/multi_threaded_executor.hpp:25[m[K,
                 from [01m[K/opt/ros/humble/include/rclcpp/rclcpp/executors.hpp:21[m[K,
                 from [01m[K/opt/ros/humble/include/rclcpp/rclcpp/rclcpp.hpp:155[m[K,
                 from [01m[K/home/soroush/robatics/Assignment2/assi2/src/yangsim/src/yangnode.cpp:1[m[K:
[01m[K/usr/include/c++/11/variant:1477:9:[m[K [01;36m[Knote: [m[Kcandidate: ‘[01m[Ktemplate<class _Tp> std::enable_if_t<((__exactly_once<std::variant<_Types>::__accepted_type<_Tp&&, typename std::enable_if<__not_self<_Tp&&>, void>::type> > && is_constructible_v<std::variant<_Types>::__accepted_type<_Tp&&, typename std::enable_if<__not_self<_Tp&&>, void>::type>, _Tp>) && is_assignable_v<std::variant<_Types>::__accepted_type<_Tp&&, typename std::enable_if<__not_self<_Tp&&>, void>::type>&, _Tp>), std::variant<_Types>&> std::variant<_Types>::operator=(_Tp&&) [with _Tp = _Tp; _Types = {std::monostate, std::function<void(std::shared_ptr<interfaces::srv::FirstSreviceMessage_Request_<std::allocator<void> > >, std::shared_ptr<interfaces::srv::FirstSreviceMessage_Response_<std::allocator<void> > >)>, std::function<void(std::shared_ptr<rmw_request_id_s>, std::shared_ptr<interfaces::srv::FirstSreviceMessage_Request_<std::allocator<void> > >, std::shared_ptr<interfaces::srv::FirstSreviceMessage_Response_<std::allocator<void> > >)>, std::function<void(std::shared_ptr<rmw_request_id_s>, std::shared_ptr<interfaces::srv::FirstSreviceMessage_Request_<std::allocator<void> > >)>, std::function<void(std::shared_ptr<rclcpp::Service<interfaces::srv::FirstSreviceMessage> >, std::shared_ptr<rmw_request_id_s>, std::shared_ptr<interfaces::srv::FirstSreviceMessage_Request_<std::allocator<void> > >)>}][m[K’
 1477 |         [01;36m[Koperator[m[K=(_Tp&& __rhs)
      |         [01;36m[K^~~~~~~~[m[K
[01m[K/usr/include/c++/11/variant:1477:9:[m[K [01;36m[Knote: [m[K  template argument deduction/substitution failed:
/usr/include/c++/11/variant: In substitution of ‘[01m[Ktemplate<class ... _Types> template<class _Tp, class> using __accepted_type = std::variant<_Types>::__to_type<__accepted_index<_Tp> > [with _Tp = std::_Bind<void (yang::*(yang*, std::_Placeholder<1>, std::_Placeholder<2>))(...)>&&; <template-parameter-2-2> = void; _Types = {std::monostate, std::function<void(std::shared_ptr<interfaces::srv::FirstSreviceMessage_Request_<std::allocator<void> > >, std::shared_ptr<interfaces::srv::FirstSreviceMessage_Response_<std::allocator<void> > >)>, std::function<void(std::shared_ptr<rmw_request_id_s>, std::shared_ptr<interfaces::srv::FirstSreviceMessage_Request_<std::allocator<void> > >, std::shared_ptr<interfaces::srv::FirstSreviceMessage_Response_<std::allocator<void> > >)>, std::function<void(std::shared_ptr<rmw_request_id_s>, std::shared_ptr<interfaces::srv::FirstSreviceMessage_Request_<std::allocator<void> > >)>, std::function<void(std::shared_ptr<rclcpp::Service<interfaces::srv::FirstSreviceMessage> >, std::shared_ptr<rmw_request_id_s>, std::shared_ptr<interfaces::srv::FirstSreviceMessage_Request_<std::allocator<void> > >)>}][m[K’:
[01m[K/usr/include/c++/11/variant:1473:14:[m[K   required by substitution of ‘[01m[Ktemplate<class _Tp> std::enable_if_t<((__exactly_once<std::variant<std::monostate, std::function<void(std::shared_ptr<interfaces::srv::FirstSreviceMessage_Request_<std::allocator<void> > >, std::shared_ptr<interfaces::srv::FirstSreviceMessage_Response_<std::allocator<void> > >)>, std::function<void(std::shared_ptr<rmw_request_id_s>, std::shared_ptr<interfaces::srv::FirstSreviceMessage_Request_<std::allocator<void> > >, std::shared_ptr<interfaces::srv::FirstSreviceMessage_Response_<std::allocator<void> > >)>, std::function<void(std::shared_ptr<rmw_request_id_s>, std::shared_ptr<interfaces::srv::FirstSreviceMessage_Request_<std::allocator<void> > >)>, std::function<void(std::shared_ptr<rclcpp::Service<interfaces::srv::FirstSreviceMessage> >, std::shared_ptr<rmw_request_id_s>, std::shared_ptr<interfaces::srv::FirstSreviceMessage_Request_<std::allocator<void> > >)> >::__accepted_type<_Tp&&, typename std::enable_if<__not_self<_Tp&&>, void>::type> > && is_constructible_v<std::variant<std::monostate, std::function<void(std::shared_ptr<interfaces::srv::FirstSreviceMessage_Request_<std::allocator<void> > >, std::shared_ptr<interfaces::srv::FirstSreviceMessage_Response_<std::allocator<void> > >)>, std::function<void(std::shared_ptr<rmw_request_id_s>, std::shared_ptr<interfaces::srv::FirstSreviceMessage_Request_<std::allocator<void> > >, std::shared_ptr<interfaces::srv::FirstSreviceMessage_Response_<std::allocator<void> > >)>, std::function<void(std::shared_ptr<rmw_request_id_s>, std::shared_ptr<interfaces::srv::FirstSreviceMessage_Request_<std::allocator<void> > >)>, std::function<void(std::shared_ptr<rclcpp::Service<interfaces::srv::FirstSreviceMessage> >, std::shared_ptr<rmw_request_id_s>, std::shared_ptr<interfaces::srv::FirstSreviceMessage_Request_<std::allocator<void> > >)> >::__accepted_type<_Tp&&, typename std::enable_if<__not_self<_Tp&&>, void>::type>, _Tp>) && is_assignable_v<std::variant<std::monostate, std::function<void(std::shared_ptr<interfaces::srv::FirstSreviceMessage_Request_<std::allocator<void> > >, std::shared_ptr<interfaces::srv::FirstSreviceMessage_Response_<std::allocator<void> > >)>, std::function<void(std::shared_ptr<rmw_request_id_s>, std::shared_ptr<interfaces::srv::FirstSreviceMessage_Request_<std::allocator<void> > >, std::shared_ptr<interfaces::srv::FirstSreviceMessage_Response_<std::allocator<void> > >)>, std::function<void(std::shared_ptr<rmw_request_id_s>, std::shared_ptr<interfaces::srv::FirstSreviceMessage_Request_<std::allocator<void> > >)>, std::function<void(std::shared_ptr<rclcpp::Service<interfaces::srv::FirstSreviceMessage> >, std::shared_ptr<rmw_request_id_s>, std::shared_ptr<interfaces::srv::FirstSreviceMessage_Request_<std::allocator<void> > >)> >::__accepted_type<_Tp&&, typename std::enable_if<__not_self<_Tp&&>, void>::type>&, _Tp>), std::variant<std::monostate, std::function<void(std::shared_ptr<interfaces::srv::FirstSreviceMessage_Request_<std::allocator<void> > >, std::shared_ptr<interfaces::srv::FirstSreviceMessage_Response_<std::allocator<void> > >)>, std::function<void(std::shared_ptr<rmw_request_id_s>, std::shared_ptr<interfaces::srv::FirstSreviceMessage_Request_<std::allocator<void> > >, std::shared_ptr<interfaces::srv::FirstSreviceMessage_Response_<std::allocator<void> > >)>, std::function<void(std::shared_ptr<rmw_request_id_s>, std::shared_ptr<interfaces::srv::FirstSreviceMessage_Request_<std::allocator<void> > >)>, std::function<void(std::shared_ptr<rclcpp::Service<interfaces::srv::FirstSreviceMessage> >, std::shared_ptr<rmw_request_id_s>, std::shared_ptr<interfaces::srv::FirstSreviceMessage_Request_<std::allocator<void> > >)> >&> std::variant<std::monostate, std::function<void(std::shared_ptr<interfaces::srv::FirstSreviceMessage_Request_<std::allocator<void> > >, std::shared_ptr<interfaces::srv::FirstSreviceMessage_Response_<std::allocator<void> > >)>, std::function<void(std::shared_ptr<rmw_request_id_s>, std::shared_ptr<interfaces::srv::FirstSreviceMessage_Request_<std::allocator<void> > >, std::shared_ptr<interfaces::srv::FirstSreviceMessage_Response_<std::allocator<void> > >)>, std::function<void(std::shared_ptr<rmw_request_id_s>, std::shared_ptr<interfaces::srv::FirstSreviceMessage_Request_<std::allocator<void> > >)>, std::function<void(std::shared_ptr<rclcpp::Service<interfaces::srv::FirstSreviceMessage> >, std::shared_ptr<rmw_request_id_s>, std::shared_ptr<interfaces::srv::FirstSreviceMessage_Request_<std::allocator<void> > >)> >::operator=<_Tp>(_Tp&&) [with _Tp = std::_Bind<void (yang::*(yang*, std::_Placeholder<1>, std::_Placeholder<2>))(...)>][m[K’
[01m[K/opt/ros/humble/include/rclcpp/rclcpp/any_service_callback.hpp:103:17:[m[K   required from ‘[01m[Kvoid rclcpp::AnyServiceCallback<ServiceT>::set(CallbackT&&) [with CallbackT = std::_Bind<void (yang::*(yang*, std::_Placeholder<1>, std::_Placeholder<2>))(...)>; typename std::enable_if<(! rclcpp::detail::can_be_nullptr<CallbackT>::value), int>::type <anonymous> = 0; ServiceT = interfaces::srv::FirstSreviceMessage][m[K’
[01m[K/opt/ros/humble/include/rclcpp/rclcpp/create_service.hpp:43:27:[m[K   required from ‘[01m[Ktypename rclcpp::Service<ServiceT>::SharedPtr rclcpp::create_service(std::shared_ptr<rclcpp::node_interfaces::NodeBaseInterface>, std::shared_ptr<rclcpp::node_interfaces::NodeServicesInterface>, const string&, CallbackT&&, const rmw_qos_profile_t&, rclcpp::CallbackGroup::SharedPtr) [with ServiceT = interfaces::srv::FirstSreviceMessage; CallbackT = std::_Bind<void (yang::*(yang*, std::_Placeholder<1>, std::_Placeholder<2>))(...)>; typename rclcpp::Service<ServiceT>::SharedPtr = std::shared_ptr<rclcpp::Service<interfaces::srv::FirstSreviceMessage> >; std::string = std::__cxx11::basic_string<char>; rmw_qos_profile_t = rmw_qos_profile_s; rclcpp::CallbackGroup::SharedPtr = std::shared_ptr<rclcpp::CallbackGroup>][m[K’
[01m[K/opt/ros/humble/include/rclcpp/rclcpp/node_impl.hpp:147:53:[m[K   required from ‘[01m[Ktypename rclcpp::Service<ServiceT>::SharedPtr rclcpp::Node::create_service(const string&, CallbackT&&, const rmw_qos_profile_t&, rclcpp::CallbackGroup::SharedPtr) [with ServiceT = interfaces::srv::FirstSreviceMessage; CallbackT = std::_Bind<void (yang::*(yang*, std::_Placeholder<1>, std::_Placeholder<2>))(...)>; typename rclcpp::Service<ServiceT>::SharedPtr = std::shared_ptr<rclcpp::Service<interfaces::srv::FirstSreviceMessage> >; std::string = std::__cxx11::basic_string<char>; rmw_qos_profile_t = rmw_qos_profile_s; rclcpp::CallbackGroup::SharedPtr = std::shared_ptr<rclcpp::CallbackGroup>][m[K’
[01m[K/home/soroush/robatics/Assignment2/assi2/src/yangsim/src/yangnode.cpp:28:81:[m[K   required from here
[01m[K/usr/include/c++/11/variant:1391:15:[m[K [01;31m[Kerror: [m[Kno type named ‘[01m[Ktype[m[K’ in ‘[01m[Kstruct std::enable_if<false, void>[m[K’
 1391 |         using [01;31m[K__accepted_type[m[K = __to_type<__accepted_index<_Tp>>;
      |               [01;31m[K^~~~~~~~~~~~~~~[m[K
/opt/ros/humble/include/rclcpp/rclcpp/any_service_callback.hpp: In instantiation of ‘[01m[Kvoid rclcpp::AnyServiceCallback<ServiceT>::set(CallbackT&&) [with CallbackT = std::_Bind<void (yang::*(yang*, std::_Placeholder<1>, std::_Placeholder<2>))(...)>; typename std::enable_if<(! rclcpp::detail::can_be_nullptr<CallbackT>::value), int>::type <anonymous> = 0; ServiceT = interfaces::srv::FirstSreviceMessage][m[K’:
[01m[K/opt/ros/humble/include/rclcpp/rclcpp/create_service.hpp:43:27:[m[K   required from ‘[01m[Ktypename rclcpp::Service<ServiceT>::SharedPtr rclcpp::create_service(std::shared_ptr<rclcpp::node_interfaces::NodeBaseInterface>, std::shared_ptr<rclcpp::node_interfaces::NodeServicesInterface>, const string&, CallbackT&&, const rmw_qos_profile_t&, rclcpp::CallbackGroup::SharedPtr) [with ServiceT = interfaces::srv::FirstSreviceMessage; CallbackT = std::_Bind<void (yang::*(yang*, std::_Placeholder<1>, std::_Placeholder<2>))(...)>; typename rclcpp::Service<ServiceT>::SharedPtr = std::shared_ptr<rclcpp::Service<interfaces::srv::FirstSreviceMessage> >; std::string = std::__cxx11::basic_string<char>; rmw_qos_profile_t = rmw_qos_profile_s; rclcpp::CallbackGroup::SharedPtr = std::shared_ptr<rclcpp::CallbackGroup>][m[K’
[01m[K/opt/ros/humble/include/rclcpp/rclcpp/node_impl.hpp:147:53:[m[K   required from ‘[01m[Ktypename rclcpp::Service<ServiceT>::SharedPtr rclcpp::Node::create_service(const string&, CallbackT&&, const rmw_qos_profile_t&, rclcpp::CallbackGroup::SharedPtr) [with ServiceT = interfaces::srv::FirstSreviceMessage; CallbackT = std::_Bind<void (yang::*(yang*, std::_Placeholder<1>, std::_Placeholder<2>))(...)>; typename rclcpp::Service<ServiceT>::SharedPtr = std::shared_ptr<rclcpp::Service<interfaces::srv::FirstSreviceMessage> >; std::string = std::__cxx11::basic_string<char>; rmw_qos_profile_t = rmw_qos_profile_s; rclcpp::CallbackGroup::SharedPtr = std::shared_ptr<rclcpp::CallbackGroup>][m[K’
[01m[K/home/soroush/robatics/Assignment2/assi2/src/yangsim/src/yangnode.cpp:28:81:[m[K   required from here
[01m[K/usr/include/c++/11/variant:1414:16:[m[K [01;36m[Knote: [m[Kcandidate: ‘[01m[Kstd::variant<_Types>& std::variant<_Types>::operator=(const std::variant<_Types>&) [with _Types = {std::monostate, std::function<void(std::shared_ptr<interfaces::srv::FirstSreviceMessage_Request_<std::allocator<void> > >, std::shared_ptr<interfaces::srv::FirstSreviceMessage_Response_<std::allocator<void> > >)>, std::function<void(std::shared_ptr<rmw_request_id_s>, std::shared_ptr<interfaces::srv::FirstSreviceMessage_Request_<std::allocator<void> > >, std::shared_ptr<interfaces::srv::FirstSreviceMessage_Response_<std::allocator<void> > >)>, std::function<void(std::shared_ptr<rmw_request_id_s>, std::shared_ptr<interfaces::srv::FirstSreviceMessage_Request_<std::allocator<void> > >)>, std::function<void(std::shared_ptr<rclcpp::Service<interfaces::srv::FirstSreviceMessage> >, std::shared_ptr<rmw_request_id_s>, std::shared_ptr<interfaces::srv::FirstSreviceMessage_Request_<std::allocator<void> > >)>}][m[K’
 1414 |       variant& [01;36m[Koperator[m[K=(const variant&) = default;
      |                [01;36m[K^~~~~~~~[m[K
[01m[K/usr/include/c++/11/variant:1414:26:[m[K [01;36m[Knote: [m[K  no known conversion for argument 1 from ‘[01m[Kstd::_Bind<void (yang::*(yang*, std::_Placeholder<1>, std::_Placeholder<2>))(...)>[m[K’ to ‘[01m[Kconst std::variant<std::monostate, std::function<void(std::shared_ptr<interfaces::srv::FirstSreviceMessage_Request_<std::allocator<void> > >, std::shared_ptr<interfaces::srv::FirstSreviceMessage_Response_<std::allocator<void> > >)>, std::function<void(std::shared_ptr<rmw_request_id_s>, std::shared_ptr<interfaces::srv::FirstSreviceMessage_Request_<std::allocator<void> > >, std::shared_ptr<interfaces::srv::FirstSreviceMessage_Response_<std::allocator<void> > >)>, std::function<void(std::shared_ptr<rmw_request_id_s>, std::shared_ptr<interfaces::srv::FirstSreviceMessage_Request_<std::allocator<void> > >)>, std::function<void(std::shared_ptr<rclcpp::Service<interfaces::srv::FirstSreviceMessage> >, std::shared_ptr<rmw_request_id_s>, std::shared_ptr<interfaces::srv::FirstSreviceMessage_Request_<std::allocator<void> > >)> >&[m[K’
 1414 |       variant& operator=([01;36m[Kconst variant&[m[K) = default;
      |                          [01;36m[K^~~~~~~~~~~~~~[m[K
[01m[K/usr/include/c++/11/variant:1415:16:[m[K [01;36m[Knote: [m[Kcandidate: ‘[01m[Kstd::variant<_Types>& std::variant<_Types>::operator=(std::variant<_Types>&&) [with _Types = {std::monostate, std::function<void(std::shared_ptr<interfaces::srv::FirstSreviceMessage_Request_<std::allocator<void> > >, std::shared_ptr<interfaces::srv::FirstSreviceMessage_Response_<std::allocator<void> > >)>, std::function<void(std::shared_ptr<rmw_request_id_s>, std::shared_ptr<interfaces::srv::FirstSreviceMessage_Request_<std::allocator<void> > >, std::shared_ptr<interfaces::srv::FirstSreviceMessage_Response_<std::allocator<void> > >)>, std::function<void(std::shared_ptr<rmw_request_id_s>, std::shared_ptr<interfaces::srv::FirstSreviceMessage_Request_<std::allocator<void> > >)>, std::function<void(std::shared_ptr<rclcpp::Service<interfaces::srv::FirstSreviceMessage> >, std::shared_ptr<rmw_request_id_s>, std::shared_ptr<interfaces::srv::FirstSreviceMessage_Request_<std::allocator<void> > >)>}][m[K’
 1415 |       variant& [01;36m[Koperator[m[K=(variant&&) = default;
      |                [01;36m[K^~~~~~~~[m[K
[01m[K/usr/include/c++/11/variant:1415:26:[m[K [01;36m[Knote: [m[K  no known conversion for argument 1 from ‘[01m[Kstd::_Bind<void (yang::*(yang*, std::_Placeholder<1>, std::_Placeholder<2>))(...)>[m[K’ to ‘[01m[Kstd::variant<std::monostate, std::function<void(std::shared_ptr<interfaces::srv::FirstSreviceMessage_Request_<std::allocator<void> > >, std::shared_ptr<interfaces::srv::FirstSreviceMessage_Response_<std::allocator<void> > >)>, std::function<void(std::shared_ptr<rmw_request_id_s>, std::shared_ptr<interfaces::srv::FirstSreviceMessage_Request_<std::allocator<void> > >, std::shared_ptr<interfaces::srv::FirstSreviceMessage_Response_<std::allocator<void> > >)>, std::function<void(std::shared_ptr<rmw_request_id_s>, std::shared_ptr<interfaces::srv::FirstSreviceMessage_Request_<std::allocator<void> > >)>, std::function<void(std::shared_ptr<rclcpp::Service<interfaces::srv::FirstSreviceMessage> >, std::shared_ptr<rmw_request_id_s>, std::shared_ptr<interfaces::srv::FirstSreviceMessage_Request_<std::allocator<void> > >)> >&&[m[K’
 1415 |       variant& operator=([01;36m[Kvariant&&[m[K) = default;
      |                          [01;36m[K^~~~~~~~~[m[K
gmake[2]: *** [CMakeFiles/yangnode.dir/build.make:76: CMakeFiles/yangnode.dir/src/yangnode.cpp.o] Error 1
gmake[1]: *** [CMakeFiles/Makefile2:137: CMakeFiles/yangnode.dir/all] Error 2
gmake: *** [Makefile:146: all] Error 2
