[5.003s] Invoking command in '/home/soroush/robatics/Assignment2/assi2/src/turtlesim_controller': PYTHONPATH=/home/soroush/robatics/Assignment2/assi2/src/turtlesim_controller/build/turtlesim_controller/prefix_override:/home/soroush/robatics/Assignment2/assi2/src/turtlesim_controller/install/turtlesim_controller/lib/python3.10/site-packages:${PYTHONPATH} /usr/bin/python3 setup.py egg_info --egg-base build/turtlesim_controller build --build-base /home/soroush/robatics/Assignment2/assi2/src/turtlesim_controller/build/turtlesim_controller/build install --record /home/soroush/robatics/Assignment2/assi2/src/turtlesim_controller/build/turtlesim_controller/install.log --single-version-externally-managed
[7.050s] running egg_info
[7.056s] writing build/turtlesim_controller/turtlesim_controller.egg-info/PKG-INFO
[7.057s] writing dependency_links to build/turtlesim_controller/turtlesim_controller.egg-info/dependency_links.txt
[7.059s] writing entry points to build/turtlesim_controller/turtlesim_controller.egg-info/entry_points.txt
[7.060s] writing requirements to build/turtlesim_controller/turtlesim_controller.egg-info/requires.txt
[7.061s] writing top-level names to build/turtlesim_controller/turtlesim_controller.egg-info/top_level.txt
[7.074s] reading manifest file 'build/turtlesim_controller/turtlesim_controller.egg-info/SOURCES.txt'
[7.082s] writing manifest file 'build/turtlesim_controller/turtlesim_controller.egg-info/SOURCES.txt'
[7.083s] running build
[7.085s] running build_py
[7.085s] copying turtlesim_controller/turtlesim_controller.py -> /home/soroush/robatics/Assignment2/assi2/src/turtlesim_controller/build/turtlesim_controller/build/lib/turtlesim_controller
[7.087s] running install
[7.088s] /usr/lib/python3/dist-packages/setuptools/command/install.py:34: SetuptoolsDeprecationWarning: setup.py install is deprecated. Use build and pip and other standards-based tools.
[7.088s]   warnings.warn(
[7.090s] running install_lib
[7.095s] copying /home/soroush/robatics/Assignment2/assi2/src/turtlesim_controller/build/turtlesim_controller/build/lib/turtlesim_controller/turtlesim_controller.py -> /home/soroush/robatics/Assignment2/assi2/src/turtlesim_controller/install/turtlesim_controller/lib/python3.10/site-packages/turtlesim_controller
[7.099s] byte-compiling /home/soroush/robatics/Assignment2/assi2/src/turtlesim_controller/install/turtlesim_controller/lib/python3.10/site-packages/turtlesim_controller/turtlesim_controller.py to turtlesim_controller.cpython-310.pyc
[7.104s] running install_data
[7.108s] running install_egg_info
[7.121s] removing '/home/soroush/robatics/Assignment2/assi2/src/turtlesim_controller/install/turtlesim_controller/lib/python3.10/site-packages/turtlesim_controller-0.0.0-py3.10.egg-info' (and everything under it)
[7.124s] Copying build/turtlesim_controller/turtlesim_controller.egg-info to /home/soroush/robatics/Assignment2/assi2/src/turtlesim_controller/install/turtlesim_controller/lib/python3.10/site-packages/turtlesim_controller-0.0.0-py3.10.egg-info
[7.131s] running install_scripts
[7.302s] Installing turtlesim_controller script to /home/soroush/robatics/Assignment2/assi2/src/turtlesim_controller/install/turtlesim_controller/lib/turtlesim_controller
[7.305s] writing list of installed files to '/home/soroush/robatics/Assignment2/assi2/src/turtlesim_controller/build/turtlesim_controller/install.log'
[7.453s] Invoked command in '/home/soroush/robatics/Assignment2/assi2/src/turtlesim_controller' returned '0': PYTHONPATH=/home/soroush/robatics/Assignment2/assi2/src/turtlesim_controller/build/turtlesim_controller/prefix_override:/home/soroush/robatics/Assignment2/assi2/src/turtlesim_controller/install/turtlesim_controller/lib/python3.10/site-packages:${PYTHONPATH} /usr/bin/python3 setup.py egg_info --egg-base build/turtlesim_controller build --build-base /home/soroush/robatics/Assignment2/assi2/src/turtlesim_controller/build/turtlesim_controller/build install --record /home/soroush/robatics/Assignment2/assi2/src/turtlesim_controller/build/turtlesim_controller/install.log --single-version-externally-managed
