[0.000000] (-) TimerEvent: {}
[0.000919] (-) JobUnselected: {'identifier': 'interfaces'}
[0.005572] (-) JobUnselected: {'identifier': 'quality_of_service_demo'}
[0.005824] (-) JobUnselected: {'identifier': 'turtlesim_controller'}
[0.005996] (-) JobUnselected: {'identifier': 'yangsim'}
[0.006150] (-) JobUnselected: {'identifier': 'yinsim'}
[0.006313] (QOS_Example) JobQueued: {'identifier': 'QOS_Example', 'dependencies': OrderedDict()}
[0.006482] (QOS_Example) JobStarted: {'identifier': 'QOS_Example'}
[0.092730] (-) TimerEvent: {}
[0.193787] (-) TimerEvent: {}
[0.294900] (-) TimerEvent: {}
[0.395923] (-) TimerEvent: {}
[0.497005] (-) TimerEvent: {}
[0.597961] (-) TimerEvent: {}
[0.699134] (-) TimerEvent: {}
[0.800214] (-) TimerEvent: {}
[0.901239] (-) TimerEvent: {}
[1.002274] (-) TimerEvent: {}
[1.103302] (-) TimerEvent: {}
[1.204683] (-) TimerEvent: {}
[1.305753] (-) TimerEvent: {}
[1.406782] (-) TimerEvent: {}
[1.507794] (-) TimerEvent: {}
[1.605403] (QOS_Example) StderrLine: {'line': b'Traceback (most recent call last):\n  File "/usr/lib/python3/dist-packages/colcon_core/executor/__init__.py", line 91, in __call__\n    rc = await self.task(*args, **kwargs)\n  File "/usr/lib/python3/dist-packages/colcon_core/task/__init__.py", line 93, in __call__\n    return await task_method(*args, **kwargs)\n  File "/usr/lib/python3/dist-packages/colcon_ros/task/ament_python/build.py", line 51, in build\n    setup_py_data = get_setup_data(self.context.pkg, env)\n  File "/usr/lib/python3/dist-packages/colcon_core/task/python/__init__.py", line 20, in get_setup_data\n    return dict(pkg.metadata[key](env))\n  File "/usr/lib/python3/dist-packages/colcon_ros/package_augmentation/ros_ament_python.py", line 57, in getter\n    return get_setup_information(\n  File "/usr/lib/python3/dist-packages/colcon_python_setup_py/package_identification/python_setup_py.py", line 241, in get_setup_information\n    _setup_information_cache[hashable_env] = _get_setup_information(\n  File "/usr/lib/python3/dist-packages/colcon_python_setup_py/package_identification/python_setup_py.py", line 281, in _get_setup_information\n    result = subprocess.run(\n  File "/usr/lib/python3.10/subprocess.py", line 524, in run\n    raise CalledProcessError(retcode, process.args,\nsubprocess.CalledProcessError: Command \'[\'/usr/bin/python3\', \'-c\', "import sys;from setuptools.extern.packaging.specifiers import SpecifierSet;from distutils.core import run_setup;dist = run_setup(    \'setup.py\', script_args=(\'--dry-run\',), stop_after=\'config\');skip_keys = (\'cmdclass\', \'distclass\', \'ext_modules\', \'metadata\');data = {    key: value for key, value in dist.__dict__.items()     if (        not key.startswith(\'_\') and         not callable(value) and         key not in skip_keys and         key not in dist.display_option_names    )};data[\'metadata\'] = {    k: v for k, v in dist.metadata.__dict__.items()     if k not in (\'license_files\', \'provides_extras\')};sys.stdout.buffer.write(repr(data).encode(\'utf-8\'))"]\' returned non-zero exit status 1.\n'}
[1.608410] (-) TimerEvent: {}
[1.609029] (QOS_Example) JobEnded: {'identifier': 'QOS_Example', 'rc': 1}
[1.617635] (-) EventReactorShutdown: {}
