[2.264s] DEBUG:colcon:Command line arguments: ['/usr/bin/colcon', 'build', '--packages-select', 'QOS_Example']
[2.265s] DEBUG:colcon:Parsed command line arguments: Namespace(log_base=None, log_level=None, verb_name='build', build_base='build', install_base='install', merge_install=False, symlink_install=False, test_result_base=None, continue_on_error=False, executor='parallel', parallel_workers=8, event_handlers=None, ignore_user_meta=False, metas=['./colcon.meta'], base_paths=['.'], packages_ignore=None, packages_ignore_regex=None, paths=None, packages_up_to=None, packages_up_to_regex=None, packages_above=None, packages_above_and_dependencies=None, packages_above_depth=None, packages_select_by_dep=None, packages_skip_by_dep=None, packages_skip_up_to=None, packages_select_build_failed=False, packages_skip_build_finished=False, packages_select_test_failures=False, packages_skip_test_passed=False, packages_select=['QOS_Example'], packages_skip=None, packages_select_regex=None, packages_skip_regex=None, packages_start=None, packages_end=None, cmake_args=None, cmake_target=None, cmake_target_skip_unavailable=False, cmake_clean_cache=False, cmake_clean_first=False, cmake_force_configure=False, ament_cmake_args=None, catkin_cmake_args=None, catkin_skip_building_tests=False, mixin_files=None, mixin=None, verb_parser=<colcon_mixin.mixin.mixin_argument.MixinArgumentDecorator object at 0x7f289cc63ca0>, verb_extension=<colcon_core.verb.build.BuildVerb object at 0x7f289cbb6a70>, main=<bound method BuildVerb.main of <colcon_core.verb.build.BuildVerb object at 0x7f289cbb6a70>>, mixin_verb=('build',))
[2.572s] Level 1:colcon.colcon_core.package_discovery:discover_packages(colcon_meta) check parameters
[2.573s] Level 1:colcon.colcon_core.package_discovery:discover_packages(recursive) check parameters
[2.574s] Level 1:colcon.colcon_core.package_discovery:discover_packages(ignore) check parameters
[2.574s] Level 1:colcon.colcon_core.package_discovery:discover_packages(path) check parameters
[2.574s] Level 1:colcon.colcon_core.package_discovery:discover_packages(colcon_meta) discover
[2.575s] Level 1:colcon.colcon_core.package_discovery:discover_packages(recursive) discover
[2.575s] INFO:colcon.colcon_core.package_discovery:Crawling recursively for packages in '/home/soroush/robatics/Assignment2/assi2'
[2.576s] Level 1:colcon.colcon_core.package_identification:_identify(.) by extensions ['ignore', 'ignore_ament_install']
[2.576s] Level 1:colcon.colcon_core.package_identification:_identify(.) by extension 'ignore'
[2.577s] Level 1:colcon.colcon_core.package_identification:_identify(.) by extension 'ignore_ament_install'
[2.577s] Level 1:colcon.colcon_core.package_identification:_identify(.) by extensions ['colcon_pkg']
[2.578s] Level 1:colcon.colcon_core.package_identification:_identify(.) by extension 'colcon_pkg'
[2.578s] Level 1:colcon.colcon_core.package_identification:_identify(.) by extensions ['colcon_meta']
[2.578s] Level 1:colcon.colcon_core.package_identification:_identify(.) by extension 'colcon_meta'
[2.579s] Level 1:colcon.colcon_core.package_identification:_identify(.) by extensions ['ros']
[2.579s] Level 1:colcon.colcon_core.package_identification:_identify(.) by extension 'ros'
[2.699s] Level 1:colcon.colcon_core.package_identification:_identify(.) by extensions ['cmake', 'python']
[2.700s] Level 1:colcon.colcon_core.package_identification:_identify(.) by extension 'cmake'
[2.700s] Level 1:colcon.colcon_core.package_identification:_identify(.) by extension 'python'
[2.701s] Level 1:colcon.colcon_core.package_identification:_identify(.) by extensions ['python_setup_py']
[2.701s] Level 1:colcon.colcon_core.package_identification:_identify(.) by extension 'python_setup_py'
[2.702s] Level 1:colcon.colcon_core.package_identification:_identify(build) by extensions ['ignore', 'ignore_ament_install']
[2.703s] Level 1:colcon.colcon_core.package_identification:_identify(build) by extension 'ignore'
[2.703s] Level 1:colcon.colcon_core.package_identification:_identify(build) ignored
[2.704s] Level 1:colcon.colcon_core.package_identification:_identify(install) by extensions ['ignore', 'ignore_ament_install']
[2.705s] Level 1:colcon.colcon_core.package_identification:_identify(install) by extension 'ignore'
[2.705s] Level 1:colcon.colcon_core.package_identification:_identify(install) ignored
[2.707s] Level 1:colcon.colcon_core.package_identification:_identify(log) by extensions ['ignore', 'ignore_ament_install']
[2.708s] Level 1:colcon.colcon_core.package_identification:_identify(log) by extension 'ignore'
[2.708s] Level 1:colcon.colcon_core.package_identification:_identify(log) ignored
[2.709s] Level 1:colcon.colcon_core.package_identification:_identify(src) by extensions ['ignore', 'ignore_ament_install']
[2.710s] Level 1:colcon.colcon_core.package_identification:_identify(src) by extension 'ignore'
[2.710s] Level 1:colcon.colcon_core.package_identification:_identify(src) by extension 'ignore_ament_install'
[2.711s] Level 1:colcon.colcon_core.package_identification:_identify(src) by extensions ['colcon_pkg']
[2.711s] Level 1:colcon.colcon_core.package_identification:_identify(src) by extension 'colcon_pkg'
[2.711s] Level 1:colcon.colcon_core.package_identification:_identify(src) by extensions ['colcon_meta']
[2.712s] Level 1:colcon.colcon_core.package_identification:_identify(src) by extension 'colcon_meta'
[2.712s] Level 1:colcon.colcon_core.package_identification:_identify(src) by extensions ['ros']
[2.712s] Level 1:colcon.colcon_core.package_identification:_identify(src) by extension 'ros'
[2.713s] Level 1:colcon.colcon_core.package_identification:_identify(src) by extensions ['cmake', 'python']
[2.713s] Level 1:colcon.colcon_core.package_identification:_identify(src) by extension 'cmake'
[2.714s] Level 1:colcon.colcon_core.package_identification:_identify(src) by extension 'python'
[2.714s] Level 1:colcon.colcon_core.package_identification:_identify(src) by extensions ['python_setup_py']
[2.714s] Level 1:colcon.colcon_core.package_identification:_identify(src) by extension 'python_setup_py'
[2.715s] Level 1:colcon.colcon_core.package_identification:_identify(src/QOS_Example) by extensions ['ignore', 'ignore_ament_install']
[2.716s] Level 1:colcon.colcon_core.package_identification:_identify(src/QOS_Example) by extension 'ignore'
[2.716s] Level 1:colcon.colcon_core.package_identification:_identify(src/QOS_Example) by extension 'ignore_ament_install'
[2.717s] Level 1:colcon.colcon_core.package_identification:_identify(src/QOS_Example) by extensions ['colcon_pkg']
[2.717s] Level 1:colcon.colcon_core.package_identification:_identify(src/QOS_Example) by extension 'colcon_pkg'
[2.717s] Level 1:colcon.colcon_core.package_identification:_identify(src/QOS_Example) by extensions ['colcon_meta']
[2.717s] Level 1:colcon.colcon_core.package_identification:_identify(src/QOS_Example) by extension 'colcon_meta'
[2.718s] Level 1:colcon.colcon_core.package_identification:_identify(src/QOS_Example) by extensions ['ros']
[2.718s] Level 1:colcon.colcon_core.package_identification:_identify(src/QOS_Example) by extension 'ros'
[2.737s] DEBUG:colcon.colcon_core.package_identification:Package 'src/QOS_Example' with type 'ros.ament_python' and name 'QOS_Example'
[2.738s] Level 1:colcon.colcon_core.package_identification:_identify(src/interfaces) by extensions ['ignore', 'ignore_ament_install']
[2.739s] Level 1:colcon.colcon_core.package_identification:_identify(src/interfaces) by extension 'ignore'
[2.739s] Level 1:colcon.colcon_core.package_identification:_identify(src/interfaces) by extension 'ignore_ament_install'
[2.740s] Level 1:colcon.colcon_core.package_identification:_identify(src/interfaces) by extensions ['colcon_pkg']
[2.740s] Level 1:colcon.colcon_core.package_identification:_identify(src/interfaces) by extension 'colcon_pkg'
[2.740s] Level 1:colcon.colcon_core.package_identification:_identify(src/interfaces) by extensions ['colcon_meta']
[2.740s] Level 1:colcon.colcon_core.package_identification:_identify(src/interfaces) by extension 'colcon_meta'
[2.741s] Level 1:colcon.colcon_core.package_identification:_identify(src/interfaces) by extensions ['ros']
[2.741s] Level 1:colcon.colcon_core.package_identification:_identify(src/interfaces) by extension 'ros'
[2.745s] DEBUG:colcon.colcon_core.package_identification:Package 'src/interfaces' with type 'ros.ament_cmake' and name 'interfaces'
[2.746s] Level 1:colcon.colcon_core.package_identification:_identify(src/quality_of_service_demo) by extensions ['ignore', 'ignore_ament_install']
[2.747s] Level 1:colcon.colcon_core.package_identification:_identify(src/quality_of_service_demo) by extension 'ignore'
[2.747s] Level 1:colcon.colcon_core.package_identification:_identify(src/quality_of_service_demo) by extension 'ignore_ament_install'
[2.748s] Level 1:colcon.colcon_core.package_identification:_identify(src/quality_of_service_demo) by extensions ['colcon_pkg']
[2.748s] Level 1:colcon.colcon_core.package_identification:_identify(src/quality_of_service_demo) by extension 'colcon_pkg'
[2.748s] Level 1:colcon.colcon_core.package_identification:_identify(src/quality_of_service_demo) by extensions ['colcon_meta']
[2.749s] Level 1:colcon.colcon_core.package_identification:_identify(src/quality_of_service_demo) by extension 'colcon_meta'
[2.749s] Level 1:colcon.colcon_core.package_identification:_identify(src/quality_of_service_demo) by extensions ['ros']
[2.749s] Level 1:colcon.colcon_core.package_identification:_identify(src/quality_of_service_demo) by extension 'ros'
[2.756s] DEBUG:colcon.colcon_core.package_identification:Package 'src/quality_of_service_demo' with type 'ros.ament_cmake' and name 'quality_of_service_demo'
[2.757s] Level 1:colcon.colcon_core.package_identification:_identify(src/turtlesim_controller) by extensions ['ignore', 'ignore_ament_install']
[2.757s] Level 1:colcon.colcon_core.package_identification:_identify(src/turtlesim_controller) by extension 'ignore'
[2.758s] Level 1:colcon.colcon_core.package_identification:_identify(src/turtlesim_controller) by extension 'ignore_ament_install'
[2.758s] Level 1:colcon.colcon_core.package_identification:_identify(src/turtlesim_controller) by extensions ['colcon_pkg']
[2.759s] Level 1:colcon.colcon_core.package_identification:_identify(src/turtlesim_controller) by extension 'colcon_pkg'
[2.759s] Level 1:colcon.colcon_core.package_identification:_identify(src/turtlesim_controller) by extensions ['colcon_meta']
[2.759s] Level 1:colcon.colcon_core.package_identification:_identify(src/turtlesim_controller) by extension 'colcon_meta'
[2.760s] Level 1:colcon.colcon_core.package_identification:_identify(src/turtlesim_controller) by extensions ['ros']
[2.760s] Level 1:colcon.colcon_core.package_identification:_identify(src/turtlesim_controller) by extension 'ros'
[2.763s] DEBUG:colcon.colcon_core.package_identification:Package 'src/turtlesim_controller' with type 'ros.ament_python' and name 'turtlesim_controller'
[2.764s] Level 1:colcon.colcon_core.package_identification:_identify(src/yangsim) by extensions ['ignore', 'ignore_ament_install']
[2.765s] Level 1:colcon.colcon_core.package_identification:_identify(src/yangsim) by extension 'ignore'
[2.766s] Level 1:colcon.colcon_core.package_identification:_identify(src/yangsim) by extension 'ignore_ament_install'
[2.766s] Level 1:colcon.colcon_core.package_identification:_identify(src/yangsim) by extensions ['colcon_pkg']
[2.766s] Level 1:colcon.colcon_core.package_identification:_identify(src/yangsim) by extension 'colcon_pkg'
[2.767s] Level 1:colcon.colcon_core.package_identification:_identify(src/yangsim) by extensions ['colcon_meta']
[2.767s] Level 1:colcon.colcon_core.package_identification:_identify(src/yangsim) by extension 'colcon_meta'
[2.767s] Level 1:colcon.colcon_core.package_identification:_identify(src/yangsim) by extensions ['ros']
[2.768s] Level 1:colcon.colcon_core.package_identification:_identify(src/yangsim) by extension 'ros'
[2.772s] DEBUG:colcon.colcon_core.package_identification:Package 'src/yangsim' with type 'ros.ament_cmake' and name 'yangsim'
[2.773s] Level 1:colcon.colcon_core.package_identification:_identify(src/yinsim) by extensions ['ignore', 'ignore_ament_install']
[2.774s] Level 1:colcon.colcon_core.package_identification:_identify(src/yinsim) by extension 'ignore'
[2.775s] Level 1:colcon.colcon_core.package_identification:_identify(src/yinsim) by extension 'ignore_ament_install'
[2.775s] Level 1:colcon.colcon_core.package_identification:_identify(src/yinsim) by extensions ['colcon_pkg']
[2.775s] Level 1:colcon.colcon_core.package_identification:_identify(src/yinsim) by extension 'colcon_pkg'
[2.776s] Level 1:colcon.colcon_core.package_identification:_identify(src/yinsim) by extensions ['colcon_meta']
[2.776s] Level 1:colcon.colcon_core.package_identification:_identify(src/yinsim) by extension 'colcon_meta'
[2.776s] Level 1:colcon.colcon_core.package_identification:_identify(src/yinsim) by extensions ['ros']
[2.777s] Level 1:colcon.colcon_core.package_identification:_identify(src/yinsim) by extension 'ros'
[2.781s] DEBUG:colcon.colcon_core.package_identification:Package 'src/yinsim' with type 'ros.ament_python' and name 'yinsim'
[2.782s] Level 1:colcon.colcon_core.package_discovery:discover_packages(recursive) using defaults
[2.782s] Level 1:colcon.colcon_core.package_discovery:discover_packages(ignore) discover
[2.783s] Level 1:colcon.colcon_core.package_discovery:discover_packages(ignore) using defaults
[2.783s] Level 1:colcon.colcon_core.package_discovery:discover_packages(path) discover
[2.783s] Level 1:colcon.colcon_core.package_discovery:discover_packages(path) using defaults
[2.971s] INFO:colcon.colcon_core.package_selection:Skipping not selected package 'interfaces' in 'src/interfaces'
[2.972s] INFO:colcon.colcon_core.package_selection:Skipping not selected package 'quality_of_service_demo' in 'src/quality_of_service_demo'
[2.972s] INFO:colcon.colcon_core.package_selection:Skipping not selected package 'turtlesim_controller' in 'src/turtlesim_controller'
[2.972s] INFO:colcon.colcon_core.package_selection:Skipping not selected package 'yangsim' in 'src/yangsim'
[2.972s] INFO:colcon.colcon_core.package_selection:Skipping not selected package 'yinsim' in 'src/yinsim'
[2.980s] Level 5:colcon.colcon_core.verb:set package 'QOS_Example' build argument 'cmake_args' from command line to 'None'
[2.981s] Level 5:colcon.colcon_core.verb:set package 'QOS_Example' build argument 'cmake_target' from command line to 'None'
[2.981s] Level 5:colcon.colcon_core.verb:set package 'QOS_Example' build argument 'cmake_target_skip_unavailable' from command line to 'False'
[2.981s] Level 5:colcon.colcon_core.verb:set package 'QOS_Example' build argument 'cmake_clean_cache' from command line to 'False'
[2.982s] Level 5:colcon.colcon_core.verb:set package 'QOS_Example' build argument 'cmake_clean_first' from command line to 'False'
[2.982s] Level 5:colcon.colcon_core.verb:set package 'QOS_Example' build argument 'cmake_force_configure' from command line to 'False'
[2.982s] Level 5:colcon.colcon_core.verb:set package 'QOS_Example' build argument 'ament_cmake_args' from command line to 'None'
[2.982s] Level 5:colcon.colcon_core.verb:set package 'QOS_Example' build argument 'catkin_cmake_args' from command line to 'None'
[2.982s] Level 5:colcon.colcon_core.verb:set package 'QOS_Example' build argument 'catkin_skip_building_tests' from command line to 'False'
[2.983s] DEBUG:colcon.colcon_core.verb:Building package 'QOS_Example' with the following arguments: {'ament_cmake_args': None, 'build_base': '/home/soroush/robatics/Assignment2/assi2/build/QOS_Example', 'catkin_cmake_args': None, 'catkin_skip_building_tests': False, 'cmake_args': None, 'cmake_clean_cache': False, 'cmake_clean_first': False, 'cmake_force_configure': False, 'cmake_target': None, 'cmake_target_skip_unavailable': False, 'install_base': '/home/soroush/robatics/Assignment2/assi2/install/QOS_Example', 'merge_install': False, 'path': '/home/soroush/robatics/Assignment2/assi2/src/QOS_Example', 'symlink_install': False, 'test_result_base': None}
[2.988s] INFO:colcon.colcon_core.executor:Executing jobs using 'parallel' executor
[3.012s] DEBUG:colcon.colcon_parallel_executor.executor.parallel:run_until_complete
[3.014s] INFO:colcon.colcon_ros.task.ament_python.build:Building ROS package in '/home/soroush/robatics/Assignment2/assi2/src/QOS_Example' with build type 'ament_python'
[3.015s] Level 1:colcon.colcon_core.shell:create_environment_hook('QOS_Example', 'ament_prefix_path')
[3.050s] INFO:colcon.colcon_core.plugin_system:Skipping extension 'colcon_core.shell.bat': Not used on non-Windows systems
[3.052s] INFO:colcon.colcon_core.shell:Creating environment hook '/home/soroush/robatics/Assignment2/assi2/install/QOS_Example/share/QOS_Example/hook/ament_prefix_path.ps1'
[3.057s] INFO:colcon.colcon_core.shell:Creating environment descriptor '/home/soroush/robatics/Assignment2/assi2/install/QOS_Example/share/QOS_Example/hook/ament_prefix_path.dsv'
[3.060s] INFO:colcon.colcon_core.shell:Creating environment hook '/home/soroush/robatics/Assignment2/assi2/install/QOS_Example/share/QOS_Example/hook/ament_prefix_path.sh'
[3.075s] INFO:colcon.colcon_core.shell:Skip shell extension 'powershell' for command environment: Not usable outside of PowerShell
[3.075s] DEBUG:colcon.colcon_core.shell:Skip shell extension 'dsv' for command environment
[4.633s] DEBUG:colcon.colcon_parallel_executor.executor.parallel:closing loop
[4.634s] DEBUG:colcon.colcon_parallel_executor.executor.parallel:loop closed
[4.635s] DEBUG:colcon.colcon_parallel_executor.executor.parallel:run_until_complete finished with 'Command '['/usr/bin/python3', '-c', "import sys;from setuptools.extern.packaging.specifiers import SpecifierSet;from distutils.core import run_setup;dist = run_setup(    'setup.py', script_args=('--dry-run',), stop_after='config');skip_keys = ('cmdclass', 'distclass', 'ext_modules', 'metadata');data = {    key: value for key, value in dist.__dict__.items()     if (        not key.startswith('_') and         not callable(value) and         key not in skip_keys and         key not in dist.display_option_names    )};data['metadata'] = {    k: v for k, v in dist.metadata.__dict__.items()     if k not in ('license_files', 'provides_extras')};sys.stdout.buffer.write(repr(data).encode('utf-8'))"]' returned non-zero exit status 1.'
[4.635s] DEBUG:colcon.colcon_core.event_reactor:joining thread
[4.681s] INFO:colcon.colcon_core.plugin_system:Skipping extension 'colcon_notification.desktop_notification.notify_send': Could not find 'notify-send'
[4.682s] INFO:colcon.colcon_core.plugin_system:Skipping extension 'colcon_notification.desktop_notification.terminal_notifier': Not used on non-Darwin systems
[4.683s] INFO:colcon.colcon_core.plugin_system:Skipping extension 'colcon_notification.desktop_notification.win32': Not used on non-Windows systems
[4.683s] INFO:colcon.colcon_notification.desktop_notification:Sending desktop notification using 'notify2'
[4.760s] DEBUG:colcon.colcon_core.event_reactor:joined thread
[4.779s] INFO:colcon.colcon_core.shell:Creating prefix script '/home/soroush/robatics/Assignment2/assi2/install/local_setup.ps1'
[4.790s] INFO:colcon.colcon_core.shell:Creating prefix util module '/home/soroush/robatics/Assignment2/assi2/install/_local_setup_util_ps1.py'
[4.808s] INFO:colcon.colcon_core.shell:Creating prefix chain script '/home/soroush/robatics/Assignment2/assi2/install/setup.ps1'
[4.824s] INFO:colcon.colcon_core.shell:Creating prefix script '/home/soroush/robatics/Assignment2/assi2/install/local_setup.sh'
[4.831s] INFO:colcon.colcon_core.shell:Creating prefix util module '/home/soroush/robatics/Assignment2/assi2/install/_local_setup_util_sh.py'
[4.837s] INFO:colcon.colcon_core.shell:Creating prefix chain script '/home/soroush/robatics/Assignment2/assi2/install/setup.sh'
[4.854s] INFO:colcon.colcon_core.shell:Creating prefix script '/home/soroush/robatics/Assignment2/assi2/install/local_setup.bash'
[4.860s] INFO:colcon.colcon_core.shell:Creating prefix chain script '/home/soroush/robatics/Assignment2/assi2/install/setup.bash'
[4.872s] INFO:colcon.colcon_core.shell:Creating prefix script '/home/soroush/robatics/Assignment2/assi2/install/local_setup.zsh'
[4.875s] INFO:colcon.colcon_core.shell:Creating prefix chain script '/home/soroush/robatics/Assignment2/assi2/install/setup.zsh'
