[0.967s] Invoking command in '/home/soroush/robatics/Assignment2/assi2/build/ros_gz_interfaces': CMAKE_PREFIX_PATH=${CMAKE_PREFIX_PATH}:/home/soroush/robatics/Assignment2/assi2/install/yinsim:/home/soroush/robatics/Assignment2/assi2/install/py_srvcli:/home/soroush/robatics/Assignment2/assi2/install/peresenr_one:/home/soroush/robatics/Assignment2/assi2/install/modelgazebo:/home/soroush/robatics/ProjectWS/install/rgb_controller:/home/soroush/robatics/Assignment2/assi2/src/install/turtlemania:/home/soroush/robatics/Assignment2/assi2/src/install/modelgazebo:/home/soroush/robatics/Assignment2/assi2/src/install/lab7:/opt/ros/humble:/home/soroush/ws_moveit2/install/moveit_configs_utils:/home/soroush/ws_moveit2/install/launch_param_builder /usr/bin/cmake /home/soroush/robatics/Assignment2/assi2/src/ros_gz/ros_gz_interfaces -DCMAKE_INSTALL_PREFIX=/home/soroush/robatics/Assignment2/assi2/install/ros_gz_interfaces
[10.252s] -- Found ament_cmake: 1.3.3 (/opt/ros/humble/share/ament_cmake/cmake)
[10.253s] -- Override CMake install command with custom implementation using symlinks instead of copying resources
[10.253s] -- Found builtin_interfaces: 1.2.1 (/opt/ros/humble/share/builtin_interfaces/cmake)
[10.254s] -- Found rosidl_generator_c: 3.1.4 (/opt/ros/humble/share/rosidl_generator_c/cmake)
[10.254s] -- Found rosidl_adapter: 3.1.4 (/opt/ros/humble/share/rosidl_adapter/cmake)
[10.255s] -- Found rosidl_generator_cpp: 3.1.4 (/opt/ros/humble/share/rosidl_generator_cpp/cmake)
[10.255s] -- Using all available rosidl_typesupport_c: rosidl_typesupport_fastrtps_c;rosidl_typesupport_introspection_c
[10.256s] -- Using all available rosidl_typesupport_cpp: rosidl_typesupport_fastrtps_cpp;rosidl_typesupport_introspection_cpp
[10.256s] -- Found rcl_interfaces: 1.2.1 (/opt/ros/humble/share/rcl_interfaces/cmake)
[10.257s] -- Found std_msgs: 4.2.3 (/opt/ros/humble/share/std_msgs/cmake)
[10.258s] -- Found geometry_msgs: 4.2.3 (/opt/ros/humble/share/geometry_msgs/cmake)
[10.258s] -- Found rosidl_default_generators: 1.2.0 (/opt/ros/humble/share/rosidl_default_generators/cmake)
[10.928s] -- Found ament_cmake_cppcheck: 0.12.5 (/opt/ros/humble/share/ament_cmake_cppcheck/cmake)
[10.936s] -- Found ament_cmake_cpplint: 0.12.5 (/opt/ros/humble/share/ament_cmake_cpplint/cmake)
[10.945s] -- Found ament_cmake_uncrustify: 0.12.5 (/opt/ros/humble/share/ament_cmake_uncrustify/cmake)
[10.956s] -- Found ament_cmake_ros: 0.10.0 (/opt/ros/humble/share/ament_cmake_ros/cmake)
[14.940s] -- Using all available rosidl_typesupport_c: rosidl_typesupport_fastrtps_c;rosidl_typesupport_introspection_c
[16.411s] -- Using all available rosidl_typesupport_cpp: rosidl_typesupport_fastrtps_cpp;rosidl_typesupport_introspection_cpp
[16.610s] -- Found python_cmake_module: 0.10.0 (/opt/ros/humble/share/python_cmake_module/cmake)
[16.789s] -- Using PYTHON_EXECUTABLE: /usr/bin/python3
[16.789s] -- Using PYTHON_INCLUDE_DIRS: /usr/include/python3.10
[16.790s] -- Using PYTHON_LIBRARIES: /usr/lib/x86_64-linux-gnu/libpython3.10.so
[17.462s] -- Found ament_cmake_flake8: 0.12.5 (/opt/ros/humble/share/ament_cmake_flake8/cmake)
[17.467s] -- Found ament_cmake_pep257: 0.12.5 (/opt/ros/humble/share/ament_cmake_pep257/cmake)
[17.569s] -- Configuring done
[18.081s] -- Generating done
[18.102s] -- Build files have been written to: /home/soroush/robatics/Assignment2/assi2/build/ros_gz_interfaces
