[0.026s] Invoking command in '/home/soroush/robatics/Assignment2/assi2/build/yangsim': CMAKE_PREFIX_PATH=${CMAKE_PREFIX_PATH}:/home/soroush/robatics/Assignment2/assi2/install/yinsim:/home/soroush/robatics/Assignment2/assi2/install/py_srvcli:/opt/ros/humble /usr/bin/cmake /home/soroush/robatics/Assignment2/assi2/src/yangsim -DCMAKE_INSTALL_PREFIX=/home/soroush/robatics/Assignment2/assi2/install/yangsim
[0.051s] -- Found ament_cmake: 1.3.3 (/opt/ros/humble/share/ament_cmake/cmake)
[0.331s] -- Found rclcpp: 16.0.3 (/opt/ros/humble/share/rclcpp/cmake)
[0.398s] -- Found rosidl_generator_c: 3.1.4 (/opt/ros/humble/share/rosidl_generator_c/cmake)
[0.403s] -- Found rosidl_adapter: 3.1.4 (/opt/ros/humble/share/rosidl_adapter/cmake)
[0.416s] -- Found rosidl_generator_cpp: 3.1.4 (/opt/ros/humble/share/rosidl_generator_cpp/cmake)
[0.439s] -- Using all available rosidl_typesupport_c: rosidl_typesupport_fastrtps_c;rosidl_typesupport_introspection_c
[0.471s] -- Using all available rosidl_typesupport_cpp: rosidl_typesupport_fastrtps_cpp;rosidl_typesupport_introspection_cpp
[0.596s] -- Found rmw_implementation_cmake: 6.1.1 (/opt/ros/humble/share/rmw_implementation_cmake/cmake)
[0.599s] -- Found rmw_fastrtps_cpp: 6.2.2 (/opt/ros/humble/share/rmw_fastrtps_cpp/cmake)
[0.878s] -- Using RMW implementation 'rmw_fastrtps_cpp' as default
[1.217s] -- Found interfaces: 0.0.0 (/home/soroush/robatics/Assignment2/assi2/install/interfaces/share/interfaces/cmake)
[1.252s] -- Found ament_lint_auto: 0.12.5 (/opt/ros/humble/share/ament_lint_auto/cmake)
[1.403s] [31mCMake Error at CMakeLists.txt:28 (install):
[1.403s]   Syntax error in cmake code at
[1.403s] 
[1.403s]     /home/soroush/robatics/Assignment2/assi2/src/yangsim/CMakeLists.txt:31
[1.403s] 
[1.403s]   when parsing string
[1.404s] 
[1.404s]     lib/${PROJECT_NAME
[1.404s] 
[1.404s]   There is an unterminated variable reference.
[1.404s] 
[1.404s] [0m
[1.404s] -- Configuring incomplete, errors occurred!
[1.404s] See also "/home/soroush/robatics/Assignment2/assi2/build/yangsim/CMakeFiles/CMakeOutput.log".
[1.414s] Invoked command in '/home/soroush/robatics/Assignment2/assi2/build/yangsim' returned '1': CMAKE_PREFIX_PATH=${CMAKE_PREFIX_PATH}:/home/soroush/robatics/Assignment2/assi2/install/yinsim:/home/soroush/robatics/Assignment2/assi2/install/py_srvcli:/opt/ros/humble /usr/bin/cmake /home/soroush/robatics/Assignment2/assi2/src/yangsim -DCMAKE_INSTALL_PREFIX=/home/soroush/robatics/Assignment2/assi2/install/yangsim
