[0.017s] Invoking command in '/home/soroush/robatics/Assignment2/assi2/build/interfaces': CMAKE_PREFIX_PATH=/opt/ros/humble /usr/bin/cmake --build /home/soroush/robatics/Assignment2/assi2/build/interfaces -- -j8 -l8
[0.040s] -- Found ament_cmake: 1.3.3 (/opt/ros/humble/share/ament_cmake/cmake)
[0.178s] -- Found rosidl_default_generators: 1.2.0 (/opt/ros/humble/share/rosidl_default_generators/cmake)
[0.180s] -- Using all available rosidl_typesupport_c: rosidl_typesupport_fastrtps_c;rosidl_typesupport_introspection_c
[0.183s] -- Found rosidl_adapter: 3.1.4 (/opt/ros/humble/share/rosidl_adapter/cmake)
[0.215s] -- Using all available rosidl_typesupport_cpp: rosidl_typesupport_fastrtps_cpp;rosidl_typesupport_introspection_cpp
[0.477s] -- Found ament_cmake_ros: 0.10.0 (/opt/ros/humble/share/ament_cmake_ros/cmake)
[0.646s] -- Using all available rosidl_typesupport_c: rosidl_typesupport_fastrtps_c;rosidl_typesupport_introspection_c
[0.862s] -- Using all available rosidl_typesupport_cpp: rosidl_typesupport_fastrtps_cpp;rosidl_typesupport_introspection_cpp
[0.883s] -- Found python_cmake_module: 0.10.0 (/opt/ros/humble/share/python_cmake_module/cmake)
[0.904s] -- Using PYTHON_EXECUTABLE: /usr/bin/python3
[0.904s] -- Using PYTHON_INCLUDE_DIRS: /usr/include/python3.10
[0.904s] -- Using PYTHON_LIBRARIES: /usr/lib/x86_64-linux-gnu/libpython3.10.so
[0.914s] -- Found ament_lint_auto: 0.12.5 (/opt/ros/humble/share/ament_lint_auto/cmake)
[0.924s] -- Added test 'lint_cmake' to check CMake code style
[0.925s] -- Added test 'xmllint' to check XML markup files
[0.927s] -- Configuring done
[0.959s] -- Generating done
[0.961s] -- Build files have been written to: /home/soroush/robatics/Assignment2/assi2/build/interfaces
[0.982s] [  2%] [34m[1mGenerating C code for ROS interfaces[0m
[0.991s] [  5%] [34m[1mGenerating C++ code for ROS interfaces[0m
[1.001s] [  5%] Built target ament_cmake_python_copy_interfaces
[1.266s] running egg_info
[1.267s] writing interfaces.egg-info/PKG-INFO
[1.267s] writing dependency_links to interfaces.egg-info/dependency_links.txt
[1.267s] writing top-level names to interfaces.egg-info/top_level.txt
[1.269s] reading manifest file 'interfaces.egg-info/SOURCES.txt'
[1.270s] writing manifest file 'interfaces.egg-info/SOURCES.txt'
[1.297s] [  5%] Built target ament_cmake_python_build_interfaces_egg
[1.322s] [  5%] Built target interfaces__cpp
[1.334s] [  7%] [34m[1mGenerating C++ type support for eProsima Fast-RTPS[0m
[1.334s] [ 10%] [34m[1mGenerating C++ type support dispatch for ROS interfaces[0m
[1.335s] [ 12%] [34m[1mGenerating C++ introspection for ROS interfaces[0m
[1.352s] [ 15%] [32mBuilding C object CMakeFiles/interfaces__rosidl_generator_c.dir/rosidl_generator_c/interfaces/msg/detail/first_msg_message__functions.c.o[0m
[1.355s] [ 17%] [32mBuilding C object CMakeFiles/interfaces__rosidl_generator_c.dir/rosidl_generator_c/interfaces/srv/detail/first_srevice_message__functions.c.o[0m
[1.449s] [ 20%] [32m[1mLinking C shared library libinterfaces__rosidl_generator_c.so[0m
[1.490s] [ 20%] Built target interfaces__rosidl_generator_c
[1.502s] [ 23%] [34m[1mGenerating C type support dispatch for ROS interfaces[0m
[1.504s] [ 25%] [34m[1mGenerating C type support for eProsima Fast-RTPS[0m
[1.505s] [ 28%] [34m[1mGenerating C introspection for ROS interfaces[0m
[1.706s] [ 30%] [32mBuilding CXX object CMakeFiles/interfaces__rosidl_typesupport_fastrtps_cpp.dir/rosidl_typesupport_fastrtps_cpp/interfaces/msg/detail/dds_fastrtps/first_msg_message__type_support.cpp.o[0m
[1.706s] [ 33%] [32mBuilding CXX object CMakeFiles/interfaces__rosidl_typesupport_fastrtps_cpp.dir/rosidl_typesupport_fastrtps_cpp/interfaces/srv/detail/dds_fastrtps/first_srevice_message__type_support.cpp.o[0m
[1.715s] [ 35%] [32mBuilding CXX object CMakeFiles/interfaces__rosidl_typesupport_introspection_cpp.dir/rosidl_typesupport_introspection_cpp/interfaces/msg/detail/first_msg_message__type_support.cpp.o[0m
[1.716s] [ 38%] [32mBuilding CXX object CMakeFiles/interfaces__rosidl_typesupport_introspection_cpp.dir/rosidl_typesupport_introspection_cpp/interfaces/srv/detail/first_srevice_message__type_support.cpp.o[0m
[1.754s] [ 41%] [32mBuilding CXX object CMakeFiles/interfaces__rosidl_typesupport_cpp.dir/rosidl_typesupport_cpp/interfaces/msg/first_msg_message__type_support.cpp.o[0m
[2.017s] [ 43%] [32mBuilding CXX object CMakeFiles/interfaces__rosidl_typesupport_c.dir/rosidl_typesupport_c/interfaces/msg/first_msg_message__type_support.cpp.o[0m
[2.070s] [ 46%] [32mBuilding CXX object CMakeFiles/interfaces__rosidl_typesupport_c.dir/rosidl_typesupport_c/interfaces/srv/first_srevice_message__type_support.cpp.o[0m
[2.128s] [ 48%] [32m[1mLinking CXX shared library libinterfaces__rosidl_typesupport_c.so[0m
[2.157s] [ 51%] [32mBuilding C object CMakeFiles/interfaces__rosidl_typesupport_introspection_c.dir/rosidl_typesupport_introspection_c/interfaces/msg/detail/first_msg_message__type_support.c.o[0m
[2.170s] [ 53%] [32mBuilding CXX object CMakeFiles/interfaces__rosidl_typesupport_fastrtps_c.dir/rosidl_typesupport_fastrtps_c/interfaces/msg/detail/first_msg_message__type_support_c.cpp.o[0m
[2.196s] [ 53%] Built target interfaces__rosidl_typesupport_c
[2.210s] [ 56%] [32mBuilding CXX object CMakeFiles/interfaces__rosidl_typesupport_fastrtps_c.dir/rosidl_typesupport_fastrtps_c/interfaces/srv/detail/first_srevice_message__type_support_c.cpp.o[0m
[2.235s] [ 58%] [32mBuilding C object CMakeFiles/interfaces__rosidl_typesupport_introspection_c.dir/rosidl_typesupport_introspection_c/interfaces/srv/detail/first_srevice_message__type_support.c.o[0m
[2.286s] [ 61%] [32mBuilding CXX object CMakeFiles/interfaces__rosidl_typesupport_cpp.dir/rosidl_typesupport_cpp/interfaces/srv/first_srevice_message__type_support.cpp.o[0m
[2.297s] [ 64%] [32m[1mLinking C shared library libinterfaces__rosidl_typesupport_introspection_c.so[0m
[2.349s] [ 64%] Built target interfaces__rosidl_typesupport_introspection_c
[2.484s] [ 66%] [32m[1mLinking CXX shared library libinterfaces__rosidl_typesupport_introspection_cpp.so[0m
[2.510s] [ 69%] [32m[1mLinking CXX shared library libinterfaces__rosidl_typesupport_fastrtps_cpp.so[0m
[2.568s] [ 69%] Built target interfaces__rosidl_typesupport_introspection_cpp
[2.605s] [ 69%] Built target interfaces__rosidl_typesupport_fastrtps_cpp
[2.667s] [ 71%] [32m[1mLinking CXX shared library libinterfaces__rosidl_typesupport_cpp.so[0m
[2.709s] [ 71%] Built target interfaces__rosidl_typesupport_cpp
[2.774s] [ 74%] [32m[1mLinking CXX shared library libinterfaces__rosidl_typesupport_fastrtps_c.so[0m
[2.847s] [ 74%] Built target interfaces__rosidl_typesupport_fastrtps_c
[2.868s] [ 74%] Built target interfaces
[2.888s] [ 76%] [34m[1mGenerating Python code for ROS interfaces[0m
[3.269s] [ 76%] Built target interfaces__py
[3.287s] [ 79%] [32mBuilding C object CMakeFiles/interfaces__rosidl_generator_py.dir/rosidl_generator_py/interfaces/msg/_first_msg_message_s.c.o[0m
[3.287s] [ 82%] [32mBuilding C object CMakeFiles/interfaces__rosidl_generator_py.dir/rosidl_generator_py/interfaces/srv/_first_srevice_message_s.c.o[0m
[3.387s] [ 84%] [32m[1mLinking C shared library rosidl_generator_py/interfaces/libinterfaces__rosidl_generator_py.so[0m
[3.422s] [ 84%] Built target interfaces__rosidl_generator_py
[3.431s] [35m[1mConsolidate compiler generated dependencies of target interfaces__rosidl_typesupport_fastrtps_c__pyext[0m
[3.432s] [35m[1mConsolidate compiler generated dependencies of target interfaces__rosidl_typesupport_introspection_c__pyext[0m
[3.432s] [35m[1mConsolidate compiler generated dependencies of target interfaces__rosidl_typesupport_c__pyext[0m
[3.445s] [ 89%] [32mBuilding C object CMakeFiles/interfaces__rosidl_typesupport_c__pyext.dir/rosidl_generator_py/interfaces/_interfaces_s.ep.rosidl_typesupport_c.c.o[0m
[3.445s] [ 89%] [32mBuilding C object CMakeFiles/interfaces__rosidl_typesupport_fastrtps_c__pyext.dir/rosidl_generator_py/interfaces/_interfaces_s.ep.rosidl_typesupport_fastrtps_c.c.o[0m
[3.445s] [ 92%] [32mBuilding C object CMakeFiles/interfaces__rosidl_typesupport_introspection_c__pyext.dir/rosidl_generator_py/interfaces/_interfaces_s.ep.rosidl_typesupport_introspection_c.c.o[0m
[3.550s] [ 94%] [32m[1mLinking C shared library rosidl_generator_py/interfaces/interfaces_s__rosidl_typesupport_c.cpython-310-x86_64-linux-gnu.so[0m
[3.551s] [ 97%] [32m[1mLinking C shared library rosidl_generator_py/interfaces/interfaces_s__rosidl_typesupport_introspection_c.cpython-310-x86_64-linux-gnu.so[0m
[3.558s] [100%] [32m[1mLinking C shared library rosidl_generator_py/interfaces/interfaces_s__rosidl_typesupport_fastrtps_c.cpython-310-x86_64-linux-gnu.so[0m
[3.584s] [100%] Built target interfaces__rosidl_typesupport_c__pyext
[3.584s] [100%] Built target interfaces__rosidl_typesupport_introspection_c__pyext
[3.593s] [100%] Built target interfaces__rosidl_typesupport_fastrtps_c__pyext
[3.603s] Invoked command in '/home/soroush/robatics/Assignment2/assi2/build/interfaces' returned '0': CMAKE_PREFIX_PATH=/opt/ros/humble /usr/bin/cmake --build /home/soroush/robatics/Assignment2/assi2/build/interfaces -- -j8 -l8
[3.689s] Invoking command in '/home/soroush/robatics/Assignment2/assi2/build/interfaces': CMAKE_PREFIX_PATH=/opt/ros/humble /usr/bin/cmake --install /home/soroush/robatics/Assignment2/assi2/build/interfaces
[3.696s] -- Install configuration: ""
[3.696s] -- Installing: /home/soroush/robatics/Assignment2/assi2/install/interfaces/share/ament_index/resource_index/rosidl_interfaces/interfaces
[3.696s] -- Up-to-date: /home/soroush/robatics/Assignment2/assi2/install/interfaces/include/interfaces/interfaces
[3.696s] -- Up-to-date: /home/soroush/robatics/Assignment2/assi2/install/interfaces/include/interfaces/interfaces/msg
[3.697s] -- Up-to-date: /home/soroush/robatics/Assignment2/assi2/install/interfaces/include/interfaces/interfaces/msg/rosidl_generator_c__visibility_control.h
[3.697s] -- Up-to-date: /home/soroush/robatics/Assignment2/assi2/install/interfaces/include/interfaces/interfaces/msg/conversation.h
[3.697s] -- Installing: /home/soroush/robatics/Assignment2/assi2/install/interfaces/include/interfaces/interfaces/msg/first_msg_message.h
[3.697s] -- Up-to-date: /home/soroush/robatics/Assignment2/assi2/install/interfaces/include/interfaces/interfaces/msg/detail
[3.697s] -- Installing: /home/soroush/robatics/Assignment2/assi2/install/interfaces/include/interfaces/interfaces/msg/detail/first_msg_message__functions.c
[3.697s] -- Installing: /home/soroush/robatics/Assignment2/assi2/install/interfaces/include/interfaces/interfaces/msg/detail/first_msg_message__functions.h
[3.697s] -- Up-to-date: /home/soroush/robatics/Assignment2/assi2/install/interfaces/include/interfaces/interfaces/msg/detail/conversation__functions.h
[3.697s] -- Installing: /home/soroush/robatics/Assignment2/assi2/install/interfaces/include/interfaces/interfaces/msg/detail/first_msg_message__type_support.h
[3.697s] -- Up-to-date: /home/soroush/robatics/Assignment2/assi2/install/interfaces/include/interfaces/interfaces/msg/detail/conversation__type_support.h
[3.697s] -- Up-to-date: /home/soroush/robatics/Assignment2/assi2/install/interfaces/include/interfaces/interfaces/msg/detail/conversation__functions.c
[3.697s] -- Installing: /home/soroush/robatics/Assignment2/assi2/install/interfaces/include/interfaces/interfaces/msg/detail/first_msg_message__struct.h
[3.698s] -- Up-to-date: /home/soroush/robatics/Assignment2/assi2/install/interfaces/include/interfaces/interfaces/msg/detail/conversation__struct.h
[3.698s] -- Up-to-date: /home/soroush/robatics/Assignment2/assi2/install/interfaces/include/interfaces/interfaces/srv
[3.698s] -- Up-to-date: /home/soroush/robatics/Assignment2/assi2/install/interfaces/include/interfaces/interfaces/srv/send_message_in_convo.h
[3.698s] -- Installing: /home/soroush/robatics/Assignment2/assi2/install/interfaces/include/interfaces/interfaces/srv/first_srevice_message.h
[3.698s] -- Up-to-date: /home/soroush/robatics/Assignment2/assi2/install/interfaces/include/interfaces/interfaces/srv/detail
[3.698s] -- Installing: /home/soroush/robatics/Assignment2/assi2/install/interfaces/include/interfaces/interfaces/srv/detail/first_srevice_message__functions.c
[3.698s] -- Up-to-date: /home/soroush/robatics/Assignment2/assi2/install/interfaces/include/interfaces/interfaces/srv/detail/send_message_in_convo__struct.h
[3.698s] -- Up-to-date: /home/soroush/robatics/Assignment2/assi2/install/interfaces/include/interfaces/interfaces/srv/detail/send_message_in_convo__functions.h
[3.698s] -- Up-to-date: /home/soroush/robatics/Assignment2/assi2/install/interfaces/include/interfaces/interfaces/srv/detail/send_message_in_convo__type_support.h
[3.698s] -- Up-to-date: /home/soroush/robatics/Assignment2/assi2/install/interfaces/include/interfaces/interfaces/srv/detail/send_message_in_convo__functions.c
[3.698s] -- Installing: /home/soroush/robatics/Assignment2/assi2/install/interfaces/include/interfaces/interfaces/srv/detail/first_srevice_message__functions.h
[3.698s] -- Installing: /home/soroush/robatics/Assignment2/assi2/install/interfaces/include/interfaces/interfaces/srv/detail/first_srevice_message__struct.h
[3.699s] -- Installing: /home/soroush/robatics/Assignment2/assi2/install/interfaces/include/interfaces/interfaces/srv/detail/first_srevice_message__type_support.h
[3.699s] -- Up-to-date: /home/soroush/robatics/Assignment2/assi2/install/interfaces/share/interfaces/environment/library_path.sh
[3.699s] -- Installing: /home/soroush/robatics/Assignment2/assi2/install/interfaces/share/interfaces/environment/library_path.dsv
[3.699s] -- Installing: /home/soroush/robatics/Assignment2/assi2/install/interfaces/lib/libinterfaces__rosidl_generator_c.so
[3.699s] -- Set runtime path of "/home/soroush/robatics/Assignment2/assi2/install/interfaces/lib/libinterfaces__rosidl_generator_c.so" to ""
[3.700s] -- Up-to-date: /home/soroush/robatics/Assignment2/assi2/install/interfaces/include/interfaces/interfaces
[3.700s] -- Up-to-date: /home/soroush/robatics/Assignment2/assi2/install/interfaces/include/interfaces/interfaces/msg
[3.700s] -- Up-to-date: /home/soroush/robatics/Assignment2/assi2/install/interfaces/include/interfaces/interfaces/msg/detail
[3.700s] -- Up-to-date: /home/soroush/robatics/Assignment2/assi2/install/interfaces/include/interfaces/interfaces/msg/detail/conversation__rosidl_typesupport_fastrtps_c.h
[3.700s] -- Installing: /home/soroush/robatics/Assignment2/assi2/install/interfaces/include/interfaces/interfaces/msg/detail/first_msg_message__rosidl_typesupport_fastrtps_c.h
[3.700s] -- Up-to-date: /home/soroush/robatics/Assignment2/assi2/install/interfaces/include/interfaces/interfaces/msg/rosidl_typesupport_fastrtps_c__visibility_control.h
[3.700s] -- Up-to-date: /home/soroush/robatics/Assignment2/assi2/install/interfaces/include/interfaces/interfaces/srv
[3.700s] -- Up-to-date: /home/soroush/robatics/Assignment2/assi2/install/interfaces/include/interfaces/interfaces/srv/detail
[3.700s] -- Installing: /home/soroush/robatics/Assignment2/assi2/install/interfaces/include/interfaces/interfaces/srv/detail/first_srevice_message__rosidl_typesupport_fastrtps_c.h
[3.700s] -- Up-to-date: /home/soroush/robatics/Assignment2/assi2/install/interfaces/include/interfaces/interfaces/srv/detail/send_message_in_convo__rosidl_typesupport_fastrtps_c.h
[3.700s] -- Installing: /home/soroush/robatics/Assignment2/assi2/install/interfaces/lib/libinterfaces__rosidl_typesupport_fastrtps_c.so
[3.701s] -- Set runtime path of "/home/soroush/robatics/Assignment2/assi2/install/interfaces/lib/libinterfaces__rosidl_typesupport_fastrtps_c.so" to ""
[3.701s] -- Up-to-date: /home/soroush/robatics/Assignment2/assi2/install/interfaces/include/interfaces/interfaces
[3.701s] -- Up-to-date: /home/soroush/robatics/Assignment2/assi2/install/interfaces/include/interfaces/interfaces/msg
[3.701s] -- Up-to-date: /home/soroush/robatics/Assignment2/assi2/install/interfaces/include/interfaces/interfaces/msg/rosidl_typesupport_introspection_c__visibility_control.h
[3.701s] -- Up-to-date: /home/soroush/robatics/Assignment2/assi2/install/interfaces/include/interfaces/interfaces/msg/detail
[3.701s] -- Installing: /home/soroush/robatics/Assignment2/assi2/install/interfaces/include/interfaces/interfaces/msg/detail/first_msg_message__type_support.c
[3.702s] -- Up-to-date: /home/soroush/robatics/Assignment2/assi2/install/interfaces/include/interfaces/interfaces/msg/detail/conversation__rosidl_typesupport_introspection_c.h
[3.702s] -- Up-to-date: /home/soroush/robatics/Assignment2/assi2/install/interfaces/include/interfaces/interfaces/msg/detail/conversation__type_support.c
[3.702s] -- Installing: /home/soroush/robatics/Assignment2/assi2/install/interfaces/include/interfaces/interfaces/msg/detail/first_msg_message__rosidl_typesupport_introspection_c.h
[3.702s] -- Up-to-date: /home/soroush/robatics/Assignment2/assi2/install/interfaces/include/interfaces/interfaces/srv
[3.702s] -- Up-to-date: /home/soroush/robatics/Assignment2/assi2/install/interfaces/include/interfaces/interfaces/srv/detail
[3.702s] -- Installing: /home/soroush/robatics/Assignment2/assi2/install/interfaces/include/interfaces/interfaces/srv/detail/first_srevice_message__type_support.c
[3.702s] -- Installing: /home/soroush/robatics/Assignment2/assi2/install/interfaces/include/interfaces/interfaces/srv/detail/first_srevice_message__rosidl_typesupport_introspection_c.h
[3.702s] -- Up-to-date: /home/soroush/robatics/Assignment2/assi2/install/interfaces/include/interfaces/interfaces/srv/detail/send_message_in_convo__type_support.c
[3.702s] -- Up-to-date: /home/soroush/robatics/Assignment2/assi2/install/interfaces/include/interfaces/interfaces/srv/detail/send_message_in_convo__rosidl_typesupport_introspection_c.h
[3.702s] -- Installing: /home/soroush/robatics/Assignment2/assi2/install/interfaces/lib/libinterfaces__rosidl_typesupport_introspection_c.so
[3.703s] -- Set runtime path of "/home/soroush/robatics/Assignment2/assi2/install/interfaces/lib/libinterfaces__rosidl_typesupport_introspection_c.so" to ""
[3.703s] -- Installing: /home/soroush/robatics/Assignment2/assi2/install/interfaces/lib/libinterfaces__rosidl_typesupport_c.so
[3.704s] -- Set runtime path of "/home/soroush/robatics/Assignment2/assi2/install/interfaces/lib/libinterfaces__rosidl_typesupport_c.so" to ""
[3.704s] -- Up-to-date: /home/soroush/robatics/Assignment2/assi2/install/interfaces/include/interfaces/interfaces
[3.704s] -- Up-to-date: /home/soroush/robatics/Assignment2/assi2/install/interfaces/include/interfaces/interfaces/msg
[3.704s] -- Up-to-date: /home/soroush/robatics/Assignment2/assi2/install/interfaces/include/interfaces/interfaces/msg/conversation.hpp
[3.704s] -- Up-to-date: /home/soroush/robatics/Assignment2/assi2/install/interfaces/include/interfaces/interfaces/msg/detail
[3.704s] -- Up-to-date: /home/soroush/robatics/Assignment2/assi2/install/interfaces/include/interfaces/interfaces/msg/detail/conversation__struct.hpp
[3.704s] -- Installing: /home/soroush/robatics/Assignment2/assi2/install/interfaces/include/interfaces/interfaces/msg/detail/first_msg_message__traits.hpp
[3.704s] -- Installing: /home/soroush/robatics/Assignment2/assi2/install/interfaces/include/interfaces/interfaces/msg/detail/first_msg_message__struct.hpp
[3.704s] -- Installing: /home/soroush/robatics/Assignment2/assi2/install/interfaces/include/interfaces/interfaces/msg/detail/first_msg_message__builder.hpp
[3.704s] -- Up-to-date: /home/soroush/robatics/Assignment2/assi2/install/interfaces/include/interfaces/interfaces/msg/detail/conversation__builder.hpp
[3.705s] -- Up-to-date: /home/soroush/robatics/Assignment2/assi2/install/interfaces/include/interfaces/interfaces/msg/detail/conversation__traits.hpp
[3.705s] -- Installing: /home/soroush/robatics/Assignment2/assi2/install/interfaces/include/interfaces/interfaces/msg/first_msg_message.hpp
[3.705s] -- Up-to-date: /home/soroush/robatics/Assignment2/assi2/install/interfaces/include/interfaces/interfaces/srv
[3.705s] -- Up-to-date: /home/soroush/robatics/Assignment2/assi2/install/interfaces/include/interfaces/interfaces/srv/send_message_in_convo.hpp
[3.705s] -- Installing: /home/soroush/robatics/Assignment2/assi2/install/interfaces/include/interfaces/interfaces/srv/first_srevice_message.hpp
[3.705s] -- Up-to-date: /home/soroush/robatics/Assignment2/assi2/install/interfaces/include/interfaces/interfaces/srv/detail
[3.705s] -- Up-to-date: /home/soroush/robatics/Assignment2/assi2/install/interfaces/include/interfaces/interfaces/srv/detail/send_message_in_convo__traits.hpp
[3.705s] -- Up-to-date: /home/soroush/robatics/Assignment2/assi2/install/interfaces/include/interfaces/interfaces/srv/detail/send_message_in_convo__builder.hpp
[3.705s] -- Up-to-date: /home/soroush/robatics/Assignment2/assi2/install/interfaces/include/interfaces/interfaces/srv/detail/send_message_in_convo__struct.hpp
[3.705s] -- Installing: /home/soroush/robatics/Assignment2/assi2/install/interfaces/include/interfaces/interfaces/srv/detail/first_srevice_message__struct.hpp
[3.706s] -- Installing: /home/soroush/robatics/Assignment2/assi2/install/interfaces/include/interfaces/interfaces/srv/detail/first_srevice_message__traits.hpp
[3.706s] -- Installing: /home/soroush/robatics/Assignment2/assi2/install/interfaces/include/interfaces/interfaces/srv/detail/first_srevice_message__builder.hpp
[3.706s] -- Up-to-date: /home/soroush/robatics/Assignment2/assi2/install/interfaces/include/interfaces/interfaces
[3.706s] -- Up-to-date: /home/soroush/robatics/Assignment2/assi2/install/interfaces/include/interfaces/interfaces/msg
[3.706s] -- Up-to-date: /home/soroush/robatics/Assignment2/assi2/install/interfaces/include/interfaces/interfaces/msg/rosidl_typesupport_fastrtps_cpp__visibility_control.h
[3.706s] -- Up-to-date: /home/soroush/robatics/Assignment2/assi2/install/interfaces/include/interfaces/interfaces/msg/detail
[3.706s] -- Up-to-date: /home/soroush/robatics/Assignment2/assi2/install/interfaces/include/interfaces/interfaces/msg/detail/dds_fastrtps
[3.706s] -- Up-to-date: /home/soroush/robatics/Assignment2/assi2/install/interfaces/include/interfaces/interfaces/msg/detail/conversation__rosidl_typesupport_fastrtps_cpp.hpp
[3.706s] -- Installing: /home/soroush/robatics/Assignment2/assi2/install/interfaces/include/interfaces/interfaces/msg/detail/first_msg_message__rosidl_typesupport_fastrtps_cpp.hpp
[3.706s] -- Up-to-date: /home/soroush/robatics/Assignment2/assi2/install/interfaces/include/interfaces/interfaces/srv
[3.706s] -- Up-to-date: /home/soroush/robatics/Assignment2/assi2/install/interfaces/include/interfaces/interfaces/srv/detail
[3.706s] -- Up-to-date: /home/soroush/robatics/Assignment2/assi2/install/interfaces/include/interfaces/interfaces/srv/detail/send_message_in_convo__rosidl_typesupport_fastrtps_cpp.hpp
[3.706s] -- Up-to-date: /home/soroush/robatics/Assignment2/assi2/install/interfaces/include/interfaces/interfaces/srv/detail/dds_fastrtps
[3.707s] -- Installing: /home/soroush/robatics/Assignment2/assi2/install/interfaces/include/interfaces/interfaces/srv/detail/first_srevice_message__rosidl_typesupport_fastrtps_cpp.hpp
[3.707s] -- Installing: /home/soroush/robatics/Assignment2/assi2/install/interfaces/lib/libinterfaces__rosidl_typesupport_fastrtps_cpp.so
[3.707s] -- Set runtime path of "/home/soroush/robatics/Assignment2/assi2/install/interfaces/lib/libinterfaces__rosidl_typesupport_fastrtps_cpp.so" to ""
[3.707s] -- Up-to-date: /home/soroush/robatics/Assignment2/assi2/install/interfaces/include/interfaces/interfaces
[3.707s] -- Up-to-date: /home/soroush/robatics/Assignment2/assi2/install/interfaces/include/interfaces/interfaces/msg
[3.707s] -- Up-to-date: /home/soroush/robatics/Assignment2/assi2/install/interfaces/include/interfaces/interfaces/msg/detail
[3.707s] -- Installing: /home/soroush/robatics/Assignment2/assi2/install/interfaces/include/interfaces/interfaces/msg/detail/first_msg_message__rosidl_typesupport_introspection_cpp.hpp
[3.707s] -- Installing: /home/soroush/robatics/Assignment2/assi2/install/interfaces/include/interfaces/interfaces/msg/detail/first_msg_message__type_support.cpp
[3.708s] -- Up-to-date: /home/soroush/robatics/Assignment2/assi2/install/interfaces/include/interfaces/interfaces/msg/detail/conversation__type_support.cpp
[3.708s] -- Up-to-date: /home/soroush/robatics/Assignment2/assi2/install/interfaces/include/interfaces/interfaces/msg/detail/conversation__rosidl_typesupport_introspection_cpp.hpp
[3.708s] -- Up-to-date: /home/soroush/robatics/Assignment2/assi2/install/interfaces/include/interfaces/interfaces/srv
[3.708s] -- Up-to-date: /home/soroush/robatics/Assignment2/assi2/install/interfaces/include/interfaces/interfaces/srv/detail
[3.708s] -- Up-to-date: /home/soroush/robatics/Assignment2/assi2/install/interfaces/include/interfaces/interfaces/srv/detail/send_message_in_convo__type_support.cpp
[3.708s] -- Installing: /home/soroush/robatics/Assignment2/assi2/install/interfaces/include/interfaces/interfaces/srv/detail/first_srevice_message__type_support.cpp
[3.708s] -- Up-to-date: /home/soroush/robatics/Assignment2/assi2/install/interfaces/include/interfaces/interfaces/srv/detail/send_message_in_convo__rosidl_typesupport_introspection_cpp.hpp
[3.708s] -- Installing: /home/soroush/robatics/Assignment2/assi2/install/interfaces/include/interfaces/interfaces/srv/detail/first_srevice_message__rosidl_typesupport_introspection_cpp.hpp
[3.708s] -- Installing: /home/soroush/robatics/Assignment2/assi2/install/interfaces/lib/libinterfaces__rosidl_typesupport_introspection_cpp.so
[3.709s] -- Set runtime path of "/home/soroush/robatics/Assignment2/assi2/install/interfaces/lib/libinterfaces__rosidl_typesupport_introspection_cpp.so" to ""
[3.709s] -- Installing: /home/soroush/robatics/Assignment2/assi2/install/interfaces/lib/libinterfaces__rosidl_typesupport_cpp.so
[3.709s] -- Set runtime path of "/home/soroush/robatics/Assignment2/assi2/install/interfaces/lib/libinterfaces__rosidl_typesupport_cpp.so" to ""
[3.709s] -- Up-to-date: /home/soroush/robatics/Assignment2/assi2/install/interfaces/share/interfaces/environment/pythonpath.sh
[3.709s] -- Installing: /home/soroush/robatics/Assignment2/assi2/install/interfaces/share/interfaces/environment/pythonpath.dsv
[3.710s] -- Up-to-date: /home/soroush/robatics/Assignment2/assi2/install/interfaces/local/lib/python3.10/dist-packages/interfaces-0.0.0-py3.10.egg-info
[3.710s] -- Installing: /home/soroush/robatics/Assignment2/assi2/install/interfaces/local/lib/python3.10/dist-packages/interfaces-0.0.0-py3.10.egg-info/top_level.txt
[3.710s] -- Installing: /home/soroush/robatics/Assignment2/assi2/install/interfaces/local/lib/python3.10/dist-packages/interfaces-0.0.0-py3.10.egg-info/dependency_links.txt
[3.710s] -- Installing: /home/soroush/robatics/Assignment2/assi2/install/interfaces/local/lib/python3.10/dist-packages/interfaces-0.0.0-py3.10.egg-info/SOURCES.txt
[3.710s] -- Installing: /home/soroush/robatics/Assignment2/assi2/install/interfaces/local/lib/python3.10/dist-packages/interfaces-0.0.0-py3.10.egg-info/PKG-INFO
[3.710s] -- Up-to-date: /home/soroush/robatics/Assignment2/assi2/install/interfaces/local/lib/python3.10/dist-packages/interfaces
[3.710s] -- Installing: /home/soroush/robatics/Assignment2/assi2/install/interfaces/local/lib/python3.10/dist-packages/interfaces/interfaces_s__rosidl_typesupport_c.cpython-310-x86_64-linux-gnu.so
[3.711s] -- Installing: /home/soroush/robatics/Assignment2/assi2/install/interfaces/local/lib/python3.10/dist-packages/interfaces/__init__.py
[3.711s] -- Up-to-date: /home/soroush/robatics/Assignment2/assi2/install/interfaces/local/lib/python3.10/dist-packages/interfaces/msg
[3.711s] -- Installing: /home/soroush/robatics/Assignment2/assi2/install/interfaces/local/lib/python3.10/dist-packages/interfaces/msg/__init__.py
[3.711s] -- Installing: /home/soroush/robatics/Assignment2/assi2/install/interfaces/local/lib/python3.10/dist-packages/interfaces/msg/_first_msg_message_s.c
[3.711s] -- Up-to-date: /home/soroush/robatics/Assignment2/assi2/install/interfaces/local/lib/python3.10/dist-packages/interfaces/msg/_conversation.py
[3.711s] -- Installing: /home/soroush/robatics/Assignment2/assi2/install/interfaces/local/lib/python3.10/dist-packages/interfaces/msg/_first_msg_message.py
[3.711s] -- Up-to-date: /home/soroush/robatics/Assignment2/assi2/install/interfaces/local/lib/python3.10/dist-packages/interfaces/msg/_conversation_s.c
[3.711s] -- Installing: /home/soroush/robatics/Assignment2/assi2/install/interfaces/local/lib/python3.10/dist-packages/interfaces/_interfaces_s.ep.rosidl_typesupport_c.c
[3.711s] -- Installing: /home/soroush/robatics/Assignment2/assi2/install/interfaces/local/lib/python3.10/dist-packages/interfaces/interfaces_s__rosidl_typesupport_introspection_c.cpython-310-x86_64-linux-gnu.so
[3.711s] -- Up-to-date: /home/soroush/robatics/Assignment2/assi2/install/interfaces/local/lib/python3.10/dist-packages/interfaces/srv
[3.712s] -- Up-to-date: /home/soroush/robatics/Assignment2/assi2/install/interfaces/local/lib/python3.10/dist-packages/interfaces/srv/_send_message_in_convo.py
[3.712s] -- Installing: /home/soroush/robatics/Assignment2/assi2/install/interfaces/local/lib/python3.10/dist-packages/interfaces/srv/__init__.py
[3.712s] -- Up-to-date: /home/soroush/robatics/Assignment2/assi2/install/interfaces/local/lib/python3.10/dist-packages/interfaces/srv/_send_message_in_convo_s.c
[3.712s] -- Installing: /home/soroush/robatics/Assignment2/assi2/install/interfaces/local/lib/python3.10/dist-packages/interfaces/srv/_first_srevice_message.py
[3.712s] -- Installing: /home/soroush/robatics/Assignment2/assi2/install/interfaces/local/lib/python3.10/dist-packages/interfaces/srv/_first_srevice_message_s.c
[3.712s] -- Installing: /home/soroush/robatics/Assignment2/assi2/install/interfaces/local/lib/python3.10/dist-packages/interfaces/interfaces_s__rosidl_typesupport_fastrtps_c.cpython-310-x86_64-linux-gnu.so
[3.712s] -- Installing: /home/soroush/robatics/Assignment2/assi2/install/interfaces/local/lib/python3.10/dist-packages/interfaces/_interfaces_s.ep.rosidl_typesupport_introspection_c.c
[3.712s] -- Installing: /home/soroush/robatics/Assignment2/assi2/install/interfaces/local/lib/python3.10/dist-packages/interfaces/libinterfaces__rosidl_generator_py.so
[3.713s] -- Installing: /home/soroush/robatics/Assignment2/assi2/install/interfaces/local/lib/python3.10/dist-packages/interfaces/_interfaces_s.ep.rosidl_typesupport_fastrtps_c.c
[3.746s] Listing '/home/soroush/robatics/Assignment2/assi2/install/interfaces/local/lib/python3.10/dist-packages/interfaces'...
[3.746s] Compiling '/home/soroush/robatics/Assignment2/assi2/install/interfaces/local/lib/python3.10/dist-packages/interfaces/__init__.py'...
[3.746s] Listing '/home/soroush/robatics/Assignment2/assi2/install/interfaces/local/lib/python3.10/dist-packages/interfaces/msg'...
[3.746s] Compiling '/home/soroush/robatics/Assignment2/assi2/install/interfaces/local/lib/python3.10/dist-packages/interfaces/msg/__init__.py'...
[3.746s] Compiling '/home/soroush/robatics/Assignment2/assi2/install/interfaces/local/lib/python3.10/dist-packages/interfaces/msg/_first_msg_message.py'...
[3.747s] Listing '/home/soroush/robatics/Assignment2/assi2/install/interfaces/local/lib/python3.10/dist-packages/interfaces/srv'...
[3.747s] Compiling '/home/soroush/robatics/Assignment2/assi2/install/interfaces/local/lib/python3.10/dist-packages/interfaces/srv/__init__.py'...
[3.747s] Compiling '/home/soroush/robatics/Assignment2/assi2/install/interfaces/local/lib/python3.10/dist-packages/interfaces/srv/_first_srevice_message.py'...
[3.750s] -- Installing: /home/soroush/robatics/Assignment2/assi2/install/interfaces/local/lib/python3.10/dist-packages/interfaces/interfaces_s__rosidl_typesupport_fastrtps_c.cpython-310-x86_64-linux-gnu.so
[3.751s] -- Set runtime path of "/home/soroush/robatics/Assignment2/assi2/install/interfaces/local/lib/python3.10/dist-packages/interfaces/interfaces_s__rosidl_typesupport_fastrtps_c.cpython-310-x86_64-linux-gnu.so" to ""
[3.751s] -- Installing: /home/soroush/robatics/Assignment2/assi2/install/interfaces/local/lib/python3.10/dist-packages/interfaces/interfaces_s__rosidl_typesupport_introspection_c.cpython-310-x86_64-linux-gnu.so
[3.751s] -- Set runtime path of "/home/soroush/robatics/Assignment2/assi2/install/interfaces/local/lib/python3.10/dist-packages/interfaces/interfaces_s__rosidl_typesupport_introspection_c.cpython-310-x86_64-linux-gnu.so" to ""
[3.752s] -- Installing: /home/soroush/robatics/Assignment2/assi2/install/interfaces/local/lib/python3.10/dist-packages/interfaces/interfaces_s__rosidl_typesupport_c.cpython-310-x86_64-linux-gnu.so
[3.752s] -- Set runtime path of "/home/soroush/robatics/Assignment2/assi2/install/interfaces/local/lib/python3.10/dist-packages/interfaces/interfaces_s__rosidl_typesupport_c.cpython-310-x86_64-linux-gnu.so" to ""
[3.752s] -- Installing: /home/soroush/robatics/Assignment2/assi2/install/interfaces/lib/libinterfaces__rosidl_generator_py.so
[3.753s] -- Set runtime path of "/home/soroush/robatics/Assignment2/assi2/install/interfaces/lib/libinterfaces__rosidl_generator_py.so" to ""
[3.753s] -- Installing: /home/soroush/robatics/Assignment2/assi2/install/interfaces/share/interfaces/msg/FirstMsgMessage.idl
[3.753s] -- Installing: /home/soroush/robatics/Assignment2/assi2/install/interfaces/share/interfaces/srv/FirstSreviceMessage.idl
[3.753s] -- Installing: /home/soroush/robatics/Assignment2/assi2/install/interfaces/share/interfaces/msg/FirstMsgMessage.msg
[3.753s] -- Installing: /home/soroush/robatics/Assignment2/assi2/install/interfaces/share/interfaces/srv/FirstSreviceMessage.srv
[3.754s] -- Installing: /home/soroush/robatics/Assignment2/assi2/install/interfaces/share/interfaces/srv/FirstSreviceMessage_Request.msg
[3.754s] -- Installing: /home/soroush/robatics/Assignment2/assi2/install/interfaces/share/interfaces/srv/FirstSreviceMessage_Response.msg
[3.754s] -- Up-to-date: /home/soroush/robatics/Assignment2/assi2/install/interfaces/share/ament_index/resource_index/package_run_dependencies/interfaces
[3.754s] -- Up-to-date: /home/soroush/robatics/Assignment2/assi2/install/interfaces/share/ament_index/resource_index/parent_prefix_path/interfaces
[3.754s] -- Up-to-date: /home/soroush/robatics/Assignment2/assi2/install/interfaces/share/interfaces/environment/ament_prefix_path.sh
[3.754s] -- Installing: /home/soroush/robatics/Assignment2/assi2/install/interfaces/share/interfaces/environment/ament_prefix_path.dsv
[3.754s] -- Up-to-date: /home/soroush/robatics/Assignment2/assi2/install/interfaces/share/interfaces/environment/path.sh
[3.754s] -- Installing: /home/soroush/robatics/Assignment2/assi2/install/interfaces/share/interfaces/environment/path.dsv
[3.755s] -- Up-to-date: /home/soroush/robatics/Assignment2/assi2/install/interfaces/share/interfaces/local_setup.bash
[3.755s] -- Up-to-date: /home/soroush/robatics/Assignment2/assi2/install/interfaces/share/interfaces/local_setup.sh
[3.755s] -- Up-to-date: /home/soroush/robatics/Assignment2/assi2/install/interfaces/share/interfaces/local_setup.zsh
[3.755s] -- Installing: /home/soroush/robatics/Assignment2/assi2/install/interfaces/share/interfaces/local_setup.dsv
[3.755s] -- Installing: /home/soroush/robatics/Assignment2/assi2/install/interfaces/share/interfaces/package.dsv
[3.755s] -- Up-to-date: /home/soroush/robatics/Assignment2/assi2/install/interfaces/share/ament_index/resource_index/packages/interfaces
[3.756s] -- Up-to-date: /home/soroush/robatics/Assignment2/assi2/install/interfaces/share/interfaces/cmake/export_interfaces__rosidl_generator_cExport.cmake
[3.756s] -- Up-to-date: /home/soroush/robatics/Assignment2/assi2/install/interfaces/share/interfaces/cmake/export_interfaces__rosidl_generator_cExport-noconfig.cmake
[3.756s] -- Up-to-date: /home/soroush/robatics/Assignment2/assi2/install/interfaces/share/interfaces/cmake/export_interfaces__rosidl_typesupport_fastrtps_cExport.cmake
[3.756s] -- Up-to-date: /home/soroush/robatics/Assignment2/assi2/install/interfaces/share/interfaces/cmake/export_interfaces__rosidl_typesupport_fastrtps_cExport-noconfig.cmake
[3.756s] -- Up-to-date: /home/soroush/robatics/Assignment2/assi2/install/interfaces/share/interfaces/cmake/interfaces__rosidl_typesupport_introspection_cExport.cmake
[3.756s] -- Up-to-date: /home/soroush/robatics/Assignment2/assi2/install/interfaces/share/interfaces/cmake/interfaces__rosidl_typesupport_introspection_cExport-noconfig.cmake
[3.756s] -- Up-to-date: /home/soroush/robatics/Assignment2/assi2/install/interfaces/share/interfaces/cmake/interfaces__rosidl_typesupport_cExport.cmake
[3.756s] -- Up-to-date: /home/soroush/robatics/Assignment2/assi2/install/interfaces/share/interfaces/cmake/interfaces__rosidl_typesupport_cExport-noconfig.cmake
[3.756s] -- Up-to-date: /home/soroush/robatics/Assignment2/assi2/install/interfaces/share/interfaces/cmake/export_interfaces__rosidl_generator_cppExport.cmake
[3.757s] -- Up-to-date: /home/soroush/robatics/Assignment2/assi2/install/interfaces/share/interfaces/cmake/export_interfaces__rosidl_typesupport_fastrtps_cppExport.cmake
[3.757s] -- Up-to-date: /home/soroush/robatics/Assignment2/assi2/install/interfaces/share/interfaces/cmake/export_interfaces__rosidl_typesupport_fastrtps_cppExport-noconfig.cmake
[3.757s] -- Up-to-date: /home/soroush/robatics/Assignment2/assi2/install/interfaces/share/interfaces/cmake/interfaces__rosidl_typesupport_introspection_cppExport.cmake
[3.757s] -- Up-to-date: /home/soroush/robatics/Assignment2/assi2/install/interfaces/share/interfaces/cmake/interfaces__rosidl_typesupport_introspection_cppExport-noconfig.cmake
[3.757s] -- Up-to-date: /home/soroush/robatics/Assignment2/assi2/install/interfaces/share/interfaces/cmake/interfaces__rosidl_typesupport_cppExport.cmake
[3.757s] -- Up-to-date: /home/soroush/robatics/Assignment2/assi2/install/interfaces/share/interfaces/cmake/interfaces__rosidl_typesupport_cppExport-noconfig.cmake
[3.757s] -- Up-to-date: /home/soroush/robatics/Assignment2/assi2/install/interfaces/share/interfaces/cmake/export_interfaces__rosidl_generator_pyExport.cmake
[3.757s] -- Up-to-date: /home/soroush/robatics/Assignment2/assi2/install/interfaces/share/interfaces/cmake/export_interfaces__rosidl_generator_pyExport-noconfig.cmake
[3.757s] -- Installing: /home/soroush/robatics/Assignment2/assi2/install/interfaces/share/interfaces/cmake/rosidl_cmake-extras.cmake
[3.758s] -- Up-to-date: /home/soroush/robatics/Assignment2/assi2/install/interfaces/share/interfaces/cmake/ament_cmake_export_include_directories-extras.cmake
[3.758s] -- Up-to-date: /home/soroush/robatics/Assignment2/assi2/install/interfaces/share/interfaces/cmake/ament_cmake_export_libraries-extras.cmake
[3.758s] -- Up-to-date: /home/soroush/robatics/Assignment2/assi2/install/interfaces/share/interfaces/cmake/ament_cmake_export_targets-extras.cmake
[3.758s] -- Up-to-date: /home/soroush/robatics/Assignment2/assi2/install/interfaces/share/interfaces/cmake/rosidl_cmake_export_typesupport_targets-extras.cmake
[3.758s] -- Up-to-date: /home/soroush/robatics/Assignment2/assi2/install/interfaces/share/interfaces/cmake/ament_cmake_export_dependencies-extras.cmake
[3.758s] -- Up-to-date: /home/soroush/robatics/Assignment2/assi2/install/interfaces/share/interfaces/cmake/rosidl_cmake_export_typesupport_libraries-extras.cmake
[3.758s] -- Up-to-date: /home/soroush/robatics/Assignment2/assi2/install/interfaces/share/interfaces/cmake/interfacesConfig.cmake
[3.758s] -- Up-to-date: /home/soroush/robatics/Assignment2/assi2/install/interfaces/share/interfaces/cmake/interfacesConfig-version.cmake
[3.759s] -- Up-to-date: /home/soroush/robatics/Assignment2/assi2/install/interfaces/share/interfaces/package.xml
[3.761s] Invoked command in '/home/soroush/robatics/Assignment2/assi2/build/interfaces' returned '0': CMAKE_PREFIX_PATH=/opt/ros/humble /usr/bin/cmake --install /home/soroush/robatics/Assignment2/assi2/build/interfaces
