running egg_info
creating ../build/turtlemania/turtlemania.egg-info
writing ../build/turtlemania/turtlemania.egg-info/PKG-INFO
writing dependency_links to ../build/turtlemania/turtlemania.egg-info/dependency_links.txt
writing entry points to ../build/turtlemania/turtlemania.egg-info/entry_points.txt
writing requirements to ../build/turtlemania/turtlemania.egg-info/requires.txt
writing top-level names to ../build/turtlemania/turtlemania.egg-info/top_level.txt
writing manifest file '../build/turtlemania/turtlemania.egg-info/SOURCES.txt'
reading manifest file '../build/turtlemania/turtlemania.egg-info/SOURCES.txt'
writing manifest file '../build/turtlemania/turtlemania.egg-info/SOURCES.txt'
running build
running build_py
creating /home/soroush/robatics/Assignment2/assi2/src/build/turtlemania/build
creating /home/soroush/robatics/Assignment2/assi2/src/build/turtlemania/build/lib
creating /home/soroush/robatics/Assignment2/assi2/src/build/turtlemania/build/lib/turtlemania
copying turtlemania/__init__.py -> /home/soroush/robatics/Assignment2/assi2/src/build/turtlemania/build/lib/turtlemania
copying turtlemania/listener.py -> /home/soroush/robatics/Assignment2/assi2/src/build/turtlemania/build/lib/turtlemania
copying turtlemania/brodcaster.py -> /home/soroush/robatics/Assignment2/assi2/src/build/turtlemania/build/lib/turtlemania
running install
running install_lib
creating /home/soroush/robatics/Assignment2/assi2/src/install/turtlemania/lib/python3.10/site-packages/turtlemania
copying /home/soroush/robatics/Assignment2/assi2/src/build/turtlemania/build/lib/turtlemania/__init__.py -> /home/soroush/robatics/Assignment2/assi2/src/install/turtlemania/lib/python3.10/site-packages/turtlemania
copying /home/soroush/robatics/Assignment2/assi2/src/build/turtlemania/build/lib/turtlemania/listener.py -> /home/soroush/robatics/Assignment2/assi2/src/install/turtlemania/lib/python3.10/site-packages/turtlemania
copying /home/soroush/robatics/Assignment2/assi2/src/build/turtlemania/build/lib/turtlemania/brodcaster.py -> /home/soroush/robatics/Assignment2/assi2/src/install/turtlemania/lib/python3.10/site-packages/turtlemania
byte-compiling /home/soroush/robatics/Assignment2/assi2/src/install/turtlemania/lib/python3.10/site-packages/turtlemania/__init__.py to __init__.cpython-310.pyc
byte-compiling /home/soroush/robatics/Assignment2/assi2/src/install/turtlemania/lib/python3.10/site-packages/turtlemania/listener.py to listener.cpython-310.pyc
byte-compiling /home/soroush/robatics/Assignment2/assi2/src/install/turtlemania/lib/python3.10/site-packages/turtlemania/brodcaster.py to brodcaster.cpython-310.pyc
running install_data
creating /home/soroush/robatics/Assignment2/assi2/src/install/turtlemania/share/ament_index
creating /home/soroush/robatics/Assignment2/assi2/src/install/turtlemania/share/ament_index/resource_index
creating /home/soroush/robatics/Assignment2/assi2/src/install/turtlemania/share/ament_index/resource_index/packages
copying resource/turtlemania -> /home/soroush/robatics/Assignment2/assi2/src/install/turtlemania/share/ament_index/resource_index/packages
copying package.xml -> /home/soroush/robatics/Assignment2/assi2/src/install/turtlemania/share/turtlemania
copying launch/launch.py -> /home/soroush/robatics/Assignment2/assi2/src/install/turtlemania/share/turtlemania
running install_egg_info
Copying ../build/turtlemania/turtlemania.egg-info to /home/soroush/robatics/Assignment2/assi2/src/install/turtlemania/lib/python3.10/site-packages/turtlemania-0.0.0-py3.10.egg-info
running install_scripts
Installing brodcaster script to /home/soroush/robatics/Assignment2/assi2/src/install/turtlemania/lib/turtlemania
Installing listener script to /home/soroush/robatics/Assignment2/assi2/src/install/turtlemania/lib/turtlemania
writing list of installed files to '/home/soroush/robatics/Assignment2/assi2/src/build/turtlemania/install.log'
