running egg_info
creating ../build/modelgazebo/modelgazebo.egg-info
writing ../build/modelgazebo/modelgazebo.egg-info/PKG-INFO
writing dependency_links to ../build/modelgazebo/modelgazebo.egg-info/dependency_links.txt
writing entry points to ../build/modelgazebo/modelgazebo.egg-info/entry_points.txt
writing requirements to ../build/modelgazebo/modelgazebo.egg-info/requires.txt
writing top-level names to ../build/modelgazebo/modelgazebo.egg-info/top_level.txt
writing manifest file '../build/modelgazebo/modelgazebo.egg-info/SOURCES.txt'
reading manifest file '../build/modelgazebo/modelgazebo.egg-info/SOURCES.txt'
writing manifest file '../build/modelgazebo/modelgazebo.egg-info/SOURCES.txt'
running build
running build_py
creating /home/soroush/robatics/Assignment2/assi2/src/build/modelgazebo/build
creating /home/soroush/robatics/Assignment2/assi2/src/build/modelgazebo/build/lib
creating /home/soroush/robatics/Assignment2/assi2/src/build/modelgazebo/build/lib/modelgazebo
copying modelgazebo/__init__.py -> /home/soroush/robatics/Assignment2/assi2/src/build/modelgazebo/build/lib/modelgazebo
copying modelgazebo/modelgazebo.py -> /home/soroush/robatics/Assignment2/assi2/src/build/modelgazebo/build/lib/modelgazebo
running install
running install_lib
creating /home/soroush/robatics/Assignment2/assi2/src/install/modelgazebo/lib/python3.10/site-packages/modelgazebo
copying /home/soroush/robatics/Assignment2/assi2/src/build/modelgazebo/build/lib/modelgazebo/__init__.py -> /home/soroush/robatics/Assignment2/assi2/src/install/modelgazebo/lib/python3.10/site-packages/modelgazebo
copying /home/soroush/robatics/Assignment2/assi2/src/build/modelgazebo/build/lib/modelgazebo/modelgazebo.py -> /home/soroush/robatics/Assignment2/assi2/src/install/modelgazebo/lib/python3.10/site-packages/modelgazebo
byte-compiling /home/soroush/robatics/Assignment2/assi2/src/install/modelgazebo/lib/python3.10/site-packages/modelgazebo/__init__.py to __init__.cpython-310.pyc
byte-compiling /home/soroush/robatics/Assignment2/assi2/src/install/modelgazebo/lib/python3.10/site-packages/modelgazebo/modelgazebo.py to modelgazebo.cpython-310.pyc
running install_data
creating /home/soroush/robatics/Assignment2/assi2/src/install/modelgazebo/share/ament_index
creating /home/soroush/robatics/Assignment2/assi2/src/install/modelgazebo/share/ament_index/resource_index
creating /home/soroush/robatics/Assignment2/assi2/src/install/modelgazebo/share/ament_index/resource_index/packages
copying resource/modelgazebo -> /home/soroush/robatics/Assignment2/assi2/src/install/modelgazebo/share/ament_index/resource_index/packages
copying package.xml -> /home/soroush/robatics/Assignment2/assi2/src/install/modelgazebo/share/modelgazebo
running install_egg_info
Copying ../build/modelgazebo/modelgazebo.egg-info to /home/soroush/robatics/Assignment2/assi2/src/install/modelgazebo/lib/python3.10/site-packages/modelgazebo-0.0.0-py3.10.egg-info
running install_scripts
Installing modelgazebo script to /home/soroush/robatics/Assignment2/assi2/src/install/modelgazebo/lib/modelgazebo
writing list of installed files to '/home/soroush/robatics/Assignment2/assi2/src/build/modelgazebo/install.log'
