[0.800s] Invoking command in '/home/soroush/robatics/Assignment2/assi2/src/modelgazebo': PYTHONPATH=/home/soroush/robatics/Assignment2/assi2/src/build/modelgazebo/prefix_override:/home/soroush/robatics/Assignment2/assi2/src/install/modelgazebo/lib/python3.10/site-packages:${PYTHONPATH} /usr/bin/python3 setup.py egg_info --egg-base ../build/modelgazebo build --build-base /home/soroush/robatics/Assignment2/assi2/src/build/modelgazebo/build install --record /home/soroush/robatics/Assignment2/assi2/src/build/modelgazebo/install.log --single-version-externally-managed
[1.024s] running egg_info
[1.024s] creating ../build/modelgazebo/modelgazebo.egg-info
[1.039s] writing ../build/modelgazebo/modelgazebo.egg-info/PKG-INFO
[1.039s] writing dependency_links to ../build/modelgazebo/modelgazebo.egg-info/dependency_links.txt
[1.040s] writing entry points to ../build/modelgazebo/modelgazebo.egg-info/entry_points.txt
[1.040s] writing requirements to ../build/modelgazebo/modelgazebo.egg-info/requires.txt
[1.040s] writing top-level names to ../build/modelgazebo/modelgazebo.egg-info/top_level.txt
[1.040s] writing manifest file '../build/modelgazebo/modelgazebo.egg-info/SOURCES.txt'
[1.069s] reading manifest file '../build/modelgazebo/modelgazebo.egg-info/SOURCES.txt'
[1.069s] writing manifest file '../build/modelgazebo/modelgazebo.egg-info/SOURCES.txt'
[1.070s] running build
[1.070s] running build_py
[1.070s] creating /home/soroush/robatics/Assignment2/assi2/src/build/modelgazebo/build
[1.070s] creating /home/soroush/robatics/Assignment2/assi2/src/build/modelgazebo/build/lib
[1.070s] creating /home/soroush/robatics/Assignment2/assi2/src/build/modelgazebo/build/lib/modelgazebo
[1.070s] copying modelgazebo/__init__.py -> /home/soroush/robatics/Assignment2/assi2/src/build/modelgazebo/build/lib/modelgazebo
[1.070s] copying modelgazebo/modelgazebo.py -> /home/soroush/robatics/Assignment2/assi2/src/build/modelgazebo/build/lib/modelgazebo
[1.070s] running install
[1.071s] /home/soroush/.local/lib/python3.10/site-packages/setuptools/command/install.py:34: SetuptoolsDeprecationWarning: setup.py install is deprecated. Use build and pip and other standards-based tools.
[1.071s]   warnings.warn(
[1.075s] running install_lib
[1.090s] creating /home/soroush/robatics/Assignment2/assi2/src/install/modelgazebo/lib/python3.10/site-packages/modelgazebo
[1.090s] copying /home/soroush/robatics/Assignment2/assi2/src/build/modelgazebo/build/lib/modelgazebo/__init__.py -> /home/soroush/robatics/Assignment2/assi2/src/install/modelgazebo/lib/python3.10/site-packages/modelgazebo
[1.090s] copying /home/soroush/robatics/Assignment2/assi2/src/build/modelgazebo/build/lib/modelgazebo/modelgazebo.py -> /home/soroush/robatics/Assignment2/assi2/src/install/modelgazebo/lib/python3.10/site-packages/modelgazebo
[1.091s] byte-compiling /home/soroush/robatics/Assignment2/assi2/src/install/modelgazebo/lib/python3.10/site-packages/modelgazebo/__init__.py to __init__.cpython-310.pyc
[1.091s] byte-compiling /home/soroush/robatics/Assignment2/assi2/src/install/modelgazebo/lib/python3.10/site-packages/modelgazebo/modelgazebo.py to modelgazebo.cpython-310.pyc
[1.091s] running install_data
[1.106s] creating /home/soroush/robatics/Assignment2/assi2/src/install/modelgazebo/share/ament_index
[1.106s] creating /home/soroush/robatics/Assignment2/assi2/src/install/modelgazebo/share/ament_index/resource_index
[1.106s] creating /home/soroush/robatics/Assignment2/assi2/src/install/modelgazebo/share/ament_index/resource_index/packages
[1.106s] copying resource/modelgazebo -> /home/soroush/robatics/Assignment2/assi2/src/install/modelgazebo/share/ament_index/resource_index/packages
[1.106s] copying package.xml -> /home/soroush/robatics/Assignment2/assi2/src/install/modelgazebo/share/modelgazebo
[1.106s] running install_egg_info
[1.121s] Copying ../build/modelgazebo/modelgazebo.egg-info to /home/soroush/robatics/Assignment2/assi2/src/install/modelgazebo/lib/python3.10/site-packages/modelgazebo-0.0.0-py3.10.egg-info
[1.121s] running install_scripts
[1.289s] Installing modelgazebo script to /home/soroush/robatics/Assignment2/assi2/src/install/modelgazebo/lib/modelgazebo
[1.289s] writing list of installed files to '/home/soroush/robatics/Assignment2/assi2/src/build/modelgazebo/install.log'
[1.317s] Invoked command in '/home/soroush/robatics/Assignment2/assi2/src/modelgazebo' returned '0': PYTHONPATH=/home/soroush/robatics/Assignment2/assi2/src/build/modelgazebo/prefix_override:/home/soroush/robatics/Assignment2/assi2/src/install/modelgazebo/lib/python3.10/site-packages:${PYTHONPATH} /usr/bin/python3 setup.py egg_info --egg-base ../build/modelgazebo build --build-base /home/soroush/robatics/Assignment2/assi2/src/build/modelgazebo/build install --record /home/soroush/robatics/Assignment2/assi2/src/build/modelgazebo/install.log --single-version-externally-managed
