[0.025s] Invoking command in '/home/soroush/robatics/Assignment2/assi2/build/yangsim': CMAKE_PREFIX_PATH=/opt/ros/humble /usr/bin/cmake /home/soroush/robatics/Assignment2/assi2/src/yangsim -DCMAKE_INSTALL_PREFIX=/home/soroush/robatics/Assignment2/assi2/install/yangsim
[0.047s] -- Found ament_cmake: 1.3.3 (/opt/ros/humble/share/ament_cmake/cmake)
[0.310s] -- Found rclcpp: 16.0.3 (/opt/ros/humble/share/rclcpp/cmake)
[0.377s] -- Found rosidl_generator_c: 3.1.4 (/opt/ros/humble/share/rosidl_generator_c/cmake)
[0.382s] -- Found rosidl_adapter: 3.1.4 (/opt/ros/humble/share/rosidl_adapter/cmake)
[0.394s] -- Found rosidl_generator_cpp: 3.1.4 (/opt/ros/humble/share/rosidl_generator_cpp/cmake)
[0.417s] -- Using all available rosidl_typesupport_c: rosidl_typesupport_fastrtps_c;rosidl_typesupport_introspection_c
[0.450s] -- Using all available rosidl_typesupport_cpp: rosidl_typesupport_fastrtps_cpp;rosidl_typesupport_introspection_cpp
[0.574s] -- Found rmw_implementation_cmake: 6.1.1 (/opt/ros/humble/share/rmw_implementation_cmake/cmake)
[0.577s] -- Found rmw_fastrtps_cpp: 6.2.2 (/opt/ros/humble/share/rmw_fastrtps_cpp/cmake)
[0.853s] -- Using RMW implementation 'rmw_fastrtps_cpp' as default
[1.211s] [31mCMake Error at CMakeLists.txt:11 (find_package):
[1.211s]   By not providing "Findinterfaces.cmake" in CMAKE_MODULE_PATH this project
[1.211s]   has asked CMake to find a package configuration file provided by
[1.211s]   "interfaces", but CMake did not find one.
[1.212s] 
[1.212s]   Could not find a package configuration file provided by "interfaces" with
[1.212s]   any of the following names:
[1.212s] 
[1.212s]     interfacesConfig.cmake
[1.212s]     interfaces-config.cmake
[1.212s] 
[1.212s]   Add the installation prefix of "interfaces" to CMAKE_PREFIX_PATH or set
[1.213s]   "interfaces_DIR" to a directory containing one of the above files.  If
[1.213s]   "interfaces" provides a separate development package or SDK, be sure it has
[1.213s]   been installed.
[1.213s] 
[1.213s] [0m
[1.213s] -- Configuring incomplete, errors occurred!
[1.213s] See also "/home/soroush/robatics/Assignment2/assi2/build/yangsim/CMakeFiles/CMakeOutput.log".
[1.222s] Invoked command in '/home/soroush/robatics/Assignment2/assi2/build/yangsim' returned '1': CMAKE_PREFIX_PATH=/opt/ros/humble /usr/bin/cmake /home/soroush/robatics/Assignment2/assi2/src/yangsim -DCMAKE_INSTALL_PREFIX=/home/soroush/robatics/Assignment2/assi2/install/yangsim
