[0.017s] Invoking command in '/home/soroush/robatics/Assignment2/assi2/build/interfaces': CMAKE_PREFIX_PATH=/opt/ros/humble /usr/bin/cmake /home/soroush/robatics/Assignment2/assi2/src/interfaces -DCMAKE_INSTALL_PREFIX=/home/soroush/robatics/Assignment2/assi2/install/interfaces
[0.247s] -- The C compiler identification is GNU 11.3.0
[0.406s] -- The CXX compiler identification is GNU 11.3.0
[0.417s] -- Detecting C compiler ABI info
[0.492s] -- Detecting C compiler ABI info - done
[0.500s] -- Check for working C compiler: /usr/bin/cc - skipped
[0.501s] -- Detecting C compile features
[0.501s] -- Detecting C compile features - done
[0.505s] -- Detecting CXX compiler ABI info
[0.586s] -- Detecting CXX compiler ABI info - done
[0.594s] -- Check for working CXX compiler: /usr/bin/c++ - skipped
[0.594s] -- Detecting CXX compile features
[0.595s] -- Detecting CXX compile features - done
[0.603s] -- Found ament_cmake: 1.3.3 (/opt/ros/humble/share/ament_cmake/cmake)
[0.777s] -- Found Python3: /usr/bin/python3.10 (found version "3.10.6") found components: Interpreter 
[0.885s] -- Found rosidl_default_generators: 1.2.0 (/opt/ros/humble/share/rosidl_default_generators/cmake)
[0.890s] -- Using all available rosidl_typesupport_c: rosidl_typesupport_fastrtps_c;rosidl_typesupport_introspection_c
[0.900s] -- Found rosidl_adapter: 3.1.4 (/opt/ros/humble/share/rosidl_adapter/cmake)
[0.960s] -- Using all available rosidl_typesupport_cpp: rosidl_typesupport_fastrtps_cpp;rosidl_typesupport_introspection_cpp
[1.004s] [31mCMake Error at /opt/ros/humble/share/rosidl_cmake/cmake/rosidl_generate_interfaces.cmake:93 (message):
[1.004s]   rosidl_generate_interfaces() the passed file 'srv/srv_interface1.srv'
[1.004s]   doesn't exist relative to the CMAKE_CURRENT_SOURCE_DIR
[1.004s]   '/home/soroush/robatics/Assignment2/assi2/src/interfaces'
[1.004s] Call Stack (most recent call first):
[1.004s]   CMakeLists.txt:15 (rosidl_generate_interfaces)
[1.004s] 
[1.004s] [0m
[1.004s] -- Configuring incomplete, errors occurred!
[1.004s] See also "/home/soroush/robatics/Assignment2/assi2/build/interfaces/CMakeFiles/CMakeOutput.log".
[1.008s] Invoked command in '/home/soroush/robatics/Assignment2/assi2/build/interfaces' returned '1': CMAKE_PREFIX_PATH=/opt/ros/humble /usr/bin/cmake /home/soroush/robatics/Assignment2/assi2/src/interfaces -DCMAKE_INSTALL_PREFIX=/home/soroush/robatics/Assignment2/assi2/install/interfaces
