[0.017s] Invoking command in '/home/soroush/robatics/Assignment2/assi2/build/yangsim': CMAKE_PREFIX_PATH=${CMAKE_PREFIX_PATH}:/home/soroush/robatics/Assignment2/assi2/install/yinsim:/home/soroush/robatics/Assignment2/assi2/install/py_srvcli:/opt/ros/humble /usr/bin/cmake --build /home/soroush/robatics/Assignment2/assi2/build/yangsim -- -j8 -l8
[0.044s] -- Found ament_cmake: 1.3.3 (/opt/ros/humble/share/ament_cmake/cmake)
[0.193s] -- Found rclcpp: 16.0.3 (/opt/ros/humble/share/rclcpp/cmake)
[0.228s] -- Found rosidl_generator_c: 3.1.4 (/opt/ros/humble/share/rosidl_generator_c/cmake)
[0.231s] -- Found rosidl_adapter: 3.1.4 (/opt/ros/humble/share/rosidl_adapter/cmake)
[0.237s] -- Found rosidl_generator_cpp: 3.1.4 (/opt/ros/humble/share/rosidl_generator_cpp/cmake)
[0.248s] -- Using all available rosidl_typesupport_c: rosidl_typesupport_fastrtps_c;rosidl_typesupport_introspection_c
[0.264s] -- Using all available rosidl_typesupport_cpp: rosidl_typesupport_fastrtps_cpp;rosidl_typesupport_introspection_cpp
[0.324s] -- Found rmw_implementation_cmake: 6.1.1 (/opt/ros/humble/share/rmw_implementation_cmake/cmake)
[0.326s] -- Found rmw_fastrtps_cpp: 6.2.2 (/opt/ros/humble/share/rmw_fastrtps_cpp/cmake)
[0.463s] -- Using RMW implementation 'rmw_fastrtps_cpp' as default
[0.624s] -- Found interfaces: 0.0.0 (/home/soroush/robatics/Assignment2/assi2/install/interfaces/share/interfaces/cmake)
[0.640s] -- Found ament_lint_auto: 0.12.5 (/opt/ros/humble/share/ament_lint_auto/cmake)
[0.708s] -- Added test 'cppcheck' to perform static code analysis on C / C++ code
[0.708s] -- Configured cppcheck include dirs: 
[0.708s] -- Configured cppcheck exclude dirs and/or files: 
[0.708s] -- Added test 'lint_cmake' to check CMake code style
[0.709s] -- Added test 'uncrustify' to check C / C++ code style
[0.709s] -- Configured uncrustify additional arguments: 
[0.710s] -- Added test 'xmllint' to check XML markup files
[0.710s] -- Configuring done
[0.721s] -- Generating done
[0.722s] -- Build files have been written to: /home/soroush/robatics/Assignment2/assi2/build/yangsim
[0.759s] [ 50%] [32mBuilding CXX object CMakeFiles/yangnode.dir/src/yangnode.cpp.o[0m
[1.025s] [01m[K/home/soroush/robatics/Assignment2/assi2/src/yangsim/src/yangnode.cpp:4:11:[m[K [01;31m[Kfatal error: [m[Kinterfaces/srv/FirstSreviceMessage.hpp: No such file or directory
[1.025s]     4 | #include  [01;31m[K"interfaces/srv/FirstSreviceMessage.hpp"[m[K
[1.025s]       |           [01;31m[K^~~~~~~~~~~~~~~~~~~~~~~~~~~~~~~~~~~~~~~~[m[K
[1.025s] compilation terminated.
[1.030s] gmake[2]: *** [CMakeFiles/yangnode.dir/build.make:76: CMakeFiles/yangnode.dir/src/yangnode.cpp.o] Error 1
[1.030s] gmake[1]: *** [CMakeFiles/Makefile2:137: CMakeFiles/yangnode.dir/all] Error 2
[1.030s] gmake: *** [Makefile:146: all] Error 2
[1.033s] Invoked command in '/home/soroush/robatics/Assignment2/assi2/build/yangsim' returned '2': CMAKE_PREFIX_PATH=${CMAKE_PREFIX_PATH}:/home/soroush/robatics/Assignment2/assi2/install/yinsim:/home/soroush/robatics/Assignment2/assi2/install/py_srvcli:/opt/ros/humble /usr/bin/cmake --build /home/soroush/robatics/Assignment2/assi2/build/yangsim -- -j8 -l8
