[1.280s] DEBUG:colcon:Command line arguments: ['/usr/bin/colcon', 'build', '--packages-select', 'turtlemania']
[1.280s] DEBUG:colcon:Parsed command line arguments: Namespace(log_base=None, log_level=None, verb_name='build', build_base='build', install_base='install', merge_install=False, symlink_install=False, test_result_base=None, continue_on_error=False, executor='parallel', parallel_workers=8, event_handlers=None, ignore_user_meta=False, metas=['./colcon.meta'], base_paths=['.'], packages_ignore=None, packages_ignore_regex=None, paths=None, packages_up_to=None, packages_up_to_regex=None, packages_above=None, packages_above_and_dependencies=None, packages_above_depth=None, packages_select_by_dep=None, packages_skip_by_dep=None, packages_skip_up_to=None, packages_select_build_failed=False, packages_skip_build_finished=False, packages_select_test_failures=False, packages_skip_test_passed=False, packages_select=['turtlemania'], packages_skip=None, packages_select_regex=None, packages_skip_regex=None, packages_start=None, packages_end=None, cmake_args=None, cmake_target=None, cmake_target_skip_unavailable=False, cmake_clean_cache=False, cmake_clean_first=False, cmake_force_configure=False, ament_cmake_args=None, catkin_cmake_args=None, catkin_skip_building_tests=False, mixin_files=None, mixin=None, verb_parser=<colcon_mixin.mixin.mixin_argument.MixinArgumentDecorator object at 0x7f4c09e74520>, verb_extension=<colcon_core.verb.build.BuildVerb object at 0x7f4c0a79b880>, main=<bound method BuildVerb.main of <colcon_core.verb.build.BuildVerb object at 0x7f4c0a79b880>>, mixin_verb=('build',))
[1.432s] Level 1:colcon.colcon_core.package_discovery:discover_packages(colcon_meta) check parameters
[1.432s] Level 1:colcon.colcon_core.package_discovery:discover_packages(recursive) check parameters
[1.432s] Level 1:colcon.colcon_core.package_discovery:discover_packages(ignore) check parameters
[1.432s] Level 1:colcon.colcon_core.package_discovery:discover_packages(path) check parameters
[1.433s] Level 1:colcon.colcon_core.package_discovery:discover_packages(colcon_meta) discover
[1.433s] Level 1:colcon.colcon_core.package_discovery:discover_packages(recursive) discover
[1.433s] INFO:colcon.colcon_core.package_discovery:Crawling recursively for packages in '/home/soroush/robatics/Assignment2/assi2/src'
[1.433s] Level 1:colcon.colcon_core.package_identification:_identify(.) by extensions ['ignore', 'ignore_ament_install']
[1.434s] Level 1:colcon.colcon_core.package_identification:_identify(.) by extension 'ignore'
[1.434s] Level 1:colcon.colcon_core.package_identification:_identify(.) by extension 'ignore_ament_install'
[1.434s] Level 1:colcon.colcon_core.package_identification:_identify(.) by extensions ['colcon_pkg']
[1.435s] Level 1:colcon.colcon_core.package_identification:_identify(.) by extension 'colcon_pkg'
[1.435s] Level 1:colcon.colcon_core.package_identification:_identify(.) by extensions ['colcon_meta']
[1.435s] Level 1:colcon.colcon_core.package_identification:_identify(.) by extension 'colcon_meta'
[1.435s] Level 1:colcon.colcon_core.package_identification:_identify(.) by extensions ['ros']
[1.435s] Level 1:colcon.colcon_core.package_identification:_identify(.) by extension 'ros'
[1.496s] Level 1:colcon.colcon_core.package_identification:_identify(.) by extensions ['cmake', 'python']
[1.496s] Level 1:colcon.colcon_core.package_identification:_identify(.) by extension 'cmake'
[1.496s] Level 1:colcon.colcon_core.package_identification:_identify(.) by extension 'python'
[1.497s] Level 1:colcon.colcon_core.package_identification:_identify(.) by extensions ['python_setup_py']
[1.497s] Level 1:colcon.colcon_core.package_identification:_identify(.) by extension 'python_setup_py'
[1.497s] Level 1:colcon.colcon_core.package_identification:_identify(build) by extensions ['ignore', 'ignore_ament_install']
[1.498s] Level 1:colcon.colcon_core.package_identification:_identify(build) by extension 'ignore'
[1.498s] Level 1:colcon.colcon_core.package_identification:_identify(build) ignored
[1.498s] Level 1:colcon.colcon_core.package_identification:_identify(install) by extensions ['ignore', 'ignore_ament_install']
[1.499s] Level 1:colcon.colcon_core.package_identification:_identify(install) by extension 'ignore'
[1.499s] Level 1:colcon.colcon_core.package_identification:_identify(install) ignored
[1.499s] Level 1:colcon.colcon_core.package_identification:_identify(interfaces) by extensions ['ignore', 'ignore_ament_install']
[1.499s] Level 1:colcon.colcon_core.package_identification:_identify(interfaces) by extension 'ignore'
[1.500s] Level 1:colcon.colcon_core.package_identification:_identify(interfaces) by extension 'ignore_ament_install'
[1.500s] Level 1:colcon.colcon_core.package_identification:_identify(interfaces) by extensions ['colcon_pkg']
[1.500s] Level 1:colcon.colcon_core.package_identification:_identify(interfaces) by extension 'colcon_pkg'
[1.500s] Level 1:colcon.colcon_core.package_identification:_identify(interfaces) by extensions ['colcon_meta']
[1.500s] Level 1:colcon.colcon_core.package_identification:_identify(interfaces) by extension 'colcon_meta'
[1.501s] Level 1:colcon.colcon_core.package_identification:_identify(interfaces) by extensions ['ros']
[1.501s] Level 1:colcon.colcon_core.package_identification:_identify(interfaces) by extension 'ros'
[1.511s] DEBUG:colcon.colcon_core.package_identification:Package 'interfaces' with type 'ros.ament_cmake' and name 'interfaces'
[1.511s] Level 1:colcon.colcon_core.package_identification:_identify(lab3) by extensions ['ignore', 'ignore_ament_install']
[1.512s] Level 1:colcon.colcon_core.package_identification:_identify(lab3) by extension 'ignore'
[1.512s] Level 1:colcon.colcon_core.package_identification:_identify(lab3) by extension 'ignore_ament_install'
[1.512s] Level 1:colcon.colcon_core.package_identification:_identify(lab3) by extensions ['colcon_pkg']
[1.512s] Level 1:colcon.colcon_core.package_identification:_identify(lab3) by extension 'colcon_pkg'
[1.512s] Level 1:colcon.colcon_core.package_identification:_identify(lab3) by extensions ['colcon_meta']
[1.512s] Level 1:colcon.colcon_core.package_identification:_identify(lab3) by extension 'colcon_meta'
[1.513s] Level 1:colcon.colcon_core.package_identification:_identify(lab3) by extensions ['ros']
[1.513s] Level 1:colcon.colcon_core.package_identification:_identify(lab3) by extension 'ros'
[1.513s] Level 1:colcon.colcon_core.package_identification:_identify(lab3) by extensions ['cmake', 'python']
[1.513s] Level 1:colcon.colcon_core.package_identification:_identify(lab3) by extension 'cmake'
[1.513s] Level 1:colcon.colcon_core.package_identification:_identify(lab3) by extension 'python'
[1.514s] Level 1:colcon.colcon_core.package_identification:_identify(lab3) by extensions ['python_setup_py']
[1.514s] Level 1:colcon.colcon_core.package_identification:_identify(lab3) by extension 'python_setup_py'
[1.514s] Level 1:colcon.colcon_core.package_identification:_identify(lab3/6RGazeboModelV1) by extensions ['ignore', 'ignore_ament_install']
[1.515s] Level 1:colcon.colcon_core.package_identification:_identify(lab3/6RGazeboModelV1) by extension 'ignore'
[1.515s] Level 1:colcon.colcon_core.package_identification:_identify(lab3/6RGazeboModelV1) by extension 'ignore_ament_install'
[1.515s] Level 1:colcon.colcon_core.package_identification:_identify(lab3/6RGazeboModelV1) by extensions ['colcon_pkg']
[1.515s] Level 1:colcon.colcon_core.package_identification:_identify(lab3/6RGazeboModelV1) by extension 'colcon_pkg'
[1.515s] Level 1:colcon.colcon_core.package_identification:_identify(lab3/6RGazeboModelV1) by extensions ['colcon_meta']
[1.515s] Level 1:colcon.colcon_core.package_identification:_identify(lab3/6RGazeboModelV1) by extension 'colcon_meta'
[1.516s] Level 1:colcon.colcon_core.package_identification:_identify(lab3/6RGazeboModelV1) by extensions ['ros']
[1.516s] Level 1:colcon.colcon_core.package_identification:_identify(lab3/6RGazeboModelV1) by extension 'ros'
[1.516s] Level 1:colcon.colcon_core.package_identification:_identify(lab3/6RGazeboModelV1) by extensions ['cmake', 'python']
[1.516s] Level 1:colcon.colcon_core.package_identification:_identify(lab3/6RGazeboModelV1) by extension 'cmake'
[1.516s] Level 1:colcon.colcon_core.package_identification:_identify(lab3/6RGazeboModelV1) by extension 'python'
[1.516s] Level 1:colcon.colcon_core.package_identification:_identify(lab3/6RGazeboModelV1) by extensions ['python_setup_py']
[1.517s] Level 1:colcon.colcon_core.package_identification:_identify(lab3/6RGazeboModelV1) by extension 'python_setup_py'
[1.517s] Level 1:colcon.colcon_core.package_identification:_identify(lab3/RRRRRR-Robot-meshes) by extensions ['ignore', 'ignore_ament_install']
[1.517s] Level 1:colcon.colcon_core.package_identification:_identify(lab3/RRRRRR-Robot-meshes) by extension 'ignore'
[1.518s] Level 1:colcon.colcon_core.package_identification:_identify(lab3/RRRRRR-Robot-meshes) by extension 'ignore_ament_install'
[1.518s] Level 1:colcon.colcon_core.package_identification:_identify(lab3/RRRRRR-Robot-meshes) by extensions ['colcon_pkg']
[1.518s] Level 1:colcon.colcon_core.package_identification:_identify(lab3/RRRRRR-Robot-meshes) by extension 'colcon_pkg'
[1.518s] Level 1:colcon.colcon_core.package_identification:_identify(lab3/RRRRRR-Robot-meshes) by extensions ['colcon_meta']
[1.518s] Level 1:colcon.colcon_core.package_identification:_identify(lab3/RRRRRR-Robot-meshes) by extension 'colcon_meta'
[1.519s] Level 1:colcon.colcon_core.package_identification:_identify(lab3/RRRRRR-Robot-meshes) by extensions ['ros']
[1.519s] Level 1:colcon.colcon_core.package_identification:_identify(lab3/RRRRRR-Robot-meshes) by extension 'ros'
[1.519s] Level 1:colcon.colcon_core.package_identification:_identify(lab3/RRRRRR-Robot-meshes) by extensions ['cmake', 'python']
[1.519s] Level 1:colcon.colcon_core.package_identification:_identify(lab3/RRRRRR-Robot-meshes) by extension 'cmake'
[1.519s] Level 1:colcon.colcon_core.package_identification:_identify(lab3/RRRRRR-Robot-meshes) by extension 'python'
[1.520s] Level 1:colcon.colcon_core.package_identification:_identify(lab3/RRRRRR-Robot-meshes) by extensions ['python_setup_py']
[1.520s] Level 1:colcon.colcon_core.package_identification:_identify(lab3/RRRRRR-Robot-meshes) by extension 'python_setup_py'
[1.520s] Level 1:colcon.colcon_core.package_identification:_identify(log) by extensions ['ignore', 'ignore_ament_install']
[1.521s] Level 1:colcon.colcon_core.package_identification:_identify(log) by extension 'ignore'
[1.521s] Level 1:colcon.colcon_core.package_identification:_identify(log) ignored
[1.521s] Level 1:colcon.colcon_core.package_identification:_identify(peresenr_one) by extensions ['ignore', 'ignore_ament_install']
[1.522s] Level 1:colcon.colcon_core.package_identification:_identify(peresenr_one) by extension 'ignore'
[1.522s] Level 1:colcon.colcon_core.package_identification:_identify(peresenr_one) by extension 'ignore_ament_install'
[1.522s] Level 1:colcon.colcon_core.package_identification:_identify(peresenr_one) by extensions ['colcon_pkg']
[1.522s] Level 1:colcon.colcon_core.package_identification:_identify(peresenr_one) by extension 'colcon_pkg'
[1.523s] Level 1:colcon.colcon_core.package_identification:_identify(peresenr_one) by extensions ['colcon_meta']
[1.523s] Level 1:colcon.colcon_core.package_identification:_identify(peresenr_one) by extension 'colcon_meta'
[1.523s] Level 1:colcon.colcon_core.package_identification:_identify(peresenr_one) by extensions ['ros']
[1.523s] Level 1:colcon.colcon_core.package_identification:_identify(peresenr_one) by extension 'ros'
[1.525s] DEBUG:colcon.colcon_core.package_identification:Package 'peresenr_one' with type 'ros.ament_python' and name 'peresenr_one'
[1.525s] Level 1:colcon.colcon_core.package_identification:_identify(qosexample) by extensions ['ignore', 'ignore_ament_install']
[1.526s] Level 1:colcon.colcon_core.package_identification:_identify(qosexample) by extension 'ignore'
[1.526s] Level 1:colcon.colcon_core.package_identification:_identify(qosexample) by extension 'ignore_ament_install'
[1.526s] Level 1:colcon.colcon_core.package_identification:_identify(qosexample) by extensions ['colcon_pkg']
[1.526s] Level 1:colcon.colcon_core.package_identification:_identify(qosexample) by extension 'colcon_pkg'
[1.526s] Level 1:colcon.colcon_core.package_identification:_identify(qosexample) by extensions ['colcon_meta']
[1.527s] Level 1:colcon.colcon_core.package_identification:_identify(qosexample) by extension 'colcon_meta'
[1.527s] Level 1:colcon.colcon_core.package_identification:_identify(qosexample) by extensions ['ros']
[1.527s] Level 1:colcon.colcon_core.package_identification:_identify(qosexample) by extension 'ros'
[1.528s] DEBUG:colcon.colcon_core.package_identification:Package 'qosexample' with type 'ros.ament_python' and name 'qosexample'
[1.529s] Level 1:colcon.colcon_core.package_identification:_identify(quality_of_service_demo) by extensions ['ignore', 'ignore_ament_install']
[1.529s] Level 1:colcon.colcon_core.package_identification:_identify(quality_of_service_demo) by extension 'ignore'
[1.529s] Level 1:colcon.colcon_core.package_identification:_identify(quality_of_service_demo) by extension 'ignore_ament_install'
[1.530s] Level 1:colcon.colcon_core.package_identification:_identify(quality_of_service_demo) by extensions ['colcon_pkg']
[1.530s] Level 1:colcon.colcon_core.package_identification:_identify(quality_of_service_demo) by extension 'colcon_pkg'
[1.530s] Level 1:colcon.colcon_core.package_identification:_identify(quality_of_service_demo) by extensions ['colcon_meta']
[1.530s] Level 1:colcon.colcon_core.package_identification:_identify(quality_of_service_demo) by extension 'colcon_meta'
[1.530s] Level 1:colcon.colcon_core.package_identification:_identify(quality_of_service_demo) by extensions ['ros']
[1.530s] Level 1:colcon.colcon_core.package_identification:_identify(quality_of_service_demo) by extension 'ros'
[1.533s] DEBUG:colcon.colcon_core.package_identification:Package 'quality_of_service_demo' with type 'ros.ament_cmake' and name 'quality_of_service_demo'
[1.534s] Level 1:colcon.colcon_core.package_identification:_identify(ros_gz) by extensions ['ignore', 'ignore_ament_install']
[1.534s] Level 1:colcon.colcon_core.package_identification:_identify(ros_gz) by extension 'ignore'
[1.534s] Level 1:colcon.colcon_core.package_identification:_identify(ros_gz) by extension 'ignore_ament_install'
[1.534s] Level 1:colcon.colcon_core.package_identification:_identify(ros_gz) by extensions ['colcon_pkg']
[1.534s] Level 1:colcon.colcon_core.package_identification:_identify(ros_gz) by extension 'colcon_pkg'
[1.535s] Level 1:colcon.colcon_core.package_identification:_identify(ros_gz) by extensions ['colcon_meta']
[1.535s] Level 1:colcon.colcon_core.package_identification:_identify(ros_gz) by extension 'colcon_meta'
[1.535s] Level 1:colcon.colcon_core.package_identification:_identify(ros_gz) by extensions ['ros']
[1.535s] Level 1:colcon.colcon_core.package_identification:_identify(ros_gz) by extension 'ros'
[1.535s] Level 1:colcon.colcon_core.package_identification:_identify(ros_gz) by extensions ['cmake', 'python']
[1.536s] Level 1:colcon.colcon_core.package_identification:_identify(ros_gz) by extension 'cmake'
[1.536s] Level 1:colcon.colcon_core.package_identification:_identify(ros_gz) by extension 'python'
[1.536s] Level 1:colcon.colcon_core.package_identification:_identify(ros_gz) by extensions ['python_setup_py']
[1.536s] Level 1:colcon.colcon_core.package_identification:_identify(ros_gz) by extension 'python_setup_py'
[1.536s] Level 1:colcon.colcon_core.package_identification:_identify(ros_gz/img) by extensions ['ignore', 'ignore_ament_install']
[1.537s] Level 1:colcon.colcon_core.package_identification:_identify(ros_gz/img) by extension 'ignore'
[1.537s] Level 1:colcon.colcon_core.package_identification:_identify(ros_gz/img) by extension 'ignore_ament_install'
[1.537s] Level 1:colcon.colcon_core.package_identification:_identify(ros_gz/img) by extensions ['colcon_pkg']
[1.537s] Level 1:colcon.colcon_core.package_identification:_identify(ros_gz/img) by extension 'colcon_pkg'
[1.537s] Level 1:colcon.colcon_core.package_identification:_identify(ros_gz/img) by extensions ['colcon_meta']
[1.538s] Level 1:colcon.colcon_core.package_identification:_identify(ros_gz/img) by extension 'colcon_meta'
[1.538s] Level 1:colcon.colcon_core.package_identification:_identify(ros_gz/img) by extensions ['ros']
[1.538s] Level 1:colcon.colcon_core.package_identification:_identify(ros_gz/img) by extension 'ros'
[1.538s] Level 1:colcon.colcon_core.package_identification:_identify(ros_gz/img) by extensions ['cmake', 'python']
[1.538s] Level 1:colcon.colcon_core.package_identification:_identify(ros_gz/img) by extension 'cmake'
[1.538s] Level 1:colcon.colcon_core.package_identification:_identify(ros_gz/img) by extension 'python'
[1.539s] Level 1:colcon.colcon_core.package_identification:_identify(ros_gz/img) by extensions ['python_setup_py']
[1.539s] Level 1:colcon.colcon_core.package_identification:_identify(ros_gz/img) by extension 'python_setup_py'
[1.539s] Level 1:colcon.colcon_core.package_identification:_identify(ros_gz/ros_gz) by extensions ['ignore', 'ignore_ament_install']
[1.540s] Level 1:colcon.colcon_core.package_identification:_identify(ros_gz/ros_gz) by extension 'ignore'
[1.540s] Level 1:colcon.colcon_core.package_identification:_identify(ros_gz/ros_gz) by extension 'ignore_ament_install'
[1.540s] Level 1:colcon.colcon_core.package_identification:_identify(ros_gz/ros_gz) by extensions ['colcon_pkg']
[1.540s] Level 1:colcon.colcon_core.package_identification:_identify(ros_gz/ros_gz) by extension 'colcon_pkg'
[1.540s] Level 1:colcon.colcon_core.package_identification:_identify(ros_gz/ros_gz) by extensions ['colcon_meta']
[1.541s] Level 1:colcon.colcon_core.package_identification:_identify(ros_gz/ros_gz) by extension 'colcon_meta'
[1.541s] Level 1:colcon.colcon_core.package_identification:_identify(ros_gz/ros_gz) by extensions ['ros']
[1.541s] Level 1:colcon.colcon_core.package_identification:_identify(ros_gz/ros_gz) by extension 'ros'
[1.544s] DEBUG:colcon.colcon_core.package_identification:Package 'ros_gz/ros_gz' with type 'ros.ament_cmake' and name 'ros_gz'
[1.544s] Level 1:colcon.colcon_core.package_identification:_identify(ros_gz/ros_gz_bridge) by extensions ['ignore', 'ignore_ament_install']
[1.545s] Level 1:colcon.colcon_core.package_identification:_identify(ros_gz/ros_gz_bridge) by extension 'ignore'
[1.545s] Level 1:colcon.colcon_core.package_identification:_identify(ros_gz/ros_gz_bridge) by extension 'ignore_ament_install'
[1.545s] Level 1:colcon.colcon_core.package_identification:_identify(ros_gz/ros_gz_bridge) by extensions ['colcon_pkg']
[1.545s] Level 1:colcon.colcon_core.package_identification:_identify(ros_gz/ros_gz_bridge) by extension 'colcon_pkg'
[1.545s] Level 1:colcon.colcon_core.package_identification:_identify(ros_gz/ros_gz_bridge) by extensions ['colcon_meta']
[1.546s] Level 1:colcon.colcon_core.package_identification:_identify(ros_gz/ros_gz_bridge) by extension 'colcon_meta'
[1.546s] Level 1:colcon.colcon_core.package_identification:_identify(ros_gz/ros_gz_bridge) by extensions ['ros']
[1.546s] Level 1:colcon.colcon_core.package_identification:_identify(ros_gz/ros_gz_bridge) by extension 'ros'
[1.568s] DEBUG:colcon.colcon_core.package_identification:Package 'ros_gz/ros_gz_bridge' with type 'ros.ament_cmake' and name 'ros_gz_bridge'
[1.569s] Level 1:colcon.colcon_core.package_identification:_identify(ros_gz/ros_gz_image) by extensions ['ignore', 'ignore_ament_install']
[1.569s] Level 1:colcon.colcon_core.package_identification:_identify(ros_gz/ros_gz_image) by extension 'ignore'
[1.569s] Level 1:colcon.colcon_core.package_identification:_identify(ros_gz/ros_gz_image) by extension 'ignore_ament_install'
[1.569s] Level 1:colcon.colcon_core.package_identification:_identify(ros_gz/ros_gz_image) by extensions ['colcon_pkg']
[1.570s] Level 1:colcon.colcon_core.package_identification:_identify(ros_gz/ros_gz_image) by extension 'colcon_pkg'
[1.570s] Level 1:colcon.colcon_core.package_identification:_identify(ros_gz/ros_gz_image) by extensions ['colcon_meta']
[1.570s] Level 1:colcon.colcon_core.package_identification:_identify(ros_gz/ros_gz_image) by extension 'colcon_meta'
[1.570s] Level 1:colcon.colcon_core.package_identification:_identify(ros_gz/ros_gz_image) by extensions ['ros']
[1.570s] Level 1:colcon.colcon_core.package_identification:_identify(ros_gz/ros_gz_image) by extension 'ros'
[1.589s] DEBUG:colcon.colcon_core.package_identification:Package 'ros_gz/ros_gz_image' with type 'ros.ament_cmake' and name 'ros_gz_image'
[1.589s] Level 1:colcon.colcon_core.package_identification:_identify(ros_gz/ros_gz_interfaces) by extensions ['ignore', 'ignore_ament_install']
[1.590s] Level 1:colcon.colcon_core.package_identification:_identify(ros_gz/ros_gz_interfaces) by extension 'ignore'
[1.590s] Level 1:colcon.colcon_core.package_identification:_identify(ros_gz/ros_gz_interfaces) by extension 'ignore_ament_install'
[1.590s] Level 1:colcon.colcon_core.package_identification:_identify(ros_gz/ros_gz_interfaces) by extensions ['colcon_pkg']
[1.590s] Level 1:colcon.colcon_core.package_identification:_identify(ros_gz/ros_gz_interfaces) by extension 'colcon_pkg'
[1.591s] Level 1:colcon.colcon_core.package_identification:_identify(ros_gz/ros_gz_interfaces) by extensions ['colcon_meta']
[1.591s] Level 1:colcon.colcon_core.package_identification:_identify(ros_gz/ros_gz_interfaces) by extension 'colcon_meta'
[1.591s] Level 1:colcon.colcon_core.package_identification:_identify(ros_gz/ros_gz_interfaces) by extensions ['ros']
[1.591s] Level 1:colcon.colcon_core.package_identification:_identify(ros_gz/ros_gz_interfaces) by extension 'ros'
[1.594s] DEBUG:colcon.colcon_core.package_identification:Package 'ros_gz/ros_gz_interfaces' with type 'ros.ament_cmake' and name 'ros_gz_interfaces'
[1.594s] Level 1:colcon.colcon_core.package_identification:_identify(ros_gz/ros_gz_point_cloud) by extensions ['ignore', 'ignore_ament_install']
[1.594s] Level 1:colcon.colcon_core.package_identification:_identify(ros_gz/ros_gz_point_cloud) by extension 'ignore'
[1.595s] Level 1:colcon.colcon_core.package_identification:_identify(ros_gz/ros_gz_point_cloud) ignored
[1.595s] Level 1:colcon.colcon_core.package_identification:_identify(ros_gz/ros_gz_sim) by extensions ['ignore', 'ignore_ament_install']
[1.595s] Level 1:colcon.colcon_core.package_identification:_identify(ros_gz/ros_gz_sim) by extension 'ignore'
[1.596s] Level 1:colcon.colcon_core.package_identification:_identify(ros_gz/ros_gz_sim) by extension 'ignore_ament_install'
[1.596s] Level 1:colcon.colcon_core.package_identification:_identify(ros_gz/ros_gz_sim) by extensions ['colcon_pkg']
[1.596s] Level 1:colcon.colcon_core.package_identification:_identify(ros_gz/ros_gz_sim) by extension 'colcon_pkg'
[1.596s] Level 1:colcon.colcon_core.package_identification:_identify(ros_gz/ros_gz_sim) by extensions ['colcon_meta']
[1.596s] Level 1:colcon.colcon_core.package_identification:_identify(ros_gz/ros_gz_sim) by extension 'colcon_meta'
[1.597s] Level 1:colcon.colcon_core.package_identification:_identify(ros_gz/ros_gz_sim) by extensions ['ros']
[1.597s] Level 1:colcon.colcon_core.package_identification:_identify(ros_gz/ros_gz_sim) by extension 'ros'
[1.611s] DEBUG:colcon.colcon_core.package_identification:Package 'ros_gz/ros_gz_sim' with type 'ros.ament_cmake' and name 'ros_gz_sim'
[1.612s] Level 1:colcon.colcon_core.package_identification:_identify(ros_gz/ros_gz_sim_demos) by extensions ['ignore', 'ignore_ament_install']
[1.612s] Level 1:colcon.colcon_core.package_identification:_identify(ros_gz/ros_gz_sim_demos) by extension 'ignore'
[1.613s] Level 1:colcon.colcon_core.package_identification:_identify(ros_gz/ros_gz_sim_demos) by extension 'ignore_ament_install'
[1.613s] Level 1:colcon.colcon_core.package_identification:_identify(ros_gz/ros_gz_sim_demos) by extensions ['colcon_pkg']
[1.613s] Level 1:colcon.colcon_core.package_identification:_identify(ros_gz/ros_gz_sim_demos) by extension 'colcon_pkg'
[1.613s] Level 1:colcon.colcon_core.package_identification:_identify(ros_gz/ros_gz_sim_demos) by extensions ['colcon_meta']
[1.613s] Level 1:colcon.colcon_core.package_identification:_identify(ros_gz/ros_gz_sim_demos) by extension 'colcon_meta'
[1.613s] Level 1:colcon.colcon_core.package_identification:_identify(ros_gz/ros_gz_sim_demos) by extensions ['ros']
[1.614s] Level 1:colcon.colcon_core.package_identification:_identify(ros_gz/ros_gz_sim_demos) by extension 'ros'
[1.622s] DEBUG:colcon.colcon_core.package_identification:Package 'ros_gz/ros_gz_sim_demos' with type 'ros.ament_cmake' and name 'ros_gz_sim_demos'
[1.622s] Level 1:colcon.colcon_core.package_identification:_identify(turtlemania) by extensions ['ignore', 'ignore_ament_install']
[1.623s] Level 1:colcon.colcon_core.package_identification:_identify(turtlemania) by extension 'ignore'
[1.623s] Level 1:colcon.colcon_core.package_identification:_identify(turtlemania) by extension 'ignore_ament_install'
[1.623s] Level 1:colcon.colcon_core.package_identification:_identify(turtlemania) by extensions ['colcon_pkg']
[1.623s] Level 1:colcon.colcon_core.package_identification:_identify(turtlemania) by extension 'colcon_pkg'
[1.623s] Level 1:colcon.colcon_core.package_identification:_identify(turtlemania) by extensions ['colcon_meta']
[1.624s] Level 1:colcon.colcon_core.package_identification:_identify(turtlemania) by extension 'colcon_meta'
[1.624s] Level 1:colcon.colcon_core.package_identification:_identify(turtlemania) by extensions ['ros']
[1.624s] Level 1:colcon.colcon_core.package_identification:_identify(turtlemania) by extension 'ros'
[1.626s] DEBUG:colcon.colcon_core.package_identification:Package 'turtlemania' with type 'ros.ament_python' and name 'turtlemania'
[1.627s] Level 1:colcon.colcon_core.package_identification:_identify(turtlesim_controller) by extensions ['ignore', 'ignore_ament_install']
[1.627s] Level 1:colcon.colcon_core.package_identification:_identify(turtlesim_controller) by extension 'ignore'
[1.627s] Level 1:colcon.colcon_core.package_identification:_identify(turtlesim_controller) by extension 'ignore_ament_install'
[1.628s] Level 1:colcon.colcon_core.package_identification:_identify(turtlesim_controller) by extensions ['colcon_pkg']
[1.628s] Level 1:colcon.colcon_core.package_identification:_identify(turtlesim_controller) by extension 'colcon_pkg'
[1.628s] Level 1:colcon.colcon_core.package_identification:_identify(turtlesim_controller) by extensions ['colcon_meta']
[1.628s] Level 1:colcon.colcon_core.package_identification:_identify(turtlesim_controller) by extension 'colcon_meta'
[1.628s] Level 1:colcon.colcon_core.package_identification:_identify(turtlesim_controller) by extensions ['ros']
[1.628s] Level 1:colcon.colcon_core.package_identification:_identify(turtlesim_controller) by extension 'ros'
[1.631s] DEBUG:colcon.colcon_core.package_identification:Package 'turtlesim_controller' with type 'ros.ament_python' and name 'turtlesim_controller'
[1.631s] Level 1:colcon.colcon_core.package_identification:_identify(yangsim) by extensions ['ignore', 'ignore_ament_install']
[1.632s] Level 1:colcon.colcon_core.package_identification:_identify(yangsim) by extension 'ignore'
[1.632s] Level 1:colcon.colcon_core.package_identification:_identify(yangsim) by extension 'ignore_ament_install'
[1.632s] Level 1:colcon.colcon_core.package_identification:_identify(yangsim) by extensions ['colcon_pkg']
[1.632s] Level 1:colcon.colcon_core.package_identification:_identify(yangsim) by extension 'colcon_pkg'
[1.632s] Level 1:colcon.colcon_core.package_identification:_identify(yangsim) by extensions ['colcon_meta']
[1.633s] Level 1:colcon.colcon_core.package_identification:_identify(yangsim) by extension 'colcon_meta'
[1.633s] Level 1:colcon.colcon_core.package_identification:_identify(yangsim) by extensions ['ros']
[1.633s] Level 1:colcon.colcon_core.package_identification:_identify(yangsim) by extension 'ros'
[1.636s] DEBUG:colcon.colcon_core.package_identification:Package 'yangsim' with type 'ros.ament_cmake' and name 'yangsim'
[1.637s] Level 1:colcon.colcon_core.package_identification:_identify(yinsim) by extensions ['ignore', 'ignore_ament_install']
[1.637s] Level 1:colcon.colcon_core.package_identification:_identify(yinsim) by extension 'ignore'
[1.637s] Level 1:colcon.colcon_core.package_identification:_identify(yinsim) by extension 'ignore_ament_install'
[1.637s] Level 1:colcon.colcon_core.package_identification:_identify(yinsim) by extensions ['colcon_pkg']
[1.638s] Level 1:colcon.colcon_core.package_identification:_identify(yinsim) by extension 'colcon_pkg'
[1.638s] Level 1:colcon.colcon_core.package_identification:_identify(yinsim) by extensions ['colcon_meta']
[1.638s] Level 1:colcon.colcon_core.package_identification:_identify(yinsim) by extension 'colcon_meta'
[1.638s] Level 1:colcon.colcon_core.package_identification:_identify(yinsim) by extensions ['ros']
[1.638s] Level 1:colcon.colcon_core.package_identification:_identify(yinsim) by extension 'ros'
[1.641s] DEBUG:colcon.colcon_core.package_identification:Package 'yinsim' with type 'ros.ament_python' and name 'yinsim'
[1.641s] Level 1:colcon.colcon_core.package_discovery:discover_packages(recursive) using defaults
[1.641s] Level 1:colcon.colcon_core.package_discovery:discover_packages(ignore) discover
[1.641s] Level 1:colcon.colcon_core.package_discovery:discover_packages(ignore) using defaults
[1.641s] Level 1:colcon.colcon_core.package_discovery:discover_packages(path) discover
[1.641s] Level 1:colcon.colcon_core.package_discovery:discover_packages(path) using defaults
[1.764s] INFO:colcon.colcon_core.package_selection:Skipping not selected package 'interfaces' in 'interfaces'
[1.764s] INFO:colcon.colcon_core.package_selection:Skipping not selected package 'peresenr_one' in 'peresenr_one'
[1.765s] INFO:colcon.colcon_core.package_selection:Skipping not selected package 'qosexample' in 'qosexample'
[1.765s] INFO:colcon.colcon_core.package_selection:Skipping not selected package 'quality_of_service_demo' in 'quality_of_service_demo'
[1.765s] INFO:colcon.colcon_core.package_selection:Skipping not selected package 'ros_gz_interfaces' in 'ros_gz/ros_gz_interfaces'
[1.765s] INFO:colcon.colcon_core.package_selection:Skipping not selected package 'ros_gz_sim' in 'ros_gz/ros_gz_sim'
[1.765s] INFO:colcon.colcon_core.package_selection:Skipping not selected package 'turtlesim_controller' in 'turtlesim_controller'
[1.765s] INFO:colcon.colcon_core.package_selection:Skipping not selected package 'ros_gz_bridge' in 'ros_gz/ros_gz_bridge'
[1.765s] INFO:colcon.colcon_core.package_selection:Skipping not selected package 'yangsim' in 'yangsim'
[1.765s] INFO:colcon.colcon_core.package_selection:Skipping not selected package 'yinsim' in 'yinsim'
[1.765s] INFO:colcon.colcon_core.package_selection:Skipping not selected package 'ros_gz_image' in 'ros_gz/ros_gz_image'
[1.765s] INFO:colcon.colcon_core.package_selection:Skipping not selected package 'ros_gz_sim_demos' in 'ros_gz/ros_gz_sim_demos'
[1.765s] INFO:colcon.colcon_core.package_selection:Skipping not selected package 'ros_gz' in 'ros_gz/ros_gz'
[1.769s] Level 5:colcon.colcon_core.verb:set package 'turtlemania' build argument 'cmake_args' from command line to 'None'
[1.769s] Level 5:colcon.colcon_core.verb:set package 'turtlemania' build argument 'cmake_target' from command line to 'None'
[1.770s] Level 5:colcon.colcon_core.verb:set package 'turtlemania' build argument 'cmake_target_skip_unavailable' from command line to 'False'
[1.770s] Level 5:colcon.colcon_core.verb:set package 'turtlemania' build argument 'cmake_clean_cache' from command line to 'False'
[1.770s] Level 5:colcon.colcon_core.verb:set package 'turtlemania' build argument 'cmake_clean_first' from command line to 'False'
[1.770s] Level 5:colcon.colcon_core.verb:set package 'turtlemania' build argument 'cmake_force_configure' from command line to 'False'
[1.770s] Level 5:colcon.colcon_core.verb:set package 'turtlemania' build argument 'ament_cmake_args' from command line to 'None'
[1.770s] Level 5:colcon.colcon_core.verb:set package 'turtlemania' build argument 'catkin_cmake_args' from command line to 'None'
[1.770s] Level 5:colcon.colcon_core.verb:set package 'turtlemania' build argument 'catkin_skip_building_tests' from command line to 'False'
[1.770s] DEBUG:colcon.colcon_core.verb:Building package 'turtlemania' with the following arguments: {'ament_cmake_args': None, 'build_base': '/home/soroush/robatics/Assignment2/assi2/src/build/turtlemania', 'catkin_cmake_args': None, 'catkin_skip_building_tests': False, 'cmake_args': None, 'cmake_clean_cache': False, 'cmake_clean_first': False, 'cmake_force_configure': False, 'cmake_target': None, 'cmake_target_skip_unavailable': False, 'install_base': '/home/soroush/robatics/Assignment2/assi2/src/install/turtlemania', 'merge_install': False, 'path': '/home/soroush/robatics/Assignment2/assi2/src/turtlemania', 'symlink_install': False, 'test_result_base': None}
[1.773s] INFO:colcon.colcon_core.executor:Executing jobs using 'parallel' executor
[1.786s] DEBUG:colcon.colcon_parallel_executor.executor.parallel:run_until_complete
[1.787s] INFO:colcon.colcon_ros.task.ament_python.build:Building ROS package in '/home/soroush/robatics/Assignment2/assi2/src/turtlemania' with build type 'ament_python'
[1.787s] Level 1:colcon.colcon_core.shell:create_environment_hook('turtlemania', 'ament_prefix_path')
[1.804s] INFO:colcon.colcon_core.plugin_system:Skipping extension 'colcon_core.shell.bat': Not used on non-Windows systems
[1.805s] INFO:colcon.colcon_core.shell:Creating environment hook '/home/soroush/robatics/Assignment2/assi2/src/install/turtlemania/share/turtlemania/hook/ament_prefix_path.ps1'
[1.807s] INFO:colcon.colcon_core.shell:Creating environment descriptor '/home/soroush/robatics/Assignment2/assi2/src/install/turtlemania/share/turtlemania/hook/ament_prefix_path.dsv'
[1.809s] INFO:colcon.colcon_core.shell:Creating environment hook '/home/soroush/robatics/Assignment2/assi2/src/install/turtlemania/share/turtlemania/hook/ament_prefix_path.sh'
[1.816s] INFO:colcon.colcon_core.shell:Skip shell extension 'powershell' for command environment: Not usable outside of PowerShell
[1.816s] DEBUG:colcon.colcon_core.shell:Skip shell extension 'dsv' for command environment
[2.593s] INFO:colcon.colcon_core.task.python.build:Building Python package in '/home/soroush/robatics/Assignment2/assi2/src/turtlemania'
[2.598s] INFO:colcon.colcon_core.shell:Skip shell extension 'powershell' for command environment: Not usable outside of PowerShell
[2.598s] DEBUG:colcon.colcon_core.shell:Skip shell extension 'dsv' for command environment
[4.709s] DEBUG:colcon.colcon_core.event_handler.log_command:Invoking command in '/home/soroush/robatics/Assignment2/assi2/src/turtlemania': PYTHONPATH=/home/soroush/robatics/Assignment2/assi2/src/build/turtlemania/prefix_override:/home/soroush/robatics/Assignment2/assi2/src/install/turtlemania/lib/python3.10/site-packages:${PYTHONPATH} /usr/bin/python3 setup.py egg_info --egg-base ../build/turtlemania build --build-base /home/soroush/robatics/Assignment2/assi2/src/build/turtlemania/build install --record /home/soroush/robatics/Assignment2/assi2/src/build/turtlemania/install.log --single-version-externally-managed
[6.687s] DEBUG:colcon.colcon_core.event_handler.log_command:Invoked command in '/home/soroush/robatics/Assignment2/assi2/src/turtlemania' returned '0': PYTHONPATH=/home/soroush/robatics/Assignment2/assi2/src/build/turtlemania/prefix_override:/home/soroush/robatics/Assignment2/assi2/src/install/turtlemania/lib/python3.10/site-packages:${PYTHONPATH} /usr/bin/python3 setup.py egg_info --egg-base ../build/turtlemania build --build-base /home/soroush/robatics/Assignment2/assi2/src/build/turtlemania/build install --record /home/soroush/robatics/Assignment2/assi2/src/build/turtlemania/install.log --single-version-externally-managed
[6.702s] Level 1:colcon.colcon_core.environment:checking '/home/soroush/robatics/Assignment2/assi2/src/install/turtlemania' for CMake module files
[6.704s] Level 1:colcon.colcon_core.environment:checking '/home/soroush/robatics/Assignment2/assi2/src/install/turtlemania' for CMake config files
[6.706s] Level 1:colcon.colcon_core.environment:checking '/home/soroush/robatics/Assignment2/assi2/src/install/turtlemania/lib'
[6.707s] Level 1:colcon.colcon_core.environment:checking '/home/soroush/robatics/Assignment2/assi2/src/install/turtlemania/bin'
[6.708s] Level 1:colcon.colcon_core.environment:checking '/home/soroush/robatics/Assignment2/assi2/src/install/turtlemania/lib/pkgconfig/turtlemania.pc'
[6.708s] Level 1:colcon.colcon_core.environment:checking '/home/soroush/robatics/Assignment2/assi2/src/install/turtlemania/lib/python3.10/site-packages'
[6.709s] Level 1:colcon.colcon_core.shell:create_environment_hook('turtlemania', 'pythonpath')
[6.713s] INFO:colcon.colcon_core.shell:Creating environment hook '/home/soroush/robatics/Assignment2/assi2/src/install/turtlemania/share/turtlemania/hook/pythonpath.ps1'
[6.715s] INFO:colcon.colcon_core.shell:Creating environment descriptor '/home/soroush/robatics/Assignment2/assi2/src/install/turtlemania/share/turtlemania/hook/pythonpath.dsv'
[6.717s] INFO:colcon.colcon_core.shell:Creating environment hook '/home/soroush/robatics/Assignment2/assi2/src/install/turtlemania/share/turtlemania/hook/pythonpath.sh'
[6.718s] Level 1:colcon.colcon_core.environment:checking '/home/soroush/robatics/Assignment2/assi2/src/install/turtlemania/bin'
[6.719s] Level 1:colcon.colcon_core.environment:create_environment_scripts_only(turtlemania)
[6.723s] INFO:colcon.colcon_core.shell:Creating package script '/home/soroush/robatics/Assignment2/assi2/src/install/turtlemania/share/turtlemania/package.ps1'
[6.726s] INFO:colcon.colcon_core.shell:Creating package descriptor '/home/soroush/robatics/Assignment2/assi2/src/install/turtlemania/share/turtlemania/package.dsv'
[6.728s] INFO:colcon.colcon_core.shell:Creating package script '/home/soroush/robatics/Assignment2/assi2/src/install/turtlemania/share/turtlemania/package.sh'
[6.731s] INFO:colcon.colcon_core.shell:Creating package script '/home/soroush/robatics/Assignment2/assi2/src/install/turtlemania/share/turtlemania/package.bash'
[6.733s] INFO:colcon.colcon_core.shell:Creating package script '/home/soroush/robatics/Assignment2/assi2/src/install/turtlemania/share/turtlemania/package.zsh'
[6.735s] Level 1:colcon.colcon_core.environment:create_file_with_runtime_dependencies(/home/soroush/robatics/Assignment2/assi2/src/install/turtlemania/share/colcon-core/packages/turtlemania)
[6.736s] DEBUG:colcon.colcon_parallel_executor.executor.parallel:closing loop
[6.737s] DEBUG:colcon.colcon_parallel_executor.executor.parallel:loop closed
[6.738s] DEBUG:colcon.colcon_parallel_executor.executor.parallel:run_until_complete finished with '0'
[6.738s] DEBUG:colcon.colcon_core.event_reactor:joining thread
[6.758s] INFO:colcon.colcon_core.plugin_system:Skipping extension 'colcon_notification.desktop_notification.notify_send': Could not find 'notify-send'
[6.759s] INFO:colcon.colcon_core.plugin_system:Skipping extension 'colcon_notification.desktop_notification.terminal_notifier': Not used on non-Darwin systems
[6.759s] INFO:colcon.colcon_core.plugin_system:Skipping extension 'colcon_notification.desktop_notification.win32': Not used on non-Windows systems
[6.759s] INFO:colcon.colcon_notification.desktop_notification:Sending desktop notification using 'notify2'
[6.800s] DEBUG:colcon.colcon_core.event_reactor:joined thread
[6.805s] INFO:colcon.colcon_core.shell:Creating prefix script '/home/soroush/robatics/Assignment2/assi2/src/install/local_setup.ps1'
[6.809s] INFO:colcon.colcon_core.shell:Creating prefix util module '/home/soroush/robatics/Assignment2/assi2/src/install/_local_setup_util_ps1.py'
[6.816s] INFO:colcon.colcon_core.shell:Creating prefix chain script '/home/soroush/robatics/Assignment2/assi2/src/install/setup.ps1'
[6.823s] INFO:colcon.colcon_core.shell:Creating prefix script '/home/soroush/robatics/Assignment2/assi2/src/install/local_setup.sh'
[6.826s] INFO:colcon.colcon_core.shell:Creating prefix util module '/home/soroush/robatics/Assignment2/assi2/src/install/_local_setup_util_sh.py'
[6.828s] INFO:colcon.colcon_core.shell:Creating prefix chain script '/home/soroush/robatics/Assignment2/assi2/src/install/setup.sh'
[6.833s] INFO:colcon.colcon_core.shell:Creating prefix script '/home/soroush/robatics/Assignment2/assi2/src/install/local_setup.bash'
[6.834s] INFO:colcon.colcon_core.shell:Creating prefix chain script '/home/soroush/robatics/Assignment2/assi2/src/install/setup.bash'
[6.839s] INFO:colcon.colcon_core.shell:Creating prefix script '/home/soroush/robatics/Assignment2/assi2/src/install/local_setup.zsh'
[6.841s] INFO:colcon.colcon_core.shell:Creating prefix chain script '/home/soroush/robatics/Assignment2/assi2/src/install/setup.zsh'
