[0.550s] Invoking command in '/home/soroush/robatics/Assignment2/assi2/src/yinsim': CMAKE_PREFIX_PATH=/home/soroush/robatics/Assignment2/assi2/install/interfaces:/home/soroush/robatics/Assignment2/assi2/install/yangsim PYTHONPATH=/home/soroush/robatics/Assignment2/assi2/build/yinsim/prefix_override:/home/soroush/robatics/Assignment2/assi2/install/yinsim/lib/python3.10/site-packages:${PYTHONPATH} /usr/bin/python3 setup.py egg_info --egg-base ../../build/yinsim build --build-base /home/soroush/robatics/Assignment2/assi2/build/yinsim/build install --record /home/soroush/robatics/Assignment2/assi2/build/yinsim/install.log --single-version-externally-managed
[0.772s] running egg_info
[0.773s] writing ../../build/yinsim/yinsim.egg-info/PKG-INFO
[0.773s] writing dependency_links to ../../build/yinsim/yinsim.egg-info/dependency_links.txt
[0.773s] writing entry points to ../../build/yinsim/yinsim.egg-info/entry_points.txt
[0.773s] writing requirements to ../../build/yinsim/yinsim.egg-info/requires.txt
[0.773s] writing top-level names to ../../build/yinsim/yinsim.egg-info/top_level.txt
[0.775s] reading manifest file '../../build/yinsim/yinsim.egg-info/SOURCES.txt'
[0.776s] writing manifest file '../../build/yinsim/yinsim.egg-info/SOURCES.txt'
[0.776s] running build
[0.776s] running build_py
[0.776s] copying yinsim/yinnode.py -> /home/soroush/robatics/Assignment2/assi2/build/yinsim/build/lib/yinsim
[0.776s] running install
[0.776s] /usr/lib/python3/dist-packages/setuptools/command/install.py:34: SetuptoolsDeprecationWarning: setup.py install is deprecated. Use build and pip and other standards-based tools.
[0.776s]   warnings.warn(
[0.776s] running install_lib
[0.777s] copying /home/soroush/robatics/Assignment2/assi2/build/yinsim/build/lib/yinsim/yinnode.py -> /home/soroush/robatics/Assignment2/assi2/install/yinsim/lib/python3.10/site-packages/yinsim
[0.777s] byte-compiling /home/soroush/robatics/Assignment2/assi2/install/yinsim/lib/python3.10/site-packages/yinsim/yinnode.py to yinnode.cpython-310.pyc
[0.778s] running install_data
[0.778s] running install_egg_info
[0.780s] removing '/home/soroush/robatics/Assignment2/assi2/install/yinsim/lib/python3.10/site-packages/yinsim-0.0.0-py3.10.egg-info' (and everything under it)
[0.780s] Copying ../../build/yinsim/yinsim.egg-info to /home/soroush/robatics/Assignment2/assi2/install/yinsim/lib/python3.10/site-packages/yinsim-0.0.0-py3.10.egg-info
[0.781s] running install_scripts
[0.799s] Installing yinnode script to /home/soroush/robatics/Assignment2/assi2/install/yinsim/lib/yinsim
[0.799s] writing list of installed files to '/home/soroush/robatics/Assignment2/assi2/build/yinsim/install.log'
[0.821s] Invoked command in '/home/soroush/robatics/Assignment2/assi2/src/yinsim' returned '0': CMAKE_PREFIX_PATH=/home/soroush/robatics/Assignment2/assi2/install/interfaces:/home/soroush/robatics/Assignment2/assi2/install/yangsim PYTHONPATH=/home/soroush/robatics/Assignment2/assi2/build/yinsim/prefix_override:/home/soroush/robatics/Assignment2/assi2/install/yinsim/lib/python3.10/site-packages:${PYTHONPATH} /usr/bin/python3 setup.py egg_info --egg-base ../../build/yinsim build --build-base /home/soroush/robatics/Assignment2/assi2/build/yinsim/build install --record /home/soroush/robatics/Assignment2/assi2/build/yinsim/install.log --single-version-externally-managed
