[0.875s] Invoking command in '/home/soroush/robatics/Assignment2/assi2/build/interfaces': CMAKE_PREFIX_PATH=${CMAKE_PREFIX_PATH}:/home/soroush/robatics/Assignment2/assi2/install/yinsim:/home/soroush/robatics/Assignment2/assi2/install/py_srvcli:/home/soroush/robatics/Assignment2/assi2/install/peresenr_one:/home/soroush/robatics/Assignment2/assi2/install/modelgazebo:/home/soroush/robatics/ProjectWS/install/rgb_controller:/home/soroush/robatics/Assignment2/assi2/src/install/turtlemania:/home/soroush/robatics/Assignment2/assi2/src/install/modelgazebo:/home/soroush/robatics/Assignment2/assi2/src/install/lab7:/opt/ros/humble:/home/soroush/ws_moveit2/install/moveit_configs_utils:/home/soroush/ws_moveit2/install/launch_param_builder /usr/bin/cmake --build /home/soroush/robatics/Assignment2/assi2/build/interfaces -- -j8 -l8
[10.103s] [  2%] Built target interfaces__cpp
[10.104s] [ 12%] Built target interfaces__rosidl_generator_c
[10.105s] [ 12%] Built target ament_cmake_python_copy_interfaces
[10.105s] [ 15%] [32mBuilding CXX object CMakeFiles/interfaces__rosidl_typesupport_introspection_cpp.dir/rosidl_typesupport_introspection_cpp/interfaces/srv/detail/first_srevice_message__type_support.cpp.o[0m
[10.106s] [ 25%] Built target interfaces__rosidl_typesupport_introspection_c
[10.107s] [ 28%] [32mBuilding CXX object CMakeFiles/interfaces__rosidl_typesupport_introspection_cpp.dir/rosidl_typesupport_introspection_cpp/interfaces/msg/detail/first_msg_message__type_support.cpp.o[0m
[10.107s] [ 30%] [32mBuilding CXX object CMakeFiles/interfaces__rosidl_typesupport_fastrtps_cpp.dir/rosidl_typesupport_fastrtps_cpp/interfaces/msg/detail/dds_fastrtps/first_msg_message__type_support.cpp.o[0m
[10.108s] [ 33%] [32mBuilding CXX object CMakeFiles/interfaces__rosidl_typesupport_cpp.dir/rosidl_typesupport_cpp/interfaces/msg/first_msg_message__type_support.cpp.o[0m
[10.108s] [ 35%] [32mBuilding CXX object CMakeFiles/interfaces__rosidl_typesupport_fastrtps_c.dir/rosidl_typesupport_fastrtps_c/interfaces/msg/detail/first_msg_message__type_support_c.cpp.o[0m
[10.109s] [ 46%] Built target interfaces__rosidl_typesupport_c
[10.109s] [ 48%] [32mBuilding CXX object CMakeFiles/interfaces__rosidl_typesupport_cpp.dir/rosidl_typesupport_cpp/interfaces/srv/first_srevice_message__type_support.cpp.o[0m
[10.110s] [ 51%] [32mBuilding CXX object CMakeFiles/interfaces__rosidl_typesupport_fastrtps_c.dir/rosidl_typesupport_fastrtps_c/interfaces/srv/detail/first_srevice_message__type_support_c.cpp.o[0m
[10.110s] running egg_info
[10.111s] writing interfaces.egg-info/PKG-INFO
[10.111s] writing dependency_links to interfaces.egg-info/dependency_links.txt
[10.112s] writing top-level names to interfaces.egg-info/top_level.txt
[10.113s] [ 53%] [32mBuilding CXX object CMakeFiles/interfaces__rosidl_typesupport_fastrtps_cpp.dir/rosidl_typesupport_fastrtps_cpp/interfaces/srv/detail/dds_fastrtps/first_srevice_message__type_support.cpp.o[0m
[10.113s] [ 56%] [32m[1mLinking CXX shared library libinterfaces__rosidl_typesupport_cpp.so[0m
[10.114s] reading manifest file 'interfaces.egg-info/SOURCES.txt'
[10.114s] writing manifest file 'interfaces.egg-info/SOURCES.txt'
[10.115s] [ 56%] Built target ament_cmake_python_build_interfaces_egg
[10.115s] [ 58%] [32m[1mLinking CXX shared library libinterfaces__rosidl_typesupport_fastrtps_c.so[0m
[10.116s] [ 61%] [32m[1mLinking CXX shared library libinterfaces__rosidl_typesupport_introspection_cpp.so[0m
[10.117s] [ 64%] Built target interfaces__rosidl_typesupport_cpp
[10.118s] [ 66%] Built target interfaces__rosidl_typesupport_introspection_cpp
[10.120s] [ 69%] Built target interfaces__rosidl_typesupport_fastrtps_c
[10.121s] [ 71%] [32m[1mLinking CXX shared library libinterfaces__rosidl_typesupport_fastrtps_cpp.so[0m
[10.122s] [ 74%] Built target interfaces__rosidl_typesupport_fastrtps_cpp
[10.122s] [ 74%] Built target interfaces
[10.287s] [ 76%] Built target interfaces__py
[10.523s] [ 79%] [32mBuilding C object CMakeFiles/interfaces__rosidl_generator_py.dir/rosidl_generator_py/interfaces/msg/_first_msg_message_s.c.o[0m
[10.528s] [ 82%] [32mBuilding C object CMakeFiles/interfaces__rosidl_generator_py.dir/rosidl_generator_py/interfaces/srv/_first_srevice_message_s.c.o[0m
[11.456s] [ 84%] [32m[1mLinking C shared library rosidl_generator_py/interfaces/libinterfaces__rosidl_generator_py.so[0m
[11.778s] [ 84%] Built target interfaces__rosidl_generator_py
[12.024s] [ 87%] [32mBuilding C object CMakeFiles/interfaces__rosidl_typesupport_fastrtps_c__pyext.dir/rosidl_generator_py/interfaces/_interfaces_s.ep.rosidl_typesupport_fastrtps_c.c.o[0m
[12.033s] [ 89%] [32mBuilding C object CMakeFiles/interfaces__rosidl_typesupport_c__pyext.dir/rosidl_generator_py/interfaces/_interfaces_s.ep.rosidl_typesupport_c.c.o[0m
[12.044s] [ 92%] [32mBuilding C object CMakeFiles/interfaces__rosidl_typesupport_introspection_c__pyext.dir/rosidl_generator_py/interfaces/_interfaces_s.ep.rosidl_typesupport_introspection_c.c.o[0m
[12.875s] [ 94%] [32m[1mLinking C shared library rosidl_generator_py/interfaces/interfaces_s__rosidl_typesupport_c.cpython-310-x86_64-linux-gnu.so[0m
[12.898s] [ 97%] [32m[1mLinking C shared library rosidl_generator_py/interfaces/interfaces_s__rosidl_typesupport_introspection_c.cpython-310-x86_64-linux-gnu.so[0m
[12.899s] [100%] [32m[1mLinking C shared library rosidl_generator_py/interfaces/interfaces_s__rosidl_typesupport_fastrtps_c.cpython-310-x86_64-linux-gnu.so[0m
[13.192s] [100%] Built target interfaces__rosidl_typesupport_c__pyext
[13.210s] [100%] Built target interfaces__rosidl_typesupport_introspection_c__pyext
[13.236s] [100%] Built target interfaces__rosidl_typesupport_fastrtps_c__pyext
