[2.030s] Invoking command in '/home/soroush/robatics/Assignment2/assi2/src/modelgazebo': PYTHONPATH=/home/soroush/robatics/Assignment2/assi2/build/modelgazebo/prefix_override:/home/soroush/robatics/Assignment2/assi2/install/modelgazebo/lib/python3.10/site-packages:${PYTHONPATH} /usr/bin/python3 setup.py egg_info --egg-base ../../build/modelgazebo build --build-base /home/soroush/robatics/Assignment2/assi2/build/modelgazebo/build install --record /home/soroush/robatics/Assignment2/assi2/build/modelgazebo/install.log --single-version-externally-managed
[2.561s] running egg_info
[2.586s] writing ../../build/modelgazebo/modelgazebo.egg-info/PKG-INFO
[2.589s] writing dependency_links to ../../build/modelgazebo/modelgazebo.egg-info/dependency_links.txt
[2.589s] writing entry points to ../../build/modelgazebo/modelgazebo.egg-info/entry_points.txt
[2.589s] writing requirements to ../../build/modelgazebo/modelgazebo.egg-info/requires.txt
[2.589s] writing top-level names to ../../build/modelgazebo/modelgazebo.egg-info/top_level.txt
[2.663s] reading manifest file '../../build/modelgazebo/modelgazebo.egg-info/SOURCES.txt'
[2.664s] writing manifest file '../../build/modelgazebo/modelgazebo.egg-info/SOURCES.txt'
[2.665s] running build
[2.665s] running build_py
[2.666s] running install
[2.666s] /home/soroush/.local/lib/python3.10/site-packages/setuptools/command/install.py:34: SetuptoolsDeprecationWarning: setup.py install is deprecated. Use build and pip and other standards-based tools.
[2.666s]   warnings.warn(
[2.684s] running install_lib
[2.717s] byte-compiling /home/soroush/robatics/Assignment2/assi2/install/modelgazebo/lib/python3.10/site-packages/modelgazebo/gazebotwist.py to gazebotwist.cpython-310.pyc
[2.718s] Sorry: TabError: inconsistent use of tabs and spaces in indentation (gazebotwist.py, line 28)
[2.718s] running install_data
[2.757s] running install_egg_info
[2.794s] removing '/home/soroush/robatics/Assignment2/assi2/install/modelgazebo/lib/python3.10/site-packages/modelgazebo-0.0.0-py3.10.egg-info' (and everything under it)
[2.795s] Copying ../../build/modelgazebo/modelgazebo.egg-info to /home/soroush/robatics/Assignment2/assi2/install/modelgazebo/lib/python3.10/site-packages/modelgazebo-0.0.0-py3.10.egg-info
[2.797s] running install_scripts
[3.172s] Installing modelgazebo script to /home/soroush/robatics/Assignment2/assi2/install/modelgazebo/lib/modelgazebo
[3.174s] Installing twist script to /home/soroush/robatics/Assignment2/assi2/install/modelgazebo/lib/modelgazebo
[3.175s] writing list of installed files to '/home/soroush/robatics/Assignment2/assi2/build/modelgazebo/install.log'
[3.245s] Invoked command in '/home/soroush/robatics/Assignment2/assi2/src/modelgazebo' returned '0': PYTHONPATH=/home/soroush/robatics/Assignment2/assi2/build/modelgazebo/prefix_override:/home/soroush/robatics/Assignment2/assi2/install/modelgazebo/lib/python3.10/site-packages:${PYTHONPATH} /usr/bin/python3 setup.py egg_info --egg-base ../../build/modelgazebo build --build-base /home/soroush/robatics/Assignment2/assi2/build/modelgazebo/build install --record /home/soroush/robatics/Assignment2/assi2/build/modelgazebo/install.log --single-version-externally-managed
