[0.773s] Invoking command in '/home/soroush/robatics/Assignment2/assi2/src/modelgazebo': PYTHONPATH=/home/soroush/robatics/Assignment2/assi2/src/build/modelgazebo/prefix_override:/home/soroush/robatics/Assignment2/assi2/src/install/modelgazebo/lib/python3.10/site-packages:${PYTHONPATH} /usr/bin/python3 setup.py egg_info --egg-base ../build/modelgazebo build --build-base /home/soroush/robatics/Assignment2/assi2/src/build/modelgazebo/build install --record /home/soroush/robatics/Assignment2/assi2/src/build/modelgazebo/install.log --single-version-externally-managed
[0.993s] running egg_info
[1.007s] writing ../build/modelgazebo/modelgazebo.egg-info/PKG-INFO
[1.007s] writing dependency_links to ../build/modelgazebo/modelgazebo.egg-info/dependency_links.txt
[1.007s] writing entry points to ../build/modelgazebo/modelgazebo.egg-info/entry_points.txt
[1.008s] writing requirements to ../build/modelgazebo/modelgazebo.egg-info/requires.txt
[1.008s] writing top-level names to ../build/modelgazebo/modelgazebo.egg-info/top_level.txt
[1.038s] reading manifest file '../build/modelgazebo/modelgazebo.egg-info/SOURCES.txt'
[1.039s] writing manifest file '../build/modelgazebo/modelgazebo.egg-info/SOURCES.txt'
[1.039s] running build
[1.039s] running build_py
[1.039s] running install
[1.039s] /home/soroush/.local/lib/python3.10/site-packages/setuptools/command/install.py:34: SetuptoolsDeprecationWarning: setup.py install is deprecated. Use build and pip and other standards-based tools.
[1.039s]   warnings.warn(
[1.044s] running install_lib
[1.059s] running install_data
[1.073s] running install_egg_info
[1.088s] removing '/home/soroush/robatics/Assignment2/assi2/src/install/modelgazebo/lib/python3.10/site-packages/modelgazebo-0.0.0-py3.10.egg-info' (and everything under it)
[1.089s] Copying ../build/modelgazebo/modelgazebo.egg-info to /home/soroush/robatics/Assignment2/assi2/src/install/modelgazebo/lib/python3.10/site-packages/modelgazebo-0.0.0-py3.10.egg-info
[1.089s] running install_scripts
[1.256s] Installing modelgazebo script to /home/soroush/robatics/Assignment2/assi2/src/install/modelgazebo/lib/modelgazebo
[1.257s] writing list of installed files to '/home/soroush/robatics/Assignment2/assi2/src/build/modelgazebo/install.log'
[1.282s] Invoked command in '/home/soroush/robatics/Assignment2/assi2/src/modelgazebo' returned '0': PYTHONPATH=/home/soroush/robatics/Assignment2/assi2/src/build/modelgazebo/prefix_override:/home/soroush/robatics/Assignment2/assi2/src/install/modelgazebo/lib/python3.10/site-packages:${PYTHONPATH} /usr/bin/python3 setup.py egg_info --egg-base ../build/modelgazebo build --build-base /home/soroush/robatics/Assignment2/assi2/src/build/modelgazebo/build install --record /home/soroush/robatics/Assignment2/assi2/src/build/modelgazebo/install.log --single-version-externally-managed
