[3.130s] Invoking command in '/home/soroush/robatics/Assignment2/assi2/src/turtlemania': PYTHONPATH=/home/soroush/robatics/Assignment2/assi2/src/build/turtlemania/prefix_override:/home/soroush/robatics/Assignment2/assi2/src/install/turtlemania/lib/python3.10/site-packages:${PYTHONPATH} /usr/bin/python3 setup.py egg_info --egg-base ../build/turtlemania build --build-base /home/soroush/robatics/Assignment2/assi2/src/build/turtlemania/build install --record /home/soroush/robatics/Assignment2/assi2/src/build/turtlemania/install.log --single-version-externally-managed
[4.023s] running egg_info
[4.084s] writing ../build/turtlemania/turtlemania.egg-info/PKG-INFO
[4.085s] writing dependency_links to ../build/turtlemania/turtlemania.egg-info/dependency_links.txt
[4.086s] writing entry points to ../build/turtlemania/turtlemania.egg-info/entry_points.txt
[4.087s] writing requirements to ../build/turtlemania/turtlemania.egg-info/requires.txt
[4.088s] writing top-level names to ../build/turtlemania/turtlemania.egg-info/top_level.txt
[4.205s] reading manifest file '../build/turtlemania/turtlemania.egg-info/SOURCES.txt'
[4.209s] writing manifest file '../build/turtlemania/turtlemania.egg-info/SOURCES.txt'
[4.209s] running build
[4.209s] running build_py
[4.210s] running install
[4.211s] /home/soroush/.local/lib/python3.10/site-packages/setuptools/command/install.py:34: SetuptoolsDeprecationWarning: setup.py install is deprecated. Use build and pip and other standards-based tools.
[4.211s]   warnings.warn(
[4.230s] running install_lib
[4.318s] running install_data
[4.384s] copying launch/launch.py -> /home/soroush/robatics/Assignment2/assi2/src/install/turtlemania/share/turtlemania
[4.384s] running install_egg_info
[4.453s] removing '/home/soroush/robatics/Assignment2/assi2/src/install/turtlemania/lib/python3.10/site-packages/turtlemania-0.0.0-py3.10.egg-info' (and everything under it)
[4.454s] Copying ../build/turtlemania/turtlemania.egg-info to /home/soroush/robatics/Assignment2/assi2/src/install/turtlemania/lib/python3.10/site-packages/turtlemania-0.0.0-py3.10.egg-info
[4.458s] running install_scripts
[5.130s] Installing brodcaster script to /home/soroush/robatics/Assignment2/assi2/src/install/turtlemania/lib/turtlemania
[5.131s] Installing listener script to /home/soroush/robatics/Assignment2/assi2/src/install/turtlemania/lib/turtlemania
[5.132s] writing list of installed files to '/home/soroush/robatics/Assignment2/assi2/src/build/turtlemania/install.log'
[5.219s] Invoked command in '/home/soroush/robatics/Assignment2/assi2/src/turtlemania' returned '0': PYTHONPATH=/home/soroush/robatics/Assignment2/assi2/src/build/turtlemania/prefix_override:/home/soroush/robatics/Assignment2/assi2/src/install/turtlemania/lib/python3.10/site-packages:${PYTHONPATH} /usr/bin/python3 setup.py egg_info --egg-base ../build/turtlemania build --build-base /home/soroush/robatics/Assignment2/assi2/src/build/turtlemania/build install --record /home/soroush/robatics/Assignment2/assi2/src/build/turtlemania/install.log --single-version-externally-managed
