[0.022s] Invoking command in '/home/soroush/ros2_ws/build/bobsim': CMAKE_PREFIX_PATH=/home/soroush/ros2_ws/install/py_srvcli:/opt/ros/humble /usr/bin/cmake /home/soroush/ros2_ws/src/bobsim -DCMAKE_INSTALL_PREFIX=/home/soroush/ros2_ws/install/bobsim
[0.244s] -- The C compiler identification is GNU 11.3.0
[0.454s] -- The CXX compiler identification is GNU 11.3.0
[0.471s] -- Detecting C compiler ABI info
[0.600s] -- Detecting C compiler ABI info - done
[0.614s] -- Check for working C compiler: /usr/bin/cc - skipped
[0.615s] -- Detecting C compile features
[0.616s] -- Detecting C compile features - done
[0.623s] -- Detecting CXX compiler ABI info
[0.767s] -- Detecting CXX compiler ABI info - done
[0.781s] -- Check for working CXX compiler: /usr/bin/c++ - skipped
[0.782s] -- Detecting CXX compile features
[0.783s] -- Detecting CXX compile features - done
[0.795s] -- Found ament_cmake: 1.3.3 (/opt/ros/humble/share/ament_cmake/cmake)
[1.112s] -- Found Python3: /usr/bin/python3.10 (found version "3.10.6") found components: Interpreter 
[1.305s] -- Found rclcpp: 16.0.3 (/opt/ros/humble/share/rclcpp/cmake)
[1.431s] -- Found rosidl_generator_c: 3.1.4 (/opt/ros/humble/share/rosidl_generator_c/cmake)
[1.445s] -- Found rosidl_adapter: 3.1.4 (/opt/ros/humble/share/rosidl_adapter/cmake)
[1.468s] -- Found rosidl_generator_cpp: 3.1.4 (/opt/ros/humble/share/rosidl_generator_cpp/cmake)
[1.503s] -- Using all available rosidl_typesupport_c: rosidl_typesupport_fastrtps_c;rosidl_typesupport_introspection_c
[1.550s] -- Using all available rosidl_typesupport_cpp: rosidl_typesupport_fastrtps_cpp;rosidl_typesupport_introspection_cpp
[1.713s] -- Found rmw_implementation_cmake: 6.1.1 (/opt/ros/humble/share/rmw_implementation_cmake/cmake)
[1.721s] -- Found rmw_fastrtps_cpp: 6.2.2 (/opt/ros/humble/share/rmw_fastrtps_cpp/cmake)
[1.953s] -- Found OpenSSL: /usr/lib/x86_64-linux-gnu/libcrypto.so (found version "3.0.2")  
[2.020s] -- Found FastRTPS: /opt/ros/humble/include  
[2.131s] -- Using RMW implementation 'rmw_fastrtps_cpp' as default
[2.157s] -- Looking for pthread.h
[2.292s] -- Looking for pthread.h - found
[2.293s] -- Performing Test CMAKE_HAVE_LIBC_PTHREAD
[2.426s] -- Performing Test CMAKE_HAVE_LIBC_PTHREAD - Success
[2.429s] -- Found Threads: TRUE  
[2.787s] -- Found ament_lint_auto: 0.12.5 (/opt/ros/humble/share/ament_lint_auto/cmake)
[2.948s] -- Added test 'cppcheck' to perform static code analysis on C / C++ code
[2.949s] -- Configured cppcheck include dirs: 
[2.949s] -- Configured cppcheck exclude dirs and/or files: 
[2.950s] -- Added test 'lint_cmake' to check CMake code style
[2.953s] -- Added test 'uncrustify' to check C / C++ code style
[2.953s] -- Configured uncrustify additional arguments: 
[2.954s] -- Added test 'xmllint' to check XML markup files
[2.957s] -- Configuring done
[2.976s] -- Generating done
[2.978s] -- Build files have been written to: /home/soroush/ros2_ws/build/bobsim
[2.991s] Invoked command in '/home/soroush/ros2_ws/build/bobsim' returned '0': CMAKE_PREFIX_PATH=/home/soroush/ros2_ws/install/py_srvcli:/opt/ros/humble /usr/bin/cmake /home/soroush/ros2_ws/src/bobsim -DCMAKE_INSTALL_PREFIX=/home/soroush/ros2_ws/install/bobsim
[2.996s] Invoking command in '/home/soroush/ros2_ws/build/bobsim': CMAKE_PREFIX_PATH=/home/soroush/ros2_ws/install/py_srvcli:/opt/ros/humble /usr/bin/cmake --build /home/soroush/ros2_ws/build/bobsim -- -j8 -l8
[3.080s] [ 50%] [32mBuilding CXX object CMakeFiles/talker.dir/src/publisher_member_function.cpp.o[0m
[10.799s] [100%] [32m[1mLinking CXX executable talker[0m
[11.148s] [100%] Built target talker
[11.167s] Invoked command in '/home/soroush/ros2_ws/build/bobsim' returned '0': CMAKE_PREFIX_PATH=/home/soroush/ros2_ws/install/py_srvcli:/opt/ros/humble /usr/bin/cmake --build /home/soroush/ros2_ws/build/bobsim -- -j8 -l8
[11.226s] Invoking command in '/home/soroush/ros2_ws/build/bobsim': CMAKE_PREFIX_PATH=/home/soroush/ros2_ws/install/py_srvcli:/opt/ros/humble /usr/bin/cmake --install /home/soroush/ros2_ws/build/bobsim
[11.238s] -- Install configuration: ""
[11.239s] -- Installing: /home/soroush/ros2_ws/install/bobsim/lib/bobsim/talker
[11.241s] -- Set runtime path of "/home/soroush/ros2_ws/install/bobsim/lib/bobsim/talker" to ""
[11.242s] -- Installing: /home/soroush/ros2_ws/install/bobsim/share/ament_index/resource_index/package_run_dependencies/bobsim
[11.242s] -- Installing: /home/soroush/ros2_ws/install/bobsim/share/ament_index/resource_index/parent_prefix_path/bobsim
[11.242s] -- Installing: /home/soroush/ros2_ws/install/bobsim/share/bobsim/environment/ament_prefix_path.sh
[11.243s] -- Installing: /home/soroush/ros2_ws/install/bobsim/share/bobsim/environment/ament_prefix_path.dsv
[11.243s] -- Installing: /home/soroush/ros2_ws/install/bobsim/share/bobsim/environment/path.sh
[11.243s] -- Installing: /home/soroush/ros2_ws/install/bobsim/share/bobsim/environment/path.dsv
[11.243s] -- Installing: /home/soroush/ros2_ws/install/bobsim/share/bobsim/local_setup.bash
[11.244s] -- Installing: /home/soroush/ros2_ws/install/bobsim/share/bobsim/local_setup.sh
[11.244s] -- Installing: /home/soroush/ros2_ws/install/bobsim/share/bobsim/local_setup.zsh
[11.244s] -- Installing: /home/soroush/ros2_ws/install/bobsim/share/bobsim/local_setup.dsv
[11.244s] -- Installing: /home/soroush/ros2_ws/install/bobsim/share/bobsim/package.dsv
[11.245s] -- Installing: /home/soroush/ros2_ws/install/bobsim/share/ament_index/resource_index/packages/bobsim
[11.245s] -- Installing: /home/soroush/ros2_ws/install/bobsim/share/bobsim/cmake/bobsimConfig.cmake
[11.245s] -- Installing: /home/soroush/ros2_ws/install/bobsim/share/bobsim/cmake/bobsimConfig-version.cmake
[11.246s] -- Installing: /home/soroush/ros2_ws/install/bobsim/share/bobsim/package.xml
[11.249s] Invoked command in '/home/soroush/ros2_ws/build/bobsim' returned '0': CMAKE_PREFIX_PATH=/home/soroush/ros2_ws/install/py_srvcli:/opt/ros/humble /usr/bin/cmake --install /home/soroush/ros2_ws/build/bobsim
