[0.017s] Invoking command in '/home/soroush/robatics/Assignment2/assi2/build/yangsim': CMAKE_PREFIX_PATH=${CMAKE_PREFIX_PATH}:/home/soroush/robatics/Assignment2/assi2/install/yinsim:/home/soroush/robatics/Assignment2/assi2/install/py_srvcli:/opt/ros/humble /usr/bin/cmake --build /home/soroush/robatics/Assignment2/assi2/build/yangsim -- -j8 -l8
[0.045s] -- Found ament_cmake: 1.3.3 (/opt/ros/humble/share/ament_cmake/cmake)
[0.186s] -- Found ament_lint_auto: 0.12.5 (/opt/ros/humble/share/ament_lint_auto/cmake)
[0.251s] -- Added test 'lint_cmake' to check CMake code style
[0.252s] -- Added test 'xmllint' to check XML markup files
[0.253s] -- Configuring done
[0.256s] -- Generating done
[0.257s] -- Build files have been written to: /home/soroush/robatics/Assignment2/assi2/build/yangsim
[0.278s] Invoked command in '/home/soroush/robatics/Assignment2/assi2/build/yangsim' returned '0': CMAKE_PREFIX_PATH=${CMAKE_PREFIX_PATH}:/home/soroush/robatics/Assignment2/assi2/install/yinsim:/home/soroush/robatics/Assignment2/assi2/install/py_srvcli:/opt/ros/humble /usr/bin/cmake --build /home/soroush/robatics/Assignment2/assi2/build/yangsim -- -j8 -l8
[0.310s] Invoking command in '/home/soroush/robatics/Assignment2/assi2/build/yangsim': CMAKE_PREFIX_PATH=${CMAKE_PREFIX_PATH}:/home/soroush/robatics/Assignment2/assi2/install/yinsim:/home/soroush/robatics/Assignment2/assi2/install/py_srvcli:/opt/ros/humble /usr/bin/cmake --install /home/soroush/robatics/Assignment2/assi2/build/yangsim
[0.318s] -- Install configuration: ""
[0.318s] -- Installing: /home/soroush/robatics/Assignment2/assi2/install/yangsim/share/ament_index/resource_index/package_run_dependencies/yangsim
[0.318s] -- Installing: /home/soroush/robatics/Assignment2/assi2/install/yangsim/share/ament_index/resource_index/parent_prefix_path/yangsim
[0.319s] -- Installing: /home/soroush/robatics/Assignment2/assi2/install/yangsim/share/yangsim/environment/ament_prefix_path.sh
[0.319s] -- Installing: /home/soroush/robatics/Assignment2/assi2/install/yangsim/share/yangsim/environment/ament_prefix_path.dsv
[0.319s] -- Installing: /home/soroush/robatics/Assignment2/assi2/install/yangsim/share/yangsim/environment/path.sh
[0.319s] -- Installing: /home/soroush/robatics/Assignment2/assi2/install/yangsim/share/yangsim/environment/path.dsv
[0.319s] -- Installing: /home/soroush/robatics/Assignment2/assi2/install/yangsim/share/yangsim/local_setup.bash
[0.319s] -- Installing: /home/soroush/robatics/Assignment2/assi2/install/yangsim/share/yangsim/local_setup.sh
[0.320s] -- Installing: /home/soroush/robatics/Assignment2/assi2/install/yangsim/share/yangsim/local_setup.zsh
[0.320s] -- Installing: /home/soroush/robatics/Assignment2/assi2/install/yangsim/share/yangsim/local_setup.dsv
[0.320s] -- Installing: /home/soroush/robatics/Assignment2/assi2/install/yangsim/share/yangsim/package.dsv
[0.320s] -- Installing: /home/soroush/robatics/Assignment2/assi2/install/yangsim/share/ament_index/resource_index/packages/yangsim
[0.320s] -- Installing: /home/soroush/robatics/Assignment2/assi2/install/yangsim/share/yangsim/cmake/yangsimConfig.cmake
[0.321s] -- Installing: /home/soroush/robatics/Assignment2/assi2/install/yangsim/share/yangsim/cmake/yangsimConfig-version.cmake
[0.321s] -- Installing: /home/soroush/robatics/Assignment2/assi2/install/yangsim/share/yangsim/package.xml
[0.322s] Invoked command in '/home/soroush/robatics/Assignment2/assi2/build/yangsim' returned '0': CMAKE_PREFIX_PATH=${CMAKE_PREFIX_PATH}:/home/soroush/robatics/Assignment2/assi2/install/yinsim:/home/soroush/robatics/Assignment2/assi2/install/py_srvcli:/opt/ros/humble /usr/bin/cmake --install /home/soroush/robatics/Assignment2/assi2/build/yangsim
