[1.418s] DEBUG:colcon:Command line arguments: ['/usr/bin/colcon', 'build', '--packages-select', 'lab7']
[1.419s] DEBUG:colcon:Parsed command line arguments: Namespace(log_base=None, log_level=None, verb_name='build', build_base='build', install_base='install', merge_install=False, symlink_install=False, test_result_base=None, continue_on_error=False, executor='parallel', parallel_workers=8, event_handlers=None, ignore_user_meta=False, metas=['./colcon.meta'], base_paths=['.'], packages_ignore=None, packages_ignore_regex=None, paths=None, packages_up_to=None, packages_up_to_regex=None, packages_above=None, packages_above_and_dependencies=None, packages_above_depth=None, packages_select_by_dep=None, packages_skip_by_dep=None, packages_skip_up_to=None, packages_select_build_failed=False, packages_skip_build_finished=False, packages_select_test_failures=False, packages_skip_test_passed=False, packages_select=['lab7'], packages_skip=None, packages_select_regex=None, packages_skip_regex=None, packages_start=None, packages_end=None, cmake_args=None, cmake_target=None, cmake_target_skip_unavailable=False, cmake_clean_cache=False, cmake_clean_first=False, cmake_force_configure=False, ament_cmake_args=None, catkin_cmake_args=None, catkin_skip_building_tests=False, mixin_files=None, mixin=None, verb_parser=<colcon_mixin.mixin.mixin_argument.MixinArgumentDecorator object at 0x7f304bf9b160>, verb_extension=<colcon_core.verb.build.BuildVerb object at 0x7f304c168790>, main=<bound method BuildVerb.main of <colcon_core.verb.build.BuildVerb object at 0x7f304c168790>>, mixin_verb=('build',))
[1.549s] Level 1:colcon.colcon_core.package_discovery:discover_packages(colcon_meta) check parameters
[1.550s] Level 1:colcon.colcon_core.package_discovery:discover_packages(recursive) check parameters
[1.550s] Level 1:colcon.colcon_core.package_discovery:discover_packages(ignore) check parameters
[1.550s] Level 1:colcon.colcon_core.package_discovery:discover_packages(path) check parameters
[1.550s] Level 1:colcon.colcon_core.package_discovery:discover_packages(colcon_meta) discover
[1.550s] Level 1:colcon.colcon_core.package_discovery:discover_packages(recursive) discover
[1.551s] INFO:colcon.colcon_core.package_discovery:Crawling recursively for packages in '/home/soroush/robatics/Assignment2/assi2/src'
[1.551s] Level 1:colcon.colcon_core.package_identification:_identify(.) by extensions ['ignore', 'ignore_ament_install']
[1.551s] Level 1:colcon.colcon_core.package_identification:_identify(.) by extension 'ignore'
[1.552s] Level 1:colcon.colcon_core.package_identification:_identify(.) by extension 'ignore_ament_install'
[1.552s] Level 1:colcon.colcon_core.package_identification:_identify(.) by extensions ['colcon_pkg']
[1.552s] Level 1:colcon.colcon_core.package_identification:_identify(.) by extension 'colcon_pkg'
[1.552s] Level 1:colcon.colcon_core.package_identification:_identify(.) by extensions ['colcon_meta']
[1.552s] Level 1:colcon.colcon_core.package_identification:_identify(.) by extension 'colcon_meta'
[1.552s] Level 1:colcon.colcon_core.package_identification:_identify(.) by extensions ['ros']
[1.552s] Level 1:colcon.colcon_core.package_identification:_identify(.) by extension 'ros'
[1.617s] Level 1:colcon.colcon_core.package_identification:_identify(.) by extensions ['cmake', 'python']
[1.617s] Level 1:colcon.colcon_core.package_identification:_identify(.) by extension 'cmake'
[1.618s] Level 1:colcon.colcon_core.package_identification:_identify(.) by extension 'python'
[1.618s] Level 1:colcon.colcon_core.package_identification:_identify(.) by extensions ['python_setup_py']
[1.618s] Level 1:colcon.colcon_core.package_identification:_identify(.) by extension 'python_setup_py'
[1.618s] Level 1:colcon.colcon_core.package_identification:_identify(build) by extensions ['ignore', 'ignore_ament_install']
[1.619s] Level 1:colcon.colcon_core.package_identification:_identify(build) by extension 'ignore'
[1.619s] Level 1:colcon.colcon_core.package_identification:_identify(build) ignored
[1.620s] Level 1:colcon.colcon_core.package_identification:_identify(install) by extensions ['ignore', 'ignore_ament_install']
[1.620s] Level 1:colcon.colcon_core.package_identification:_identify(install) by extension 'ignore'
[1.620s] Level 1:colcon.colcon_core.package_identification:_identify(install) ignored
[1.621s] Level 1:colcon.colcon_core.package_identification:_identify(interfaces) by extensions ['ignore', 'ignore_ament_install']
[1.621s] Level 1:colcon.colcon_core.package_identification:_identify(interfaces) by extension 'ignore'
[1.621s] Level 1:colcon.colcon_core.package_identification:_identify(interfaces) by extension 'ignore_ament_install'
[1.621s] Level 1:colcon.colcon_core.package_identification:_identify(interfaces) by extensions ['colcon_pkg']
[1.621s] Level 1:colcon.colcon_core.package_identification:_identify(interfaces) by extension 'colcon_pkg'
[1.622s] Level 1:colcon.colcon_core.package_identification:_identify(interfaces) by extensions ['colcon_meta']
[1.622s] Level 1:colcon.colcon_core.package_identification:_identify(interfaces) by extension 'colcon_meta'
[1.622s] Level 1:colcon.colcon_core.package_identification:_identify(interfaces) by extensions ['ros']
[1.622s] Level 1:colcon.colcon_core.package_identification:_identify(interfaces) by extension 'ros'
[1.630s] DEBUG:colcon.colcon_core.package_identification:Package 'interfaces' with type 'ros.ament_cmake' and name 'interfaces'
[1.631s] Level 1:colcon.colcon_core.package_identification:_identify(lab3) by extensions ['ignore', 'ignore_ament_install']
[1.631s] Level 1:colcon.colcon_core.package_identification:_identify(lab3) by extension 'ignore'
[1.631s] Level 1:colcon.colcon_core.package_identification:_identify(lab3) by extension 'ignore_ament_install'
[1.632s] Level 1:colcon.colcon_core.package_identification:_identify(lab3) by extensions ['colcon_pkg']
[1.632s] Level 1:colcon.colcon_core.package_identification:_identify(lab3) by extension 'colcon_pkg'
[1.632s] Level 1:colcon.colcon_core.package_identification:_identify(lab3) by extensions ['colcon_meta']
[1.632s] Level 1:colcon.colcon_core.package_identification:_identify(lab3) by extension 'colcon_meta'
[1.632s] Level 1:colcon.colcon_core.package_identification:_identify(lab3) by extensions ['ros']
[1.632s] Level 1:colcon.colcon_core.package_identification:_identify(lab3) by extension 'ros'
[1.633s] Level 1:colcon.colcon_core.package_identification:_identify(lab3) by extensions ['cmake', 'python']
[1.633s] Level 1:colcon.colcon_core.package_identification:_identify(lab3) by extension 'cmake'
[1.633s] Level 1:colcon.colcon_core.package_identification:_identify(lab3) by extension 'python'
[1.633s] Level 1:colcon.colcon_core.package_identification:_identify(lab3) by extensions ['python_setup_py']
[1.633s] Level 1:colcon.colcon_core.package_identification:_identify(lab3) by extension 'python_setup_py'
[1.634s] Level 1:colcon.colcon_core.package_identification:_identify(lab3/6RGazeboModelV1) by extensions ['ignore', 'ignore_ament_install']
[1.634s] Level 1:colcon.colcon_core.package_identification:_identify(lab3/6RGazeboModelV1) by extension 'ignore'
[1.634s] Level 1:colcon.colcon_core.package_identification:_identify(lab3/6RGazeboModelV1) by extension 'ignore_ament_install'
[1.634s] Level 1:colcon.colcon_core.package_identification:_identify(lab3/6RGazeboModelV1) by extensions ['colcon_pkg']
[1.635s] Level 1:colcon.colcon_core.package_identification:_identify(lab3/6RGazeboModelV1) by extension 'colcon_pkg'
[1.635s] Level 1:colcon.colcon_core.package_identification:_identify(lab3/6RGazeboModelV1) by extensions ['colcon_meta']
[1.635s] Level 1:colcon.colcon_core.package_identification:_identify(lab3/6RGazeboModelV1) by extension 'colcon_meta'
[1.635s] Level 1:colcon.colcon_core.package_identification:_identify(lab3/6RGazeboModelV1) by extensions ['ros']
[1.636s] Level 1:colcon.colcon_core.package_identification:_identify(lab3/6RGazeboModelV1) by extension 'ros'
[1.636s] Level 1:colcon.colcon_core.package_identification:_identify(lab3/6RGazeboModelV1) by extensions ['cmake', 'python']
[1.636s] Level 1:colcon.colcon_core.package_identification:_identify(lab3/6RGazeboModelV1) by extension 'cmake'
[1.636s] Level 1:colcon.colcon_core.package_identification:_identify(lab3/6RGazeboModelV1) by extension 'python'
[1.637s] Level 1:colcon.colcon_core.package_identification:_identify(lab3/6RGazeboModelV1) by extensions ['python_setup_py']
[1.637s] Level 1:colcon.colcon_core.package_identification:_identify(lab3/6RGazeboModelV1) by extension 'python_setup_py'
[1.638s] Level 1:colcon.colcon_core.package_identification:_identify(lab3/RRRRRR-Robot-meshes) by extensions ['ignore', 'ignore_ament_install']
[1.638s] Level 1:colcon.colcon_core.package_identification:_identify(lab3/RRRRRR-Robot-meshes) by extension 'ignore'
[1.638s] Level 1:colcon.colcon_core.package_identification:_identify(lab3/RRRRRR-Robot-meshes) by extension 'ignore_ament_install'
[1.638s] Level 1:colcon.colcon_core.package_identification:_identify(lab3/RRRRRR-Robot-meshes) by extensions ['colcon_pkg']
[1.639s] Level 1:colcon.colcon_core.package_identification:_identify(lab3/RRRRRR-Robot-meshes) by extension 'colcon_pkg'
[1.639s] Level 1:colcon.colcon_core.package_identification:_identify(lab3/RRRRRR-Robot-meshes) by extensions ['colcon_meta']
[1.639s] Level 1:colcon.colcon_core.package_identification:_identify(lab3/RRRRRR-Robot-meshes) by extension 'colcon_meta'
[1.639s] Level 1:colcon.colcon_core.package_identification:_identify(lab3/RRRRRR-Robot-meshes) by extensions ['ros']
[1.639s] Level 1:colcon.colcon_core.package_identification:_identify(lab3/RRRRRR-Robot-meshes) by extension 'ros'
[1.640s] Level 1:colcon.colcon_core.package_identification:_identify(lab3/RRRRRR-Robot-meshes) by extensions ['cmake', 'python']
[1.640s] Level 1:colcon.colcon_core.package_identification:_identify(lab3/RRRRRR-Robot-meshes) by extension 'cmake'
[1.640s] Level 1:colcon.colcon_core.package_identification:_identify(lab3/RRRRRR-Robot-meshes) by extension 'python'
[1.640s] Level 1:colcon.colcon_core.package_identification:_identify(lab3/RRRRRR-Robot-meshes) by extensions ['python_setup_py']
[1.640s] Level 1:colcon.colcon_core.package_identification:_identify(lab3/RRRRRR-Robot-meshes) by extension 'python_setup_py'
[1.641s] Level 1:colcon.colcon_core.package_identification:_identify(lab7) by extensions ['ignore', 'ignore_ament_install']
[1.641s] Level 1:colcon.colcon_core.package_identification:_identify(lab7) by extension 'ignore'
[1.641s] Level 1:colcon.colcon_core.package_identification:_identify(lab7) by extension 'ignore_ament_install'
[1.641s] Level 1:colcon.colcon_core.package_identification:_identify(lab7) by extensions ['colcon_pkg']
[1.641s] Level 1:colcon.colcon_core.package_identification:_identify(lab7) by extension 'colcon_pkg'
[1.642s] Level 1:colcon.colcon_core.package_identification:_identify(lab7) by extensions ['colcon_meta']
[1.642s] Level 1:colcon.colcon_core.package_identification:_identify(lab7) by extension 'colcon_meta'
[1.642s] Level 1:colcon.colcon_core.package_identification:_identify(lab7) by extensions ['ros']
[1.642s] Level 1:colcon.colcon_core.package_identification:_identify(lab7) by extension 'ros'
[1.644s] DEBUG:colcon.colcon_core.package_identification:Package 'lab7' with type 'ros.ament_python' and name 'lab7'
[1.645s] Level 1:colcon.colcon_core.package_identification:_identify(log) by extensions ['ignore', 'ignore_ament_install']
[1.645s] Level 1:colcon.colcon_core.package_identification:_identify(log) by extension 'ignore'
[1.646s] Level 1:colcon.colcon_core.package_identification:_identify(log) ignored
[1.646s] Level 1:colcon.colcon_core.package_identification:_identify(peresenr_one) by extensions ['ignore', 'ignore_ament_install']
[1.646s] Level 1:colcon.colcon_core.package_identification:_identify(peresenr_one) by extension 'ignore'
[1.646s] Level 1:colcon.colcon_core.package_identification:_identify(peresenr_one) by extension 'ignore_ament_install'
[1.647s] Level 1:colcon.colcon_core.package_identification:_identify(peresenr_one) by extensions ['colcon_pkg']
[1.647s] Level 1:colcon.colcon_core.package_identification:_identify(peresenr_one) by extension 'colcon_pkg'
[1.647s] Level 1:colcon.colcon_core.package_identification:_identify(peresenr_one) by extensions ['colcon_meta']
[1.647s] Level 1:colcon.colcon_core.package_identification:_identify(peresenr_one) by extension 'colcon_meta'
[1.647s] Level 1:colcon.colcon_core.package_identification:_identify(peresenr_one) by extensions ['ros']
[1.648s] Level 1:colcon.colcon_core.package_identification:_identify(peresenr_one) by extension 'ros'
[1.649s] DEBUG:colcon.colcon_core.package_identification:Package 'peresenr_one' with type 'ros.ament_python' and name 'peresenr_one'
[1.650s] Level 1:colcon.colcon_core.package_identification:_identify(qosexample) by extensions ['ignore', 'ignore_ament_install']
[1.650s] Level 1:colcon.colcon_core.package_identification:_identify(qosexample) by extension 'ignore'
[1.650s] Level 1:colcon.colcon_core.package_identification:_identify(qosexample) by extension 'ignore_ament_install'
[1.650s] Level 1:colcon.colcon_core.package_identification:_identify(qosexample) by extensions ['colcon_pkg']
[1.651s] Level 1:colcon.colcon_core.package_identification:_identify(qosexample) by extension 'colcon_pkg'
[1.651s] Level 1:colcon.colcon_core.package_identification:_identify(qosexample) by extensions ['colcon_meta']
[1.651s] Level 1:colcon.colcon_core.package_identification:_identify(qosexample) by extension 'colcon_meta'
[1.651s] Level 1:colcon.colcon_core.package_identification:_identify(qosexample) by extensions ['ros']
[1.651s] Level 1:colcon.colcon_core.package_identification:_identify(qosexample) by extension 'ros'
[1.653s] DEBUG:colcon.colcon_core.package_identification:Package 'qosexample' with type 'ros.ament_python' and name 'qosexample'
[1.654s] Level 1:colcon.colcon_core.package_identification:_identify(quality_of_service_demo) by extensions ['ignore', 'ignore_ament_install']
[1.654s] Level 1:colcon.colcon_core.package_identification:_identify(quality_of_service_demo) by extension 'ignore'
[1.654s] Level 1:colcon.colcon_core.package_identification:_identify(quality_of_service_demo) by extension 'ignore_ament_install'
[1.655s] Level 1:colcon.colcon_core.package_identification:_identify(quality_of_service_demo) by extensions ['colcon_pkg']
[1.655s] Level 1:colcon.colcon_core.package_identification:_identify(quality_of_service_demo) by extension 'colcon_pkg'
[1.655s] Level 1:colcon.colcon_core.package_identification:_identify(quality_of_service_demo) by extensions ['colcon_meta']
[1.655s] Level 1:colcon.colcon_core.package_identification:_identify(quality_of_service_demo) by extension 'colcon_meta'
[1.656s] Level 1:colcon.colcon_core.package_identification:_identify(quality_of_service_demo) by extensions ['ros']
[1.656s] Level 1:colcon.colcon_core.package_identification:_identify(quality_of_service_demo) by extension 'ros'
[1.659s] DEBUG:colcon.colcon_core.package_identification:Package 'quality_of_service_demo' with type 'ros.ament_cmake' and name 'quality_of_service_demo'
[1.659s] Level 1:colcon.colcon_core.package_identification:_identify(ros_gz) by extensions ['ignore', 'ignore_ament_install']
[1.660s] Level 1:colcon.colcon_core.package_identification:_identify(ros_gz) by extension 'ignore'
[1.660s] Level 1:colcon.colcon_core.package_identification:_identify(ros_gz) by extension 'ignore_ament_install'
[1.660s] Level 1:colcon.colcon_core.package_identification:_identify(ros_gz) by extensions ['colcon_pkg']
[1.660s] Level 1:colcon.colcon_core.package_identification:_identify(ros_gz) by extension 'colcon_pkg'
[1.660s] Level 1:colcon.colcon_core.package_identification:_identify(ros_gz) by extensions ['colcon_meta']
[1.660s] Level 1:colcon.colcon_core.package_identification:_identify(ros_gz) by extension 'colcon_meta'
[1.661s] Level 1:colcon.colcon_core.package_identification:_identify(ros_gz) by extensions ['ros']
[1.661s] Level 1:colcon.colcon_core.package_identification:_identify(ros_gz) by extension 'ros'
[1.661s] Level 1:colcon.colcon_core.package_identification:_identify(ros_gz) by extensions ['cmake', 'python']
[1.661s] Level 1:colcon.colcon_core.package_identification:_identify(ros_gz) by extension 'cmake'
[1.661s] Level 1:colcon.colcon_core.package_identification:_identify(ros_gz) by extension 'python'
[1.662s] Level 1:colcon.colcon_core.package_identification:_identify(ros_gz) by extensions ['python_setup_py']
[1.662s] Level 1:colcon.colcon_core.package_identification:_identify(ros_gz) by extension 'python_setup_py'
[1.662s] Level 1:colcon.colcon_core.package_identification:_identify(ros_gz/img) by extensions ['ignore', 'ignore_ament_install']
[1.662s] Level 1:colcon.colcon_core.package_identification:_identify(ros_gz/img) by extension 'ignore'
[1.663s] Level 1:colcon.colcon_core.package_identification:_identify(ros_gz/img) by extension 'ignore_ament_install'
[1.663s] Level 1:colcon.colcon_core.package_identification:_identify(ros_gz/img) by extensions ['colcon_pkg']
[1.663s] Level 1:colcon.colcon_core.package_identification:_identify(ros_gz/img) by extension 'colcon_pkg'
[1.663s] Level 1:colcon.colcon_core.package_identification:_identify(ros_gz/img) by extensions ['colcon_meta']
[1.663s] Level 1:colcon.colcon_core.package_identification:_identify(ros_gz/img) by extension 'colcon_meta'
[1.664s] Level 1:colcon.colcon_core.package_identification:_identify(ros_gz/img) by extensions ['ros']
[1.664s] Level 1:colcon.colcon_core.package_identification:_identify(ros_gz/img) by extension 'ros'
[1.664s] Level 1:colcon.colcon_core.package_identification:_identify(ros_gz/img) by extensions ['cmake', 'python']
[1.664s] Level 1:colcon.colcon_core.package_identification:_identify(ros_gz/img) by extension 'cmake'
[1.664s] Level 1:colcon.colcon_core.package_identification:_identify(ros_gz/img) by extension 'python'
[1.664s] Level 1:colcon.colcon_core.package_identification:_identify(ros_gz/img) by extensions ['python_setup_py']
[1.665s] Level 1:colcon.colcon_core.package_identification:_identify(ros_gz/img) by extension 'python_setup_py'
[1.665s] Level 1:colcon.colcon_core.package_identification:_identify(ros_gz/ros_gz) by extensions ['ignore', 'ignore_ament_install']
[1.665s] Level 1:colcon.colcon_core.package_identification:_identify(ros_gz/ros_gz) by extension 'ignore'
[1.666s] Level 1:colcon.colcon_core.package_identification:_identify(ros_gz/ros_gz) by extension 'ignore_ament_install'
[1.666s] Level 1:colcon.colcon_core.package_identification:_identify(ros_gz/ros_gz) by extensions ['colcon_pkg']
[1.666s] Level 1:colcon.colcon_core.package_identification:_identify(ros_gz/ros_gz) by extension 'colcon_pkg'
[1.666s] Level 1:colcon.colcon_core.package_identification:_identify(ros_gz/ros_gz) by extensions ['colcon_meta']
[1.666s] Level 1:colcon.colcon_core.package_identification:_identify(ros_gz/ros_gz) by extension 'colcon_meta'
[1.666s] Level 1:colcon.colcon_core.package_identification:_identify(ros_gz/ros_gz) by extensions ['ros']
[1.666s] Level 1:colcon.colcon_core.package_identification:_identify(ros_gz/ros_gz) by extension 'ros'
[1.669s] DEBUG:colcon.colcon_core.package_identification:Package 'ros_gz/ros_gz' with type 'ros.ament_cmake' and name 'ros_gz'
[1.669s] Level 1:colcon.colcon_core.package_identification:_identify(ros_gz/ros_gz_bridge) by extensions ['ignore', 'ignore_ament_install']
[1.670s] Level 1:colcon.colcon_core.package_identification:_identify(ros_gz/ros_gz_bridge) by extension 'ignore'
[1.670s] Level 1:colcon.colcon_core.package_identification:_identify(ros_gz/ros_gz_bridge) by extension 'ignore_ament_install'
[1.670s] Level 1:colcon.colcon_core.package_identification:_identify(ros_gz/ros_gz_bridge) by extensions ['colcon_pkg']
[1.670s] Level 1:colcon.colcon_core.package_identification:_identify(ros_gz/ros_gz_bridge) by extension 'colcon_pkg'
[1.670s] Level 1:colcon.colcon_core.package_identification:_identify(ros_gz/ros_gz_bridge) by extensions ['colcon_meta']
[1.671s] Level 1:colcon.colcon_core.package_identification:_identify(ros_gz/ros_gz_bridge) by extension 'colcon_meta'
[1.671s] Level 1:colcon.colcon_core.package_identification:_identify(ros_gz/ros_gz_bridge) by extensions ['ros']
[1.671s] Level 1:colcon.colcon_core.package_identification:_identify(ros_gz/ros_gz_bridge) by extension 'ros'
[1.699s] DEBUG:colcon.colcon_core.package_identification:Package 'ros_gz/ros_gz_bridge' with type 'ros.ament_cmake' and name 'ros_gz_bridge'
[1.700s] Level 1:colcon.colcon_core.package_identification:_identify(ros_gz/ros_gz_image) by extensions ['ignore', 'ignore_ament_install']
[1.700s] Level 1:colcon.colcon_core.package_identification:_identify(ros_gz/ros_gz_image) by extension 'ignore'
[1.701s] Level 1:colcon.colcon_core.package_identification:_identify(ros_gz/ros_gz_image) by extension 'ignore_ament_install'
[1.701s] Level 1:colcon.colcon_core.package_identification:_identify(ros_gz/ros_gz_image) by extensions ['colcon_pkg']
[1.701s] Level 1:colcon.colcon_core.package_identification:_identify(ros_gz/ros_gz_image) by extension 'colcon_pkg'
[1.701s] Level 1:colcon.colcon_core.package_identification:_identify(ros_gz/ros_gz_image) by extensions ['colcon_meta']
[1.701s] Level 1:colcon.colcon_core.package_identification:_identify(ros_gz/ros_gz_image) by extension 'colcon_meta'
[1.702s] Level 1:colcon.colcon_core.package_identification:_identify(ros_gz/ros_gz_image) by extensions ['ros']
[1.702s] Level 1:colcon.colcon_core.package_identification:_identify(ros_gz/ros_gz_image) by extension 'ros'
[1.716s] DEBUG:colcon.colcon_core.package_identification:Package 'ros_gz/ros_gz_image' with type 'ros.ament_cmake' and name 'ros_gz_image'
[1.716s] Level 1:colcon.colcon_core.package_identification:_identify(ros_gz/ros_gz_interfaces) by extensions ['ignore', 'ignore_ament_install']
[1.717s] Level 1:colcon.colcon_core.package_identification:_identify(ros_gz/ros_gz_interfaces) by extension 'ignore'
[1.717s] Level 1:colcon.colcon_core.package_identification:_identify(ros_gz/ros_gz_interfaces) by extension 'ignore_ament_install'
[1.717s] Level 1:colcon.colcon_core.package_identification:_identify(ros_gz/ros_gz_interfaces) by extensions ['colcon_pkg']
[1.718s] Level 1:colcon.colcon_core.package_identification:_identify(ros_gz/ros_gz_interfaces) by extension 'colcon_pkg'
[1.718s] Level 1:colcon.colcon_core.package_identification:_identify(ros_gz/ros_gz_interfaces) by extensions ['colcon_meta']
[1.718s] Level 1:colcon.colcon_core.package_identification:_identify(ros_gz/ros_gz_interfaces) by extension 'colcon_meta'
[1.718s] Level 1:colcon.colcon_core.package_identification:_identify(ros_gz/ros_gz_interfaces) by extensions ['ros']
[1.718s] Level 1:colcon.colcon_core.package_identification:_identify(ros_gz/ros_gz_interfaces) by extension 'ros'
[1.721s] DEBUG:colcon.colcon_core.package_identification:Package 'ros_gz/ros_gz_interfaces' with type 'ros.ament_cmake' and name 'ros_gz_interfaces'
[1.721s] Level 1:colcon.colcon_core.package_identification:_identify(ros_gz/ros_gz_point_cloud) by extensions ['ignore', 'ignore_ament_install']
[1.722s] Level 1:colcon.colcon_core.package_identification:_identify(ros_gz/ros_gz_point_cloud) by extension 'ignore'
[1.722s] Level 1:colcon.colcon_core.package_identification:_identify(ros_gz/ros_gz_point_cloud) ignored
[1.723s] Level 1:colcon.colcon_core.package_identification:_identify(ros_gz/ros_gz_sim) by extensions ['ignore', 'ignore_ament_install']
[1.723s] Level 1:colcon.colcon_core.package_identification:_identify(ros_gz/ros_gz_sim) by extension 'ignore'
[1.723s] Level 1:colcon.colcon_core.package_identification:_identify(ros_gz/ros_gz_sim) by extension 'ignore_ament_install'
[1.724s] Level 1:colcon.colcon_core.package_identification:_identify(ros_gz/ros_gz_sim) by extensions ['colcon_pkg']
[1.724s] Level 1:colcon.colcon_core.package_identification:_identify(ros_gz/ros_gz_sim) by extension 'colcon_pkg'
[1.724s] Level 1:colcon.colcon_core.package_identification:_identify(ros_gz/ros_gz_sim) by extensions ['colcon_meta']
[1.724s] Level 1:colcon.colcon_core.package_identification:_identify(ros_gz/ros_gz_sim) by extension 'colcon_meta'
[1.724s] Level 1:colcon.colcon_core.package_identification:_identify(ros_gz/ros_gz_sim) by extensions ['ros']
[1.724s] Level 1:colcon.colcon_core.package_identification:_identify(ros_gz/ros_gz_sim) by extension 'ros'
[1.738s] DEBUG:colcon.colcon_core.package_identification:Package 'ros_gz/ros_gz_sim' with type 'ros.ament_cmake' and name 'ros_gz_sim'
[1.739s] Level 1:colcon.colcon_core.package_identification:_identify(ros_gz/ros_gz_sim_demos) by extensions ['ignore', 'ignore_ament_install']
[1.739s] Level 1:colcon.colcon_core.package_identification:_identify(ros_gz/ros_gz_sim_demos) by extension 'ignore'
[1.739s] Level 1:colcon.colcon_core.package_identification:_identify(ros_gz/ros_gz_sim_demos) by extension 'ignore_ament_install'
[1.740s] Level 1:colcon.colcon_core.package_identification:_identify(ros_gz/ros_gz_sim_demos) by extensions ['colcon_pkg']
[1.740s] Level 1:colcon.colcon_core.package_identification:_identify(ros_gz/ros_gz_sim_demos) by extension 'colcon_pkg'
[1.740s] Level 1:colcon.colcon_core.package_identification:_identify(ros_gz/ros_gz_sim_demos) by extensions ['colcon_meta']
[1.740s] Level 1:colcon.colcon_core.package_identification:_identify(ros_gz/ros_gz_sim_demos) by extension 'colcon_meta'
[1.740s] Level 1:colcon.colcon_core.package_identification:_identify(ros_gz/ros_gz_sim_demos) by extensions ['ros']
[1.740s] Level 1:colcon.colcon_core.package_identification:_identify(ros_gz/ros_gz_sim_demos) by extension 'ros'
[1.749s] DEBUG:colcon.colcon_core.package_identification:Package 'ros_gz/ros_gz_sim_demos' with type 'ros.ament_cmake' and name 'ros_gz_sim_demos'
[1.750s] Level 1:colcon.colcon_core.package_identification:_identify(turtlemania) by extensions ['ignore', 'ignore_ament_install']
[1.750s] Level 1:colcon.colcon_core.package_identification:_identify(turtlemania) by extension 'ignore'
[1.750s] Level 1:colcon.colcon_core.package_identification:_identify(turtlemania) by extension 'ignore_ament_install'
[1.751s] Level 1:colcon.colcon_core.package_identification:_identify(turtlemania) by extensions ['colcon_pkg']
[1.751s] Level 1:colcon.colcon_core.package_identification:_identify(turtlemania) by extension 'colcon_pkg'
[1.751s] Level 1:colcon.colcon_core.package_identification:_identify(turtlemania) by extensions ['colcon_meta']
[1.751s] Level 1:colcon.colcon_core.package_identification:_identify(turtlemania) by extension 'colcon_meta'
[1.751s] Level 1:colcon.colcon_core.package_identification:_identify(turtlemania) by extensions ['ros']
[1.751s] Level 1:colcon.colcon_core.package_identification:_identify(turtlemania) by extension 'ros'
[1.754s] DEBUG:colcon.colcon_core.package_identification:Package 'turtlemania' with type 'ros.ament_python' and name 'turtlemania'
[1.754s] Level 1:colcon.colcon_core.package_identification:_identify(turtlesim_controller) by extensions ['ignore', 'ignore_ament_install']
[1.754s] Level 1:colcon.colcon_core.package_identification:_identify(turtlesim_controller) by extension 'ignore'
[1.755s] Level 1:colcon.colcon_core.package_identification:_identify(turtlesim_controller) by extension 'ignore_ament_install'
[1.755s] Level 1:colcon.colcon_core.package_identification:_identify(turtlesim_controller) by extensions ['colcon_pkg']
[1.755s] Level 1:colcon.colcon_core.package_identification:_identify(turtlesim_controller) by extension 'colcon_pkg'
[1.755s] Level 1:colcon.colcon_core.package_identification:_identify(turtlesim_controller) by extensions ['colcon_meta']
[1.755s] Level 1:colcon.colcon_core.package_identification:_identify(turtlesim_controller) by extension 'colcon_meta'
[1.756s] Level 1:colcon.colcon_core.package_identification:_identify(turtlesim_controller) by extensions ['ros']
[1.756s] Level 1:colcon.colcon_core.package_identification:_identify(turtlesim_controller) by extension 'ros'
[1.757s] DEBUG:colcon.colcon_core.package_identification:Package 'turtlesim_controller' with type 'ros.ament_python' and name 'turtlesim_controller'
[1.758s] Level 1:colcon.colcon_core.package_identification:_identify(yangsim) by extensions ['ignore', 'ignore_ament_install']
[1.758s] Level 1:colcon.colcon_core.package_identification:_identify(yangsim) by extension 'ignore'
[1.758s] Level 1:colcon.colcon_core.package_identification:_identify(yangsim) by extension 'ignore_ament_install'
[1.759s] Level 1:colcon.colcon_core.package_identification:_identify(yangsim) by extensions ['colcon_pkg']
[1.759s] Level 1:colcon.colcon_core.package_identification:_identify(yangsim) by extension 'colcon_pkg'
[1.759s] Level 1:colcon.colcon_core.package_identification:_identify(yangsim) by extensions ['colcon_meta']
[1.759s] Level 1:colcon.colcon_core.package_identification:_identify(yangsim) by extension 'colcon_meta'
[1.759s] Level 1:colcon.colcon_core.package_identification:_identify(yangsim) by extensions ['ros']
[1.760s] Level 1:colcon.colcon_core.package_identification:_identify(yangsim) by extension 'ros'
[1.762s] DEBUG:colcon.colcon_core.package_identification:Package 'yangsim' with type 'ros.ament_cmake' and name 'yangsim'
[1.762s] Level 1:colcon.colcon_core.package_identification:_identify(yinsim) by extensions ['ignore', 'ignore_ament_install']
[1.763s] Level 1:colcon.colcon_core.package_identification:_identify(yinsim) by extension 'ignore'
[1.763s] Level 1:colcon.colcon_core.package_identification:_identify(yinsim) by extension 'ignore_ament_install'
[1.763s] Level 1:colcon.colcon_core.package_identification:_identify(yinsim) by extensions ['colcon_pkg']
[1.763s] Level 1:colcon.colcon_core.package_identification:_identify(yinsim) by extension 'colcon_pkg'
[1.763s] Level 1:colcon.colcon_core.package_identification:_identify(yinsim) by extensions ['colcon_meta']
[1.763s] Level 1:colcon.colcon_core.package_identification:_identify(yinsim) by extension 'colcon_meta'
[1.764s] Level 1:colcon.colcon_core.package_identification:_identify(yinsim) by extensions ['ros']
[1.764s] Level 1:colcon.colcon_core.package_identification:_identify(yinsim) by extension 'ros'
[1.767s] DEBUG:colcon.colcon_core.package_identification:Package 'yinsim' with type 'ros.ament_python' and name 'yinsim'
[1.767s] Level 1:colcon.colcon_core.package_discovery:discover_packages(recursive) using defaults
[1.767s] Level 1:colcon.colcon_core.package_discovery:discover_packages(ignore) discover
[1.767s] Level 1:colcon.colcon_core.package_discovery:discover_packages(ignore) using defaults
[1.767s] Level 1:colcon.colcon_core.package_discovery:discover_packages(path) discover
[1.767s] Level 1:colcon.colcon_core.package_discovery:discover_packages(path) using defaults
[1.891s] INFO:colcon.colcon_core.package_selection:Skipping not selected package 'interfaces' in 'interfaces'
[1.892s] INFO:colcon.colcon_core.package_selection:Skipping not selected package 'peresenr_one' in 'peresenr_one'
[1.892s] INFO:colcon.colcon_core.package_selection:Skipping not selected package 'qosexample' in 'qosexample'
[1.892s] INFO:colcon.colcon_core.package_selection:Skipping not selected package 'quality_of_service_demo' in 'quality_of_service_demo'
[1.892s] INFO:colcon.colcon_core.package_selection:Skipping not selected package 'ros_gz_interfaces' in 'ros_gz/ros_gz_interfaces'
[1.892s] INFO:colcon.colcon_core.package_selection:Skipping not selected package 'ros_gz_sim' in 'ros_gz/ros_gz_sim'
[1.892s] INFO:colcon.colcon_core.package_selection:Skipping not selected package 'turtlemania' in 'turtlemania'
[1.892s] INFO:colcon.colcon_core.package_selection:Skipping not selected package 'turtlesim_controller' in 'turtlesim_controller'
[1.893s] INFO:colcon.colcon_core.package_selection:Skipping not selected package 'ros_gz_bridge' in 'ros_gz/ros_gz_bridge'
[1.893s] INFO:colcon.colcon_core.package_selection:Skipping not selected package 'yangsim' in 'yangsim'
[1.893s] INFO:colcon.colcon_core.package_selection:Skipping not selected package 'yinsim' in 'yinsim'
[1.893s] INFO:colcon.colcon_core.package_selection:Skipping not selected package 'ros_gz_image' in 'ros_gz/ros_gz_image'
[1.893s] INFO:colcon.colcon_core.package_selection:Skipping not selected package 'ros_gz_sim_demos' in 'ros_gz/ros_gz_sim_demos'
[1.893s] INFO:colcon.colcon_core.package_selection:Skipping not selected package 'ros_gz' in 'ros_gz/ros_gz'
[1.897s] Level 5:colcon.colcon_core.verb:set package 'lab7' build argument 'cmake_args' from command line to 'None'
[1.897s] Level 5:colcon.colcon_core.verb:set package 'lab7' build argument 'cmake_target' from command line to 'None'
[1.897s] Level 5:colcon.colcon_core.verb:set package 'lab7' build argument 'cmake_target_skip_unavailable' from command line to 'False'
[1.897s] Level 5:colcon.colcon_core.verb:set package 'lab7' build argument 'cmake_clean_cache' from command line to 'False'
[1.898s] Level 5:colcon.colcon_core.verb:set package 'lab7' build argument 'cmake_clean_first' from command line to 'False'
[1.898s] Level 5:colcon.colcon_core.verb:set package 'lab7' build argument 'cmake_force_configure' from command line to 'False'
[1.898s] Level 5:colcon.colcon_core.verb:set package 'lab7' build argument 'ament_cmake_args' from command line to 'None'
[1.898s] Level 5:colcon.colcon_core.verb:set package 'lab7' build argument 'catkin_cmake_args' from command line to 'None'
[1.898s] Level 5:colcon.colcon_core.verb:set package 'lab7' build argument 'catkin_skip_building_tests' from command line to 'False'
[1.898s] DEBUG:colcon.colcon_core.verb:Building package 'lab7' with the following arguments: {'ament_cmake_args': None, 'build_base': '/home/soroush/robatics/Assignment2/assi2/src/build/lab7', 'catkin_cmake_args': None, 'catkin_skip_building_tests': False, 'cmake_args': None, 'cmake_clean_cache': False, 'cmake_clean_first': False, 'cmake_force_configure': False, 'cmake_target': None, 'cmake_target_skip_unavailable': False, 'install_base': '/home/soroush/robatics/Assignment2/assi2/src/install/lab7', 'merge_install': False, 'path': '/home/soroush/robatics/Assignment2/assi2/src/lab7', 'symlink_install': False, 'test_result_base': None}
[1.901s] INFO:colcon.colcon_core.executor:Executing jobs using 'parallel' executor
[1.914s] DEBUG:colcon.colcon_parallel_executor.executor.parallel:run_until_complete
[1.914s] INFO:colcon.colcon_ros.task.ament_python.build:Building ROS package in '/home/soroush/robatics/Assignment2/assi2/src/lab7' with build type 'ament_python'
[1.915s] Level 1:colcon.colcon_core.shell:create_environment_hook('lab7', 'ament_prefix_path')
[1.933s] INFO:colcon.colcon_core.plugin_system:Skipping extension 'colcon_core.shell.bat': Not used on non-Windows systems
[1.934s] INFO:colcon.colcon_core.shell:Creating environment hook '/home/soroush/robatics/Assignment2/assi2/src/install/lab7/share/lab7/hook/ament_prefix_path.ps1'
[1.936s] INFO:colcon.colcon_core.shell:Creating environment descriptor '/home/soroush/robatics/Assignment2/assi2/src/install/lab7/share/lab7/hook/ament_prefix_path.dsv'
[1.937s] INFO:colcon.colcon_core.shell:Creating environment hook '/home/soroush/robatics/Assignment2/assi2/src/install/lab7/share/lab7/hook/ament_prefix_path.sh'
[1.944s] INFO:colcon.colcon_core.shell:Skip shell extension 'powershell' for command environment: Not usable outside of PowerShell
[1.944s] DEBUG:colcon.colcon_core.shell:Skip shell extension 'dsv' for command environment
[1.949s] WARNING:colcon.colcon_core.prefix_path.colcon:The path '/home/soroush/robatics/Assignment2/assi2/src/Lab7/launch/install' in the environment variable COLCON_PREFIX_PATH doesn't exist
[1.950s] WARNING:colcon.colcon_ros.prefix_path.ament:The path '/home/soroush/robatics/Assignment2/assi2/src/install/Lab7' in the environment variable AMENT_PREFIX_PATH doesn't exist
[2.833s] INFO:colcon.colcon_core.task.python.build:Building Python package in '/home/soroush/robatics/Assignment2/assi2/src/lab7'
[2.839s] INFO:colcon.colcon_core.shell:Skip shell extension 'powershell' for command environment: Not usable outside of PowerShell
[2.839s] DEBUG:colcon.colcon_core.shell:Skip shell extension 'dsv' for command environment
[5.084s] DEBUG:colcon.colcon_core.event_handler.log_command:Invoking command in '/home/soroush/robatics/Assignment2/assi2/src/lab7': PYTHONPATH=/home/soroush/robatics/Assignment2/assi2/src/build/lab7/prefix_override:/home/soroush/robatics/Assignment2/assi2/src/install/lab7/lib/python3.10/site-packages:${PYTHONPATH} /usr/bin/python3 setup.py egg_info --egg-base ../build/lab7 build --build-base /home/soroush/robatics/Assignment2/assi2/src/build/lab7/build install --record /home/soroush/robatics/Assignment2/assi2/src/build/lab7/install.log --single-version-externally-managed
[6.332s] DEBUG:colcon.colcon_core.event_handler.log_command:Invoked command in '/home/soroush/robatics/Assignment2/assi2/src/lab7' returned '1': PYTHONPATH=/home/soroush/robatics/Assignment2/assi2/src/build/lab7/prefix_override:/home/soroush/robatics/Assignment2/assi2/src/install/lab7/lib/python3.10/site-packages:${PYTHONPATH} /usr/bin/python3 setup.py egg_info --egg-base ../build/lab7 build --build-base /home/soroush/robatics/Assignment2/assi2/src/build/lab7/build install --record /home/soroush/robatics/Assignment2/assi2/src/build/lab7/install.log --single-version-externally-managed
[6.341s] DEBUG:colcon.colcon_parallel_executor.executor.parallel:closing loop
[6.342s] DEBUG:colcon.colcon_parallel_executor.executor.parallel:loop closed
[6.342s] DEBUG:colcon.colcon_parallel_executor.executor.parallel:run_until_complete finished with '1'
[6.342s] DEBUG:colcon.colcon_core.event_reactor:joining thread
[6.369s] INFO:colcon.colcon_core.plugin_system:Skipping extension 'colcon_notification.desktop_notification.notify_send': Could not find 'notify-send'
[6.369s] INFO:colcon.colcon_core.plugin_system:Skipping extension 'colcon_notification.desktop_notification.terminal_notifier': Not used on non-Darwin systems
[6.370s] INFO:colcon.colcon_core.plugin_system:Skipping extension 'colcon_notification.desktop_notification.win32': Not used on non-Windows systems
[6.370s] INFO:colcon.colcon_notification.desktop_notification:Sending desktop notification using 'notify2'
[6.413s] DEBUG:colcon.colcon_core.event_reactor:joined thread
[6.418s] INFO:colcon.colcon_core.shell:Creating prefix script '/home/soroush/robatics/Assignment2/assi2/src/install/local_setup.ps1'
[6.422s] INFO:colcon.colcon_core.shell:Creating prefix util module '/home/soroush/robatics/Assignment2/assi2/src/install/_local_setup_util_ps1.py'
[6.427s] INFO:colcon.colcon_core.shell:Creating prefix chain script '/home/soroush/robatics/Assignment2/assi2/src/install/setup.ps1'
[6.445s] INFO:colcon.colcon_core.shell:Creating prefix script '/home/soroush/robatics/Assignment2/assi2/src/install/local_setup.sh'
[6.448s] INFO:colcon.colcon_core.shell:Creating prefix util module '/home/soroush/robatics/Assignment2/assi2/src/install/_local_setup_util_sh.py'
[6.450s] INFO:colcon.colcon_core.shell:Creating prefix chain script '/home/soroush/robatics/Assignment2/assi2/src/install/setup.sh'
[6.467s] INFO:colcon.colcon_core.shell:Creating prefix script '/home/soroush/robatics/Assignment2/assi2/src/install/local_setup.bash'
[6.469s] INFO:colcon.colcon_core.shell:Creating prefix chain script '/home/soroush/robatics/Assignment2/assi2/src/install/setup.bash'
[6.487s] INFO:colcon.colcon_core.shell:Creating prefix script '/home/soroush/robatics/Assignment2/assi2/src/install/local_setup.zsh'
[6.489s] INFO:colcon.colcon_core.shell:Creating prefix chain script '/home/soroush/robatics/Assignment2/assi2/src/install/setup.zsh'
