[0.013s] Invoking command in '/home/soroush/robatics/Assignment2/assi2/build/ros_gz': AMENT_PREFIX_PATH=/home/soroush/robatics/Assignment2/assi2/install/ros_gz_sim_demos:/home/soroush/robatics/Assignment2/assi2/install/ros_gz_image:/home/soroush/robatics/Assignment2/assi2/install/ros_gz_bridge:/home/soroush/robatics/Assignment2/assi2/install/ros_gz_sim:/home/soroush/robatics/Assignment2/assi2/install/ros_gz_interfaces:${AMENT_PREFIX_PATH} CMAKE_PREFIX_PATH=/home/soroush/robatics/Assignment2/assi2/install/ros_gz_sim_demos:/home/soroush/robatics/Assignment2/assi2/install/ros_gz_image:/home/soroush/robatics/Assignment2/assi2/install/ros_gz_bridge:/home/soroush/robatics/Assignment2/assi2/install/ros_gz_sim:/home/soroush/robatics/Assignment2/assi2/install/ros_gz_interfaces:/opt/ros/humble LD_LIBRARY_PATH=/home/soroush/robatics/Assignment2/assi2/install/ros_gz_bridge/lib:/home/soroush/robatics/Assignment2/assi2/install/ros_gz_sim/lib:/home/soroush/robatics/Assignment2/assi2/install/ros_gz_interfaces/lib:${LD_LIBRARY_PATH} PYTHONPATH=/home/soroush/robatics/Assignment2/assi2/install/ros_gz_interfaces/local/lib/python3.10/dist-packages:${PYTHONPATH} /usr/bin/cmake /home/soroush/robatics/Assignment2/assi2/src/ros_gz/ros_gz -DAMENT_CMAKE_SYMLINK_INSTALL=1 -DCMAKE_INSTALL_PREFIX=/home/soroush/robatics/Assignment2/assi2/install/ros_gz
[0.061s] -- The C compiler identification is GNU 11.3.0
[0.112s] -- The CXX compiler identification is GNU 11.3.0
[0.119s] -- Detecting C compiler ABI info
[0.180s] -- Detecting C compiler ABI info - done
[0.188s] -- Check for working C compiler: /usr/bin/cc - skipped
[0.188s] -- Detecting C compile features
[0.188s] -- Detecting C compile features - done
[0.191s] -- Detecting CXX compiler ABI info
[0.268s] -- Detecting CXX compiler ABI info - done
[0.277s] -- Check for working CXX compiler: /usr/bin/c++ - skipped
[0.277s] -- Detecting CXX compile features
[0.277s] -- Detecting CXX compile features - done
[0.281s] -- Found ament_cmake: 1.3.3 (/opt/ros/humble/share/ament_cmake/cmake)
[0.608s] -- Found Python3: /usr/bin/python3.10 (found version "3.10.6") found components: Interpreter 
[0.665s] -- Override CMake install command with custom implementation using symlinks instead of copying resources
[0.702s] -- Found ament_lint_auto: 0.12.5 (/opt/ros/humble/share/ament_lint_auto/cmake)
[0.784s] -- Added test 'copyright' to check source files copyright and LICENSE
[0.786s] -- Added test 'lint_cmake' to check CMake code style
[0.786s] -- Added test 'xmllint' to check XML markup files
[0.788s] -- Configuring done
[0.791s] -- Generating done
[0.792s] -- Build files have been written to: /home/soroush/robatics/Assignment2/assi2/build/ros_gz
[0.797s] Invoked command in '/home/soroush/robatics/Assignment2/assi2/build/ros_gz' returned '0': AMENT_PREFIX_PATH=/home/soroush/robatics/Assignment2/assi2/install/ros_gz_sim_demos:/home/soroush/robatics/Assignment2/assi2/install/ros_gz_image:/home/soroush/robatics/Assignment2/assi2/install/ros_gz_bridge:/home/soroush/robatics/Assignment2/assi2/install/ros_gz_sim:/home/soroush/robatics/Assignment2/assi2/install/ros_gz_interfaces:${AMENT_PREFIX_PATH} CMAKE_PREFIX_PATH=/home/soroush/robatics/Assignment2/assi2/install/ros_gz_sim_demos:/home/soroush/robatics/Assignment2/assi2/install/ros_gz_image:/home/soroush/robatics/Assignment2/assi2/install/ros_gz_bridge:/home/soroush/robatics/Assignment2/assi2/install/ros_gz_sim:/home/soroush/robatics/Assignment2/assi2/install/ros_gz_interfaces:/opt/ros/humble LD_LIBRARY_PATH=/home/soroush/robatics/Assignment2/assi2/install/ros_gz_bridge/lib:/home/soroush/robatics/Assignment2/assi2/install/ros_gz_sim/lib:/home/soroush/robatics/Assignment2/assi2/install/ros_gz_interfaces/lib:${LD_LIBRARY_PATH} PYTHONPATH=/home/soroush/robatics/Assignment2/assi2/install/ros_gz_interfaces/local/lib/python3.10/dist-packages:${PYTHONPATH} /usr/bin/cmake /home/soroush/robatics/Assignment2/assi2/src/ros_gz/ros_gz -DAMENT_CMAKE_SYMLINK_INSTALL=1 -DCMAKE_INSTALL_PREFIX=/home/soroush/robatics/Assignment2/assi2/install/ros_gz
[0.797s] Invoking command in '/home/soroush/robatics/Assignment2/assi2/build/ros_gz': AMENT_PREFIX_PATH=/home/soroush/robatics/Assignment2/assi2/install/ros_gz_sim_demos:/home/soroush/robatics/Assignment2/assi2/install/ros_gz_image:/home/soroush/robatics/Assignment2/assi2/install/ros_gz_bridge:/home/soroush/robatics/Assignment2/assi2/install/ros_gz_sim:/home/soroush/robatics/Assignment2/assi2/install/ros_gz_interfaces:${AMENT_PREFIX_PATH} CMAKE_PREFIX_PATH=/home/soroush/robatics/Assignment2/assi2/install/ros_gz_sim_demos:/home/soroush/robatics/Assignment2/assi2/install/ros_gz_image:/home/soroush/robatics/Assignment2/assi2/install/ros_gz_bridge:/home/soroush/robatics/Assignment2/assi2/install/ros_gz_sim:/home/soroush/robatics/Assignment2/assi2/install/ros_gz_interfaces:/opt/ros/humble LD_LIBRARY_PATH=/home/soroush/robatics/Assignment2/assi2/install/ros_gz_bridge/lib:/home/soroush/robatics/Assignment2/assi2/install/ros_gz_sim/lib:/home/soroush/robatics/Assignment2/assi2/install/ros_gz_interfaces/lib:${LD_LIBRARY_PATH} PYTHONPATH=/home/soroush/robatics/Assignment2/assi2/install/ros_gz_interfaces/local/lib/python3.10/dist-packages:${PYTHONPATH} /usr/bin/cmake --build /home/soroush/robatics/Assignment2/assi2/build/ros_gz -- -j8 -l8
[0.830s] Invoked command in '/home/soroush/robatics/Assignment2/assi2/build/ros_gz' returned '0': AMENT_PREFIX_PATH=/home/soroush/robatics/Assignment2/assi2/install/ros_gz_sim_demos:/home/soroush/robatics/Assignment2/assi2/install/ros_gz_image:/home/soroush/robatics/Assignment2/assi2/install/ros_gz_bridge:/home/soroush/robatics/Assignment2/assi2/install/ros_gz_sim:/home/soroush/robatics/Assignment2/assi2/install/ros_gz_interfaces:${AMENT_PREFIX_PATH} CMAKE_PREFIX_PATH=/home/soroush/robatics/Assignment2/assi2/install/ros_gz_sim_demos:/home/soroush/robatics/Assignment2/assi2/install/ros_gz_image:/home/soroush/robatics/Assignment2/assi2/install/ros_gz_bridge:/home/soroush/robatics/Assignment2/assi2/install/ros_gz_sim:/home/soroush/robatics/Assignment2/assi2/install/ros_gz_interfaces:/opt/ros/humble LD_LIBRARY_PATH=/home/soroush/robatics/Assignment2/assi2/install/ros_gz_bridge/lib:/home/soroush/robatics/Assignment2/assi2/install/ros_gz_sim/lib:/home/soroush/robatics/Assignment2/assi2/install/ros_gz_interfaces/lib:${LD_LIBRARY_PATH} PYTHONPATH=/home/soroush/robatics/Assignment2/assi2/install/ros_gz_interfaces/local/lib/python3.10/dist-packages:${PYTHONPATH} /usr/bin/cmake --build /home/soroush/robatics/Assignment2/assi2/build/ros_gz -- -j8 -l8
[0.850s] Invoking command in '/home/soroush/robatics/Assignment2/assi2/build/ros_gz': AMENT_PREFIX_PATH=/home/soroush/robatics/Assignment2/assi2/install/ros_gz_sim_demos:/home/soroush/robatics/Assignment2/assi2/install/ros_gz_image:/home/soroush/robatics/Assignment2/assi2/install/ros_gz_bridge:/home/soroush/robatics/Assignment2/assi2/install/ros_gz_sim:/home/soroush/robatics/Assignment2/assi2/install/ros_gz_interfaces:${AMENT_PREFIX_PATH} CMAKE_PREFIX_PATH=/home/soroush/robatics/Assignment2/assi2/install/ros_gz_sim_demos:/home/soroush/robatics/Assignment2/assi2/install/ros_gz_image:/home/soroush/robatics/Assignment2/assi2/install/ros_gz_bridge:/home/soroush/robatics/Assignment2/assi2/install/ros_gz_sim:/home/soroush/robatics/Assignment2/assi2/install/ros_gz_interfaces:/opt/ros/humble LD_LIBRARY_PATH=/home/soroush/robatics/Assignment2/assi2/install/ros_gz_bridge/lib:/home/soroush/robatics/Assignment2/assi2/install/ros_gz_sim/lib:/home/soroush/robatics/Assignment2/assi2/install/ros_gz_interfaces/lib:${LD_LIBRARY_PATH} PYTHONPATH=/home/soroush/robatics/Assignment2/assi2/install/ros_gz_interfaces/local/lib/python3.10/dist-packages:${PYTHONPATH} /usr/bin/cmake --install /home/soroush/robatics/Assignment2/assi2/build/ros_gz
[0.856s] -- Install configuration: ""
[0.857s] -- Execute custom install script
[0.857s] -- Symlinking: /home/soroush/robatics/Assignment2/assi2/install/ros_gz/share/ament_index/resource_index/package_run_dependencies/ros_gz
[0.865s] -- Symlinking: /home/soroush/robatics/Assignment2/assi2/install/ros_gz/share/ament_index/resource_index/parent_prefix_path/ros_gz
[0.873s] -- Symlinking: /home/soroush/robatics/Assignment2/assi2/install/ros_gz/share/ros_gz/environment/ament_prefix_path.sh
[0.880s] -- Symlinking: /home/soroush/robatics/Assignment2/assi2/install/ros_gz/share/ros_gz/environment/ament_prefix_path.dsv
[0.888s] -- Symlinking: /home/soroush/robatics/Assignment2/assi2/install/ros_gz/share/ros_gz/environment/path.sh
[0.895s] -- Symlinking: /home/soroush/robatics/Assignment2/assi2/install/ros_gz/share/ros_gz/environment/path.dsv
[0.903s] -- Symlinking: /home/soroush/robatics/Assignment2/assi2/install/ros_gz/share/ros_gz/local_setup.bash
[0.910s] -- Symlinking: /home/soroush/robatics/Assignment2/assi2/install/ros_gz/share/ros_gz/local_setup.sh
[0.918s] -- Symlinking: /home/soroush/robatics/Assignment2/assi2/install/ros_gz/share/ros_gz/local_setup.zsh
[0.925s] -- Symlinking: /home/soroush/robatics/Assignment2/assi2/install/ros_gz/share/ros_gz/local_setup.dsv
[0.932s] -- Symlinking: /home/soroush/robatics/Assignment2/assi2/install/ros_gz/share/ros_gz/package.dsv
[0.940s] -- Symlinking: /home/soroush/robatics/Assignment2/assi2/install/ros_gz/share/ament_index/resource_index/packages/ros_gz
[0.947s] -- Symlinking: /home/soroush/robatics/Assignment2/assi2/install/ros_gz/share/ros_gz/cmake/ros_gzConfig.cmake
[0.955s] -- Symlinking: /home/soroush/robatics/Assignment2/assi2/install/ros_gz/share/ros_gz/cmake/ros_gzConfig-version.cmake
[0.962s] -- Symlinking: /home/soroush/robatics/Assignment2/assi2/install/ros_gz/share/ros_gz/package.xml
[0.974s] Invoked command in '/home/soroush/robatics/Assignment2/assi2/build/ros_gz' returned '0': AMENT_PREFIX_PATH=/home/soroush/robatics/Assignment2/assi2/install/ros_gz_sim_demos:/home/soroush/robatics/Assignment2/assi2/install/ros_gz_image:/home/soroush/robatics/Assignment2/assi2/install/ros_gz_bridge:/home/soroush/robatics/Assignment2/assi2/install/ros_gz_sim:/home/soroush/robatics/Assignment2/assi2/install/ros_gz_interfaces:${AMENT_PREFIX_PATH} CMAKE_PREFIX_PATH=/home/soroush/robatics/Assignment2/assi2/install/ros_gz_sim_demos:/home/soroush/robatics/Assignment2/assi2/install/ros_gz_image:/home/soroush/robatics/Assignment2/assi2/install/ros_gz_bridge:/home/soroush/robatics/Assignment2/assi2/install/ros_gz_sim:/home/soroush/robatics/Assignment2/assi2/install/ros_gz_interfaces:/opt/ros/humble LD_LIBRARY_PATH=/home/soroush/robatics/Assignment2/assi2/install/ros_gz_bridge/lib:/home/soroush/robatics/Assignment2/assi2/install/ros_gz_sim/lib:/home/soroush/robatics/Assignment2/assi2/install/ros_gz_interfaces/lib:${LD_LIBRARY_PATH} PYTHONPATH=/home/soroush/robatics/Assignment2/assi2/install/ros_gz_interfaces/local/lib/python3.10/dist-packages:${PYTHONPATH} /usr/bin/cmake --install /home/soroush/robatics/Assignment2/assi2/build/ros_gz
