[0.033s] Invoking command in '/home/soroush/robatics/Assignment2/assi2/build/yangsim': CMAKE_PREFIX_PATH=/opt/ros/humble /usr/bin/cmake /home/soroush/robatics/Assignment2/assi2/src/yangsim -DCMAKE_INSTALL_PREFIX=/home/soroush/robatics/Assignment2/assi2/install/yangsim
[0.065s] -- Found ament_cmake: 1.3.3 (/opt/ros/humble/share/ament_cmake/cmake)
[0.329s] -- Found rclcpp: 16.0.3 (/opt/ros/humble/share/rclcpp/cmake)
[0.396s] -- Found rosidl_generator_c: 3.1.4 (/opt/ros/humble/share/rosidl_generator_c/cmake)
[0.401s] -- Found rosidl_adapter: 3.1.4 (/opt/ros/humble/share/rosidl_adapter/cmake)
[0.414s] -- Found rosidl_generator_cpp: 3.1.4 (/opt/ros/humble/share/rosidl_generator_cpp/cmake)
[0.437s] -- Using all available rosidl_typesupport_c: rosidl_typesupport_fastrtps_c;rosidl_typesupport_introspection_c
[0.469s] -- Using all available rosidl_typesupport_cpp: rosidl_typesupport_fastrtps_cpp;rosidl_typesupport_introspection_cpp
[0.594s] -- Found rmw_implementation_cmake: 6.1.1 (/opt/ros/humble/share/rmw_implementation_cmake/cmake)
[0.597s] -- Found rmw_fastrtps_cpp: 6.2.2 (/opt/ros/humble/share/rmw_fastrtps_cpp/cmake)
[0.873s] -- Using RMW implementation 'rmw_fastrtps_cpp' as default
[1.236s] [31mCMake Error at CMakeLists.txt:11 (find_package):
[1.236s]   By not providing
[1.236s]   "Findhome/soroush/robatics/Assignment2/assi2/interfaces.cmake" in
[1.236s]   CMAKE_MODULE_PATH this project has asked CMake to find a package
[1.236s]   configuration file provided by
[1.236s]   "home/soroush/robatics/Assignment2/assi2/interfaces", but CMake did not
[1.236s]   find one.
[1.237s] 
[1.237s]   Could not find a package configuration file provided by
[1.237s]   "home/soroush/robatics/Assignment2/assi2/interfaces" with any of the
[1.237s]   following names:
[1.237s] 
[1.237s]     home/soroush/robatics/Assignment2/assi2/interfacesConfig.cmake
[1.237s]     home/soroush/robatics/assignment2/assi2/interfaces-config.cmake
[1.237s] 
[1.237s]   Add the installation prefix of
[1.238s]   "home/soroush/robatics/Assignment2/assi2/interfaces" to CMAKE_PREFIX_PATH
[1.238s]   or set "home/soroush/robatics/Assignment2/assi2/interfaces_DIR" to a
[1.238s]   directory containing one of the above files.  If
[1.238s]   "home/soroush/robatics/Assignment2/assi2/interfaces" provides a separate
[1.238s]   development package or SDK, be sure it has been installed.
[1.238s] 
[1.238s] [0m
[1.238s] -- Configuring incomplete, errors occurred!
[1.239s] See also "/home/soroush/robatics/Assignment2/assi2/build/yangsim/CMakeFiles/CMakeOutput.log".
[1.247s] Invoked command in '/home/soroush/robatics/Assignment2/assi2/build/yangsim' returned '1': CMAKE_PREFIX_PATH=/opt/ros/humble /usr/bin/cmake /home/soroush/robatics/Assignment2/assi2/src/yangsim -DCMAKE_INSTALL_PREFIX=/home/soroush/robatics/Assignment2/assi2/install/yangsim
