[0.023s] Invoking command in '/home/soroush/robatics/Assignment2/assi2/build/yangsim': CMAKE_PREFIX_PATH=/opt/ros/humble /usr/bin/cmake /home/soroush/robatics/Assignment2/assi2/src/yangsim -DCMAKE_INSTALL_PREFIX=/home/soroush/robatics/Assignment2/assi2/install/yangsim
[0.046s] -- Found ament_cmake: 1.3.3 (/opt/ros/humble/share/ament_cmake/cmake)
[0.313s] -- Found rclcpp: 16.0.3 (/opt/ros/humble/share/rclcpp/cmake)
[0.379s] -- Found rosidl_generator_c: 3.1.4 (/opt/ros/humble/share/rosidl_generator_c/cmake)
[0.385s] -- Found rosidl_adapter: 3.1.4 (/opt/ros/humble/share/rosidl_adapter/cmake)
[0.397s] -- Found rosidl_generator_cpp: 3.1.4 (/opt/ros/humble/share/rosidl_generator_cpp/cmake)
[0.420s] -- Using all available rosidl_typesupport_c: rosidl_typesupport_fastrtps_c;rosidl_typesupport_introspection_c
[0.453s] -- Using all available rosidl_typesupport_cpp: rosidl_typesupport_fastrtps_cpp;rosidl_typesupport_introspection_cpp
[0.578s] -- Found rmw_implementation_cmake: 6.1.1 (/opt/ros/humble/share/rmw_implementation_cmake/cmake)
[0.581s] -- Found rmw_fastrtps_cpp: 6.2.2 (/opt/ros/humble/share/rmw_fastrtps_cpp/cmake)
[0.857s] -- Using RMW implementation 'rmw_fastrtps_cpp' as default
[1.217s] [31mCMake Error at CMakeLists.txt:11 (find_package):
[1.217s]   By not providing "Findinterfaces.cmake" in CMAKE_MODULE_PATH this project
[1.218s]   has asked CMake to find a package configuration file provided by
[1.218s]   "interfaces", but CMake did not find one.
[1.218s] 
[1.218s]   Could not find a package configuration file provided by "interfaces" with
[1.218s]   any of the following names:
[1.218s] 
[1.218s]     interfacesConfig.cmake
[1.218s]     interfaces-config.cmake
[1.219s] 
[1.219s]   Add the installation prefix of "interfaces" to CMAKE_PREFIX_PATH or set
[1.219s]   "interfaces_DIR" to a directory containing one of the above files.  If
[1.219s]   "interfaces" provides a separate development package or SDK, be sure it has
[1.219s]   been installed.
[1.219s] 
[1.219s] [0m
[1.219s] -- Configuring incomplete, errors occurred!
[1.219s] See also "/home/soroush/robatics/Assignment2/assi2/build/yangsim/CMakeFiles/CMakeOutput.log".
[1.228s] Invoked command in '/home/soroush/robatics/Assignment2/assi2/build/yangsim' returned '1': CMAKE_PREFIX_PATH=/opt/ros/humble /usr/bin/cmake /home/soroush/robatics/Assignment2/assi2/src/yangsim -DCMAKE_INSTALL_PREFIX=/home/soroush/robatics/Assignment2/assi2/install/yangsim
