[2.980s] Invoking command in '/home/soroush/robatics/Assignment2/assi2/src/turtlemania': PYTHONPATH=/home/soroush/robatics/Assignment2/assi2/src/build/turtlemania/prefix_override:/home/soroush/robatics/Assignment2/assi2/src/install/turtlemania/lib/python3.10/site-packages:${PYTHONPATH} /usr/bin/python3 setup.py egg_info --egg-base ../build/turtlemania build --build-base /home/soroush/robatics/Assignment2/assi2/src/build/turtlemania/build install --record /home/soroush/robatics/Assignment2/assi2/src/build/turtlemania/install.log --single-version-externally-managed
[3.876s] running egg_info
[3.933s] writing ../build/turtlemania/turtlemania.egg-info/PKG-INFO
[3.934s] writing dependency_links to ../build/turtlemania/turtlemania.egg-info/dependency_links.txt
[3.935s] writing entry points to ../build/turtlemania/turtlemania.egg-info/entry_points.txt
[3.935s] writing requirements to ../build/turtlemania/turtlemania.egg-info/requires.txt
[3.936s] writing top-level names to ../build/turtlemania/turtlemania.egg-info/top_level.txt
[4.054s] reading manifest file '../build/turtlemania/turtlemania.egg-info/SOURCES.txt'
[4.057s] writing manifest file '../build/turtlemania/turtlemania.egg-info/SOURCES.txt'
[4.057s] running build
[4.058s] running build_py
[4.059s] running install
[4.060s] /home/soroush/.local/lib/python3.10/site-packages/setuptools/command/install.py:34: SetuptoolsDeprecationWarning: setup.py install is deprecated. Use build and pip and other standards-based tools.
[4.060s]   warnings.warn(
[4.081s] running install_lib
[4.137s] running install_data
[4.197s] copying launch/launch.py -> /home/soroush/robatics/Assignment2/assi2/src/install/turtlemania/share/turtlemania
[4.197s] running install_egg_info
[4.259s] removing '/home/soroush/robatics/Assignment2/assi2/src/install/turtlemania/lib/python3.10/site-packages/turtlemania-0.0.0-py3.10.egg-info' (and everything under it)
[4.260s] Copying ../build/turtlemania/turtlemania.egg-info to /home/soroush/robatics/Assignment2/assi2/src/install/turtlemania/lib/python3.10/site-packages/turtlemania-0.0.0-py3.10.egg-info
[4.263s] running install_scripts
[4.904s] Installing brodcaster script to /home/soroush/robatics/Assignment2/assi2/src/install/turtlemania/lib/turtlemania
[4.905s] Installing listener script to /home/soroush/robatics/Assignment2/assi2/src/install/turtlemania/lib/turtlemania
[4.906s] writing list of installed files to '/home/soroush/robatics/Assignment2/assi2/src/build/turtlemania/install.log'
[4.989s] Invoked command in '/home/soroush/robatics/Assignment2/assi2/src/turtlemania' returned '0': PYTHONPATH=/home/soroush/robatics/Assignment2/assi2/src/build/turtlemania/prefix_override:/home/soroush/robatics/Assignment2/assi2/src/install/turtlemania/lib/python3.10/site-packages:${PYTHONPATH} /usr/bin/python3 setup.py egg_info --egg-base ../build/turtlemania build --build-base /home/soroush/robatics/Assignment2/assi2/src/build/turtlemania/build install --record /home/soroush/robatics/Assignment2/assi2/src/build/turtlemania/install.log --single-version-externally-managed
