[0.018s] Invoking command in '/home/soroush/robatics/Assignment2/assi2/build/yangsim': AMENT_PREFIX_PATH=/home/soroush/robatics/Assignment2/assi2/install/interfaces:${AMENT_PREFIX_PATH} CMAKE_PREFIX_PATH=/home/soroush/robatics/Assignment2/assi2/install/interfaces:/opt/ros/humble LD_LIBRARY_PATH=/home/soroush/robatics/Assignment2/assi2/install/interfaces/lib:${LD_LIBRARY_PATH} PYTHONPATH=/home/soroush/robatics/Assignment2/assi2/install/interfaces/local/lib/python3.10/dist-packages:${PYTHONPATH} /usr/bin/cmake --build /home/soroush/robatics/Assignment2/assi2/build/yangsim -- -j8 -l8
[0.060s] [35m[1mConsolidate compiler generated dependencies of target yangnode[0m
[0.080s] [ 50%] [32mBuilding CXX object CMakeFiles/yangnode.dir/src/yangnode.cpp.o[0m
[2.500s] [01m[K/home/soroush/robatics/Assignment2/assi2/src/yangsim/src/yangnode.cpp:24:35:[m[K [01;31m[Kerror: [m[Ktoo many initializers for ‘[01m[Kchar* [5][m[K’
[2.501s]    24 | "And you fade into the darkness." [01;31m[K}[m[K
[2.501s]       |                                   [01;31m[K^[m[K
[2.501s] [01m[K/home/soroush/robatics/Assignment2/assi2/src/yangsim/src/yangnode.cpp:25:1:[m[K [01;31m[Kerror: [m[Kexpected ‘[01m[K;[m[K’ before ‘[01m[Kpublic[m[K’
[2.501s]    25 | [01;31m[Kpublic[m[K:
[2.501s]       | [01;31m[K^~~~~~[m[K
[2.508s] [01m[K/home/soroush/robatics/Assignment2/assi2/src/yangsim/src/yangnode.cpp:[m[K In function ‘[01m[Kint main(int, char**)[m[K’:
[2.508s] [01m[K/home/soroush/robatics/Assignment2/assi2/src/yangsim/src/yangnode.cpp:69:34:[m[K [01;31m[Kerror: [m[K‘[01m[KAddTwoIntsClientNode[m[K’ was not declared in this scope
[2.508s]    69 |     auto node = std::make_shared<[01;31m[KAddTwoIntsClientNode[m[K>();
[2.509s]       |                                  [01;31m[K^~~~~~~~~~~~~~~~~~~~[m[K
[2.509s] [01m[K/home/soroush/robatics/Assignment2/assi2/src/yangsim/src/yangnode.cpp:69:55:[m[K [01;31m[Kerror: [m[Kno matching function for call to ‘[01m[Kmake_shared<<expression error> >()[m[K’
[2.509s]    69 |     auto node = [01;31m[Kstd::make_shared<AddTwoIntsClientNode>()[m[K;
[2.509s]       |                 [01;31m[K~~~~~~~~~~~~~~~~~~~~~~~~~~~~~~~~~~~~~~^~[m[K
[2.509s] In file included from [01m[K/usr/include/c++/11/memory:77[m[K,
[2.509s]                  from [01m[K/opt/ros/humble/include/rclcpp/rclcpp/rclcpp.hpp:153[m[K,
[2.509s]                  from [01m[K/home/soroush/robatics/Assignment2/assi2/src/yangsim/src/yangnode.cpp:1[m[K:
[2.509s] [01m[K/usr/include/c++/11/bits/shared_ptr.h:875:5:[m[K [01;36m[Knote: [m[Kcandidate: ‘[01m[Ktemplate<class _Tp, class ... _Args> std::shared_ptr<_Tp> std::make_shared(_Args&& ...)[m[K’
[2.509s]   875 |     [01;36m[Kmake_shared[m[K(_Args&&... __args)
[2.509s]       |     [01;36m[K^~~~~~~~~~~[m[K
[2.509s] [01m[K/usr/include/c++/11/bits/shared_ptr.h:875:5:[m[K [01;36m[Knote: [m[K  template argument deduction/substitution failed:
[2.509s] [01m[K/home/soroush/robatics/Assignment2/assi2/src/yangsim/src/yangnode.cpp:69:55:[m[K [01;31m[Kerror: [m[Ktemplate argument 1 is invalid
[2.509s]    69 |     auto node = [01;31m[Kstd::make_shared<AddTwoIntsClientNode>()[m[K;
[2.509s]       |                 [01;31m[K~~~~~~~~~~~~~~~~~~~~~~~~~~~~~~~~~~~~~~^~[m[K
[2.969s] gmake[2]: *** [CMakeFiles/yangnode.dir/build.make:76: CMakeFiles/yangnode.dir/src/yangnode.cpp.o] Error 1
[2.969s] gmake[1]: *** [CMakeFiles/Makefile2:137: CMakeFiles/yangnode.dir/all] Error 2
[2.969s] gmake: *** [Makefile:146: all] Error 2
[2.972s] Invoked command in '/home/soroush/robatics/Assignment2/assi2/build/yangsim' returned '2': AMENT_PREFIX_PATH=/home/soroush/robatics/Assignment2/assi2/install/interfaces:${AMENT_PREFIX_PATH} CMAKE_PREFIX_PATH=/home/soroush/robatics/Assignment2/assi2/install/interfaces:/opt/ros/humble LD_LIBRARY_PATH=/home/soroush/robatics/Assignment2/assi2/install/interfaces/lib:${LD_LIBRARY_PATH} PYTHONPATH=/home/soroush/robatics/Assignment2/assi2/install/interfaces/local/lib/python3.10/dist-packages:${PYTHONPATH} /usr/bin/cmake --build /home/soroush/robatics/Assignment2/assi2/build/yangsim -- -j8 -l8
