running egg_info
creating build/turtlesim_controller/turtlesim_controller.egg-info
writing build/turtlesim_controller/turtlesim_controller.egg-info/PKG-INFO
writing dependency_links to build/turtlesim_controller/turtlesim_controller.egg-info/dependency_links.txt
writing entry points to build/turtlesim_controller/turtlesim_controller.egg-info/entry_points.txt
writing requirements to build/turtlesim_controller/turtlesim_controller.egg-info/requires.txt
writing top-level names to build/turtlesim_controller/turtlesim_controller.egg-info/top_level.txt
writing manifest file 'build/turtlesim_controller/turtlesim_controller.egg-info/SOURCES.txt'
reading manifest file 'build/turtlesim_controller/turtlesim_controller.egg-info/SOURCES.txt'
writing manifest file 'build/turtlesim_controller/turtlesim_controller.egg-info/SOURCES.txt'
running build
running build_py
creating /home/soroush/robatics/Assignment2/assi2/src/turtlesim_controller/build/turtlesim_controller/build
creating /home/soroush/robatics/Assignment2/assi2/src/turtlesim_controller/build/turtlesim_controller/build/lib
creating /home/soroush/robatics/Assignment2/assi2/src/turtlesim_controller/build/turtlesim_controller/build/lib/turtlesim_controller
copying turtlesim_controller/__init__.py -> /home/soroush/robatics/Assignment2/assi2/src/turtlesim_controller/build/turtlesim_controller/build/lib/turtlesim_controller
copying turtlesim_controller/turtlesim_controller.py -> /home/soroush/robatics/Assignment2/assi2/src/turtlesim_controller/build/turtlesim_controller/build/lib/turtlesim_controller
running install
running install_lib
creating /home/soroush/robatics/Assignment2/assi2/src/turtlesim_controller/install/turtlesim_controller/lib/python3.10/site-packages/turtlesim_controller
copying /home/soroush/robatics/Assignment2/assi2/src/turtlesim_controller/build/turtlesim_controller/build/lib/turtlesim_controller/__init__.py -> /home/soroush/robatics/Assignment2/assi2/src/turtlesim_controller/install/turtlesim_controller/lib/python3.10/site-packages/turtlesim_controller
copying /home/soroush/robatics/Assignment2/assi2/src/turtlesim_controller/build/turtlesim_controller/build/lib/turtlesim_controller/turtlesim_controller.py -> /home/soroush/robatics/Assignment2/assi2/src/turtlesim_controller/install/turtlesim_controller/lib/python3.10/site-packages/turtlesim_controller
byte-compiling /home/soroush/robatics/Assignment2/assi2/src/turtlesim_controller/install/turtlesim_controller/lib/python3.10/site-packages/turtlesim_controller/__init__.py to __init__.cpython-310.pyc
byte-compiling /home/soroush/robatics/Assignment2/assi2/src/turtlesim_controller/install/turtlesim_controller/lib/python3.10/site-packages/turtlesim_controller/turtlesim_controller.py to turtlesim_controller.cpython-310.pyc
running install_data
creating /home/soroush/robatics/Assignment2/assi2/src/turtlesim_controller/install/turtlesim_controller/share/ament_index
creating /home/soroush/robatics/Assignment2/assi2/src/turtlesim_controller/install/turtlesim_controller/share/ament_index/resource_index
creating /home/soroush/robatics/Assignment2/assi2/src/turtlesim_controller/install/turtlesim_controller/share/ament_index/resource_index/packages
copying resource/turtlesim_controller -> /home/soroush/robatics/Assignment2/assi2/src/turtlesim_controller/install/turtlesim_controller/share/ament_index/resource_index/packages
copying package.xml -> /home/soroush/robatics/Assignment2/assi2/src/turtlesim_controller/install/turtlesim_controller/share/turtlesim_controller
running install_egg_info
Copying build/turtlesim_controller/turtlesim_controller.egg-info to /home/soroush/robatics/Assignment2/assi2/src/turtlesim_controller/install/turtlesim_controller/lib/python3.10/site-packages/turtlesim_controller-0.0.0-py3.10.egg-info
running install_scripts
Installing turtlesim_controller script to /home/soroush/robatics/Assignment2/assi2/src/turtlesim_controller/install/turtlesim_controller/lib/turtlesim_controller
writing list of installed files to '/home/soroush/robatics/Assignment2/assi2/src/turtlesim_controller/build/turtlesim_controller/install.log'
