[0.624s] DEBUG:colcon:Command line arguments: ['/usr/bin/colcon', 'build', '--packages-select', 'ros_gz']
[0.624s] DEBUG:colcon:Parsed command line arguments: Namespace(log_base=None, log_level=None, verb_name='build', build_base='build', install_base='install', merge_install=False, symlink_install=False, test_result_base=None, continue_on_error=False, executor='parallel', parallel_workers=8, event_handlers=None, ignore_user_meta=False, metas=['./colcon.meta'], base_paths=['.'], packages_ignore=None, packages_ignore_regex=None, paths=None, packages_up_to=None, packages_up_to_regex=None, packages_above=None, packages_above_and_dependencies=None, packages_above_depth=None, packages_select_by_dep=None, packages_skip_by_dep=None, packages_skip_up_to=None, packages_select_build_failed=False, packages_skip_build_finished=False, packages_select_test_failures=False, packages_skip_test_passed=False, packages_select=['ros_gz'], packages_skip=None, packages_select_regex=None, packages_skip_regex=None, packages_start=None, packages_end=None, cmake_args=None, cmake_target=None, cmake_target_skip_unavailable=False, cmake_clean_cache=False, cmake_clean_first=False, cmake_force_configure=False, ament_cmake_args=None, catkin_cmake_args=None, catkin_skip_building_tests=False, mixin_files=None, mixin=None, verb_parser=<colcon_mixin.mixin.mixin_argument.MixinArgumentDecorator object at 0x7f3ad7187700>, verb_extension=<colcon_core.verb.build.BuildVerb object at 0x7f3ad734ce80>, main=<bound method BuildVerb.main of <colcon_core.verb.build.BuildVerb object at 0x7f3ad734ce80>>, mixin_verb=('build',))
[0.688s] Level 1:colcon.colcon_core.package_discovery:discover_packages(colcon_meta) check parameters
[0.688s] Level 1:colcon.colcon_core.package_discovery:discover_packages(recursive) check parameters
[0.688s] Level 1:colcon.colcon_core.package_discovery:discover_packages(ignore) check parameters
[0.688s] Level 1:colcon.colcon_core.package_discovery:discover_packages(path) check parameters
[0.688s] Level 1:colcon.colcon_core.package_discovery:discover_packages(colcon_meta) discover
[0.688s] Level 1:colcon.colcon_core.package_discovery:discover_packages(recursive) discover
[0.688s] INFO:colcon.colcon_core.package_discovery:Crawling recursively for packages in '/home/soroush/robatics/Assignment2/assi2'
[0.688s] Level 1:colcon.colcon_core.package_identification:_identify(.) by extensions ['ignore', 'ignore_ament_install']
[0.688s] Level 1:colcon.colcon_core.package_identification:_identify(.) by extension 'ignore'
[0.688s] Level 1:colcon.colcon_core.package_identification:_identify(.) by extension 'ignore_ament_install'
[0.689s] Level 1:colcon.colcon_core.package_identification:_identify(.) by extensions ['colcon_pkg']
[0.689s] Level 1:colcon.colcon_core.package_identification:_identify(.) by extension 'colcon_pkg'
[0.689s] Level 1:colcon.colcon_core.package_identification:_identify(.) by extensions ['colcon_meta']
[0.689s] Level 1:colcon.colcon_core.package_identification:_identify(.) by extension 'colcon_meta'
[0.689s] Level 1:colcon.colcon_core.package_identification:_identify(.) by extensions ['ros']
[0.689s] Level 1:colcon.colcon_core.package_identification:_identify(.) by extension 'ros'
[0.705s] Level 1:colcon.colcon_core.package_identification:_identify(.) by extensions ['cmake', 'python']
[0.705s] Level 1:colcon.colcon_core.package_identification:_identify(.) by extension 'cmake'
[0.705s] Level 1:colcon.colcon_core.package_identification:_identify(.) by extension 'python'
[0.705s] Level 1:colcon.colcon_core.package_identification:_identify(.) by extensions ['python_setup_py']
[0.705s] Level 1:colcon.colcon_core.package_identification:_identify(.) by extension 'python_setup_py'
[0.706s] Level 1:colcon.colcon_core.package_identification:_identify(build) by extensions ['ignore', 'ignore_ament_install']
[0.706s] Level 1:colcon.colcon_core.package_identification:_identify(build) by extension 'ignore'
[0.706s] Level 1:colcon.colcon_core.package_identification:_identify(build) ignored
[0.706s] Level 1:colcon.colcon_core.package_identification:_identify(install) by extensions ['ignore', 'ignore_ament_install']
[0.706s] Level 1:colcon.colcon_core.package_identification:_identify(install) by extension 'ignore'
[0.706s] Level 1:colcon.colcon_core.package_identification:_identify(install) ignored
[0.706s] Level 1:colcon.colcon_core.package_identification:_identify(log) by extensions ['ignore', 'ignore_ament_install']
[0.706s] Level 1:colcon.colcon_core.package_identification:_identify(log) by extension 'ignore'
[0.706s] Level 1:colcon.colcon_core.package_identification:_identify(log) ignored
[0.706s] Level 1:colcon.colcon_core.package_identification:_identify(src) by extensions ['ignore', 'ignore_ament_install']
[0.706s] Level 1:colcon.colcon_core.package_identification:_identify(src) by extension 'ignore'
[0.707s] Level 1:colcon.colcon_core.package_identification:_identify(src) by extension 'ignore_ament_install'
[0.707s] Level 1:colcon.colcon_core.package_identification:_identify(src) by extensions ['colcon_pkg']
[0.707s] Level 1:colcon.colcon_core.package_identification:_identify(src) by extension 'colcon_pkg'
[0.707s] Level 1:colcon.colcon_core.package_identification:_identify(src) by extensions ['colcon_meta']
[0.707s] Level 1:colcon.colcon_core.package_identification:_identify(src) by extension 'colcon_meta'
[0.707s] Level 1:colcon.colcon_core.package_identification:_identify(src) by extensions ['ros']
[0.707s] Level 1:colcon.colcon_core.package_identification:_identify(src) by extension 'ros'
[0.707s] Level 1:colcon.colcon_core.package_identification:_identify(src) by extensions ['cmake', 'python']
[0.707s] Level 1:colcon.colcon_core.package_identification:_identify(src) by extension 'cmake'
[0.707s] Level 1:colcon.colcon_core.package_identification:_identify(src) by extension 'python'
[0.707s] Level 1:colcon.colcon_core.package_identification:_identify(src) by extensions ['python_setup_py']
[0.707s] Level 1:colcon.colcon_core.package_identification:_identify(src) by extension 'python_setup_py'
[0.707s] Level 1:colcon.colcon_core.package_identification:_identify(src/build) by extensions ['ignore', 'ignore_ament_install']
[0.707s] Level 1:colcon.colcon_core.package_identification:_identify(src/build) by extension 'ignore'
[0.707s] Level 1:colcon.colcon_core.package_identification:_identify(src/build) ignored
[0.707s] Level 1:colcon.colcon_core.package_identification:_identify(src/install) by extensions ['ignore', 'ignore_ament_install']
[0.707s] Level 1:colcon.colcon_core.package_identification:_identify(src/install) by extension 'ignore'
[0.707s] Level 1:colcon.colcon_core.package_identification:_identify(src/install) ignored
[0.707s] Level 1:colcon.colcon_core.package_identification:_identify(src/interfaces) by extensions ['ignore', 'ignore_ament_install']
[0.708s] Level 1:colcon.colcon_core.package_identification:_identify(src/interfaces) by extension 'ignore'
[0.708s] Level 1:colcon.colcon_core.package_identification:_identify(src/interfaces) by extension 'ignore_ament_install'
[0.708s] Level 1:colcon.colcon_core.package_identification:_identify(src/interfaces) by extensions ['colcon_pkg']
[0.708s] Level 1:colcon.colcon_core.package_identification:_identify(src/interfaces) by extension 'colcon_pkg'
[0.708s] Level 1:colcon.colcon_core.package_identification:_identify(src/interfaces) by extensions ['colcon_meta']
[0.708s] Level 1:colcon.colcon_core.package_identification:_identify(src/interfaces) by extension 'colcon_meta'
[0.708s] Level 1:colcon.colcon_core.package_identification:_identify(src/interfaces) by extensions ['ros']
[0.708s] Level 1:colcon.colcon_core.package_identification:_identify(src/interfaces) by extension 'ros'
[0.711s] DEBUG:colcon.colcon_core.package_identification:Package 'src/interfaces' with type 'ros.ament_cmake' and name 'interfaces'
[0.711s] Level 1:colcon.colcon_core.package_identification:_identify(src/lab3) by extensions ['ignore', 'ignore_ament_install']
[0.711s] Level 1:colcon.colcon_core.package_identification:_identify(src/lab3) by extension 'ignore'
[0.711s] Level 1:colcon.colcon_core.package_identification:_identify(src/lab3) by extension 'ignore_ament_install'
[0.711s] Level 1:colcon.colcon_core.package_identification:_identify(src/lab3) by extensions ['colcon_pkg']
[0.711s] Level 1:colcon.colcon_core.package_identification:_identify(src/lab3) by extension 'colcon_pkg'
[0.711s] Level 1:colcon.colcon_core.package_identification:_identify(src/lab3) by extensions ['colcon_meta']
[0.711s] Level 1:colcon.colcon_core.package_identification:_identify(src/lab3) by extension 'colcon_meta'
[0.711s] Level 1:colcon.colcon_core.package_identification:_identify(src/lab3) by extensions ['ros']
[0.711s] Level 1:colcon.colcon_core.package_identification:_identify(src/lab3) by extension 'ros'
[0.711s] Level 1:colcon.colcon_core.package_identification:_identify(src/lab3) by extensions ['cmake', 'python']
[0.711s] Level 1:colcon.colcon_core.package_identification:_identify(src/lab3) by extension 'cmake'
[0.711s] Level 1:colcon.colcon_core.package_identification:_identify(src/lab3) by extension 'python'
[0.711s] Level 1:colcon.colcon_core.package_identification:_identify(src/lab3) by extensions ['python_setup_py']
[0.711s] Level 1:colcon.colcon_core.package_identification:_identify(src/lab3) by extension 'python_setup_py'
[0.712s] Level 1:colcon.colcon_core.package_identification:_identify(src/lab3/6RGazeboModelV1) by extensions ['ignore', 'ignore_ament_install']
[0.712s] Level 1:colcon.colcon_core.package_identification:_identify(src/lab3/6RGazeboModelV1) by extension 'ignore'
[0.712s] Level 1:colcon.colcon_core.package_identification:_identify(src/lab3/6RGazeboModelV1) by extension 'ignore_ament_install'
[0.712s] Level 1:colcon.colcon_core.package_identification:_identify(src/lab3/6RGazeboModelV1) by extensions ['colcon_pkg']
[0.712s] Level 1:colcon.colcon_core.package_identification:_identify(src/lab3/6RGazeboModelV1) by extension 'colcon_pkg'
[0.712s] Level 1:colcon.colcon_core.package_identification:_identify(src/lab3/6RGazeboModelV1) by extensions ['colcon_meta']
[0.712s] Level 1:colcon.colcon_core.package_identification:_identify(src/lab3/6RGazeboModelV1) by extension 'colcon_meta'
[0.712s] Level 1:colcon.colcon_core.package_identification:_identify(src/lab3/6RGazeboModelV1) by extensions ['ros']
[0.712s] Level 1:colcon.colcon_core.package_identification:_identify(src/lab3/6RGazeboModelV1) by extension 'ros'
[0.712s] Level 1:colcon.colcon_core.package_identification:_identify(src/lab3/6RGazeboModelV1) by extensions ['cmake', 'python']
[0.712s] Level 1:colcon.colcon_core.package_identification:_identify(src/lab3/6RGazeboModelV1) by extension 'cmake'
[0.712s] Level 1:colcon.colcon_core.package_identification:_identify(src/lab3/6RGazeboModelV1) by extension 'python'
[0.712s] Level 1:colcon.colcon_core.package_identification:_identify(src/lab3/6RGazeboModelV1) by extensions ['python_setup_py']
[0.712s] Level 1:colcon.colcon_core.package_identification:_identify(src/lab3/6RGazeboModelV1) by extension 'python_setup_py'
[0.712s] Level 1:colcon.colcon_core.package_identification:_identify(src/lab3/RRRRRR-Robot-meshes) by extensions ['ignore', 'ignore_ament_install']
[0.712s] Level 1:colcon.colcon_core.package_identification:_identify(src/lab3/RRRRRR-Robot-meshes) by extension 'ignore'
[0.713s] Level 1:colcon.colcon_core.package_identification:_identify(src/lab3/RRRRRR-Robot-meshes) by extension 'ignore_ament_install'
[0.713s] Level 1:colcon.colcon_core.package_identification:_identify(src/lab3/RRRRRR-Robot-meshes) by extensions ['colcon_pkg']
[0.713s] Level 1:colcon.colcon_core.package_identification:_identify(src/lab3/RRRRRR-Robot-meshes) by extension 'colcon_pkg'
[0.713s] Level 1:colcon.colcon_core.package_identification:_identify(src/lab3/RRRRRR-Robot-meshes) by extensions ['colcon_meta']
[0.713s] Level 1:colcon.colcon_core.package_identification:_identify(src/lab3/RRRRRR-Robot-meshes) by extension 'colcon_meta'
[0.713s] Level 1:colcon.colcon_core.package_identification:_identify(src/lab3/RRRRRR-Robot-meshes) by extensions ['ros']
[0.713s] Level 1:colcon.colcon_core.package_identification:_identify(src/lab3/RRRRRR-Robot-meshes) by extension 'ros'
[0.713s] Level 1:colcon.colcon_core.package_identification:_identify(src/lab3/RRRRRR-Robot-meshes) by extensions ['cmake', 'python']
[0.713s] Level 1:colcon.colcon_core.package_identification:_identify(src/lab3/RRRRRR-Robot-meshes) by extension 'cmake'
[0.713s] Level 1:colcon.colcon_core.package_identification:_identify(src/lab3/RRRRRR-Robot-meshes) by extension 'python'
[0.713s] Level 1:colcon.colcon_core.package_identification:_identify(src/lab3/RRRRRR-Robot-meshes) by extensions ['python_setup_py']
[0.713s] Level 1:colcon.colcon_core.package_identification:_identify(src/lab3/RRRRRR-Robot-meshes) by extension 'python_setup_py'
[0.713s] Level 1:colcon.colcon_core.package_identification:_identify(src/lab7) by extensions ['ignore', 'ignore_ament_install']
[0.713s] Level 1:colcon.colcon_core.package_identification:_identify(src/lab7) by extension 'ignore'
[0.713s] Level 1:colcon.colcon_core.package_identification:_identify(src/lab7) by extension 'ignore_ament_install'
[0.713s] Level 1:colcon.colcon_core.package_identification:_identify(src/lab7) by extensions ['colcon_pkg']
[0.713s] Level 1:colcon.colcon_core.package_identification:_identify(src/lab7) by extension 'colcon_pkg'
[0.713s] Level 1:colcon.colcon_core.package_identification:_identify(src/lab7) by extensions ['colcon_meta']
[0.713s] Level 1:colcon.colcon_core.package_identification:_identify(src/lab7) by extension 'colcon_meta'
[0.713s] Level 1:colcon.colcon_core.package_identification:_identify(src/lab7) by extensions ['ros']
[0.713s] Level 1:colcon.colcon_core.package_identification:_identify(src/lab7) by extension 'ros'
[0.714s] DEBUG:colcon.colcon_core.package_identification:Package 'src/lab7' with type 'ros.ament_python' and name 'lab7'
[0.714s] Level 1:colcon.colcon_core.package_identification:_identify(src/log) by extensions ['ignore', 'ignore_ament_install']
[0.714s] Level 1:colcon.colcon_core.package_identification:_identify(src/log) by extension 'ignore'
[0.714s] Level 1:colcon.colcon_core.package_identification:_identify(src/log) ignored
[0.714s] Level 1:colcon.colcon_core.package_identification:_identify(src/modelgazebo) by extensions ['ignore', 'ignore_ament_install']
[0.714s] Level 1:colcon.colcon_core.package_identification:_identify(src/modelgazebo) by extension 'ignore'
[0.714s] Level 1:colcon.colcon_core.package_identification:_identify(src/modelgazebo) by extension 'ignore_ament_install'
[0.714s] Level 1:colcon.colcon_core.package_identification:_identify(src/modelgazebo) by extensions ['colcon_pkg']
[0.714s] Level 1:colcon.colcon_core.package_identification:_identify(src/modelgazebo) by extension 'colcon_pkg'
[0.715s] Level 1:colcon.colcon_core.package_identification:_identify(src/modelgazebo) by extensions ['colcon_meta']
[0.715s] Level 1:colcon.colcon_core.package_identification:_identify(src/modelgazebo) by extension 'colcon_meta'
[0.715s] Level 1:colcon.colcon_core.package_identification:_identify(src/modelgazebo) by extensions ['ros']
[0.715s] Level 1:colcon.colcon_core.package_identification:_identify(src/modelgazebo) by extension 'ros'
[0.715s] DEBUG:colcon.colcon_core.package_identification:Package 'src/modelgazebo' with type 'ros.ament_python' and name 'modelgazebo'
[0.715s] Level 1:colcon.colcon_core.package_identification:_identify(src/peresenr_one) by extensions ['ignore', 'ignore_ament_install']
[0.715s] Level 1:colcon.colcon_core.package_identification:_identify(src/peresenr_one) by extension 'ignore'
[0.715s] Level 1:colcon.colcon_core.package_identification:_identify(src/peresenr_one) by extension 'ignore_ament_install'
[0.715s] Level 1:colcon.colcon_core.package_identification:_identify(src/peresenr_one) by extensions ['colcon_pkg']
[0.716s] Level 1:colcon.colcon_core.package_identification:_identify(src/peresenr_one) by extension 'colcon_pkg'
[0.716s] Level 1:colcon.colcon_core.package_identification:_identify(src/peresenr_one) by extensions ['colcon_meta']
[0.716s] Level 1:colcon.colcon_core.package_identification:_identify(src/peresenr_one) by extension 'colcon_meta'
[0.716s] Level 1:colcon.colcon_core.package_identification:_identify(src/peresenr_one) by extensions ['ros']
[0.716s] Level 1:colcon.colcon_core.package_identification:_identify(src/peresenr_one) by extension 'ros'
[0.716s] DEBUG:colcon.colcon_core.package_identification:Package 'src/peresenr_one' with type 'ros.ament_python' and name 'peresenr_one'
[0.716s] Level 1:colcon.colcon_core.package_identification:_identify(src/qosexample) by extensions ['ignore', 'ignore_ament_install']
[0.716s] Level 1:colcon.colcon_core.package_identification:_identify(src/qosexample) by extension 'ignore'
[0.716s] Level 1:colcon.colcon_core.package_identification:_identify(src/qosexample) by extension 'ignore_ament_install'
[0.716s] Level 1:colcon.colcon_core.package_identification:_identify(src/qosexample) by extensions ['colcon_pkg']
[0.716s] Level 1:colcon.colcon_core.package_identification:_identify(src/qosexample) by extension 'colcon_pkg'
[0.717s] Level 1:colcon.colcon_core.package_identification:_identify(src/qosexample) by extensions ['colcon_meta']
[0.717s] Level 1:colcon.colcon_core.package_identification:_identify(src/qosexample) by extension 'colcon_meta'
[0.717s] Level 1:colcon.colcon_core.package_identification:_identify(src/qosexample) by extensions ['ros']
[0.717s] Level 1:colcon.colcon_core.package_identification:_identify(src/qosexample) by extension 'ros'
[0.717s] DEBUG:colcon.colcon_core.package_identification:Package 'src/qosexample' with type 'ros.ament_python' and name 'qosexample'
[0.717s] Level 1:colcon.colcon_core.package_identification:_identify(src/quality_of_service_demo) by extensions ['ignore', 'ignore_ament_install']
[0.717s] Level 1:colcon.colcon_core.package_identification:_identify(src/quality_of_service_demo) by extension 'ignore'
[0.717s] Level 1:colcon.colcon_core.package_identification:_identify(src/quality_of_service_demo) by extension 'ignore_ament_install'
[0.718s] Level 1:colcon.colcon_core.package_identification:_identify(src/quality_of_service_demo) by extensions ['colcon_pkg']
[0.718s] Level 1:colcon.colcon_core.package_identification:_identify(src/quality_of_service_demo) by extension 'colcon_pkg'
[0.718s] Level 1:colcon.colcon_core.package_identification:_identify(src/quality_of_service_demo) by extensions ['colcon_meta']
[0.718s] Level 1:colcon.colcon_core.package_identification:_identify(src/quality_of_service_demo) by extension 'colcon_meta'
[0.718s] Level 1:colcon.colcon_core.package_identification:_identify(src/quality_of_service_demo) by extensions ['ros']
[0.718s] Level 1:colcon.colcon_core.package_identification:_identify(src/quality_of_service_demo) by extension 'ros'
[0.718s] DEBUG:colcon.colcon_core.package_identification:Package 'src/quality_of_service_demo' with type 'ros.ament_cmake' and name 'quality_of_service_demo'
[0.719s] Level 1:colcon.colcon_core.package_identification:_identify(src/ros_gz) by extensions ['ignore', 'ignore_ament_install']
[0.719s] Level 1:colcon.colcon_core.package_identification:_identify(src/ros_gz) by extension 'ignore'
[0.719s] Level 1:colcon.colcon_core.package_identification:_identify(src/ros_gz) by extension 'ignore_ament_install'
[0.719s] Level 1:colcon.colcon_core.package_identification:_identify(src/ros_gz) by extensions ['colcon_pkg']
[0.719s] Level 1:colcon.colcon_core.package_identification:_identify(src/ros_gz) by extension 'colcon_pkg'
[0.719s] Level 1:colcon.colcon_core.package_identification:_identify(src/ros_gz) by extensions ['colcon_meta']
[0.719s] Level 1:colcon.colcon_core.package_identification:_identify(src/ros_gz) by extension 'colcon_meta'
[0.719s] Level 1:colcon.colcon_core.package_identification:_identify(src/ros_gz) by extensions ['ros']
[0.719s] Level 1:colcon.colcon_core.package_identification:_identify(src/ros_gz) by extension 'ros'
[0.719s] Level 1:colcon.colcon_core.package_identification:_identify(src/ros_gz) by extensions ['cmake', 'python']
[0.719s] Level 1:colcon.colcon_core.package_identification:_identify(src/ros_gz) by extension 'cmake'
[0.719s] Level 1:colcon.colcon_core.package_identification:_identify(src/ros_gz) by extension 'python'
[0.719s] Level 1:colcon.colcon_core.package_identification:_identify(src/ros_gz) by extensions ['python_setup_py']
[0.719s] Level 1:colcon.colcon_core.package_identification:_identify(src/ros_gz) by extension 'python_setup_py'
[0.719s] Level 1:colcon.colcon_core.package_identification:_identify(src/ros_gz/img) by extensions ['ignore', 'ignore_ament_install']
[0.719s] Level 1:colcon.colcon_core.package_identification:_identify(src/ros_gz/img) by extension 'ignore'
[0.719s] Level 1:colcon.colcon_core.package_identification:_identify(src/ros_gz/img) by extension 'ignore_ament_install'
[0.719s] Level 1:colcon.colcon_core.package_identification:_identify(src/ros_gz/img) by extensions ['colcon_pkg']
[0.719s] Level 1:colcon.colcon_core.package_identification:_identify(src/ros_gz/img) by extension 'colcon_pkg'
[0.720s] Level 1:colcon.colcon_core.package_identification:_identify(src/ros_gz/img) by extensions ['colcon_meta']
[0.720s] Level 1:colcon.colcon_core.package_identification:_identify(src/ros_gz/img) by extension 'colcon_meta'
[0.720s] Level 1:colcon.colcon_core.package_identification:_identify(src/ros_gz/img) by extensions ['ros']
[0.720s] Level 1:colcon.colcon_core.package_identification:_identify(src/ros_gz/img) by extension 'ros'
[0.720s] Level 1:colcon.colcon_core.package_identification:_identify(src/ros_gz/img) by extensions ['cmake', 'python']
[0.720s] Level 1:colcon.colcon_core.package_identification:_identify(src/ros_gz/img) by extension 'cmake'
[0.720s] Level 1:colcon.colcon_core.package_identification:_identify(src/ros_gz/img) by extension 'python'
[0.720s] Level 1:colcon.colcon_core.package_identification:_identify(src/ros_gz/img) by extensions ['python_setup_py']
[0.720s] Level 1:colcon.colcon_core.package_identification:_identify(src/ros_gz/img) by extension 'python_setup_py'
[0.720s] Level 1:colcon.colcon_core.package_identification:_identify(src/ros_gz/ros_gz) by extensions ['ignore', 'ignore_ament_install']
[0.720s] Level 1:colcon.colcon_core.package_identification:_identify(src/ros_gz/ros_gz) by extension 'ignore'
[0.720s] Level 1:colcon.colcon_core.package_identification:_identify(src/ros_gz/ros_gz) by extension 'ignore_ament_install'
[0.720s] Level 1:colcon.colcon_core.package_identification:_identify(src/ros_gz/ros_gz) by extensions ['colcon_pkg']
[0.720s] Level 1:colcon.colcon_core.package_identification:_identify(src/ros_gz/ros_gz) by extension 'colcon_pkg'
[0.720s] Level 1:colcon.colcon_core.package_identification:_identify(src/ros_gz/ros_gz) by extensions ['colcon_meta']
[0.720s] Level 1:colcon.colcon_core.package_identification:_identify(src/ros_gz/ros_gz) by extension 'colcon_meta'
[0.720s] Level 1:colcon.colcon_core.package_identification:_identify(src/ros_gz/ros_gz) by extensions ['ros']
[0.720s] Level 1:colcon.colcon_core.package_identification:_identify(src/ros_gz/ros_gz) by extension 'ros'
[0.721s] DEBUG:colcon.colcon_core.package_identification:Package 'src/ros_gz/ros_gz' with type 'ros.ament_cmake' and name 'ros_gz'
[0.721s] Level 1:colcon.colcon_core.package_identification:_identify(src/ros_gz/ros_gz_bridge) by extensions ['ignore', 'ignore_ament_install']
[0.721s] Level 1:colcon.colcon_core.package_identification:_identify(src/ros_gz/ros_gz_bridge) by extension 'ignore'
[0.721s] Level 1:colcon.colcon_core.package_identification:_identify(src/ros_gz/ros_gz_bridge) by extension 'ignore_ament_install'
[0.721s] Level 1:colcon.colcon_core.package_identification:_identify(src/ros_gz/ros_gz_bridge) by extensions ['colcon_pkg']
[0.721s] Level 1:colcon.colcon_core.package_identification:_identify(src/ros_gz/ros_gz_bridge) by extension 'colcon_pkg'
[0.721s] Level 1:colcon.colcon_core.package_identification:_identify(src/ros_gz/ros_gz_bridge) by extensions ['colcon_meta']
[0.721s] Level 1:colcon.colcon_core.package_identification:_identify(src/ros_gz/ros_gz_bridge) by extension 'colcon_meta'
[0.721s] Level 1:colcon.colcon_core.package_identification:_identify(src/ros_gz/ros_gz_bridge) by extensions ['ros']
[0.721s] Level 1:colcon.colcon_core.package_identification:_identify(src/ros_gz/ros_gz_bridge) by extension 'ros'
[0.727s] DEBUG:colcon.colcon_core.package_identification:Package 'src/ros_gz/ros_gz_bridge' with type 'ros.ament_cmake' and name 'ros_gz_bridge'
[0.727s] Level 1:colcon.colcon_core.package_identification:_identify(src/ros_gz/ros_gz_image) by extensions ['ignore', 'ignore_ament_install']
[0.727s] Level 1:colcon.colcon_core.package_identification:_identify(src/ros_gz/ros_gz_image) by extension 'ignore'
[0.727s] Level 1:colcon.colcon_core.package_identification:_identify(src/ros_gz/ros_gz_image) by extension 'ignore_ament_install'
[0.727s] Level 1:colcon.colcon_core.package_identification:_identify(src/ros_gz/ros_gz_image) by extensions ['colcon_pkg']
[0.727s] Level 1:colcon.colcon_core.package_identification:_identify(src/ros_gz/ros_gz_image) by extension 'colcon_pkg'
[0.727s] Level 1:colcon.colcon_core.package_identification:_identify(src/ros_gz/ros_gz_image) by extensions ['colcon_meta']
[0.727s] Level 1:colcon.colcon_core.package_identification:_identify(src/ros_gz/ros_gz_image) by extension 'colcon_meta'
[0.727s] Level 1:colcon.colcon_core.package_identification:_identify(src/ros_gz/ros_gz_image) by extensions ['ros']
[0.727s] Level 1:colcon.colcon_core.package_identification:_identify(src/ros_gz/ros_gz_image) by extension 'ros'
[0.731s] DEBUG:colcon.colcon_core.package_identification:Package 'src/ros_gz/ros_gz_image' with type 'ros.ament_cmake' and name 'ros_gz_image'
[0.731s] Level 1:colcon.colcon_core.package_identification:_identify(src/ros_gz/ros_gz_interfaces) by extensions ['ignore', 'ignore_ament_install']
[0.731s] Level 1:colcon.colcon_core.package_identification:_identify(src/ros_gz/ros_gz_interfaces) by extension 'ignore'
[0.731s] Level 1:colcon.colcon_core.package_identification:_identify(src/ros_gz/ros_gz_interfaces) by extension 'ignore_ament_install'
[0.731s] Level 1:colcon.colcon_core.package_identification:_identify(src/ros_gz/ros_gz_interfaces) by extensions ['colcon_pkg']
[0.731s] Level 1:colcon.colcon_core.package_identification:_identify(src/ros_gz/ros_gz_interfaces) by extension 'colcon_pkg'
[0.731s] Level 1:colcon.colcon_core.package_identification:_identify(src/ros_gz/ros_gz_interfaces) by extensions ['colcon_meta']
[0.731s] Level 1:colcon.colcon_core.package_identification:_identify(src/ros_gz/ros_gz_interfaces) by extension 'colcon_meta'
[0.731s] Level 1:colcon.colcon_core.package_identification:_identify(src/ros_gz/ros_gz_interfaces) by extensions ['ros']
[0.731s] Level 1:colcon.colcon_core.package_identification:_identify(src/ros_gz/ros_gz_interfaces) by extension 'ros'
[0.732s] DEBUG:colcon.colcon_core.package_identification:Package 'src/ros_gz/ros_gz_interfaces' with type 'ros.ament_cmake' and name 'ros_gz_interfaces'
[0.732s] Level 1:colcon.colcon_core.package_identification:_identify(src/ros_gz/ros_gz_point_cloud) by extensions ['ignore', 'ignore_ament_install']
[0.732s] Level 1:colcon.colcon_core.package_identification:_identify(src/ros_gz/ros_gz_point_cloud) by extension 'ignore'
[0.732s] Level 1:colcon.colcon_core.package_identification:_identify(src/ros_gz/ros_gz_point_cloud) ignored
[0.733s] Level 1:colcon.colcon_core.package_identification:_identify(src/ros_gz/ros_gz_sim) by extensions ['ignore', 'ignore_ament_install']
[0.733s] Level 1:colcon.colcon_core.package_identification:_identify(src/ros_gz/ros_gz_sim) by extension 'ignore'
[0.733s] Level 1:colcon.colcon_core.package_identification:_identify(src/ros_gz/ros_gz_sim) by extension 'ignore_ament_install'
[0.733s] Level 1:colcon.colcon_core.package_identification:_identify(src/ros_gz/ros_gz_sim) by extensions ['colcon_pkg']
[0.733s] Level 1:colcon.colcon_core.package_identification:_identify(src/ros_gz/ros_gz_sim) by extension 'colcon_pkg'
[0.733s] Level 1:colcon.colcon_core.package_identification:_identify(src/ros_gz/ros_gz_sim) by extensions ['colcon_meta']
[0.733s] Level 1:colcon.colcon_core.package_identification:_identify(src/ros_gz/ros_gz_sim) by extension 'colcon_meta'
[0.733s] Level 1:colcon.colcon_core.package_identification:_identify(src/ros_gz/ros_gz_sim) by extensions ['ros']
[0.733s] Level 1:colcon.colcon_core.package_identification:_identify(src/ros_gz/ros_gz_sim) by extension 'ros'
[0.736s] DEBUG:colcon.colcon_core.package_identification:Package 'src/ros_gz/ros_gz_sim' with type 'ros.ament_cmake' and name 'ros_gz_sim'
[0.736s] Level 1:colcon.colcon_core.package_identification:_identify(src/ros_gz/ros_gz_sim_demos) by extensions ['ignore', 'ignore_ament_install']
[0.737s] Level 1:colcon.colcon_core.package_identification:_identify(src/ros_gz/ros_gz_sim_demos) by extension 'ignore'
[0.737s] Level 1:colcon.colcon_core.package_identification:_identify(src/ros_gz/ros_gz_sim_demos) by extension 'ignore_ament_install'
[0.737s] Level 1:colcon.colcon_core.package_identification:_identify(src/ros_gz/ros_gz_sim_demos) by extensions ['colcon_pkg']
[0.737s] Level 1:colcon.colcon_core.package_identification:_identify(src/ros_gz/ros_gz_sim_demos) by extension 'colcon_pkg'
[0.737s] Level 1:colcon.colcon_core.package_identification:_identify(src/ros_gz/ros_gz_sim_demos) by extensions ['colcon_meta']
[0.737s] Level 1:colcon.colcon_core.package_identification:_identify(src/ros_gz/ros_gz_sim_demos) by extension 'colcon_meta'
[0.737s] Level 1:colcon.colcon_core.package_identification:_identify(src/ros_gz/ros_gz_sim_demos) by extensions ['ros']
[0.737s] Level 1:colcon.colcon_core.package_identification:_identify(src/ros_gz/ros_gz_sim_demos) by extension 'ros'
[0.739s] DEBUG:colcon.colcon_core.package_identification:Package 'src/ros_gz/ros_gz_sim_demos' with type 'ros.ament_cmake' and name 'ros_gz_sim_demos'
[0.739s] Level 1:colcon.colcon_core.package_identification:_identify(src/turtlemania) by extensions ['ignore', 'ignore_ament_install']
[0.739s] Level 1:colcon.colcon_core.package_identification:_identify(src/turtlemania) by extension 'ignore'
[0.739s] Level 1:colcon.colcon_core.package_identification:_identify(src/turtlemania) by extension 'ignore_ament_install'
[0.739s] Level 1:colcon.colcon_core.package_identification:_identify(src/turtlemania) by extensions ['colcon_pkg']
[0.739s] Level 1:colcon.colcon_core.package_identification:_identify(src/turtlemania) by extension 'colcon_pkg'
[0.739s] Level 1:colcon.colcon_core.package_identification:_identify(src/turtlemania) by extensions ['colcon_meta']
[0.739s] Level 1:colcon.colcon_core.package_identification:_identify(src/turtlemania) by extension 'colcon_meta'
[0.739s] Level 1:colcon.colcon_core.package_identification:_identify(src/turtlemania) by extensions ['ros']
[0.739s] Level 1:colcon.colcon_core.package_identification:_identify(src/turtlemania) by extension 'ros'
[0.740s] DEBUG:colcon.colcon_core.package_identification:Package 'src/turtlemania' with type 'ros.ament_python' and name 'turtlemania'
[0.740s] Level 1:colcon.colcon_core.package_identification:_identify(src/turtlesim_controller) by extensions ['ignore', 'ignore_ament_install']
[0.740s] Level 1:colcon.colcon_core.package_identification:_identify(src/turtlesim_controller) by extension 'ignore'
[0.740s] Level 1:colcon.colcon_core.package_identification:_identify(src/turtlesim_controller) by extension 'ignore_ament_install'
[0.740s] Level 1:colcon.colcon_core.package_identification:_identify(src/turtlesim_controller) by extensions ['colcon_pkg']
[0.740s] Level 1:colcon.colcon_core.package_identification:_identify(src/turtlesim_controller) by extension 'colcon_pkg'
[0.740s] Level 1:colcon.colcon_core.package_identification:_identify(src/turtlesim_controller) by extensions ['colcon_meta']
[0.740s] Level 1:colcon.colcon_core.package_identification:_identify(src/turtlesim_controller) by extension 'colcon_meta'
[0.740s] Level 1:colcon.colcon_core.package_identification:_identify(src/turtlesim_controller) by extensions ['ros']
[0.740s] Level 1:colcon.colcon_core.package_identification:_identify(src/turtlesim_controller) by extension 'ros'
[0.741s] DEBUG:colcon.colcon_core.package_identification:Package 'src/turtlesim_controller' with type 'ros.ament_python' and name 'turtlesim_controller'
[0.741s] Level 1:colcon.colcon_core.package_identification:_identify(src/yangsim) by extensions ['ignore', 'ignore_ament_install']
[0.741s] Level 1:colcon.colcon_core.package_identification:_identify(src/yangsim) by extension 'ignore'
[0.741s] Level 1:colcon.colcon_core.package_identification:_identify(src/yangsim) by extension 'ignore_ament_install'
[0.741s] Level 1:colcon.colcon_core.package_identification:_identify(src/yangsim) by extensions ['colcon_pkg']
[0.741s] Level 1:colcon.colcon_core.package_identification:_identify(src/yangsim) by extension 'colcon_pkg'
[0.741s] Level 1:colcon.colcon_core.package_identification:_identify(src/yangsim) by extensions ['colcon_meta']
[0.741s] Level 1:colcon.colcon_core.package_identification:_identify(src/yangsim) by extension 'colcon_meta'
[0.741s] Level 1:colcon.colcon_core.package_identification:_identify(src/yangsim) by extensions ['ros']
[0.742s] Level 1:colcon.colcon_core.package_identification:_identify(src/yangsim) by extension 'ros'
[0.742s] DEBUG:colcon.colcon_core.package_identification:Package 'src/yangsim' with type 'ros.ament_cmake' and name 'yangsim'
[0.742s] Level 1:colcon.colcon_core.package_identification:_identify(src/yinsim) by extensions ['ignore', 'ignore_ament_install']
[0.742s] Level 1:colcon.colcon_core.package_identification:_identify(src/yinsim) by extension 'ignore'
[0.742s] Level 1:colcon.colcon_core.package_identification:_identify(src/yinsim) by extension 'ignore_ament_install'
[0.742s] Level 1:colcon.colcon_core.package_identification:_identify(src/yinsim) by extensions ['colcon_pkg']
[0.743s] Level 1:colcon.colcon_core.package_identification:_identify(src/yinsim) by extension 'colcon_pkg'
[0.743s] Level 1:colcon.colcon_core.package_identification:_identify(src/yinsim) by extensions ['colcon_meta']
[0.743s] Level 1:colcon.colcon_core.package_identification:_identify(src/yinsim) by extension 'colcon_meta'
[0.743s] Level 1:colcon.colcon_core.package_identification:_identify(src/yinsim) by extensions ['ros']
[0.743s] Level 1:colcon.colcon_core.package_identification:_identify(src/yinsim) by extension 'ros'
[0.743s] DEBUG:colcon.colcon_core.package_identification:Package 'src/yinsim' with type 'ros.ament_python' and name 'yinsim'
[0.743s] Level 1:colcon.colcon_core.package_discovery:discover_packages(recursive) using defaults
[0.743s] Level 1:colcon.colcon_core.package_discovery:discover_packages(ignore) discover
[0.743s] Level 1:colcon.colcon_core.package_discovery:discover_packages(ignore) using defaults
[0.743s] Level 1:colcon.colcon_core.package_discovery:discover_packages(path) discover
[0.743s] Level 1:colcon.colcon_core.package_discovery:discover_packages(path) using defaults
[0.791s] INFO:colcon.colcon_core.package_selection:Skipping not selected package 'interfaces' in 'src/interfaces'
[0.792s] INFO:colcon.colcon_core.package_selection:Skipping not selected package 'lab7' in 'src/lab7'
[0.792s] INFO:colcon.colcon_core.package_selection:Skipping not selected package 'modelgazebo' in 'src/modelgazebo'
[0.792s] INFO:colcon.colcon_core.package_selection:Skipping not selected package 'peresenr_one' in 'src/peresenr_one'
[0.792s] INFO:colcon.colcon_core.package_selection:Skipping not selected package 'qosexample' in 'src/qosexample'
[0.792s] INFO:colcon.colcon_core.package_selection:Skipping not selected package 'quality_of_service_demo' in 'src/quality_of_service_demo'
[0.792s] INFO:colcon.colcon_core.package_selection:Skipping not selected package 'ros_gz_interfaces' in 'src/ros_gz/ros_gz_interfaces'
[0.792s] INFO:colcon.colcon_core.package_selection:Skipping not selected package 'ros_gz_sim' in 'src/ros_gz/ros_gz_sim'
[0.792s] INFO:colcon.colcon_core.package_selection:Skipping not selected package 'turtlemania' in 'src/turtlemania'
[0.792s] INFO:colcon.colcon_core.package_selection:Skipping not selected package 'turtlesim_controller' in 'src/turtlesim_controller'
[0.792s] INFO:colcon.colcon_core.package_selection:Skipping not selected package 'ros_gz_bridge' in 'src/ros_gz/ros_gz_bridge'
[0.792s] INFO:colcon.colcon_core.package_selection:Skipping not selected package 'yangsim' in 'src/yangsim'
[0.792s] INFO:colcon.colcon_core.package_selection:Skipping not selected package 'yinsim' in 'src/yinsim'
[0.792s] INFO:colcon.colcon_core.package_selection:Skipping not selected package 'ros_gz_image' in 'src/ros_gz/ros_gz_image'
[0.792s] INFO:colcon.colcon_core.package_selection:Skipping not selected package 'ros_gz_sim_demos' in 'src/ros_gz/ros_gz_sim_demos'
[0.793s] Level 5:colcon.colcon_core.verb:set package 'ros_gz' build argument 'cmake_args' from command line to 'None'
[0.793s] Level 5:colcon.colcon_core.verb:set package 'ros_gz' build argument 'cmake_target' from command line to 'None'
[0.793s] Level 5:colcon.colcon_core.verb:set package 'ros_gz' build argument 'cmake_target_skip_unavailable' from command line to 'False'
[0.793s] Level 5:colcon.colcon_core.verb:set package 'ros_gz' build argument 'cmake_clean_cache' from command line to 'False'
[0.793s] Level 5:colcon.colcon_core.verb:set package 'ros_gz' build argument 'cmake_clean_first' from command line to 'False'
[0.793s] Level 5:colcon.colcon_core.verb:set package 'ros_gz' build argument 'cmake_force_configure' from command line to 'False'
[0.793s] Level 5:colcon.colcon_core.verb:set package 'ros_gz' build argument 'ament_cmake_args' from command line to 'None'
[0.793s] Level 5:colcon.colcon_core.verb:set package 'ros_gz' build argument 'catkin_cmake_args' from command line to 'None'
[0.793s] Level 5:colcon.colcon_core.verb:set package 'ros_gz' build argument 'catkin_skip_building_tests' from command line to 'False'
[0.793s] DEBUG:colcon.colcon_core.verb:Building package 'ros_gz' with the following arguments: {'ament_cmake_args': None, 'build_base': '/home/soroush/robatics/Assignment2/assi2/build/ros_gz', 'catkin_cmake_args': None, 'catkin_skip_building_tests': False, 'cmake_args': None, 'cmake_clean_cache': False, 'cmake_clean_first': False, 'cmake_force_configure': False, 'cmake_target': None, 'cmake_target_skip_unavailable': False, 'install_base': '/home/soroush/robatics/Assignment2/assi2/install/ros_gz', 'merge_install': False, 'path': '/home/soroush/robatics/Assignment2/assi2/src/ros_gz/ros_gz', 'symlink_install': False, 'test_result_base': None}
[0.794s] INFO:colcon.colcon_core.executor:Executing jobs using 'parallel' executor
[0.798s] DEBUG:colcon.colcon_parallel_executor.executor.parallel:run_until_complete
[0.798s] INFO:colcon.colcon_ros.task.ament_cmake.build:Building ROS package in '/home/soroush/robatics/Assignment2/assi2/src/ros_gz/ros_gz' with build type 'ament_cmake'
[0.798s] INFO:colcon.colcon_cmake.task.cmake.build:Building CMake package in '/home/soroush/robatics/Assignment2/assi2/src/ros_gz/ros_gz'
[0.805s] INFO:colcon.colcon_core.plugin_system:Skipping extension 'colcon_core.shell.bat': Not used on non-Windows systems
[0.806s] INFO:colcon.colcon_core.shell:Skip shell extension 'powershell' for command environment: Not usable outside of PowerShell
[0.806s] DEBUG:colcon.colcon_core.shell:Skip shell extension 'dsv' for command environment
[0.855s] DEBUG:colcon.colcon_core.event_handler.log_command:Invoking command in '/home/soroush/robatics/Assignment2/assi2/build/ros_gz': CMAKE_PREFIX_PATH=/home/soroush/robatics/Assignment2/assi2/install/ros_gz_sim_demos:/home/soroush/robatics/Assignment2/assi2/install/ros_gz_image:/home/soroush/robatics/Assignment2/assi2/install/ros_gz_bridge:/home/soroush/robatics/Assignment2/assi2/install/ros_gz_sim:/home/soroush/robatics/Assignment2/assi2/install/ros_gz_interfaces:/home/soroush/robatics/ProjectWS/install/eddiebot_rviz:/home/soroush/robatics/ProjectWS/install/eddiebot_gazebo:/home/soroush/robatics/ProjectWS/install/eddiebot_description:/home/soroush/robatics/Assignment2/assi2/install/yangsim:/home/soroush/robatics/Assignment2/assi2/install/ros_gz:/home/soroush/robatics/Assignment2/assi2/install/interfaces:/home/soroush/ws_moveit2/install/pilz_industrial_motion_planner_testutils:/home/soroush/ws_moveit2/install/moveit_runtime:/home/soroush/ws_moveit2/install/moveit_fum_manipulator:/home/soroush/ws_moveit2/install/moveit2_tutorials:/home/soroush/ws_moveit2/install/moveit:/home/soroush/ws_moveit2/install/model4:/home/soroush/ws_moveit2/install/model:/home/soroush/ws_moveit2/install/fumti3:/home/soroush/ws_moveit2/install/moveit_planners:/home/soroush/ws_moveit2/install/pilz_industrial_motion_planner:/home/soroush/ws_moveit2/install/moveit_visual_tools:/home/soroush/ws_moveit2/install/moveit_task_constructor_visualization:/home/soroush/ws_moveit2/install/moveit_task_constructor_demo:/home/soroush/ws_moveit2/install/moveit_task_constructor_capabilities:/home/soroush/ws_moveit2/install/moveit_task_constructor_core:/home/soroush/ws_moveit2/install/moveit_ros_control_interface:/home/soroush/ws_moveit2/install/moveit_plugins:/home/soroush/ws_moveit2/install/moveit_simple_controller_manager:/home/soroush/ws_moveit2/install/moveit_setup_assistant:/home/soroush/ws_moveit2/install/moveit_setup_srdf_plugins:/home/soroush/ws_moveit2/install/moveit_setup_core_plugins:/home/soroush/ws_moveit2/install/moveit_setup_controllers:/home/soroush/ws_moveit2/install/moveit_setup_app_plugins:/home/soroush/ws_moveit2/install/moveit_setup_framework:/home/soroush/ws_moveit2/install/moveit_servo:/home/soroush/ws_moveit2/install/moveit_ros:/home/soroush/ws_moveit2/install/moveit_ros_visualization:/home/soroush/ws_moveit2/install/moveit_hybrid_planning:/home/soroush/ws_moveit2/install/moveit_ros_planning_interface:/home/soroush/ws_moveit2/install/moveit_ros_benchmarks:/home/soroush/ws_moveit2/install/moveit_ros_warehouse:/home/soroush/ws_moveit2/install/moveit_ros_robot_interaction:/home/soroush/ws_moveit2/install/moveit_ros_perception:/home/soroush/ws_moveit2/install/moveit_resources_prbt_pg70_support:/home/soroush/ws_moveit2/install/moveit_resources_prbt_moveit_config:/home/soroush/ws_moveit2/install/moveit_ros_move_group:/home/soroush/ws_moveit2/install/moveit_planners_ompl:/home/soroush/ws_moveit2/install/moveit_ros_planning:/home/soroush/ws_moveit2/install/moveit_ros_occupancy_map_monitor:/home/soroush/ws_moveit2/install/moveit_resources_prbt_ikfast_manipulator_plugin:/home/soroush/ws_moveit2/install/moveit_planners_chomp:/home/soroush/ws_moveit2/install/moveit_kinematics:/home/soroush/ws_moveit2/install/moveit_chomp_optimizer_adapter:/home/soroush/ws_moveit2/install/chomp_motion_planner:/home/soroush/ws_moveit2/install/moveit_core:/home/soroush/ws_moveit2/install/srdfdom:/home/soroush/ws_moveit2/install/rviz_marker_tools:/home/soroush/ws_moveit2/install/rosparam_shortcuts:/home/soroush/ws_moveit2/install/moveit_task_constructor_msgs:/home/soroush/ws_moveit2/install/moveit_resources_prbt_support:/home/soroush/ws_moveit2/install/moveit_resources:/home/soroush/ws_moveit2/install/moveit_resources_pr2_description:/home/soroush/ws_moveit2/install/moveit_resources_panda_moveit_config:/home/soroush/ws_moveit2/install/moveit_resources_panda_description:/home/soroush/ws_moveit2/install/moveit_resources_fanuc_moveit_config:/home/soroush/ws_moveit2/install/moveit_resources_fanuc_description:/home/soroush/ws_moveit2/install/moveit_common:/home/soroush/ws_moveit2/install/model3:/home/soroush/ws_moveit2/install/gz_ros2_control_demos:/home/soroush/ws_moveit2/install/gz_ros2_control:/home/soroush/ws_moveit2/install/fumti:/home/soroush/robatics/Assignment2/assi2/src/install/turtlemania:/home/soroush/robatics/Assignment2/assi2/src/install/modelgazebo:/home/soroush/robatics/Assignment2/assi2/src/install/lab7:/opt/ros/humble:/home/soroush/robatics/Assignment2/assi2/install/yinsim:/home/soroush/robatics/Assignment2/assi2/install/py_srvcli:/home/soroush/robatics/Assignment2/assi2/install/peresenr_one:/home/soroush/robatics/Assignment2/assi2/install/modelgazebo:/home/soroush/ws_moveit2/install/moveit_configs_utils:/home/soroush/ws_moveit2/install/launch_param_builder LD_LIBRARY_PATH=/home/soroush/robatics/Assignment2/assi2/install/ros_gz_bridge/lib:/home/soroush/robatics/Assignment2/assi2/install/ros_gz_sim/lib:/home/soroush/robatics/Assignment2/assi2/install/ros_gz_interfaces/lib:/opt/ros/humble/opt/rviz_ogre_vendor/lib:/opt/ros/humble/lib/x86_64-linux-gnu:/opt/ros/humble/lib:/home/soroush/robatics/Assignment2/assi2/install/interfaces/lib:/home/soroush/ws_moveit2/install/pilz_industrial_motion_planner_testutils/lib:/home/soroush/ws_moveit2/install/pilz_industrial_motion_planner/lib:/home/soroush/ws_moveit2/install/moveit_visual_tools/lib:/home/soroush/ws_moveit2/install/moveit_task_constructor_visualization/lib:/home/soroush/ws_moveit2/install/moveit_task_constructor_demo/lib:/home/soroush/ws_moveit2/install/moveit_task_constructor_capabilities/lib:/home/soroush/ws_moveit2/install/moveit_task_constructor_core/lib:/home/soroush/ws_moveit2/install/moveit_ros_control_interface/lib:/home/soroush/ws_moveit2/install/moveit_simple_controller_manager/lib:/home/soroush/ws_moveit2/install/moveit_setup_assistant/lib:/home/soroush/ws_moveit2/install/moveit_setup_srdf_plugins/lib:/home/soroush/ws_moveit2/install/moveit_setup_core_plugins/lib:/home/soroush/ws_moveit2/install/moveit_setup_controllers/lib:/home/soroush/ws_moveit2/install/moveit_setup_app_plugins/lib:/home/soroush/ws_moveit2/install/moveit_setup_framework/lib:/home/soroush/ws_moveit2/install/moveit_servo/lib:/home/soroush/ws_moveit2/install/moveit_ros_visualization/lib:/home/soroush/ws_moveit2/install/moveit_hybrid_planning/lib:/home/soroush/ws_moveit2/install/moveit_ros_planning_interface/lib:/home/soroush/ws_moveit2/install/moveit_ros_benchmarks/lib:/home/soroush/ws_moveit2/install/moveit_ros_warehouse/lib:/home/soroush/ws_moveit2/install/moveit_ros_robot_interaction/lib:/home/soroush/ws_moveit2/install/moveit_ros_perception/lib:/home/soroush/ws_moveit2/install/moveit_ros_move_group/lib:/home/soroush/ws_moveit2/install/moveit_planners_ompl/lib:/home/soroush/ws_moveit2/install/moveit_ros_planning/lib:/home/soroush/ws_moveit2/install/moveit_ros_occupancy_map_monitor/lib:/home/soroush/ws_moveit2/install/moveit_resources_prbt_ikfast_manipulator_plugin/lib:/home/soroush/ws_moveit2/install/moveit_planners_chomp/lib:/home/soroush/ws_moveit2/install/moveit_kinematics/lib:/home/soroush/ws_moveit2/install/moveit_chomp_optimizer_adapter/lib:/home/soroush/ws_moveit2/install/chomp_motion_planner/lib:/home/soroush/ws_moveit2/install/moveit_core/lib:/home/soroush/ws_moveit2/install/srdfdom/lib:/home/soroush/ws_moveit2/install/rviz_marker_tools/lib:/home/soroush/ws_moveit2/install/rosparam_shortcuts/lib:/home/soroush/ws_moveit2/install/moveit_task_constructor_msgs/lib:/home/soroush/ws_moveit2/install/gz_ros2_control/lib /usr/bin/cmake --build /home/soroush/robatics/Assignment2/assi2/build/ros_gz -- -j8 -l8
[1.005s] DEBUG:colcon.colcon_core.event_handler.log_command:Invoked command in '/home/soroush/robatics/Assignment2/assi2/build/ros_gz' returned '0': CMAKE_PREFIX_PATH=/home/soroush/robatics/Assignment2/assi2/install/ros_gz_sim_demos:/home/soroush/robatics/Assignment2/assi2/install/ros_gz_image:/home/soroush/robatics/Assignment2/assi2/install/ros_gz_bridge:/home/soroush/robatics/Assignment2/assi2/install/ros_gz_sim:/home/soroush/robatics/Assignment2/assi2/install/ros_gz_interfaces:/home/soroush/robatics/ProjectWS/install/eddiebot_rviz:/home/soroush/robatics/ProjectWS/install/eddiebot_gazebo:/home/soroush/robatics/ProjectWS/install/eddiebot_description:/home/soroush/robatics/Assignment2/assi2/install/yangsim:/home/soroush/robatics/Assignment2/assi2/install/ros_gz:/home/soroush/robatics/Assignment2/assi2/install/interfaces:/home/soroush/ws_moveit2/install/pilz_industrial_motion_planner_testutils:/home/soroush/ws_moveit2/install/moveit_runtime:/home/soroush/ws_moveit2/install/moveit_fum_manipulator:/home/soroush/ws_moveit2/install/moveit2_tutorials:/home/soroush/ws_moveit2/install/moveit:/home/soroush/ws_moveit2/install/model4:/home/soroush/ws_moveit2/install/model:/home/soroush/ws_moveit2/install/fumti3:/home/soroush/ws_moveit2/install/moveit_planners:/home/soroush/ws_moveit2/install/pilz_industrial_motion_planner:/home/soroush/ws_moveit2/install/moveit_visual_tools:/home/soroush/ws_moveit2/install/moveit_task_constructor_visualization:/home/soroush/ws_moveit2/install/moveit_task_constructor_demo:/home/soroush/ws_moveit2/install/moveit_task_constructor_capabilities:/home/soroush/ws_moveit2/install/moveit_task_constructor_core:/home/soroush/ws_moveit2/install/moveit_ros_control_interface:/home/soroush/ws_moveit2/install/moveit_plugins:/home/soroush/ws_moveit2/install/moveit_simple_controller_manager:/home/soroush/ws_moveit2/install/moveit_setup_assistant:/home/soroush/ws_moveit2/install/moveit_setup_srdf_plugins:/home/soroush/ws_moveit2/install/moveit_setup_core_plugins:/home/soroush/ws_moveit2/install/moveit_setup_controllers:/home/soroush/ws_moveit2/install/moveit_setup_app_plugins:/home/soroush/ws_moveit2/install/moveit_setup_framework:/home/soroush/ws_moveit2/install/moveit_servo:/home/soroush/ws_moveit2/install/moveit_ros:/home/soroush/ws_moveit2/install/moveit_ros_visualization:/home/soroush/ws_moveit2/install/moveit_hybrid_planning:/home/soroush/ws_moveit2/install/moveit_ros_planning_interface:/home/soroush/ws_moveit2/install/moveit_ros_benchmarks:/home/soroush/ws_moveit2/install/moveit_ros_warehouse:/home/soroush/ws_moveit2/install/moveit_ros_robot_interaction:/home/soroush/ws_moveit2/install/moveit_ros_perception:/home/soroush/ws_moveit2/install/moveit_resources_prbt_pg70_support:/home/soroush/ws_moveit2/install/moveit_resources_prbt_moveit_config:/home/soroush/ws_moveit2/install/moveit_ros_move_group:/home/soroush/ws_moveit2/install/moveit_planners_ompl:/home/soroush/ws_moveit2/install/moveit_ros_planning:/home/soroush/ws_moveit2/install/moveit_ros_occupancy_map_monitor:/home/soroush/ws_moveit2/install/moveit_resources_prbt_ikfast_manipulator_plugin:/home/soroush/ws_moveit2/install/moveit_planners_chomp:/home/soroush/ws_moveit2/install/moveit_kinematics:/home/soroush/ws_moveit2/install/moveit_chomp_optimizer_adapter:/home/soroush/ws_moveit2/install/chomp_motion_planner:/home/soroush/ws_moveit2/install/moveit_core:/home/soroush/ws_moveit2/install/srdfdom:/home/soroush/ws_moveit2/install/rviz_marker_tools:/home/soroush/ws_moveit2/install/rosparam_shortcuts:/home/soroush/ws_moveit2/install/moveit_task_constructor_msgs:/home/soroush/ws_moveit2/install/moveit_resources_prbt_support:/home/soroush/ws_moveit2/install/moveit_resources:/home/soroush/ws_moveit2/install/moveit_resources_pr2_description:/home/soroush/ws_moveit2/install/moveit_resources_panda_moveit_config:/home/soroush/ws_moveit2/install/moveit_resources_panda_description:/home/soroush/ws_moveit2/install/moveit_resources_fanuc_moveit_config:/home/soroush/ws_moveit2/install/moveit_resources_fanuc_description:/home/soroush/ws_moveit2/install/moveit_common:/home/soroush/ws_moveit2/install/model3:/home/soroush/ws_moveit2/install/gz_ros2_control_demos:/home/soroush/ws_moveit2/install/gz_ros2_control:/home/soroush/ws_moveit2/install/fumti:/home/soroush/robatics/Assignment2/assi2/src/install/turtlemania:/home/soroush/robatics/Assignment2/assi2/src/install/modelgazebo:/home/soroush/robatics/Assignment2/assi2/src/install/lab7:/opt/ros/humble:/home/soroush/robatics/Assignment2/assi2/install/yinsim:/home/soroush/robatics/Assignment2/assi2/install/py_srvcli:/home/soroush/robatics/Assignment2/assi2/install/peresenr_one:/home/soroush/robatics/Assignment2/assi2/install/modelgazebo:/home/soroush/ws_moveit2/install/moveit_configs_utils:/home/soroush/ws_moveit2/install/launch_param_builder LD_LIBRARY_PATH=/home/soroush/robatics/Assignment2/assi2/install/ros_gz_bridge/lib:/home/soroush/robatics/Assignment2/assi2/install/ros_gz_sim/lib:/home/soroush/robatics/Assignment2/assi2/install/ros_gz_interfaces/lib:/opt/ros/humble/opt/rviz_ogre_vendor/lib:/opt/ros/humble/lib/x86_64-linux-gnu:/opt/ros/humble/lib:/home/soroush/robatics/Assignment2/assi2/install/interfaces/lib:/home/soroush/ws_moveit2/install/pilz_industrial_motion_planner_testutils/lib:/home/soroush/ws_moveit2/install/pilz_industrial_motion_planner/lib:/home/soroush/ws_moveit2/install/moveit_visual_tools/lib:/home/soroush/ws_moveit2/install/moveit_task_constructor_visualization/lib:/home/soroush/ws_moveit2/install/moveit_task_constructor_demo/lib:/home/soroush/ws_moveit2/install/moveit_task_constructor_capabilities/lib:/home/soroush/ws_moveit2/install/moveit_task_constructor_core/lib:/home/soroush/ws_moveit2/install/moveit_ros_control_interface/lib:/home/soroush/ws_moveit2/install/moveit_simple_controller_manager/lib:/home/soroush/ws_moveit2/install/moveit_setup_assistant/lib:/home/soroush/ws_moveit2/install/moveit_setup_srdf_plugins/lib:/home/soroush/ws_moveit2/install/moveit_setup_core_plugins/lib:/home/soroush/ws_moveit2/install/moveit_setup_controllers/lib:/home/soroush/ws_moveit2/install/moveit_setup_app_plugins/lib:/home/soroush/ws_moveit2/install/moveit_setup_framework/lib:/home/soroush/ws_moveit2/install/moveit_servo/lib:/home/soroush/ws_moveit2/install/moveit_ros_visualization/lib:/home/soroush/ws_moveit2/install/moveit_hybrid_planning/lib:/home/soroush/ws_moveit2/install/moveit_ros_planning_interface/lib:/home/soroush/ws_moveit2/install/moveit_ros_benchmarks/lib:/home/soroush/ws_moveit2/install/moveit_ros_warehouse/lib:/home/soroush/ws_moveit2/install/moveit_ros_robot_interaction/lib:/home/soroush/ws_moveit2/install/moveit_ros_perception/lib:/home/soroush/ws_moveit2/install/moveit_ros_move_group/lib:/home/soroush/ws_moveit2/install/moveit_planners_ompl/lib:/home/soroush/ws_moveit2/install/moveit_ros_planning/lib:/home/soroush/ws_moveit2/install/moveit_ros_occupancy_map_monitor/lib:/home/soroush/ws_moveit2/install/moveit_resources_prbt_ikfast_manipulator_plugin/lib:/home/soroush/ws_moveit2/install/moveit_planners_chomp/lib:/home/soroush/ws_moveit2/install/moveit_kinematics/lib:/home/soroush/ws_moveit2/install/moveit_chomp_optimizer_adapter/lib:/home/soroush/ws_moveit2/install/chomp_motion_planner/lib:/home/soroush/ws_moveit2/install/moveit_core/lib:/home/soroush/ws_moveit2/install/srdfdom/lib:/home/soroush/ws_moveit2/install/rviz_marker_tools/lib:/home/soroush/ws_moveit2/install/rosparam_shortcuts/lib:/home/soroush/ws_moveit2/install/moveit_task_constructor_msgs/lib:/home/soroush/ws_moveit2/install/gz_ros2_control/lib /usr/bin/cmake --build /home/soroush/robatics/Assignment2/assi2/build/ros_gz -- -j8 -l8
[1.077s] DEBUG:colcon.colcon_core.event_handler.log_command:Invoking command in '/home/soroush/robatics/Assignment2/assi2/build/ros_gz': CMAKE_PREFIX_PATH=/home/soroush/robatics/Assignment2/assi2/install/ros_gz_sim_demos:/home/soroush/robatics/Assignment2/assi2/install/ros_gz_image:/home/soroush/robatics/Assignment2/assi2/install/ros_gz_bridge:/home/soroush/robatics/Assignment2/assi2/install/ros_gz_sim:/home/soroush/robatics/Assignment2/assi2/install/ros_gz_interfaces:/home/soroush/robatics/ProjectWS/install/eddiebot_rviz:/home/soroush/robatics/ProjectWS/install/eddiebot_gazebo:/home/soroush/robatics/ProjectWS/install/eddiebot_description:/home/soroush/robatics/Assignment2/assi2/install/yangsim:/home/soroush/robatics/Assignment2/assi2/install/ros_gz:/home/soroush/robatics/Assignment2/assi2/install/interfaces:/home/soroush/ws_moveit2/install/pilz_industrial_motion_planner_testutils:/home/soroush/ws_moveit2/install/moveit_runtime:/home/soroush/ws_moveit2/install/moveit_fum_manipulator:/home/soroush/ws_moveit2/install/moveit2_tutorials:/home/soroush/ws_moveit2/install/moveit:/home/soroush/ws_moveit2/install/model4:/home/soroush/ws_moveit2/install/model:/home/soroush/ws_moveit2/install/fumti3:/home/soroush/ws_moveit2/install/moveit_planners:/home/soroush/ws_moveit2/install/pilz_industrial_motion_planner:/home/soroush/ws_moveit2/install/moveit_visual_tools:/home/soroush/ws_moveit2/install/moveit_task_constructor_visualization:/home/soroush/ws_moveit2/install/moveit_task_constructor_demo:/home/soroush/ws_moveit2/install/moveit_task_constructor_capabilities:/home/soroush/ws_moveit2/install/moveit_task_constructor_core:/home/soroush/ws_moveit2/install/moveit_ros_control_interface:/home/soroush/ws_moveit2/install/moveit_plugins:/home/soroush/ws_moveit2/install/moveit_simple_controller_manager:/home/soroush/ws_moveit2/install/moveit_setup_assistant:/home/soroush/ws_moveit2/install/moveit_setup_srdf_plugins:/home/soroush/ws_moveit2/install/moveit_setup_core_plugins:/home/soroush/ws_moveit2/install/moveit_setup_controllers:/home/soroush/ws_moveit2/install/moveit_setup_app_plugins:/home/soroush/ws_moveit2/install/moveit_setup_framework:/home/soroush/ws_moveit2/install/moveit_servo:/home/soroush/ws_moveit2/install/moveit_ros:/home/soroush/ws_moveit2/install/moveit_ros_visualization:/home/soroush/ws_moveit2/install/moveit_hybrid_planning:/home/soroush/ws_moveit2/install/moveit_ros_planning_interface:/home/soroush/ws_moveit2/install/moveit_ros_benchmarks:/home/soroush/ws_moveit2/install/moveit_ros_warehouse:/home/soroush/ws_moveit2/install/moveit_ros_robot_interaction:/home/soroush/ws_moveit2/install/moveit_ros_perception:/home/soroush/ws_moveit2/install/moveit_resources_prbt_pg70_support:/home/soroush/ws_moveit2/install/moveit_resources_prbt_moveit_config:/home/soroush/ws_moveit2/install/moveit_ros_move_group:/home/soroush/ws_moveit2/install/moveit_planners_ompl:/home/soroush/ws_moveit2/install/moveit_ros_planning:/home/soroush/ws_moveit2/install/moveit_ros_occupancy_map_monitor:/home/soroush/ws_moveit2/install/moveit_resources_prbt_ikfast_manipulator_plugin:/home/soroush/ws_moveit2/install/moveit_planners_chomp:/home/soroush/ws_moveit2/install/moveit_kinematics:/home/soroush/ws_moveit2/install/moveit_chomp_optimizer_adapter:/home/soroush/ws_moveit2/install/chomp_motion_planner:/home/soroush/ws_moveit2/install/moveit_core:/home/soroush/ws_moveit2/install/srdfdom:/home/soroush/ws_moveit2/install/rviz_marker_tools:/home/soroush/ws_moveit2/install/rosparam_shortcuts:/home/soroush/ws_moveit2/install/moveit_task_constructor_msgs:/home/soroush/ws_moveit2/install/moveit_resources_prbt_support:/home/soroush/ws_moveit2/install/moveit_resources:/home/soroush/ws_moveit2/install/moveit_resources_pr2_description:/home/soroush/ws_moveit2/install/moveit_resources_panda_moveit_config:/home/soroush/ws_moveit2/install/moveit_resources_panda_description:/home/soroush/ws_moveit2/install/moveit_resources_fanuc_moveit_config:/home/soroush/ws_moveit2/install/moveit_resources_fanuc_description:/home/soroush/ws_moveit2/install/moveit_common:/home/soroush/ws_moveit2/install/model3:/home/soroush/ws_moveit2/install/gz_ros2_control_demos:/home/soroush/ws_moveit2/install/gz_ros2_control:/home/soroush/ws_moveit2/install/fumti:/home/soroush/robatics/Assignment2/assi2/src/install/turtlemania:/home/soroush/robatics/Assignment2/assi2/src/install/modelgazebo:/home/soroush/robatics/Assignment2/assi2/src/install/lab7:/opt/ros/humble:/home/soroush/robatics/Assignment2/assi2/install/yinsim:/home/soroush/robatics/Assignment2/assi2/install/py_srvcli:/home/soroush/robatics/Assignment2/assi2/install/peresenr_one:/home/soroush/robatics/Assignment2/assi2/install/modelgazebo:/home/soroush/ws_moveit2/install/moveit_configs_utils:/home/soroush/ws_moveit2/install/launch_param_builder LD_LIBRARY_PATH=/home/soroush/robatics/Assignment2/assi2/install/ros_gz_bridge/lib:/home/soroush/robatics/Assignment2/assi2/install/ros_gz_sim/lib:/home/soroush/robatics/Assignment2/assi2/install/ros_gz_interfaces/lib:/opt/ros/humble/opt/rviz_ogre_vendor/lib:/opt/ros/humble/lib/x86_64-linux-gnu:/opt/ros/humble/lib:/home/soroush/robatics/Assignment2/assi2/install/interfaces/lib:/home/soroush/ws_moveit2/install/pilz_industrial_motion_planner_testutils/lib:/home/soroush/ws_moveit2/install/pilz_industrial_motion_planner/lib:/home/soroush/ws_moveit2/install/moveit_visual_tools/lib:/home/soroush/ws_moveit2/install/moveit_task_constructor_visualization/lib:/home/soroush/ws_moveit2/install/moveit_task_constructor_demo/lib:/home/soroush/ws_moveit2/install/moveit_task_constructor_capabilities/lib:/home/soroush/ws_moveit2/install/moveit_task_constructor_core/lib:/home/soroush/ws_moveit2/install/moveit_ros_control_interface/lib:/home/soroush/ws_moveit2/install/moveit_simple_controller_manager/lib:/home/soroush/ws_moveit2/install/moveit_setup_assistant/lib:/home/soroush/ws_moveit2/install/moveit_setup_srdf_plugins/lib:/home/soroush/ws_moveit2/install/moveit_setup_core_plugins/lib:/home/soroush/ws_moveit2/install/moveit_setup_controllers/lib:/home/soroush/ws_moveit2/install/moveit_setup_app_plugins/lib:/home/soroush/ws_moveit2/install/moveit_setup_framework/lib:/home/soroush/ws_moveit2/install/moveit_servo/lib:/home/soroush/ws_moveit2/install/moveit_ros_visualization/lib:/home/soroush/ws_moveit2/install/moveit_hybrid_planning/lib:/home/soroush/ws_moveit2/install/moveit_ros_planning_interface/lib:/home/soroush/ws_moveit2/install/moveit_ros_benchmarks/lib:/home/soroush/ws_moveit2/install/moveit_ros_warehouse/lib:/home/soroush/ws_moveit2/install/moveit_ros_robot_interaction/lib:/home/soroush/ws_moveit2/install/moveit_ros_perception/lib:/home/soroush/ws_moveit2/install/moveit_ros_move_group/lib:/home/soroush/ws_moveit2/install/moveit_planners_ompl/lib:/home/soroush/ws_moveit2/install/moveit_ros_planning/lib:/home/soroush/ws_moveit2/install/moveit_ros_occupancy_map_monitor/lib:/home/soroush/ws_moveit2/install/moveit_resources_prbt_ikfast_manipulator_plugin/lib:/home/soroush/ws_moveit2/install/moveit_planners_chomp/lib:/home/soroush/ws_moveit2/install/moveit_kinematics/lib:/home/soroush/ws_moveit2/install/moveit_chomp_optimizer_adapter/lib:/home/soroush/ws_moveit2/install/chomp_motion_planner/lib:/home/soroush/ws_moveit2/install/moveit_core/lib:/home/soroush/ws_moveit2/install/srdfdom/lib:/home/soroush/ws_moveit2/install/rviz_marker_tools/lib:/home/soroush/ws_moveit2/install/rosparam_shortcuts/lib:/home/soroush/ws_moveit2/install/moveit_task_constructor_msgs/lib:/home/soroush/ws_moveit2/install/gz_ros2_control/lib /usr/bin/cmake --install /home/soroush/robatics/Assignment2/assi2/build/ros_gz
[1.114s] Level 1:colcon.colcon_core.environment:create_environment_scripts_only(ros_gz)
[1.116s] DEBUG:colcon.colcon_core.event_handler.log_command:Invoked command in '/home/soroush/robatics/Assignment2/assi2/build/ros_gz' returned '0': CMAKE_PREFIX_PATH=/home/soroush/robatics/Assignment2/assi2/install/ros_gz_sim_demos:/home/soroush/robatics/Assignment2/assi2/install/ros_gz_image:/home/soroush/robatics/Assignment2/assi2/install/ros_gz_bridge:/home/soroush/robatics/Assignment2/assi2/install/ros_gz_sim:/home/soroush/robatics/Assignment2/assi2/install/ros_gz_interfaces:/home/soroush/robatics/ProjectWS/install/eddiebot_rviz:/home/soroush/robatics/ProjectWS/install/eddiebot_gazebo:/home/soroush/robatics/ProjectWS/install/eddiebot_description:/home/soroush/robatics/Assignment2/assi2/install/yangsim:/home/soroush/robatics/Assignment2/assi2/install/ros_gz:/home/soroush/robatics/Assignment2/assi2/install/interfaces:/home/soroush/ws_moveit2/install/pilz_industrial_motion_planner_testutils:/home/soroush/ws_moveit2/install/moveit_runtime:/home/soroush/ws_moveit2/install/moveit_fum_manipulator:/home/soroush/ws_moveit2/install/moveit2_tutorials:/home/soroush/ws_moveit2/install/moveit:/home/soroush/ws_moveit2/install/model4:/home/soroush/ws_moveit2/install/model:/home/soroush/ws_moveit2/install/fumti3:/home/soroush/ws_moveit2/install/moveit_planners:/home/soroush/ws_moveit2/install/pilz_industrial_motion_planner:/home/soroush/ws_moveit2/install/moveit_visual_tools:/home/soroush/ws_moveit2/install/moveit_task_constructor_visualization:/home/soroush/ws_moveit2/install/moveit_task_constructor_demo:/home/soroush/ws_moveit2/install/moveit_task_constructor_capabilities:/home/soroush/ws_moveit2/install/moveit_task_constructor_core:/home/soroush/ws_moveit2/install/moveit_ros_control_interface:/home/soroush/ws_moveit2/install/moveit_plugins:/home/soroush/ws_moveit2/install/moveit_simple_controller_manager:/home/soroush/ws_moveit2/install/moveit_setup_assistant:/home/soroush/ws_moveit2/install/moveit_setup_srdf_plugins:/home/soroush/ws_moveit2/install/moveit_setup_core_plugins:/home/soroush/ws_moveit2/install/moveit_setup_controllers:/home/soroush/ws_moveit2/install/moveit_setup_app_plugins:/home/soroush/ws_moveit2/install/moveit_setup_framework:/home/soroush/ws_moveit2/install/moveit_servo:/home/soroush/ws_moveit2/install/moveit_ros:/home/soroush/ws_moveit2/install/moveit_ros_visualization:/home/soroush/ws_moveit2/install/moveit_hybrid_planning:/home/soroush/ws_moveit2/install/moveit_ros_planning_interface:/home/soroush/ws_moveit2/install/moveit_ros_benchmarks:/home/soroush/ws_moveit2/install/moveit_ros_warehouse:/home/soroush/ws_moveit2/install/moveit_ros_robot_interaction:/home/soroush/ws_moveit2/install/moveit_ros_perception:/home/soroush/ws_moveit2/install/moveit_resources_prbt_pg70_support:/home/soroush/ws_moveit2/install/moveit_resources_prbt_moveit_config:/home/soroush/ws_moveit2/install/moveit_ros_move_group:/home/soroush/ws_moveit2/install/moveit_planners_ompl:/home/soroush/ws_moveit2/install/moveit_ros_planning:/home/soroush/ws_moveit2/install/moveit_ros_occupancy_map_monitor:/home/soroush/ws_moveit2/install/moveit_resources_prbt_ikfast_manipulator_plugin:/home/soroush/ws_moveit2/install/moveit_planners_chomp:/home/soroush/ws_moveit2/install/moveit_kinematics:/home/soroush/ws_moveit2/install/moveit_chomp_optimizer_adapter:/home/soroush/ws_moveit2/install/chomp_motion_planner:/home/soroush/ws_moveit2/install/moveit_core:/home/soroush/ws_moveit2/install/srdfdom:/home/soroush/ws_moveit2/install/rviz_marker_tools:/home/soroush/ws_moveit2/install/rosparam_shortcuts:/home/soroush/ws_moveit2/install/moveit_task_constructor_msgs:/home/soroush/ws_moveit2/install/moveit_resources_prbt_support:/home/soroush/ws_moveit2/install/moveit_resources:/home/soroush/ws_moveit2/install/moveit_resources_pr2_description:/home/soroush/ws_moveit2/install/moveit_resources_panda_moveit_config:/home/soroush/ws_moveit2/install/moveit_resources_panda_description:/home/soroush/ws_moveit2/install/moveit_resources_fanuc_moveit_config:/home/soroush/ws_moveit2/install/moveit_resources_fanuc_description:/home/soroush/ws_moveit2/install/moveit_common:/home/soroush/ws_moveit2/install/model3:/home/soroush/ws_moveit2/install/gz_ros2_control_demos:/home/soroush/ws_moveit2/install/gz_ros2_control:/home/soroush/ws_moveit2/install/fumti:/home/soroush/robatics/Assignment2/assi2/src/install/turtlemania:/home/soroush/robatics/Assignment2/assi2/src/install/modelgazebo:/home/soroush/robatics/Assignment2/assi2/src/install/lab7:/opt/ros/humble:/home/soroush/robatics/Assignment2/assi2/install/yinsim:/home/soroush/robatics/Assignment2/assi2/install/py_srvcli:/home/soroush/robatics/Assignment2/assi2/install/peresenr_one:/home/soroush/robatics/Assignment2/assi2/install/modelgazebo:/home/soroush/ws_moveit2/install/moveit_configs_utils:/home/soroush/ws_moveit2/install/launch_param_builder LD_LIBRARY_PATH=/home/soroush/robatics/Assignment2/assi2/install/ros_gz_bridge/lib:/home/soroush/robatics/Assignment2/assi2/install/ros_gz_sim/lib:/home/soroush/robatics/Assignment2/assi2/install/ros_gz_interfaces/lib:/opt/ros/humble/opt/rviz_ogre_vendor/lib:/opt/ros/humble/lib/x86_64-linux-gnu:/opt/ros/humble/lib:/home/soroush/robatics/Assignment2/assi2/install/interfaces/lib:/home/soroush/ws_moveit2/install/pilz_industrial_motion_planner_testutils/lib:/home/soroush/ws_moveit2/install/pilz_industrial_motion_planner/lib:/home/soroush/ws_moveit2/install/moveit_visual_tools/lib:/home/soroush/ws_moveit2/install/moveit_task_constructor_visualization/lib:/home/soroush/ws_moveit2/install/moveit_task_constructor_demo/lib:/home/soroush/ws_moveit2/install/moveit_task_constructor_capabilities/lib:/home/soroush/ws_moveit2/install/moveit_task_constructor_core/lib:/home/soroush/ws_moveit2/install/moveit_ros_control_interface/lib:/home/soroush/ws_moveit2/install/moveit_simple_controller_manager/lib:/home/soroush/ws_moveit2/install/moveit_setup_assistant/lib:/home/soroush/ws_moveit2/install/moveit_setup_srdf_plugins/lib:/home/soroush/ws_moveit2/install/moveit_setup_core_plugins/lib:/home/soroush/ws_moveit2/install/moveit_setup_controllers/lib:/home/soroush/ws_moveit2/install/moveit_setup_app_plugins/lib:/home/soroush/ws_moveit2/install/moveit_setup_framework/lib:/home/soroush/ws_moveit2/install/moveit_servo/lib:/home/soroush/ws_moveit2/install/moveit_ros_visualization/lib:/home/soroush/ws_moveit2/install/moveit_hybrid_planning/lib:/home/soroush/ws_moveit2/install/moveit_ros_planning_interface/lib:/home/soroush/ws_moveit2/install/moveit_ros_benchmarks/lib:/home/soroush/ws_moveit2/install/moveit_ros_warehouse/lib:/home/soroush/ws_moveit2/install/moveit_ros_robot_interaction/lib:/home/soroush/ws_moveit2/install/moveit_ros_perception/lib:/home/soroush/ws_moveit2/install/moveit_ros_move_group/lib:/home/soroush/ws_moveit2/install/moveit_planners_ompl/lib:/home/soroush/ws_moveit2/install/moveit_ros_planning/lib:/home/soroush/ws_moveit2/install/moveit_ros_occupancy_map_monitor/lib:/home/soroush/ws_moveit2/install/moveit_resources_prbt_ikfast_manipulator_plugin/lib:/home/soroush/ws_moveit2/install/moveit_planners_chomp/lib:/home/soroush/ws_moveit2/install/moveit_kinematics/lib:/home/soroush/ws_moveit2/install/moveit_chomp_optimizer_adapter/lib:/home/soroush/ws_moveit2/install/chomp_motion_planner/lib:/home/soroush/ws_moveit2/install/moveit_core/lib:/home/soroush/ws_moveit2/install/srdfdom/lib:/home/soroush/ws_moveit2/install/rviz_marker_tools/lib:/home/soroush/ws_moveit2/install/rosparam_shortcuts/lib:/home/soroush/ws_moveit2/install/moveit_task_constructor_msgs/lib:/home/soroush/ws_moveit2/install/gz_ros2_control/lib /usr/bin/cmake --install /home/soroush/robatics/Assignment2/assi2/build/ros_gz
[1.124s] Level 1:colcon.colcon_core.environment:checking '/home/soroush/robatics/Assignment2/assi2/install/ros_gz' for CMake module files
[1.124s] Level 1:colcon.colcon_core.environment:checking '/home/soroush/robatics/Assignment2/assi2/install/ros_gz' for CMake config files
[1.125s] Level 1:colcon.colcon_core.shell:create_environment_hook('ros_gz', 'cmake_prefix_path')
[1.126s] INFO:colcon.colcon_core.shell:Creating environment hook '/home/soroush/robatics/Assignment2/assi2/install/ros_gz/share/ros_gz/hook/cmake_prefix_path.ps1'
[1.127s] INFO:colcon.colcon_core.shell:Creating environment descriptor '/home/soroush/robatics/Assignment2/assi2/install/ros_gz/share/ros_gz/hook/cmake_prefix_path.dsv'
[1.128s] INFO:colcon.colcon_core.shell:Creating environment hook '/home/soroush/robatics/Assignment2/assi2/install/ros_gz/share/ros_gz/hook/cmake_prefix_path.sh'
[1.129s] Level 1:colcon.colcon_core.environment:checking '/home/soroush/robatics/Assignment2/assi2/install/ros_gz/bin'
[1.129s] Level 1:colcon.colcon_core.environment:checking '/home/soroush/robatics/Assignment2/assi2/install/ros_gz/lib/pkgconfig/ros_gz.pc'
[1.130s] Level 1:colcon.colcon_core.environment:checking '/home/soroush/robatics/Assignment2/assi2/install/ros_gz/lib/python3.10/site-packages'
[1.131s] Level 1:colcon.colcon_core.environment:checking '/home/soroush/robatics/Assignment2/assi2/install/ros_gz/bin'
[1.132s] INFO:colcon.colcon_core.shell:Creating package script '/home/soroush/robatics/Assignment2/assi2/install/ros_gz/share/ros_gz/package.ps1'
[1.133s] INFO:colcon.colcon_core.shell:Creating package descriptor '/home/soroush/robatics/Assignment2/assi2/install/ros_gz/share/ros_gz/package.dsv'
[1.134s] INFO:colcon.colcon_core.shell:Creating package script '/home/soroush/robatics/Assignment2/assi2/install/ros_gz/share/ros_gz/package.sh'
[1.135s] INFO:colcon.colcon_core.shell:Creating package script '/home/soroush/robatics/Assignment2/assi2/install/ros_gz/share/ros_gz/package.bash'
[1.136s] INFO:colcon.colcon_core.shell:Creating package script '/home/soroush/robatics/Assignment2/assi2/install/ros_gz/share/ros_gz/package.zsh'
[1.137s] Level 1:colcon.colcon_core.environment:create_file_with_runtime_dependencies(/home/soroush/robatics/Assignment2/assi2/install/ros_gz/share/colcon-core/packages/ros_gz)
[1.194s] Level 1:colcon.colcon_core.environment:create_environment_scripts_only(ros_gz)
[1.197s] Level 1:colcon.colcon_core.environment:checking '/home/soroush/robatics/Assignment2/assi2/install/ros_gz' for CMake module files
[1.197s] Level 1:colcon.colcon_core.environment:checking '/home/soroush/robatics/Assignment2/assi2/install/ros_gz' for CMake config files
[1.197s] Level 1:colcon.colcon_core.shell:create_environment_hook('ros_gz', 'cmake_prefix_path')
[1.199s] INFO:colcon.colcon_core.shell:Creating environment hook '/home/soroush/robatics/Assignment2/assi2/install/ros_gz/share/ros_gz/hook/cmake_prefix_path.ps1'
[1.199s] INFO:colcon.colcon_core.shell:Creating environment descriptor '/home/soroush/robatics/Assignment2/assi2/install/ros_gz/share/ros_gz/hook/cmake_prefix_path.dsv'
[1.200s] INFO:colcon.colcon_core.shell:Creating environment hook '/home/soroush/robatics/Assignment2/assi2/install/ros_gz/share/ros_gz/hook/cmake_prefix_path.sh'
[1.200s] Level 1:colcon.colcon_core.environment:checking '/home/soroush/robatics/Assignment2/assi2/install/ros_gz/bin'
[1.200s] Level 1:colcon.colcon_core.environment:checking '/home/soroush/robatics/Assignment2/assi2/install/ros_gz/lib/pkgconfig/ros_gz.pc'
[1.201s] Level 1:colcon.colcon_core.environment:checking '/home/soroush/robatics/Assignment2/assi2/install/ros_gz/lib/python3.10/site-packages'
[1.201s] Level 1:colcon.colcon_core.environment:checking '/home/soroush/robatics/Assignment2/assi2/install/ros_gz/bin'
[1.202s] INFO:colcon.colcon_core.shell:Creating package script '/home/soroush/robatics/Assignment2/assi2/install/ros_gz/share/ros_gz/package.ps1'
[1.203s] INFO:colcon.colcon_core.shell:Creating package descriptor '/home/soroush/robatics/Assignment2/assi2/install/ros_gz/share/ros_gz/package.dsv'
[1.203s] INFO:colcon.colcon_core.shell:Creating package script '/home/soroush/robatics/Assignment2/assi2/install/ros_gz/share/ros_gz/package.sh'
[1.204s] INFO:colcon.colcon_core.shell:Creating package script '/home/soroush/robatics/Assignment2/assi2/install/ros_gz/share/ros_gz/package.bash'
[1.204s] INFO:colcon.colcon_core.shell:Creating package script '/home/soroush/robatics/Assignment2/assi2/install/ros_gz/share/ros_gz/package.zsh'
[1.205s] Level 1:colcon.colcon_core.environment:create_file_with_runtime_dependencies(/home/soroush/robatics/Assignment2/assi2/install/ros_gz/share/colcon-core/packages/ros_gz)
[1.205s] DEBUG:colcon.colcon_parallel_executor.executor.parallel:closing loop
[1.205s] DEBUG:colcon.colcon_parallel_executor.executor.parallel:loop closed
[1.205s] DEBUG:colcon.colcon_parallel_executor.executor.parallel:run_until_complete finished with '0'
[1.206s] DEBUG:colcon.colcon_core.event_reactor:joining thread
[1.223s] INFO:colcon.colcon_core.plugin_system:Skipping extension 'colcon_notification.desktop_notification.notify_send': Could not find 'notify-send'
[1.223s] INFO:colcon.colcon_core.plugin_system:Skipping extension 'colcon_notification.desktop_notification.terminal_notifier': Not used on non-Darwin systems
[1.223s] INFO:colcon.colcon_core.plugin_system:Skipping extension 'colcon_notification.desktop_notification.win32': Not used on non-Windows systems
[1.223s] INFO:colcon.colcon_notification.desktop_notification:Sending desktop notification using 'notify2'
[1.244s] DEBUG:colcon.colcon_core.event_reactor:joined thread
[1.246s] INFO:colcon.colcon_core.shell:Creating prefix script '/home/soroush/robatics/Assignment2/assi2/install/local_setup.ps1'
[1.247s] INFO:colcon.colcon_core.shell:Creating prefix util module '/home/soroush/robatics/Assignment2/assi2/install/_local_setup_util_ps1.py'
[1.248s] INFO:colcon.colcon_core.shell:Creating prefix chain script '/home/soroush/robatics/Assignment2/assi2/install/setup.ps1'
[1.255s] INFO:colcon.colcon_core.shell:Creating prefix script '/home/soroush/robatics/Assignment2/assi2/install/local_setup.sh'
[1.255s] INFO:colcon.colcon_core.shell:Creating prefix util module '/home/soroush/robatics/Assignment2/assi2/install/_local_setup_util_sh.py'
[1.256s] INFO:colcon.colcon_core.shell:Creating prefix chain script '/home/soroush/robatics/Assignment2/assi2/install/setup.sh'
[1.262s] INFO:colcon.colcon_core.shell:Creating prefix script '/home/soroush/robatics/Assignment2/assi2/install/local_setup.bash'
[1.263s] INFO:colcon.colcon_core.shell:Creating prefix chain script '/home/soroush/robatics/Assignment2/assi2/install/setup.bash'
[1.269s] INFO:colcon.colcon_core.shell:Creating prefix script '/home/soroush/robatics/Assignment2/assi2/install/local_setup.zsh'
[1.269s] INFO:colcon.colcon_core.shell:Creating prefix chain script '/home/soroush/robatics/Assignment2/assi2/install/setup.zsh'
