[2.919s] Invoking command in '/home/soroush/robatics/Assignment2/assi2/src/turtlemania': PYTHONPATH=/home/soroush/robatics/Assignment2/assi2/src/build/turtlemania/prefix_override:/home/soroush/robatics/Assignment2/assi2/src/install/turtlemania/lib/python3.10/site-packages:${PYTHONPATH} /usr/bin/python3 setup.py egg_info --egg-base ../build/turtlemania build --build-base /home/soroush/robatics/Assignment2/assi2/src/build/turtlemania/build install --record /home/soroush/robatics/Assignment2/assi2/src/build/turtlemania/install.log --single-version-externally-managed
[3.784s] running egg_info
[3.843s] writing ../build/turtlemania/turtlemania.egg-info/PKG-INFO
[3.844s] writing dependency_links to ../build/turtlemania/turtlemania.egg-info/dependency_links.txt
[3.845s] writing entry points to ../build/turtlemania/turtlemania.egg-info/entry_points.txt
[3.846s] writing requirements to ../build/turtlemania/turtlemania.egg-info/requires.txt
[3.847s] writing top-level names to ../build/turtlemania/turtlemania.egg-info/top_level.txt
[3.967s] reading manifest file '../build/turtlemania/turtlemania.egg-info/SOURCES.txt'
[3.970s] writing manifest file '../build/turtlemania/turtlemania.egg-info/SOURCES.txt'
[3.971s] running build
[3.971s] running build_py
[3.972s] running install
[3.973s] /home/soroush/.local/lib/python3.10/site-packages/setuptools/command/install.py:34: SetuptoolsDeprecationWarning: setup.py install is deprecated. Use build and pip and other standards-based tools.
[3.973s]   warnings.warn(
[3.991s] running install_lib
[4.049s] running install_data
[4.107s] copying launch/launch.py -> /home/soroush/robatics/Assignment2/assi2/src/install/turtlemania/share/turtlemania
[4.107s] running install_egg_info
[4.167s] removing '/home/soroush/robatics/Assignment2/assi2/src/install/turtlemania/lib/python3.10/site-packages/turtlemania-0.0.0-py3.10.egg-info' (and everything under it)
[4.168s] Copying ../build/turtlemania/turtlemania.egg-info to /home/soroush/robatics/Assignment2/assi2/src/install/turtlemania/lib/python3.10/site-packages/turtlemania-0.0.0-py3.10.egg-info
[4.172s] running install_scripts
[4.812s] Installing brodcaster script to /home/soroush/robatics/Assignment2/assi2/src/install/turtlemania/lib/turtlemania
[4.813s] Installing listener script to /home/soroush/robatics/Assignment2/assi2/src/install/turtlemania/lib/turtlemania
[4.814s] writing list of installed files to '/home/soroush/robatics/Assignment2/assi2/src/build/turtlemania/install.log'
[4.897s] Invoked command in '/home/soroush/robatics/Assignment2/assi2/src/turtlemania' returned '0': PYTHONPATH=/home/soroush/robatics/Assignment2/assi2/src/build/turtlemania/prefix_override:/home/soroush/robatics/Assignment2/assi2/src/install/turtlemania/lib/python3.10/site-packages:${PYTHONPATH} /usr/bin/python3 setup.py egg_info --egg-base ../build/turtlemania build --build-base /home/soroush/robatics/Assignment2/assi2/src/build/turtlemania/build install --record /home/soroush/robatics/Assignment2/assi2/src/build/turtlemania/install.log --single-version-externally-managed
