[1.034s] Invoking command in '/home/soroush/ros2_ws/src/py_srvcli': PYTHONPATH=/home/soroush/ros2_ws/build/py_srvcli/prefix_override:/home/soroush/ros2_ws/install/py_srvcli/lib/python3.10/site-packages:${PYTHONPATH} /usr/bin/python3 setup.py egg_info --egg-base ../../build/py_srvcli build --build-base /home/soroush/ros2_ws/build/py_srvcli/build install --record /home/soroush/ros2_ws/build/py_srvcli/install.log --single-version-externally-managed
[1.460s] running egg_info
[1.461s] writing ../../build/py_srvcli/py_srvcli.egg-info/PKG-INFO
[1.461s] writing dependency_links to ../../build/py_srvcli/py_srvcli.egg-info/dependency_links.txt
[1.462s] writing entry points to ../../build/py_srvcli/py_srvcli.egg-info/entry_points.txt
[1.462s] writing requirements to ../../build/py_srvcli/py_srvcli.egg-info/requires.txt
[1.462s] writing top-level names to ../../build/py_srvcli/py_srvcli.egg-info/top_level.txt
[1.465s] reading manifest file '../../build/py_srvcli/py_srvcli.egg-info/SOURCES.txt'
[1.466s] writing manifest file '../../build/py_srvcli/py_srvcli.egg-info/SOURCES.txt'
[1.467s] running build
[1.467s] running build_py
[1.467s] copying py_srvcli/client_member_function.py -> /home/soroush/ros2_ws/build/py_srvcli/build/lib/py_srvcli
[1.467s] running install
[1.468s] /usr/lib/python3/dist-packages/setuptools/command/install.py:34: SetuptoolsDeprecationWarning: setup.py install is deprecated. Use build and pip and other standards-based tools.
[1.468s]   warnings.warn(
[1.468s] running install_lib
[1.469s] copying /home/soroush/ros2_ws/build/py_srvcli/build/lib/py_srvcli/client_member_function.py -> /home/soroush/ros2_ws/install/py_srvcli/lib/python3.10/site-packages/py_srvcli
[1.470s] byte-compiling /home/soroush/ros2_ws/install/py_srvcli/lib/python3.10/site-packages/py_srvcli/client_member_function.py to client_member_function.cpython-310.pyc
[1.471s] running install_data
[1.472s] running install_egg_info
[1.475s] removing '/home/soroush/ros2_ws/install/py_srvcli/lib/python3.10/site-packages/py_srvcli-0.0.0-py3.10.egg-info' (and everything under it)
[1.475s] Copying ../../build/py_srvcli/py_srvcli.egg-info to /home/soroush/ros2_ws/install/py_srvcli/lib/python3.10/site-packages/py_srvcli-0.0.0-py3.10.egg-info
[1.477s] running install_scripts
[1.513s] Installing client script to /home/soroush/ros2_ws/install/py_srvcli/lib/py_srvcli
[1.513s] Installing service script to /home/soroush/ros2_ws/install/py_srvcli/lib/py_srvcli
[1.514s] writing list of installed files to '/home/soroush/ros2_ws/build/py_srvcli/install.log'
[1.549s] Invoked command in '/home/soroush/ros2_ws/src/py_srvcli' returned '0': PYTHONPATH=/home/soroush/ros2_ws/build/py_srvcli/prefix_override:/home/soroush/ros2_ws/install/py_srvcli/lib/python3.10/site-packages:${PYTHONPATH} /usr/bin/python3 setup.py egg_info --egg-base ../../build/py_srvcli build --build-base /home/soroush/ros2_ws/build/py_srvcli/build install --record /home/soroush/ros2_ws/build/py_srvcli/install.log --single-version-externally-managed
