[0.025s] Invoking command in '/home/soroush/robatics/Assignment2/assi2/build/interfaces': CMAKE_PREFIX_PATH=/opt/ros/humble /usr/bin/cmake --build /home/soroush/robatics/Assignment2/assi2/build/interfaces -- -j8 -l8
[0.094s] [35m[1mConsolidate compiler generated dependencies of target interfaces__rosidl_generator_c[0m
[0.111s] [  2%] Built target interfaces__cpp
[0.115s] [ 12%] Built target interfaces__rosidl_generator_c
[0.134s] [ 12%] Built target ament_cmake_python_copy_interfaces
[0.136s] [35m[1mConsolidate compiler generated dependencies of target interfaces__rosidl_typesupport_cpp[0m
[0.137s] [35m[1mConsolidate compiler generated dependencies of target interfaces__rosidl_typesupport_fastrtps_cpp[0m
[0.138s] [35m[1mConsolidate compiler generated dependencies of target interfaces__rosidl_typesupport_introspection_cpp[0m
[0.141s] [35m[1mConsolidate compiler generated dependencies of target interfaces__rosidl_typesupport_introspection_c[0m
[0.143s] [35m[1mConsolidate compiler generated dependencies of target interfaces__rosidl_typesupport_c[0m
[0.143s] [35m[1mConsolidate compiler generated dependencies of target interfaces__rosidl_typesupport_fastrtps_c[0m
[0.169s] [ 23%] Built target interfaces__rosidl_typesupport_c
[0.170s] [ 43%] Built target interfaces__rosidl_typesupport_cpp
[0.171s] [ 43%] Built target interfaces__rosidl_typesupport_introspection_c
[0.172s] [ 53%] Built target interfaces__rosidl_typesupport_fastrtps_cpp
[0.173s] [ 64%] Built target interfaces__rosidl_typesupport_introspection_cpp
[0.177s] [ 74%] Built target interfaces__rosidl_typesupport_fastrtps_c
[0.211s] [ 74%] Built target interfaces
[0.248s] [ 76%] Built target interfaces__py
[0.266s] [35m[1mConsolidate compiler generated dependencies of target interfaces__rosidl_generator_py[0m
[0.291s] [ 84%] Built target interfaces__rosidl_generator_py
[0.310s] [35m[1mConsolidate compiler generated dependencies of target interfaces__rosidl_typesupport_introspection_c__pyext[0m
[0.316s] [35m[1mConsolidate compiler generated dependencies of target interfaces__rosidl_typesupport_fastrtps_c__pyext[0m
[0.316s] [35m[1mConsolidate compiler generated dependencies of target interfaces__rosidl_typesupport_c__pyext[0m
[0.334s] [ 89%] Built target interfaces__rosidl_typesupport_introspection_c__pyext
[0.345s] [ 94%] Built target interfaces__rosidl_typesupport_fastrtps_c__pyext
[0.345s] [100%] Built target interfaces__rosidl_typesupport_c__pyext
[0.618s] running egg_info
[0.619s] writing interfaces.egg-info/PKG-INFO
[0.619s] writing dependency_links to interfaces.egg-info/dependency_links.txt
[0.620s] writing top-level names to interfaces.egg-info/top_level.txt
[0.624s] reading manifest file 'interfaces.egg-info/SOURCES.txt'
[0.625s] writing manifest file 'interfaces.egg-info/SOURCES.txt'
[0.667s] [100%] Built target ament_cmake_python_build_interfaces_egg
[0.687s] Invoked command in '/home/soroush/robatics/Assignment2/assi2/build/interfaces' returned '0': CMAKE_PREFIX_PATH=/opt/ros/humble /usr/bin/cmake --build /home/soroush/robatics/Assignment2/assi2/build/interfaces -- -j8 -l8
[0.847s] Invoking command in '/home/soroush/robatics/Assignment2/assi2/build/interfaces': CMAKE_PREFIX_PATH=/opt/ros/humble /usr/bin/cmake --install /home/soroush/robatics/Assignment2/assi2/build/interfaces
[0.859s] -- Install configuration: ""
[0.859s] -- Up-to-date: /home/soroush/robatics/Assignment2/assi2/install/interfaces/share/ament_index/resource_index/rosidl_interfaces/interfaces
[0.860s] -- Up-to-date: /home/soroush/robatics/Assignment2/assi2/install/interfaces/include/interfaces/interfaces
[0.860s] -- Up-to-date: /home/soroush/robatics/Assignment2/assi2/install/interfaces/include/interfaces/interfaces/msg
[0.860s] -- Up-to-date: /home/soroush/robatics/Assignment2/assi2/install/interfaces/include/interfaces/interfaces/msg/rosidl_generator_c__visibility_control.h
[0.861s] -- Up-to-date: /home/soroush/robatics/Assignment2/assi2/install/interfaces/include/interfaces/interfaces/msg/conversation.h
[0.861s] -- Up-to-date: /home/soroush/robatics/Assignment2/assi2/install/interfaces/include/interfaces/interfaces/msg/first_msg_message.h
[0.861s] -- Up-to-date: /home/soroush/robatics/Assignment2/assi2/install/interfaces/include/interfaces/interfaces/msg/detail
[0.861s] -- Up-to-date: /home/soroush/robatics/Assignment2/assi2/install/interfaces/include/interfaces/interfaces/msg/detail/first_msg_message__functions.c
[0.861s] -- Up-to-date: /home/soroush/robatics/Assignment2/assi2/install/interfaces/include/interfaces/interfaces/msg/detail/first_msg_message__functions.h
[0.861s] -- Up-to-date: /home/soroush/robatics/Assignment2/assi2/install/interfaces/include/interfaces/interfaces/msg/detail/conversation__functions.h
[0.861s] -- Up-to-date: /home/soroush/robatics/Assignment2/assi2/install/interfaces/include/interfaces/interfaces/msg/detail/first_msg_message__type_support.h
[0.861s] -- Up-to-date: /home/soroush/robatics/Assignment2/assi2/install/interfaces/include/interfaces/interfaces/msg/detail/conversation__type_support.h
[0.862s] -- Up-to-date: /home/soroush/robatics/Assignment2/assi2/install/interfaces/include/interfaces/interfaces/msg/detail/conversation__functions.c
[0.862s] -- Up-to-date: /home/soroush/robatics/Assignment2/assi2/install/interfaces/include/interfaces/interfaces/msg/detail/first_msg_message__struct.h
[0.862s] -- Up-to-date: /home/soroush/robatics/Assignment2/assi2/install/interfaces/include/interfaces/interfaces/msg/detail/conversation__struct.h
[0.862s] -- Up-to-date: /home/soroush/robatics/Assignment2/assi2/install/interfaces/include/interfaces/interfaces/srv
[0.862s] -- Up-to-date: /home/soroush/robatics/Assignment2/assi2/install/interfaces/include/interfaces/interfaces/srv/send_message_in_convo.h
[0.862s] -- Up-to-date: /home/soroush/robatics/Assignment2/assi2/install/interfaces/include/interfaces/interfaces/srv/first_srevice_message.h
[0.863s] -- Up-to-date: /home/soroush/robatics/Assignment2/assi2/install/interfaces/include/interfaces/interfaces/srv/detail
[0.863s] -- Up-to-date: /home/soroush/robatics/Assignment2/assi2/install/interfaces/include/interfaces/interfaces/srv/detail/first_srevice_message__functions.c
[0.863s] -- Up-to-date: /home/soroush/robatics/Assignment2/assi2/install/interfaces/include/interfaces/interfaces/srv/detail/send_message_in_convo__struct.h
[0.863s] -- Up-to-date: /home/soroush/robatics/Assignment2/assi2/install/interfaces/include/interfaces/interfaces/srv/detail/send_message_in_convo__functions.h
[0.863s] -- Up-to-date: /home/soroush/robatics/Assignment2/assi2/install/interfaces/include/interfaces/interfaces/srv/detail/send_message_in_convo__type_support.h
[0.863s] -- Up-to-date: /home/soroush/robatics/Assignment2/assi2/install/interfaces/include/interfaces/interfaces/srv/detail/send_message_in_convo__functions.c
[0.864s] -- Up-to-date: /home/soroush/robatics/Assignment2/assi2/install/interfaces/include/interfaces/interfaces/srv/detail/first_srevice_message__functions.h
[0.864s] -- Up-to-date: /home/soroush/robatics/Assignment2/assi2/install/interfaces/include/interfaces/interfaces/srv/detail/first_srevice_message__struct.h
[0.864s] -- Up-to-date: /home/soroush/robatics/Assignment2/assi2/install/interfaces/include/interfaces/interfaces/srv/detail/first_srevice_message__type_support.h
[0.864s] -- Up-to-date: /home/soroush/robatics/Assignment2/assi2/install/interfaces/share/interfaces/environment/library_path.sh
[0.864s] -- Up-to-date: /home/soroush/robatics/Assignment2/assi2/install/interfaces/share/interfaces/environment/library_path.dsv
[0.864s] -- Up-to-date: /home/soroush/robatics/Assignment2/assi2/install/interfaces/lib/libinterfaces__rosidl_generator_c.so
[0.864s] -- Up-to-date: /home/soroush/robatics/Assignment2/assi2/install/interfaces/include/interfaces/interfaces
[0.865s] -- Up-to-date: /home/soroush/robatics/Assignment2/assi2/install/interfaces/include/interfaces/interfaces/msg
[0.865s] -- Up-to-date: /home/soroush/robatics/Assignment2/assi2/install/interfaces/include/interfaces/interfaces/msg/detail
[0.865s] -- Up-to-date: /home/soroush/robatics/Assignment2/assi2/install/interfaces/include/interfaces/interfaces/msg/detail/conversation__rosidl_typesupport_fastrtps_c.h
[0.865s] -- Up-to-date: /home/soroush/robatics/Assignment2/assi2/install/interfaces/include/interfaces/interfaces/msg/detail/first_msg_message__rosidl_typesupport_fastrtps_c.h
[0.865s] -- Up-to-date: /home/soroush/robatics/Assignment2/assi2/install/interfaces/include/interfaces/interfaces/msg/rosidl_typesupport_fastrtps_c__visibility_control.h
[0.865s] -- Up-to-date: /home/soroush/robatics/Assignment2/assi2/install/interfaces/include/interfaces/interfaces/srv
[0.866s] -- Up-to-date: /home/soroush/robatics/Assignment2/assi2/install/interfaces/include/interfaces/interfaces/srv/detail
[0.866s] -- Up-to-date: /home/soroush/robatics/Assignment2/assi2/install/interfaces/include/interfaces/interfaces/srv/detail/first_srevice_message__rosidl_typesupport_fastrtps_c.h
[0.866s] -- Up-to-date: /home/soroush/robatics/Assignment2/assi2/install/interfaces/include/interfaces/interfaces/srv/detail/send_message_in_convo__rosidl_typesupport_fastrtps_c.h
[0.866s] -- Up-to-date: /home/soroush/robatics/Assignment2/assi2/install/interfaces/lib/libinterfaces__rosidl_typesupport_fastrtps_c.so
[0.866s] -- Up-to-date: /home/soroush/robatics/Assignment2/assi2/install/interfaces/include/interfaces/interfaces
[0.866s] -- Up-to-date: /home/soroush/robatics/Assignment2/assi2/install/interfaces/include/interfaces/interfaces/msg
[0.867s] -- Up-to-date: /home/soroush/robatics/Assignment2/assi2/install/interfaces/include/interfaces/interfaces/msg/rosidl_typesupport_introspection_c__visibility_control.h
[0.867s] -- Up-to-date: /home/soroush/robatics/Assignment2/assi2/install/interfaces/include/interfaces/interfaces/msg/detail
[0.867s] -- Up-to-date: /home/soroush/robatics/Assignment2/assi2/install/interfaces/include/interfaces/interfaces/msg/detail/first_msg_message__type_support.c
[0.867s] -- Up-to-date: /home/soroush/robatics/Assignment2/assi2/install/interfaces/include/interfaces/interfaces/msg/detail/conversation__rosidl_typesupport_introspection_c.h
[0.867s] -- Up-to-date: /home/soroush/robatics/Assignment2/assi2/install/interfaces/include/interfaces/interfaces/msg/detail/conversation__type_support.c
[0.867s] -- Up-to-date: /home/soroush/robatics/Assignment2/assi2/install/interfaces/include/interfaces/interfaces/msg/detail/first_msg_message__rosidl_typesupport_introspection_c.h
[0.867s] -- Up-to-date: /home/soroush/robatics/Assignment2/assi2/install/interfaces/include/interfaces/interfaces/srv
[0.868s] -- Up-to-date: /home/soroush/robatics/Assignment2/assi2/install/interfaces/include/interfaces/interfaces/srv/detail
[0.868s] -- Up-to-date: /home/soroush/robatics/Assignment2/assi2/install/interfaces/include/interfaces/interfaces/srv/detail/first_srevice_message__type_support.c
[0.868s] -- Up-to-date: /home/soroush/robatics/Assignment2/assi2/install/interfaces/include/interfaces/interfaces/srv/detail/first_srevice_message__rosidl_typesupport_introspection_c.h
[0.868s] -- Up-to-date: /home/soroush/robatics/Assignment2/assi2/install/interfaces/include/interfaces/interfaces/srv/detail/send_message_in_convo__type_support.c
[0.868s] -- Up-to-date: /home/soroush/robatics/Assignment2/assi2/install/interfaces/include/interfaces/interfaces/srv/detail/send_message_in_convo__rosidl_typesupport_introspection_c.h
[0.868s] -- Up-to-date: /home/soroush/robatics/Assignment2/assi2/install/interfaces/lib/libinterfaces__rosidl_typesupport_introspection_c.so
[0.869s] -- Up-to-date: /home/soroush/robatics/Assignment2/assi2/install/interfaces/lib/libinterfaces__rosidl_typesupport_c.so
[0.869s] -- Up-to-date: /home/soroush/robatics/Assignment2/assi2/install/interfaces/include/interfaces/interfaces
[0.869s] -- Up-to-date: /home/soroush/robatics/Assignment2/assi2/install/interfaces/include/interfaces/interfaces/msg
[0.869s] -- Up-to-date: /home/soroush/robatics/Assignment2/assi2/install/interfaces/include/interfaces/interfaces/msg/conversation.hpp
[0.869s] -- Up-to-date: /home/soroush/robatics/Assignment2/assi2/install/interfaces/include/interfaces/interfaces/msg/detail
[0.869s] -- Up-to-date: /home/soroush/robatics/Assignment2/assi2/install/interfaces/include/interfaces/interfaces/msg/detail/conversation__struct.hpp
[0.869s] -- Up-to-date: /home/soroush/robatics/Assignment2/assi2/install/interfaces/include/interfaces/interfaces/msg/detail/first_msg_message__traits.hpp
[0.870s] -- Up-to-date: /home/soroush/robatics/Assignment2/assi2/install/interfaces/include/interfaces/interfaces/msg/detail/first_msg_message__struct.hpp
[0.870s] -- Up-to-date: /home/soroush/robatics/Assignment2/assi2/install/interfaces/include/interfaces/interfaces/msg/detail/first_msg_message__builder.hpp
[0.870s] -- Up-to-date: /home/soroush/robatics/Assignment2/assi2/install/interfaces/include/interfaces/interfaces/msg/detail/conversation__builder.hpp
[0.870s] -- Up-to-date: /home/soroush/robatics/Assignment2/assi2/install/interfaces/include/interfaces/interfaces/msg/detail/conversation__traits.hpp
[0.870s] -- Up-to-date: /home/soroush/robatics/Assignment2/assi2/install/interfaces/include/interfaces/interfaces/msg/first_msg_message.hpp
[0.870s] -- Up-to-date: /home/soroush/robatics/Assignment2/assi2/install/interfaces/include/interfaces/interfaces/srv
[0.870s] -- Up-to-date: /home/soroush/robatics/Assignment2/assi2/install/interfaces/include/interfaces/interfaces/srv/send_message_in_convo.hpp
[0.870s] -- Up-to-date: /home/soroush/robatics/Assignment2/assi2/install/interfaces/include/interfaces/interfaces/srv/first_srevice_message.hpp
[0.870s] -- Up-to-date: /home/soroush/robatics/Assignment2/assi2/install/interfaces/include/interfaces/interfaces/srv/detail
[0.871s] -- Up-to-date: /home/soroush/robatics/Assignment2/assi2/install/interfaces/include/interfaces/interfaces/srv/detail/send_message_in_convo__traits.hpp
[0.871s] -- Up-to-date: /home/soroush/robatics/Assignment2/assi2/install/interfaces/include/interfaces/interfaces/srv/detail/send_message_in_convo__builder.hpp
[0.871s] -- Up-to-date: /home/soroush/robatics/Assignment2/assi2/install/interfaces/include/interfaces/interfaces/srv/detail/send_message_in_convo__struct.hpp
[0.871s] -- Up-to-date: /home/soroush/robatics/Assignment2/assi2/install/interfaces/include/interfaces/interfaces/srv/detail/first_srevice_message__struct.hpp
[0.871s] -- Up-to-date: /home/soroush/robatics/Assignment2/assi2/install/interfaces/include/interfaces/interfaces/srv/detail/first_srevice_message__traits.hpp
[0.871s] -- Up-to-date: /home/soroush/robatics/Assignment2/assi2/install/interfaces/include/interfaces/interfaces/srv/detail/first_srevice_message__builder.hpp
[0.871s] -- Up-to-date: /home/soroush/robatics/Assignment2/assi2/install/interfaces/include/interfaces/interfaces
[0.872s] -- Up-to-date: /home/soroush/robatics/Assignment2/assi2/install/interfaces/include/interfaces/interfaces/msg
[0.872s] -- Up-to-date: /home/soroush/robatics/Assignment2/assi2/install/interfaces/include/interfaces/interfaces/msg/rosidl_typesupport_fastrtps_cpp__visibility_control.h
[0.872s] -- Up-to-date: /home/soroush/robatics/Assignment2/assi2/install/interfaces/include/interfaces/interfaces/msg/detail
[0.872s] -- Up-to-date: /home/soroush/robatics/Assignment2/assi2/install/interfaces/include/interfaces/interfaces/msg/detail/dds_fastrtps
[0.872s] -- Up-to-date: /home/soroush/robatics/Assignment2/assi2/install/interfaces/include/interfaces/interfaces/msg/detail/conversation__rosidl_typesupport_fastrtps_cpp.hpp
[0.872s] -- Up-to-date: /home/soroush/robatics/Assignment2/assi2/install/interfaces/include/interfaces/interfaces/msg/detail/first_msg_message__rosidl_typesupport_fastrtps_cpp.hpp
[0.873s] -- Up-to-date: /home/soroush/robatics/Assignment2/assi2/install/interfaces/include/interfaces/interfaces/srv
[0.873s] -- Up-to-date: /home/soroush/robatics/Assignment2/assi2/install/interfaces/include/interfaces/interfaces/srv/detail
[0.873s] -- Up-to-date: /home/soroush/robatics/Assignment2/assi2/install/interfaces/include/interfaces/interfaces/srv/detail/send_message_in_convo__rosidl_typesupport_fastrtps_cpp.hpp
[0.873s] -- Up-to-date: /home/soroush/robatics/Assignment2/assi2/install/interfaces/include/interfaces/interfaces/srv/detail/dds_fastrtps
[0.873s] -- Up-to-date: /home/soroush/robatics/Assignment2/assi2/install/interfaces/include/interfaces/interfaces/srv/detail/first_srevice_message__rosidl_typesupport_fastrtps_cpp.hpp
[0.873s] -- Up-to-date: /home/soroush/robatics/Assignment2/assi2/install/interfaces/lib/libinterfaces__rosidl_typesupport_fastrtps_cpp.so
[0.874s] -- Up-to-date: /home/soroush/robatics/Assignment2/assi2/install/interfaces/include/interfaces/interfaces
[0.874s] -- Up-to-date: /home/soroush/robatics/Assignment2/assi2/install/interfaces/include/interfaces/interfaces/msg
[0.874s] -- Up-to-date: /home/soroush/robatics/Assignment2/assi2/install/interfaces/include/interfaces/interfaces/msg/detail
[0.874s] -- Up-to-date: /home/soroush/robatics/Assignment2/assi2/install/interfaces/include/interfaces/interfaces/msg/detail/first_msg_message__rosidl_typesupport_introspection_cpp.hpp
[0.874s] -- Up-to-date: /home/soroush/robatics/Assignment2/assi2/install/interfaces/include/interfaces/interfaces/msg/detail/first_msg_message__type_support.cpp
[0.874s] -- Up-to-date: /home/soroush/robatics/Assignment2/assi2/install/interfaces/include/interfaces/interfaces/msg/detail/conversation__type_support.cpp
[0.874s] -- Up-to-date: /home/soroush/robatics/Assignment2/assi2/install/interfaces/include/interfaces/interfaces/msg/detail/conversation__rosidl_typesupport_introspection_cpp.hpp
[0.874s] -- Up-to-date: /home/soroush/robatics/Assignment2/assi2/install/interfaces/include/interfaces/interfaces/srv
[0.874s] -- Up-to-date: /home/soroush/robatics/Assignment2/assi2/install/interfaces/include/interfaces/interfaces/srv/detail
[0.875s] -- Up-to-date: /home/soroush/robatics/Assignment2/assi2/install/interfaces/include/interfaces/interfaces/srv/detail/send_message_in_convo__type_support.cpp
[0.875s] -- Up-to-date: /home/soroush/robatics/Assignment2/assi2/install/interfaces/include/interfaces/interfaces/srv/detail/first_srevice_message__type_support.cpp
[0.875s] -- Up-to-date: /home/soroush/robatics/Assignment2/assi2/install/interfaces/include/interfaces/interfaces/srv/detail/send_message_in_convo__rosidl_typesupport_introspection_cpp.hpp
[0.875s] -- Up-to-date: /home/soroush/robatics/Assignment2/assi2/install/interfaces/include/interfaces/interfaces/srv/detail/first_srevice_message__rosidl_typesupport_introspection_cpp.hpp
[0.875s] -- Up-to-date: /home/soroush/robatics/Assignment2/assi2/install/interfaces/lib/libinterfaces__rosidl_typesupport_introspection_cpp.so
[0.875s] -- Up-to-date: /home/soroush/robatics/Assignment2/assi2/install/interfaces/lib/libinterfaces__rosidl_typesupport_cpp.so
[0.875s] -- Up-to-date: /home/soroush/robatics/Assignment2/assi2/install/interfaces/share/interfaces/environment/pythonpath.sh
[0.875s] -- Up-to-date: /home/soroush/robatics/Assignment2/assi2/install/interfaces/share/interfaces/environment/pythonpath.dsv
[0.875s] -- Up-to-date: /home/soroush/robatics/Assignment2/assi2/install/interfaces/local/lib/python3.10/dist-packages/interfaces-0.0.0-py3.10.egg-info
[0.876s] -- Installing: /home/soroush/robatics/Assignment2/assi2/install/interfaces/local/lib/python3.10/dist-packages/interfaces-0.0.0-py3.10.egg-info/top_level.txt
[0.876s] -- Installing: /home/soroush/robatics/Assignment2/assi2/install/interfaces/local/lib/python3.10/dist-packages/interfaces-0.0.0-py3.10.egg-info/dependency_links.txt
[0.876s] -- Installing: /home/soroush/robatics/Assignment2/assi2/install/interfaces/local/lib/python3.10/dist-packages/interfaces-0.0.0-py3.10.egg-info/SOURCES.txt
[0.876s] -- Installing: /home/soroush/robatics/Assignment2/assi2/install/interfaces/local/lib/python3.10/dist-packages/interfaces-0.0.0-py3.10.egg-info/PKG-INFO
[0.876s] -- Up-to-date: /home/soroush/robatics/Assignment2/assi2/install/interfaces/local/lib/python3.10/dist-packages/interfaces
[0.876s] -- Up-to-date: /home/soroush/robatics/Assignment2/assi2/install/interfaces/local/lib/python3.10/dist-packages/interfaces/interfaces_s__rosidl_typesupport_c.cpython-310-x86_64-linux-gnu.so
[0.876s] -- Up-to-date: /home/soroush/robatics/Assignment2/assi2/install/interfaces/local/lib/python3.10/dist-packages/interfaces/__init__.py
[0.876s] -- Up-to-date: /home/soroush/robatics/Assignment2/assi2/install/interfaces/local/lib/python3.10/dist-packages/interfaces/msg
[0.876s] -- Up-to-date: /home/soroush/robatics/Assignment2/assi2/install/interfaces/local/lib/python3.10/dist-packages/interfaces/msg/__init__.py
[0.877s] -- Up-to-date: /home/soroush/robatics/Assignment2/assi2/install/interfaces/local/lib/python3.10/dist-packages/interfaces/msg/_first_msg_message_s.c
[0.877s] -- Up-to-date: /home/soroush/robatics/Assignment2/assi2/install/interfaces/local/lib/python3.10/dist-packages/interfaces/msg/_conversation.py
[0.877s] -- Up-to-date: /home/soroush/robatics/Assignment2/assi2/install/interfaces/local/lib/python3.10/dist-packages/interfaces/msg/_first_msg_message.py
[0.877s] -- Up-to-date: /home/soroush/robatics/Assignment2/assi2/install/interfaces/local/lib/python3.10/dist-packages/interfaces/msg/_conversation_s.c
[0.877s] -- Up-to-date: /home/soroush/robatics/Assignment2/assi2/install/interfaces/local/lib/python3.10/dist-packages/interfaces/_interfaces_s.ep.rosidl_typesupport_c.c
[0.877s] -- Up-to-date: /home/soroush/robatics/Assignment2/assi2/install/interfaces/local/lib/python3.10/dist-packages/interfaces/interfaces_s__rosidl_typesupport_introspection_c.cpython-310-x86_64-linux-gnu.so
[0.877s] -- Up-to-date: /home/soroush/robatics/Assignment2/assi2/install/interfaces/local/lib/python3.10/dist-packages/interfaces/srv
[0.877s] -- Up-to-date: /home/soroush/robatics/Assignment2/assi2/install/interfaces/local/lib/python3.10/dist-packages/interfaces/srv/_send_message_in_convo.py
[0.877s] -- Up-to-date: /home/soroush/robatics/Assignment2/assi2/install/interfaces/local/lib/python3.10/dist-packages/interfaces/srv/__init__.py
[0.878s] -- Up-to-date: /home/soroush/robatics/Assignment2/assi2/install/interfaces/local/lib/python3.10/dist-packages/interfaces/srv/_send_message_in_convo_s.c
[0.878s] -- Up-to-date: /home/soroush/robatics/Assignment2/assi2/install/interfaces/local/lib/python3.10/dist-packages/interfaces/srv/_first_srevice_message.py
[0.878s] -- Up-to-date: /home/soroush/robatics/Assignment2/assi2/install/interfaces/local/lib/python3.10/dist-packages/interfaces/srv/_first_srevice_message_s.c
[0.878s] -- Up-to-date: /home/soroush/robatics/Assignment2/assi2/install/interfaces/local/lib/python3.10/dist-packages/interfaces/interfaces_s__rosidl_typesupport_fastrtps_c.cpython-310-x86_64-linux-gnu.so
[0.878s] -- Up-to-date: /home/soroush/robatics/Assignment2/assi2/install/interfaces/local/lib/python3.10/dist-packages/interfaces/_interfaces_s.ep.rosidl_typesupport_introspection_c.c
[0.878s] -- Up-to-date: /home/soroush/robatics/Assignment2/assi2/install/interfaces/local/lib/python3.10/dist-packages/interfaces/libinterfaces__rosidl_generator_py.so
[0.878s] -- Up-to-date: /home/soroush/robatics/Assignment2/assi2/install/interfaces/local/lib/python3.10/dist-packages/interfaces/_interfaces_s.ep.rosidl_typesupport_fastrtps_c.c
[0.932s] Listing '/home/soroush/robatics/Assignment2/assi2/install/interfaces/local/lib/python3.10/dist-packages/interfaces'...
[0.933s] Listing '/home/soroush/robatics/Assignment2/assi2/install/interfaces/local/lib/python3.10/dist-packages/interfaces/msg'...
[0.933s] Listing '/home/soroush/robatics/Assignment2/assi2/install/interfaces/local/lib/python3.10/dist-packages/interfaces/srv'...
[0.940s] -- Up-to-date: /home/soroush/robatics/Assignment2/assi2/install/interfaces/local/lib/python3.10/dist-packages/interfaces/interfaces_s__rosidl_typesupport_fastrtps_c.cpython-310-x86_64-linux-gnu.so
[0.940s] -- Up-to-date: /home/soroush/robatics/Assignment2/assi2/install/interfaces/local/lib/python3.10/dist-packages/interfaces/interfaces_s__rosidl_typesupport_introspection_c.cpython-310-x86_64-linux-gnu.so
[0.941s] -- Up-to-date: /home/soroush/robatics/Assignment2/assi2/install/interfaces/local/lib/python3.10/dist-packages/interfaces/interfaces_s__rosidl_typesupport_c.cpython-310-x86_64-linux-gnu.so
[0.942s] -- Up-to-date: /home/soroush/robatics/Assignment2/assi2/install/interfaces/lib/libinterfaces__rosidl_generator_py.so
[0.942s] -- Up-to-date: /home/soroush/robatics/Assignment2/assi2/install/interfaces/share/interfaces/msg/FirstMsgMessage.idl
[0.943s] -- Up-to-date: /home/soroush/robatics/Assignment2/assi2/install/interfaces/share/interfaces/srv/FirstSreviceMessage.idl
[0.943s] -- Up-to-date: /home/soroush/robatics/Assignment2/assi2/install/interfaces/share/interfaces/msg/FirstMsgMessage.msg
[0.943s] -- Up-to-date: /home/soroush/robatics/Assignment2/assi2/install/interfaces/share/interfaces/srv/FirstSreviceMessage.srv
[0.944s] -- Up-to-date: /home/soroush/robatics/Assignment2/assi2/install/interfaces/share/interfaces/srv/FirstSreviceMessage_Request.msg
[0.944s] -- Up-to-date: /home/soroush/robatics/Assignment2/assi2/install/interfaces/share/interfaces/srv/FirstSreviceMessage_Response.msg
[0.944s] -- Up-to-date: /home/soroush/robatics/Assignment2/assi2/install/interfaces/share/ament_index/resource_index/package_run_dependencies/interfaces
[0.944s] -- Up-to-date: /home/soroush/robatics/Assignment2/assi2/install/interfaces/share/ament_index/resource_index/parent_prefix_path/interfaces
[0.944s] -- Up-to-date: /home/soroush/robatics/Assignment2/assi2/install/interfaces/share/interfaces/environment/ament_prefix_path.sh
[0.945s] -- Up-to-date: /home/soroush/robatics/Assignment2/assi2/install/interfaces/share/interfaces/environment/ament_prefix_path.dsv
[0.945s] -- Up-to-date: /home/soroush/robatics/Assignment2/assi2/install/interfaces/share/interfaces/environment/path.sh
[0.945s] -- Up-to-date: /home/soroush/robatics/Assignment2/assi2/install/interfaces/share/interfaces/environment/path.dsv
[0.945s] -- Up-to-date: /home/soroush/robatics/Assignment2/assi2/install/interfaces/share/interfaces/local_setup.bash
[0.945s] -- Up-to-date: /home/soroush/robatics/Assignment2/assi2/install/interfaces/share/interfaces/local_setup.sh
[0.945s] -- Up-to-date: /home/soroush/robatics/Assignment2/assi2/install/interfaces/share/interfaces/local_setup.zsh
[0.945s] -- Up-to-date: /home/soroush/robatics/Assignment2/assi2/install/interfaces/share/interfaces/local_setup.dsv
[0.946s] -- Installing: /home/soroush/robatics/Assignment2/assi2/install/interfaces/share/interfaces/package.dsv
[0.946s] -- Up-to-date: /home/soroush/robatics/Assignment2/assi2/install/interfaces/share/ament_index/resource_index/packages/interfaces
[0.946s] -- Up-to-date: /home/soroush/robatics/Assignment2/assi2/install/interfaces/share/interfaces/cmake/export_interfaces__rosidl_generator_cExport.cmake
[0.946s] -- Up-to-date: /home/soroush/robatics/Assignment2/assi2/install/interfaces/share/interfaces/cmake/export_interfaces__rosidl_generator_cExport-noconfig.cmake
[0.946s] -- Up-to-date: /home/soroush/robatics/Assignment2/assi2/install/interfaces/share/interfaces/cmake/export_interfaces__rosidl_typesupport_fastrtps_cExport.cmake
[0.946s] -- Up-to-date: /home/soroush/robatics/Assignment2/assi2/install/interfaces/share/interfaces/cmake/export_interfaces__rosidl_typesupport_fastrtps_cExport-noconfig.cmake
[0.947s] -- Up-to-date: /home/soroush/robatics/Assignment2/assi2/install/interfaces/share/interfaces/cmake/interfaces__rosidl_typesupport_introspection_cExport.cmake
[0.947s] -- Up-to-date: /home/soroush/robatics/Assignment2/assi2/install/interfaces/share/interfaces/cmake/interfaces__rosidl_typesupport_introspection_cExport-noconfig.cmake
[0.947s] -- Up-to-date: /home/soroush/robatics/Assignment2/assi2/install/interfaces/share/interfaces/cmake/interfaces__rosidl_typesupport_cExport.cmake
[0.947s] -- Up-to-date: /home/soroush/robatics/Assignment2/assi2/install/interfaces/share/interfaces/cmake/interfaces__rosidl_typesupport_cExport-noconfig.cmake
[0.947s] -- Up-to-date: /home/soroush/robatics/Assignment2/assi2/install/interfaces/share/interfaces/cmake/export_interfaces__rosidl_generator_cppExport.cmake
[0.947s] -- Up-to-date: /home/soroush/robatics/Assignment2/assi2/install/interfaces/share/interfaces/cmake/export_interfaces__rosidl_typesupport_fastrtps_cppExport.cmake
[0.947s] -- Up-to-date: /home/soroush/robatics/Assignment2/assi2/install/interfaces/share/interfaces/cmake/export_interfaces__rosidl_typesupport_fastrtps_cppExport-noconfig.cmake
[0.948s] -- Up-to-date: /home/soroush/robatics/Assignment2/assi2/install/interfaces/share/interfaces/cmake/interfaces__rosidl_typesupport_introspection_cppExport.cmake
[0.948s] -- Up-to-date: /home/soroush/robatics/Assignment2/assi2/install/interfaces/share/interfaces/cmake/interfaces__rosidl_typesupport_introspection_cppExport-noconfig.cmake
[0.948s] -- Up-to-date: /home/soroush/robatics/Assignment2/assi2/install/interfaces/share/interfaces/cmake/interfaces__rosidl_typesupport_cppExport.cmake
[0.948s] -- Up-to-date: /home/soroush/robatics/Assignment2/assi2/install/interfaces/share/interfaces/cmake/interfaces__rosidl_typesupport_cppExport-noconfig.cmake
[0.948s] -- Up-to-date: /home/soroush/robatics/Assignment2/assi2/install/interfaces/share/interfaces/cmake/export_interfaces__rosidl_generator_pyExport.cmake
[0.948s] -- Up-to-date: /home/soroush/robatics/Assignment2/assi2/install/interfaces/share/interfaces/cmake/export_interfaces__rosidl_generator_pyExport-noconfig.cmake
[0.948s] -- Up-to-date: /home/soroush/robatics/Assignment2/assi2/install/interfaces/share/interfaces/cmake/rosidl_cmake-extras.cmake
[0.948s] -- Up-to-date: /home/soroush/robatics/Assignment2/assi2/install/interfaces/share/interfaces/cmake/ament_cmake_export_include_directories-extras.cmake
[0.948s] -- Up-to-date: /home/soroush/robatics/Assignment2/assi2/install/interfaces/share/interfaces/cmake/ament_cmake_export_libraries-extras.cmake
[0.949s] -- Up-to-date: /home/soroush/robatics/Assignment2/assi2/install/interfaces/share/interfaces/cmake/ament_cmake_export_targets-extras.cmake
[0.949s] -- Up-to-date: /home/soroush/robatics/Assignment2/assi2/install/interfaces/share/interfaces/cmake/rosidl_cmake_export_typesupport_targets-extras.cmake
[0.949s] -- Up-to-date: /home/soroush/robatics/Assignment2/assi2/install/interfaces/share/interfaces/cmake/ament_cmake_export_dependencies-extras.cmake
[0.949s] -- Up-to-date: /home/soroush/robatics/Assignment2/assi2/install/interfaces/share/interfaces/cmake/rosidl_cmake_export_typesupport_libraries-extras.cmake
[0.949s] -- Up-to-date: /home/soroush/robatics/Assignment2/assi2/install/interfaces/share/interfaces/cmake/interfacesConfig.cmake
[0.949s] -- Up-to-date: /home/soroush/robatics/Assignment2/assi2/install/interfaces/share/interfaces/cmake/interfacesConfig-version.cmake
[0.949s] -- Up-to-date: /home/soroush/robatics/Assignment2/assi2/install/interfaces/share/interfaces/package.xml
[0.952s] Invoked command in '/home/soroush/robatics/Assignment2/assi2/build/interfaces' returned '0': CMAKE_PREFIX_PATH=/opt/ros/humble /usr/bin/cmake --install /home/soroush/robatics/Assignment2/assi2/build/interfaces
