[0.026s] Invoking command in '/home/soroush/robatics/Assignment2/assi2/build/yangsim': CMAKE_PREFIX_PATH=/opt/ros/humble /usr/bin/cmake /home/soroush/robatics/Assignment2/assi2/src/yangsim -DCMAKE_INSTALL_PREFIX=/home/soroush/robatics/Assignment2/assi2/install/yangsim
[0.049s] -- Found ament_cmake: 1.3.3 (/opt/ros/humble/share/ament_cmake/cmake)
[0.344s] [31mCMake Error at CMakeLists.txt:10 (find_package):
[0.344s]   By not providing "Findsrc/interfaces.cmake" in CMAKE_MODULE_PATH this
[0.345s]   project has asked CMake to find a package configuration file provided by
[0.345s]   "src/interfaces", but CMake did not find one.
[0.345s] 
[0.345s]   Could not find a package configuration file provided by "src/interfaces"
[0.345s]   with any of the following names:
[0.345s] 
[0.345s]     src/interfacesConfig.cmake
[0.345s]     src/interfaces-config.cmake
[0.345s] 
[0.346s]   Add the installation prefix of "src/interfaces" to CMAKE_PREFIX_PATH or set
[0.346s]   "src/interfaces_DIR" to a directory containing one of the above files.  If
[0.346s]   "src/interfaces" provides a separate development package or SDK, be sure it
[0.346s]   has been installed.
[0.346s] 
[0.346s] [0m
[0.346s] -- Configuring incomplete, errors occurred!
[0.346s] See also "/home/soroush/robatics/Assignment2/assi2/build/yangsim/CMakeFiles/CMakeOutput.log".
[0.349s] Invoked command in '/home/soroush/robatics/Assignment2/assi2/build/yangsim' returned '1': CMAKE_PREFIX_PATH=/opt/ros/humble /usr/bin/cmake /home/soroush/robatics/Assignment2/assi2/src/yangsim -DCMAKE_INSTALL_PREFIX=/home/soroush/robatics/Assignment2/assi2/install/yangsim
