[0.017s] Invoking command in '/home/soroush/robatics/Assignment2/assi2/build/interfaces': CMAKE_PREFIX_PATH=${CMAKE_PREFIX_PATH}:/home/soroush/robatics/Assignment2/assi2/install/yinsim:/home/soroush/robatics/Assignment2/assi2/install/py_srvcli:/opt/ros/humble /usr/bin/cmake --build /home/soroush/robatics/Assignment2/assi2/build/interfaces -- -j8 -l8
[0.044s] -- Found ament_cmake: 1.3.3 (/opt/ros/humble/share/ament_cmake/cmake)
[0.194s] -- Found rosidl_default_generators: 1.2.0 (/opt/ros/humble/share/rosidl_default_generators/cmake)
[0.196s] -- Using all available rosidl_typesupport_c: rosidl_typesupport_fastrtps_c;rosidl_typesupport_introspection_c
[0.200s] -- Found rosidl_adapter: 3.1.4 (/opt/ros/humble/share/rosidl_adapter/cmake)
[0.233s] -- Using all available rosidl_typesupport_cpp: rosidl_typesupport_fastrtps_cpp;rosidl_typesupport_introspection_cpp
[0.506s] -- Found ament_cmake_ros: 0.10.0 (/opt/ros/humble/share/ament_cmake_ros/cmake)
[0.687s] -- Using all available rosidl_typesupport_c: rosidl_typesupport_fastrtps_c;rosidl_typesupport_introspection_c
[0.915s] -- Using all available rosidl_typesupport_cpp: rosidl_typesupport_fastrtps_cpp;rosidl_typesupport_introspection_cpp
[0.936s] -- Found python_cmake_module: 0.10.0 (/opt/ros/humble/share/python_cmake_module/cmake)
[0.959s] -- Using PYTHON_EXECUTABLE: /usr/bin/python3
[0.959s] -- Using PYTHON_INCLUDE_DIRS: /usr/include/python3.10
[0.959s] -- Using PYTHON_LIBRARIES: /usr/lib/x86_64-linux-gnu/libpython3.10.so
[0.971s] -- Found ament_lint_auto: 0.12.5 (/opt/ros/humble/share/ament_lint_auto/cmake)
[0.981s] -- Added test 'lint_cmake' to check CMake code style
[0.982s] -- Added test 'xmllint' to check XML markup files
[0.983s] -- Configuring done
[1.013s] -- Generating done
[1.016s] -- Build files have been written to: /home/soroush/robatics/Assignment2/assi2/build/interfaces
[1.040s] [35m[1mConsolidate compiler generated dependencies of target interfaces__rosidl_generator_c[0m
[1.051s] [  2%] Built target interfaces__cpp
[1.053s] [ 12%] Built target interfaces__rosidl_generator_c
[1.067s] [ 12%] Built target ament_cmake_python_copy_interfaces
[1.067s] [35m[1mConsolidate compiler generated dependencies of target interfaces__rosidl_typesupport_c[0m
[1.068s] [35m[1mConsolidate compiler generated dependencies of target interfaces__rosidl_typesupport_fastrtps_cpp[0m
[1.069s] [35m[1mConsolidate compiler generated dependencies of target interfaces__rosidl_typesupport_cpp[0m
[1.069s] [35m[1mConsolidate compiler generated dependencies of target interfaces__rosidl_typesupport_introspection_cpp[0m
[1.069s] [35m[1mConsolidate compiler generated dependencies of target interfaces__rosidl_typesupport_introspection_c[0m
[1.069s] [35m[1mConsolidate compiler generated dependencies of target interfaces__rosidl_typesupport_fastrtps_c[0m
[1.085s] [ 23%] Built target interfaces__rosidl_typesupport_c
[1.089s] [ 33%] Built target interfaces__rosidl_typesupport_introspection_c
[1.090s] [ 43%] Built target interfaces__rosidl_typesupport_introspection_cpp
[1.092s] [ 53%] Built target interfaces__rosidl_typesupport_cpp
[1.092s] [ 64%] Built target interfaces__rosidl_typesupport_fastrtps_cpp
[1.094s] [ 74%] Built target interfaces__rosidl_typesupport_fastrtps_c
[1.115s] [ 74%] Built target interfaces
[1.137s] [ 76%] Built target interfaces__py
[1.148s] [35m[1mConsolidate compiler generated dependencies of target interfaces__rosidl_generator_py[0m
[1.163s] [ 84%] Built target interfaces__rosidl_generator_py
[1.175s] [35m[1mConsolidate compiler generated dependencies of target interfaces__rosidl_typesupport_fastrtps_c__pyext[0m
[1.176s] [35m[1mConsolidate compiler generated dependencies of target interfaces__rosidl_typesupport_c__pyext[0m
[1.178s] [35m[1mConsolidate compiler generated dependencies of target interfaces__rosidl_typesupport_introspection_c__pyext[0m
[1.193s] [ 89%] Built target interfaces__rosidl_typesupport_fastrtps_c__pyext
[1.194s] [ 94%] Built target interfaces__rosidl_typesupport_c__pyext
[1.194s] [100%] Built target interfaces__rosidl_typesupport_introspection_c__pyext
[1.335s] running egg_info
[1.336s] writing interfaces.egg-info/PKG-INFO
[1.336s] writing dependency_links to interfaces.egg-info/dependency_links.txt
[1.337s] writing top-level names to interfaces.egg-info/top_level.txt
[1.339s] reading manifest file 'interfaces.egg-info/SOURCES.txt'
[1.339s] writing manifest file 'interfaces.egg-info/SOURCES.txt'
[1.365s] [100%] Built target ament_cmake_python_build_interfaces_egg
[1.377s] Invoked command in '/home/soroush/robatics/Assignment2/assi2/build/interfaces' returned '0': CMAKE_PREFIX_PATH=${CMAKE_PREFIX_PATH}:/home/soroush/robatics/Assignment2/assi2/install/yinsim:/home/soroush/robatics/Assignment2/assi2/install/py_srvcli:/opt/ros/humble /usr/bin/cmake --build /home/soroush/robatics/Assignment2/assi2/build/interfaces -- -j8 -l8
[1.479s] Invoking command in '/home/soroush/robatics/Assignment2/assi2/build/interfaces': CMAKE_PREFIX_PATH=${CMAKE_PREFIX_PATH}:/home/soroush/robatics/Assignment2/assi2/install/yinsim:/home/soroush/robatics/Assignment2/assi2/install/py_srvcli:/opt/ros/humble /usr/bin/cmake --install /home/soroush/robatics/Assignment2/assi2/build/interfaces
[1.488s] -- Install configuration: ""
[1.488s] -- Up-to-date: /home/soroush/robatics/Assignment2/assi2/install/interfaces/share/ament_index/resource_index/rosidl_interfaces/interfaces
[1.489s] -- Up-to-date: /home/soroush/robatics/Assignment2/assi2/install/interfaces/include/interfaces/interfaces
[1.489s] -- Up-to-date: /home/soroush/robatics/Assignment2/assi2/install/interfaces/include/interfaces/interfaces/msg
[1.489s] -- Up-to-date: /home/soroush/robatics/Assignment2/assi2/install/interfaces/include/interfaces/interfaces/msg/rosidl_generator_c__visibility_control.h
[1.489s] -- Up-to-date: /home/soroush/robatics/Assignment2/assi2/install/interfaces/include/interfaces/interfaces/msg/conversation.h
[1.489s] -- Up-to-date: /home/soroush/robatics/Assignment2/assi2/install/interfaces/include/interfaces/interfaces/msg/first_msg_message.h
[1.490s] -- Up-to-date: /home/soroush/robatics/Assignment2/assi2/install/interfaces/include/interfaces/interfaces/msg/detail
[1.490s] -- Up-to-date: /home/soroush/robatics/Assignment2/assi2/install/interfaces/include/interfaces/interfaces/msg/detail/first_msg_message__functions.c
[1.490s] -- Up-to-date: /home/soroush/robatics/Assignment2/assi2/install/interfaces/include/interfaces/interfaces/msg/detail/first_msg_message__functions.h
[1.490s] -- Up-to-date: /home/soroush/robatics/Assignment2/assi2/install/interfaces/include/interfaces/interfaces/msg/detail/conversation__functions.h
[1.490s] -- Up-to-date: /home/soroush/robatics/Assignment2/assi2/install/interfaces/include/interfaces/interfaces/msg/detail/first_msg_message__type_support.h
[1.491s] -- Up-to-date: /home/soroush/robatics/Assignment2/assi2/install/interfaces/include/interfaces/interfaces/msg/detail/conversation__type_support.h
[1.491s] -- Up-to-date: /home/soroush/robatics/Assignment2/assi2/install/interfaces/include/interfaces/interfaces/msg/detail/conversation__functions.c
[1.491s] -- Up-to-date: /home/soroush/robatics/Assignment2/assi2/install/interfaces/include/interfaces/interfaces/msg/detail/first_msg_message__struct.h
[1.491s] -- Up-to-date: /home/soroush/robatics/Assignment2/assi2/install/interfaces/include/interfaces/interfaces/msg/detail/conversation__struct.h
[1.491s] -- Up-to-date: /home/soroush/robatics/Assignment2/assi2/install/interfaces/include/interfaces/interfaces/srv
[1.491s] -- Up-to-date: /home/soroush/robatics/Assignment2/assi2/install/interfaces/include/interfaces/interfaces/srv/send_message_in_convo.h
[1.491s] -- Up-to-date: /home/soroush/robatics/Assignment2/assi2/install/interfaces/include/interfaces/interfaces/srv/first_srevice_message.h
[1.492s] -- Up-to-date: /home/soroush/robatics/Assignment2/assi2/install/interfaces/include/interfaces/interfaces/srv/detail
[1.492s] -- Up-to-date: /home/soroush/robatics/Assignment2/assi2/install/interfaces/include/interfaces/interfaces/srv/detail/first_srevice_message__functions.c
[1.493s] -- Up-to-date: /home/soroush/robatics/Assignment2/assi2/install/interfaces/include/interfaces/interfaces/srv/detail/send_message_in_convo__struct.h
[1.493s] -- Up-to-date: /home/soroush/robatics/Assignment2/assi2/install/interfaces/include/interfaces/interfaces/srv/detail/send_message_in_convo__functions.h
[1.493s] -- Up-to-date: /home/soroush/robatics/Assignment2/assi2/install/interfaces/include/interfaces/interfaces/srv/detail/send_message_in_convo__type_support.h
[1.493s] -- Up-to-date: /home/soroush/robatics/Assignment2/assi2/install/interfaces/include/interfaces/interfaces/srv/detail/send_message_in_convo__functions.c
[1.493s] -- Up-to-date: /home/soroush/robatics/Assignment2/assi2/install/interfaces/include/interfaces/interfaces/srv/detail/first_srevice_message__functions.h
[1.493s] -- Up-to-date: /home/soroush/robatics/Assignment2/assi2/install/interfaces/include/interfaces/interfaces/srv/detail/first_srevice_message__struct.h
[1.494s] -- Up-to-date: /home/soroush/robatics/Assignment2/assi2/install/interfaces/include/interfaces/interfaces/srv/detail/first_srevice_message__type_support.h
[1.494s] -- Up-to-date: /home/soroush/robatics/Assignment2/assi2/install/interfaces/share/interfaces/environment/library_path.sh
[1.494s] -- Installing: /home/soroush/robatics/Assignment2/assi2/install/interfaces/share/interfaces/environment/library_path.dsv
[1.494s] -- Up-to-date: /home/soroush/robatics/Assignment2/assi2/install/interfaces/lib/libinterfaces__rosidl_generator_c.so
[1.494s] -- Up-to-date: /home/soroush/robatics/Assignment2/assi2/install/interfaces/include/interfaces/interfaces
[1.494s] -- Up-to-date: /home/soroush/robatics/Assignment2/assi2/install/interfaces/include/interfaces/interfaces/msg
[1.494s] -- Up-to-date: /home/soroush/robatics/Assignment2/assi2/install/interfaces/include/interfaces/interfaces/msg/detail
[1.495s] -- Up-to-date: /home/soroush/robatics/Assignment2/assi2/install/interfaces/include/interfaces/interfaces/msg/detail/conversation__rosidl_typesupport_fastrtps_c.h
[1.495s] -- Up-to-date: /home/soroush/robatics/Assignment2/assi2/install/interfaces/include/interfaces/interfaces/msg/detail/first_msg_message__rosidl_typesupport_fastrtps_c.h
[1.495s] -- Up-to-date: /home/soroush/robatics/Assignment2/assi2/install/interfaces/include/interfaces/interfaces/msg/rosidl_typesupport_fastrtps_c__visibility_control.h
[1.495s] -- Up-to-date: /home/soroush/robatics/Assignment2/assi2/install/interfaces/include/interfaces/interfaces/srv
[1.495s] -- Up-to-date: /home/soroush/robatics/Assignment2/assi2/install/interfaces/include/interfaces/interfaces/srv/detail
[1.495s] -- Up-to-date: /home/soroush/robatics/Assignment2/assi2/install/interfaces/include/interfaces/interfaces/srv/detail/first_srevice_message__rosidl_typesupport_fastrtps_c.h
[1.496s] -- Up-to-date: /home/soroush/robatics/Assignment2/assi2/install/interfaces/include/interfaces/interfaces/srv/detail/send_message_in_convo__rosidl_typesupport_fastrtps_c.h
[1.496s] -- Up-to-date: /home/soroush/robatics/Assignment2/assi2/install/interfaces/lib/libinterfaces__rosidl_typesupport_fastrtps_c.so
[1.496s] -- Up-to-date: /home/soroush/robatics/Assignment2/assi2/install/interfaces/include/interfaces/interfaces
[1.496s] -- Up-to-date: /home/soroush/robatics/Assignment2/assi2/install/interfaces/include/interfaces/interfaces/msg
[1.496s] -- Up-to-date: /home/soroush/robatics/Assignment2/assi2/install/interfaces/include/interfaces/interfaces/msg/rosidl_typesupport_introspection_c__visibility_control.h
[1.496s] -- Up-to-date: /home/soroush/robatics/Assignment2/assi2/install/interfaces/include/interfaces/interfaces/msg/detail
[1.496s] -- Up-to-date: /home/soroush/robatics/Assignment2/assi2/install/interfaces/include/interfaces/interfaces/msg/detail/first_msg_message__type_support.c
[1.496s] -- Up-to-date: /home/soroush/robatics/Assignment2/assi2/install/interfaces/include/interfaces/interfaces/msg/detail/conversation__rosidl_typesupport_introspection_c.h
[1.497s] -- Up-to-date: /home/soroush/robatics/Assignment2/assi2/install/interfaces/include/interfaces/interfaces/msg/detail/conversation__type_support.c
[1.497s] -- Up-to-date: /home/soroush/robatics/Assignment2/assi2/install/interfaces/include/interfaces/interfaces/msg/detail/first_msg_message__rosidl_typesupport_introspection_c.h
[1.497s] -- Up-to-date: /home/soroush/robatics/Assignment2/assi2/install/interfaces/include/interfaces/interfaces/srv
[1.497s] -- Up-to-date: /home/soroush/robatics/Assignment2/assi2/install/interfaces/include/interfaces/interfaces/srv/detail
[1.497s] -- Up-to-date: /home/soroush/robatics/Assignment2/assi2/install/interfaces/include/interfaces/interfaces/srv/detail/first_srevice_message__type_support.c
[1.497s] -- Up-to-date: /home/soroush/robatics/Assignment2/assi2/install/interfaces/include/interfaces/interfaces/srv/detail/first_srevice_message__rosidl_typesupport_introspection_c.h
[1.497s] -- Up-to-date: /home/soroush/robatics/Assignment2/assi2/install/interfaces/include/interfaces/interfaces/srv/detail/send_message_in_convo__type_support.c
[1.497s] -- Up-to-date: /home/soroush/robatics/Assignment2/assi2/install/interfaces/include/interfaces/interfaces/srv/detail/send_message_in_convo__rosidl_typesupport_introspection_c.h
[1.497s] -- Up-to-date: /home/soroush/robatics/Assignment2/assi2/install/interfaces/lib/libinterfaces__rosidl_typesupport_introspection_c.so
[1.497s] -- Up-to-date: /home/soroush/robatics/Assignment2/assi2/install/interfaces/lib/libinterfaces__rosidl_typesupport_c.so
[1.498s] -- Up-to-date: /home/soroush/robatics/Assignment2/assi2/install/interfaces/include/interfaces/interfaces
[1.498s] -- Up-to-date: /home/soroush/robatics/Assignment2/assi2/install/interfaces/include/interfaces/interfaces/msg
[1.498s] -- Up-to-date: /home/soroush/robatics/Assignment2/assi2/install/interfaces/include/interfaces/interfaces/msg/conversation.hpp
[1.498s] -- Up-to-date: /home/soroush/robatics/Assignment2/assi2/install/interfaces/include/interfaces/interfaces/msg/detail
[1.498s] -- Up-to-date: /home/soroush/robatics/Assignment2/assi2/install/interfaces/include/interfaces/interfaces/msg/detail/conversation__struct.hpp
[1.498s] -- Up-to-date: /home/soroush/robatics/Assignment2/assi2/install/interfaces/include/interfaces/interfaces/msg/detail/first_msg_message__traits.hpp
[1.498s] -- Up-to-date: /home/soroush/robatics/Assignment2/assi2/install/interfaces/include/interfaces/interfaces/msg/detail/first_msg_message__struct.hpp
[1.498s] -- Up-to-date: /home/soroush/robatics/Assignment2/assi2/install/interfaces/include/interfaces/interfaces/msg/detail/first_msg_message__builder.hpp
[1.498s] -- Up-to-date: /home/soroush/robatics/Assignment2/assi2/install/interfaces/include/interfaces/interfaces/msg/detail/conversation__builder.hpp
[1.499s] -- Up-to-date: /home/soroush/robatics/Assignment2/assi2/install/interfaces/include/interfaces/interfaces/msg/detail/conversation__traits.hpp
[1.499s] -- Up-to-date: /home/soroush/robatics/Assignment2/assi2/install/interfaces/include/interfaces/interfaces/msg/first_msg_message.hpp
[1.499s] -- Up-to-date: /home/soroush/robatics/Assignment2/assi2/install/interfaces/include/interfaces/interfaces/srv
[1.499s] -- Up-to-date: /home/soroush/robatics/Assignment2/assi2/install/interfaces/include/interfaces/interfaces/srv/send_message_in_convo.hpp
[1.499s] -- Up-to-date: /home/soroush/robatics/Assignment2/assi2/install/interfaces/include/interfaces/interfaces/srv/first_srevice_message.hpp
[1.499s] -- Up-to-date: /home/soroush/robatics/Assignment2/assi2/install/interfaces/include/interfaces/interfaces/srv/detail
[1.499s] -- Up-to-date: /home/soroush/robatics/Assignment2/assi2/install/interfaces/include/interfaces/interfaces/srv/detail/send_message_in_convo__traits.hpp
[1.499s] -- Up-to-date: /home/soroush/robatics/Assignment2/assi2/install/interfaces/include/interfaces/interfaces/srv/detail/send_message_in_convo__builder.hpp
[1.499s] -- Up-to-date: /home/soroush/robatics/Assignment2/assi2/install/interfaces/include/interfaces/interfaces/srv/detail/send_message_in_convo__struct.hpp
[1.499s] -- Up-to-date: /home/soroush/robatics/Assignment2/assi2/install/interfaces/include/interfaces/interfaces/srv/detail/first_srevice_message__struct.hpp
[1.499s] -- Up-to-date: /home/soroush/robatics/Assignment2/assi2/install/interfaces/include/interfaces/interfaces/srv/detail/first_srevice_message__traits.hpp
[1.499s] -- Up-to-date: /home/soroush/robatics/Assignment2/assi2/install/interfaces/include/interfaces/interfaces/srv/detail/first_srevice_message__builder.hpp
[1.499s] -- Up-to-date: /home/soroush/robatics/Assignment2/assi2/install/interfaces/include/interfaces/interfaces
[1.499s] -- Up-to-date: /home/soroush/robatics/Assignment2/assi2/install/interfaces/include/interfaces/interfaces/msg
[1.500s] -- Up-to-date: /home/soroush/robatics/Assignment2/assi2/install/interfaces/include/interfaces/interfaces/msg/rosidl_typesupport_fastrtps_cpp__visibility_control.h
[1.500s] -- Up-to-date: /home/soroush/robatics/Assignment2/assi2/install/interfaces/include/interfaces/interfaces/msg/detail
[1.500s] -- Up-to-date: /home/soroush/robatics/Assignment2/assi2/install/interfaces/include/interfaces/interfaces/msg/detail/dds_fastrtps
[1.500s] -- Up-to-date: /home/soroush/robatics/Assignment2/assi2/install/interfaces/include/interfaces/interfaces/msg/detail/conversation__rosidl_typesupport_fastrtps_cpp.hpp
[1.500s] -- Up-to-date: /home/soroush/robatics/Assignment2/assi2/install/interfaces/include/interfaces/interfaces/msg/detail/first_msg_message__rosidl_typesupport_fastrtps_cpp.hpp
[1.500s] -- Up-to-date: /home/soroush/robatics/Assignment2/assi2/install/interfaces/include/interfaces/interfaces/srv
[1.500s] -- Up-to-date: /home/soroush/robatics/Assignment2/assi2/install/interfaces/include/interfaces/interfaces/srv/detail
[1.500s] -- Up-to-date: /home/soroush/robatics/Assignment2/assi2/install/interfaces/include/interfaces/interfaces/srv/detail/send_message_in_convo__rosidl_typesupport_fastrtps_cpp.hpp
[1.500s] -- Up-to-date: /home/soroush/robatics/Assignment2/assi2/install/interfaces/include/interfaces/interfaces/srv/detail/dds_fastrtps
[1.500s] -- Up-to-date: /home/soroush/robatics/Assignment2/assi2/install/interfaces/include/interfaces/interfaces/srv/detail/first_srevice_message__rosidl_typesupport_fastrtps_cpp.hpp
[1.500s] -- Up-to-date: /home/soroush/robatics/Assignment2/assi2/install/interfaces/lib/libinterfaces__rosidl_typesupport_fastrtps_cpp.so
[1.500s] -- Up-to-date: /home/soroush/robatics/Assignment2/assi2/install/interfaces/include/interfaces/interfaces
[1.500s] -- Up-to-date: /home/soroush/robatics/Assignment2/assi2/install/interfaces/include/interfaces/interfaces/msg
[1.500s] -- Up-to-date: /home/soroush/robatics/Assignment2/assi2/install/interfaces/include/interfaces/interfaces/msg/detail
[1.500s] -- Up-to-date: /home/soroush/robatics/Assignment2/assi2/install/interfaces/include/interfaces/interfaces/msg/detail/first_msg_message__rosidl_typesupport_introspection_cpp.hpp
[1.500s] -- Up-to-date: /home/soroush/robatics/Assignment2/assi2/install/interfaces/include/interfaces/interfaces/msg/detail/first_msg_message__type_support.cpp
[1.500s] -- Up-to-date: /home/soroush/robatics/Assignment2/assi2/install/interfaces/include/interfaces/interfaces/msg/detail/conversation__type_support.cpp
[1.501s] -- Up-to-date: /home/soroush/robatics/Assignment2/assi2/install/interfaces/include/interfaces/interfaces/msg/detail/conversation__rosidl_typesupport_introspection_cpp.hpp
[1.501s] -- Up-to-date: /home/soroush/robatics/Assignment2/assi2/install/interfaces/include/interfaces/interfaces/srv
[1.501s] -- Up-to-date: /home/soroush/robatics/Assignment2/assi2/install/interfaces/include/interfaces/interfaces/srv/detail
[1.501s] -- Up-to-date: /home/soroush/robatics/Assignment2/assi2/install/interfaces/include/interfaces/interfaces/srv/detail/send_message_in_convo__type_support.cpp
[1.501s] -- Up-to-date: /home/soroush/robatics/Assignment2/assi2/install/interfaces/include/interfaces/interfaces/srv/detail/first_srevice_message__type_support.cpp
[1.501s] -- Up-to-date: /home/soroush/robatics/Assignment2/assi2/install/interfaces/include/interfaces/interfaces/srv/detail/send_message_in_convo__rosidl_typesupport_introspection_cpp.hpp
[1.501s] -- Up-to-date: /home/soroush/robatics/Assignment2/assi2/install/interfaces/include/interfaces/interfaces/srv/detail/first_srevice_message__rosidl_typesupport_introspection_cpp.hpp
[1.501s] -- Up-to-date: /home/soroush/robatics/Assignment2/assi2/install/interfaces/lib/libinterfaces__rosidl_typesupport_introspection_cpp.so
[1.501s] -- Up-to-date: /home/soroush/robatics/Assignment2/assi2/install/interfaces/lib/libinterfaces__rosidl_typesupport_cpp.so
[1.501s] -- Up-to-date: /home/soroush/robatics/Assignment2/assi2/install/interfaces/share/interfaces/environment/pythonpath.sh
[1.502s] -- Installing: /home/soroush/robatics/Assignment2/assi2/install/interfaces/share/interfaces/environment/pythonpath.dsv
[1.502s] -- Up-to-date: /home/soroush/robatics/Assignment2/assi2/install/interfaces/local/lib/python3.10/dist-packages/interfaces-0.0.0-py3.10.egg-info
[1.502s] -- Installing: /home/soroush/robatics/Assignment2/assi2/install/interfaces/local/lib/python3.10/dist-packages/interfaces-0.0.0-py3.10.egg-info/top_level.txt
[1.502s] -- Installing: /home/soroush/robatics/Assignment2/assi2/install/interfaces/local/lib/python3.10/dist-packages/interfaces-0.0.0-py3.10.egg-info/dependency_links.txt
[1.502s] -- Installing: /home/soroush/robatics/Assignment2/assi2/install/interfaces/local/lib/python3.10/dist-packages/interfaces-0.0.0-py3.10.egg-info/SOURCES.txt
[1.502s] -- Installing: /home/soroush/robatics/Assignment2/assi2/install/interfaces/local/lib/python3.10/dist-packages/interfaces-0.0.0-py3.10.egg-info/PKG-INFO
[1.502s] -- Up-to-date: /home/soroush/robatics/Assignment2/assi2/install/interfaces/local/lib/python3.10/dist-packages/interfaces
[1.502s] -- Up-to-date: /home/soroush/robatics/Assignment2/assi2/install/interfaces/local/lib/python3.10/dist-packages/interfaces/interfaces_s__rosidl_typesupport_c.cpython-310-x86_64-linux-gnu.so
[1.502s] -- Installing: /home/soroush/robatics/Assignment2/assi2/install/interfaces/local/lib/python3.10/dist-packages/interfaces/__init__.py
[1.502s] -- Up-to-date: /home/soroush/robatics/Assignment2/assi2/install/interfaces/local/lib/python3.10/dist-packages/interfaces/msg
[1.503s] -- Up-to-date: /home/soroush/robatics/Assignment2/assi2/install/interfaces/local/lib/python3.10/dist-packages/interfaces/msg/__init__.py
[1.503s] -- Up-to-date: /home/soroush/robatics/Assignment2/assi2/install/interfaces/local/lib/python3.10/dist-packages/interfaces/msg/_first_msg_message_s.c
[1.503s] -- Up-to-date: /home/soroush/robatics/Assignment2/assi2/install/interfaces/local/lib/python3.10/dist-packages/interfaces/msg/_conversation.py
[1.503s] -- Up-to-date: /home/soroush/robatics/Assignment2/assi2/install/interfaces/local/lib/python3.10/dist-packages/interfaces/msg/_first_msg_message.py
[1.503s] -- Up-to-date: /home/soroush/robatics/Assignment2/assi2/install/interfaces/local/lib/python3.10/dist-packages/interfaces/msg/_conversation_s.c
[1.503s] -- Up-to-date: /home/soroush/robatics/Assignment2/assi2/install/interfaces/local/lib/python3.10/dist-packages/interfaces/_interfaces_s.ep.rosidl_typesupport_c.c
[1.503s] -- Up-to-date: /home/soroush/robatics/Assignment2/assi2/install/interfaces/local/lib/python3.10/dist-packages/interfaces/interfaces_s__rosidl_typesupport_introspection_c.cpython-310-x86_64-linux-gnu.so
[1.503s] -- Up-to-date: /home/soroush/robatics/Assignment2/assi2/install/interfaces/local/lib/python3.10/dist-packages/interfaces/srv
[1.503s] -- Up-to-date: /home/soroush/robatics/Assignment2/assi2/install/interfaces/local/lib/python3.10/dist-packages/interfaces/srv/_send_message_in_convo.py
[1.504s] -- Up-to-date: /home/soroush/robatics/Assignment2/assi2/install/interfaces/local/lib/python3.10/dist-packages/interfaces/srv/__init__.py
[1.504s] -- Up-to-date: /home/soroush/robatics/Assignment2/assi2/install/interfaces/local/lib/python3.10/dist-packages/interfaces/srv/_send_message_in_convo_s.c
[1.504s] -- Up-to-date: /home/soroush/robatics/Assignment2/assi2/install/interfaces/local/lib/python3.10/dist-packages/interfaces/srv/_first_srevice_message.py
[1.504s] -- Up-to-date: /home/soroush/robatics/Assignment2/assi2/install/interfaces/local/lib/python3.10/dist-packages/interfaces/srv/_first_srevice_message_s.c
[1.504s] -- Up-to-date: /home/soroush/robatics/Assignment2/assi2/install/interfaces/local/lib/python3.10/dist-packages/interfaces/interfaces_s__rosidl_typesupport_fastrtps_c.cpython-310-x86_64-linux-gnu.so
[1.504s] -- Up-to-date: /home/soroush/robatics/Assignment2/assi2/install/interfaces/local/lib/python3.10/dist-packages/interfaces/_interfaces_s.ep.rosidl_typesupport_introspection_c.c
[1.504s] -- Up-to-date: /home/soroush/robatics/Assignment2/assi2/install/interfaces/local/lib/python3.10/dist-packages/interfaces/libinterfaces__rosidl_generator_py.so
[1.504s] -- Up-to-date: /home/soroush/robatics/Assignment2/assi2/install/interfaces/local/lib/python3.10/dist-packages/interfaces/_interfaces_s.ep.rosidl_typesupport_fastrtps_c.c
[1.526s] Listing '/home/soroush/robatics/Assignment2/assi2/install/interfaces/local/lib/python3.10/dist-packages/interfaces'...
[1.526s] Compiling '/home/soroush/robatics/Assignment2/assi2/install/interfaces/local/lib/python3.10/dist-packages/interfaces/__init__.py'...
[1.526s] Listing '/home/soroush/robatics/Assignment2/assi2/install/interfaces/local/lib/python3.10/dist-packages/interfaces/msg'...
[1.526s] Listing '/home/soroush/robatics/Assignment2/assi2/install/interfaces/local/lib/python3.10/dist-packages/interfaces/srv'...
[1.530s] -- Up-to-date: /home/soroush/robatics/Assignment2/assi2/install/interfaces/local/lib/python3.10/dist-packages/interfaces/interfaces_s__rosidl_typesupport_fastrtps_c.cpython-310-x86_64-linux-gnu.so
[1.531s] -- Up-to-date: /home/soroush/robatics/Assignment2/assi2/install/interfaces/local/lib/python3.10/dist-packages/interfaces/interfaces_s__rosidl_typesupport_introspection_c.cpython-310-x86_64-linux-gnu.so
[1.531s] -- Up-to-date: /home/soroush/robatics/Assignment2/assi2/install/interfaces/local/lib/python3.10/dist-packages/interfaces/interfaces_s__rosidl_typesupport_c.cpython-310-x86_64-linux-gnu.so
[1.532s] -- Up-to-date: /home/soroush/robatics/Assignment2/assi2/install/interfaces/lib/libinterfaces__rosidl_generator_py.so
[1.532s] -- Up-to-date: /home/soroush/robatics/Assignment2/assi2/install/interfaces/share/interfaces/msg/FirstMsgMessage.idl
[1.533s] -- Up-to-date: /home/soroush/robatics/Assignment2/assi2/install/interfaces/share/interfaces/srv/FirstSreviceMessage.idl
[1.533s] -- Up-to-date: /home/soroush/robatics/Assignment2/assi2/install/interfaces/share/interfaces/msg/FirstMsgMessage.msg
[1.533s] -- Up-to-date: /home/soroush/robatics/Assignment2/assi2/install/interfaces/share/interfaces/srv/FirstSreviceMessage.srv
[1.533s] -- Up-to-date: /home/soroush/robatics/Assignment2/assi2/install/interfaces/share/interfaces/srv/FirstSreviceMessage_Request.msg
[1.533s] -- Up-to-date: /home/soroush/robatics/Assignment2/assi2/install/interfaces/share/interfaces/srv/FirstSreviceMessage_Response.msg
[1.533s] -- Up-to-date: /home/soroush/robatics/Assignment2/assi2/install/interfaces/share/ament_index/resource_index/package_run_dependencies/interfaces
[1.533s] -- Up-to-date: /home/soroush/robatics/Assignment2/assi2/install/interfaces/share/ament_index/resource_index/parent_prefix_path/interfaces
[1.533s] -- Up-to-date: /home/soroush/robatics/Assignment2/assi2/install/interfaces/share/interfaces/environment/ament_prefix_path.sh
[1.533s] -- Installing: /home/soroush/robatics/Assignment2/assi2/install/interfaces/share/interfaces/environment/ament_prefix_path.dsv
[1.533s] -- Up-to-date: /home/soroush/robatics/Assignment2/assi2/install/interfaces/share/interfaces/environment/path.sh
[1.533s] -- Installing: /home/soroush/robatics/Assignment2/assi2/install/interfaces/share/interfaces/environment/path.dsv
[1.533s] -- Up-to-date: /home/soroush/robatics/Assignment2/assi2/install/interfaces/share/interfaces/local_setup.bash
[1.534s] -- Up-to-date: /home/soroush/robatics/Assignment2/assi2/install/interfaces/share/interfaces/local_setup.sh
[1.534s] -- Up-to-date: /home/soroush/robatics/Assignment2/assi2/install/interfaces/share/interfaces/local_setup.zsh
[1.534s] -- Installing: /home/soroush/robatics/Assignment2/assi2/install/interfaces/share/interfaces/local_setup.dsv
[1.534s] -- Installing: /home/soroush/robatics/Assignment2/assi2/install/interfaces/share/interfaces/package.dsv
[1.534s] -- Up-to-date: /home/soroush/robatics/Assignment2/assi2/install/interfaces/share/ament_index/resource_index/packages/interfaces
[1.534s] -- Up-to-date: /home/soroush/robatics/Assignment2/assi2/install/interfaces/share/interfaces/cmake/export_interfaces__rosidl_generator_cExport.cmake
[1.534s] -- Up-to-date: /home/soroush/robatics/Assignment2/assi2/install/interfaces/share/interfaces/cmake/export_interfaces__rosidl_generator_cExport-noconfig.cmake
[1.534s] -- Up-to-date: /home/soroush/robatics/Assignment2/assi2/install/interfaces/share/interfaces/cmake/export_interfaces__rosidl_typesupport_fastrtps_cExport.cmake
[1.534s] -- Up-to-date: /home/soroush/robatics/Assignment2/assi2/install/interfaces/share/interfaces/cmake/export_interfaces__rosidl_typesupport_fastrtps_cExport-noconfig.cmake
[1.535s] -- Up-to-date: /home/soroush/robatics/Assignment2/assi2/install/interfaces/share/interfaces/cmake/interfaces__rosidl_typesupport_introspection_cExport.cmake
[1.535s] -- Up-to-date: /home/soroush/robatics/Assignment2/assi2/install/interfaces/share/interfaces/cmake/interfaces__rosidl_typesupport_introspection_cExport-noconfig.cmake
[1.535s] -- Up-to-date: /home/soroush/robatics/Assignment2/assi2/install/interfaces/share/interfaces/cmake/interfaces__rosidl_typesupport_cExport.cmake
[1.535s] -- Up-to-date: /home/soroush/robatics/Assignment2/assi2/install/interfaces/share/interfaces/cmake/interfaces__rosidl_typesupport_cExport-noconfig.cmake
[1.535s] -- Up-to-date: /home/soroush/robatics/Assignment2/assi2/install/interfaces/share/interfaces/cmake/export_interfaces__rosidl_generator_cppExport.cmake
[1.535s] -- Up-to-date: /home/soroush/robatics/Assignment2/assi2/install/interfaces/share/interfaces/cmake/export_interfaces__rosidl_typesupport_fastrtps_cppExport.cmake
[1.535s] -- Up-to-date: /home/soroush/robatics/Assignment2/assi2/install/interfaces/share/interfaces/cmake/export_interfaces__rosidl_typesupport_fastrtps_cppExport-noconfig.cmake
[1.535s] -- Up-to-date: /home/soroush/robatics/Assignment2/assi2/install/interfaces/share/interfaces/cmake/interfaces__rosidl_typesupport_introspection_cppExport.cmake
[1.535s] -- Up-to-date: /home/soroush/robatics/Assignment2/assi2/install/interfaces/share/interfaces/cmake/interfaces__rosidl_typesupport_introspection_cppExport-noconfig.cmake
[1.536s] -- Up-to-date: /home/soroush/robatics/Assignment2/assi2/install/interfaces/share/interfaces/cmake/interfaces__rosidl_typesupport_cppExport.cmake
[1.536s] -- Up-to-date: /home/soroush/robatics/Assignment2/assi2/install/interfaces/share/interfaces/cmake/interfaces__rosidl_typesupport_cppExport-noconfig.cmake
[1.536s] -- Up-to-date: /home/soroush/robatics/Assignment2/assi2/install/interfaces/share/interfaces/cmake/export_interfaces__rosidl_generator_pyExport.cmake
[1.536s] -- Up-to-date: /home/soroush/robatics/Assignment2/assi2/install/interfaces/share/interfaces/cmake/export_interfaces__rosidl_generator_pyExport-noconfig.cmake
[1.536s] -- Up-to-date: /home/soroush/robatics/Assignment2/assi2/install/interfaces/share/interfaces/cmake/rosidl_cmake-extras.cmake
[1.536s] -- Up-to-date: /home/soroush/robatics/Assignment2/assi2/install/interfaces/share/interfaces/cmake/ament_cmake_export_include_directories-extras.cmake
[1.536s] -- Up-to-date: /home/soroush/robatics/Assignment2/assi2/install/interfaces/share/interfaces/cmake/ament_cmake_export_libraries-extras.cmake
[1.536s] -- Up-to-date: /home/soroush/robatics/Assignment2/assi2/install/interfaces/share/interfaces/cmake/ament_cmake_export_targets-extras.cmake
[1.536s] -- Up-to-date: /home/soroush/robatics/Assignment2/assi2/install/interfaces/share/interfaces/cmake/rosidl_cmake_export_typesupport_targets-extras.cmake
[1.537s] -- Up-to-date: /home/soroush/robatics/Assignment2/assi2/install/interfaces/share/interfaces/cmake/ament_cmake_export_dependencies-extras.cmake
[1.537s] -- Up-to-date: /home/soroush/robatics/Assignment2/assi2/install/interfaces/share/interfaces/cmake/rosidl_cmake_export_typesupport_libraries-extras.cmake
[1.537s] -- Up-to-date: /home/soroush/robatics/Assignment2/assi2/install/interfaces/share/interfaces/cmake/interfacesConfig.cmake
[1.537s] -- Up-to-date: /home/soroush/robatics/Assignment2/assi2/install/interfaces/share/interfaces/cmake/interfacesConfig-version.cmake
[1.537s] -- Installing: /home/soroush/robatics/Assignment2/assi2/install/interfaces/share/interfaces/package.xml
[1.540s] Invoked command in '/home/soroush/robatics/Assignment2/assi2/build/interfaces' returned '0': CMAKE_PREFIX_PATH=${CMAKE_PREFIX_PATH}:/home/soroush/robatics/Assignment2/assi2/install/yinsim:/home/soroush/robatics/Assignment2/assi2/install/py_srvcli:/opt/ros/humble /usr/bin/cmake --install /home/soroush/robatics/Assignment2/assi2/build/interfaces
