[0.654s] Invoking command in '/home/soroush/robatics/Assignment2/assi2/src/peresenr_one': PYTHONPATH=/home/soroush/robatics/Assignment2/assi2/build/peresenr_one/prefix_override:/home/soroush/robatics/Assignment2/assi2/install/peresenr_one/lib/python3.10/site-packages:${PYTHONPATH} /usr/bin/python3 setup.py egg_info --egg-base ../../build/peresenr_one build --build-base /home/soroush/robatics/Assignment2/assi2/build/peresenr_one/build install --record /home/soroush/robatics/Assignment2/assi2/build/peresenr_one/install.log --single-version-externally-managed
[0.860s] running egg_info
[0.874s] writing ../../build/peresenr_one/peresenr_one.egg-info/PKG-INFO
[0.875s] writing dependency_links to ../../build/peresenr_one/peresenr_one.egg-info/dependency_links.txt
[0.875s] writing entry points to ../../build/peresenr_one/peresenr_one.egg-info/entry_points.txt
[0.875s] writing requirements to ../../build/peresenr_one/peresenr_one.egg-info/requires.txt
[0.875s] writing top-level names to ../../build/peresenr_one/peresenr_one.egg-info/top_level.txt
[0.904s] reading manifest file '../../build/peresenr_one/peresenr_one.egg-info/SOURCES.txt'
[0.905s] writing manifest file '../../build/peresenr_one/peresenr_one.egg-info/SOURCES.txt'
[0.905s] running build
[0.905s] running build_py
[0.906s] copying peresenr_one/subscriber.py -> /home/soroush/robatics/Assignment2/assi2/build/peresenr_one/build/lib/peresenr_one
[0.906s] copying peresenr_one/publisher.py -> /home/soroush/robatics/Assignment2/assi2/build/peresenr_one/build/lib/peresenr_one
[0.906s] running install
[0.906s] /home/soroush/.local/lib/python3.10/site-packages/setuptools/command/install.py:34: SetuptoolsDeprecationWarning: setup.py install is deprecated. Use build and pip and other standards-based tools.
[0.906s]   warnings.warn(
[0.911s] running install_lib
[0.924s] copying /home/soroush/robatics/Assignment2/assi2/build/peresenr_one/build/lib/peresenr_one/subscriber.py -> /home/soroush/robatics/Assignment2/assi2/install/peresenr_one/lib/python3.10/site-packages/peresenr_one
[0.924s] copying /home/soroush/robatics/Assignment2/assi2/build/peresenr_one/build/lib/peresenr_one/publisher.py -> /home/soroush/robatics/Assignment2/assi2/install/peresenr_one/lib/python3.10/site-packages/peresenr_one
[0.925s] byte-compiling /home/soroush/robatics/Assignment2/assi2/install/peresenr_one/lib/python3.10/site-packages/peresenr_one/subscriber.py to subscriber.cpython-310.pyc
[0.925s] byte-compiling /home/soroush/robatics/Assignment2/assi2/install/peresenr_one/lib/python3.10/site-packages/peresenr_one/publisher.py to publisher.cpython-310.pyc
[0.926s] running install_data
[0.940s] running install_egg_info
[0.954s] removing '/home/soroush/robatics/Assignment2/assi2/install/peresenr_one/lib/python3.10/site-packages/peresenr_one-0.0.0-py3.10.egg-info' (and everything under it)
[0.954s] Copying ../../build/peresenr_one/peresenr_one.egg-info to /home/soroush/robatics/Assignment2/assi2/install/peresenr_one/lib/python3.10/site-packages/peresenr_one-0.0.0-py3.10.egg-info
[0.955s] running install_scripts
[1.108s] Installing listener script to /home/soroush/robatics/Assignment2/assi2/install/peresenr_one/lib/peresenr_one
[1.108s] Installing talker script to /home/soroush/robatics/Assignment2/assi2/install/peresenr_one/lib/peresenr_one
[1.108s] writing list of installed files to '/home/soroush/robatics/Assignment2/assi2/build/peresenr_one/install.log'
[1.134s] Invoked command in '/home/soroush/robatics/Assignment2/assi2/src/peresenr_one' returned '0': PYTHONPATH=/home/soroush/robatics/Assignment2/assi2/build/peresenr_one/prefix_override:/home/soroush/robatics/Assignment2/assi2/install/peresenr_one/lib/python3.10/site-packages:${PYTHONPATH} /usr/bin/python3 setup.py egg_info --egg-base ../../build/peresenr_one build --build-base /home/soroush/robatics/Assignment2/assi2/build/peresenr_one/build install --record /home/soroush/robatics/Assignment2/assi2/build/peresenr_one/install.log --single-version-externally-managed
