running egg_info
writing ../../build/yinsim/yinsim.egg-info/PKG-INFO
writing dependency_links to ../../build/yinsim/yinsim.egg-info/dependency_links.txt
writing entry points to ../../build/yinsim/yinsim.egg-info/entry_points.txt
writing requirements to ../../build/yinsim/yinsim.egg-info/requires.txt
writing top-level names to ../../build/yinsim/yinsim.egg-info/top_level.txt
reading manifest file '../../build/yinsim/yinsim.egg-info/SOURCES.txt'
writing manifest file '../../build/yinsim/yinsim.egg-info/SOURCES.txt'
running build
running build_py
running install
/usr/lib/python3/dist-packages/setuptools/command/install.py:34: SetuptoolsDeprecationWarning: setup.py install is deprecated. Use build and pip and other standards-based tools.
  warnings.warn(
running install_lib
running install_data
running install_egg_info
removing '/home/soroush/robatics/Assignment2/assi2/install/yinsim/lib/python3.10/site-packages/yinsim-0.0.0-py3.10.egg-info' (and everything under it)
Copying ../../build/yinsim/yinsim.egg-info to /home/soroush/robatics/Assignment2/assi2/install/yinsim/lib/python3.10/site-packages/yinsim-0.0.0-py3.10.egg-info
running install_scripts
Installing yinnode script to /home/soroush/robatics/Assignment2/assi2/install/yinsim/lib/yinsim
writing list of installed files to '/home/soroush/robatics/Assignment2/assi2/build/yinsim/install.log'
