[0.649s] DEBUG:colcon:Command line arguments: ['/usr/bin/colcon', 'build', '--packages-select', 'yangsim']
[0.650s] DEBUG:colcon:Parsed command line arguments: Namespace(log_base=None, log_level=None, verb_name='build', build_base='build', install_base='install', merge_install=False, symlink_install=False, test_result_base=None, continue_on_error=False, executor='parallel', parallel_workers=8, event_handlers=None, ignore_user_meta=False, metas=['./colcon.meta'], base_paths=['.'], packages_ignore=None, packages_ignore_regex=None, paths=None, packages_up_to=None, packages_up_to_regex=None, packages_above=None, packages_above_and_dependencies=None, packages_above_depth=None, packages_select_by_dep=None, packages_skip_by_dep=None, packages_skip_up_to=None, packages_select_build_failed=False, packages_skip_build_finished=False, packages_select_test_failures=False, packages_skip_test_passed=False, packages_select=['yangsim'], packages_skip=None, packages_select_regex=None, packages_skip_regex=None, packages_start=None, packages_end=None, cmake_args=None, cmake_target=None, cmake_target_skip_unavailable=False, cmake_clean_cache=False, cmake_clean_first=False, cmake_force_configure=False, ament_cmake_args=None, catkin_cmake_args=None, catkin_skip_building_tests=False, mixin_files=None, mixin=None, verb_parser=<colcon_mixin.mixin.mixin_argument.MixinArgumentDecorator object at 0x7ff1240221a0>, verb_extension=<colcon_core.verb.build.BuildVerb object at 0x7ff12495f610>, main=<bound method BuildVerb.main of <colcon_core.verb.build.BuildVerb object at 0x7ff12495f610>>, mixin_verb=('build',))
[0.694s] Level 1:colcon.colcon_core.package_discovery:discover_packages(colcon_meta) check parameters
[0.694s] Level 1:colcon.colcon_core.package_discovery:discover_packages(recursive) check parameters
[0.694s] Level 1:colcon.colcon_core.package_discovery:discover_packages(ignore) check parameters
[0.694s] Level 1:colcon.colcon_core.package_discovery:discover_packages(path) check parameters
[0.695s] Level 1:colcon.colcon_core.package_discovery:discover_packages(colcon_meta) discover
[0.695s] Level 1:colcon.colcon_core.package_discovery:discover_packages(recursive) discover
[0.695s] INFO:colcon.colcon_core.package_discovery:Crawling recursively for packages in '/home/soroush/robatics/Assignment2/assi2'
[0.695s] Level 1:colcon.colcon_core.package_identification:_identify(.) by extensions ['ignore', 'ignore_ament_install']
[0.695s] Level 1:colcon.colcon_core.package_identification:_identify(.) by extension 'ignore'
[0.695s] Level 1:colcon.colcon_core.package_identification:_identify(.) by extension 'ignore_ament_install'
[0.695s] Level 1:colcon.colcon_core.package_identification:_identify(.) by extensions ['colcon_pkg']
[0.695s] Level 1:colcon.colcon_core.package_identification:_identify(.) by extension 'colcon_pkg'
[0.696s] Level 1:colcon.colcon_core.package_identification:_identify(.) by extensions ['colcon_meta']
[0.696s] Level 1:colcon.colcon_core.package_identification:_identify(.) by extension 'colcon_meta'
[0.696s] Level 1:colcon.colcon_core.package_identification:_identify(.) by extensions ['ros']
[0.696s] Level 1:colcon.colcon_core.package_identification:_identify(.) by extension 'ros'
[0.735s] Level 1:colcon.colcon_core.package_identification:_identify(.) by extensions ['cmake', 'python']
[0.735s] Level 1:colcon.colcon_core.package_identification:_identify(.) by extension 'cmake'
[0.735s] Level 1:colcon.colcon_core.package_identification:_identify(.) by extension 'python'
[0.735s] Level 1:colcon.colcon_core.package_identification:_identify(.) by extensions ['python_setup_py']
[0.735s] Level 1:colcon.colcon_core.package_identification:_identify(.) by extension 'python_setup_py'
[0.736s] Level 1:colcon.colcon_core.package_identification:_identify(build) by extensions ['ignore', 'ignore_ament_install']
[0.736s] Level 1:colcon.colcon_core.package_identification:_identify(build) by extension 'ignore'
[0.736s] Level 1:colcon.colcon_core.package_identification:_identify(build) ignored
[0.736s] Level 1:colcon.colcon_core.package_identification:_identify(install) by extensions ['ignore', 'ignore_ament_install']
[0.736s] Level 1:colcon.colcon_core.package_identification:_identify(install) by extension 'ignore'
[0.736s] Level 1:colcon.colcon_core.package_identification:_identify(install) ignored
[0.737s] Level 1:colcon.colcon_core.package_identification:_identify(log) by extensions ['ignore', 'ignore_ament_install']
[0.737s] Level 1:colcon.colcon_core.package_identification:_identify(log) by extension 'ignore'
[0.737s] Level 1:colcon.colcon_core.package_identification:_identify(log) ignored
[0.737s] Level 1:colcon.colcon_core.package_identification:_identify(src) by extensions ['ignore', 'ignore_ament_install']
[0.737s] Level 1:colcon.colcon_core.package_identification:_identify(src) by extension 'ignore'
[0.737s] Level 1:colcon.colcon_core.package_identification:_identify(src) by extension 'ignore_ament_install'
[0.738s] Level 1:colcon.colcon_core.package_identification:_identify(src) by extensions ['colcon_pkg']
[0.738s] Level 1:colcon.colcon_core.package_identification:_identify(src) by extension 'colcon_pkg'
[0.738s] Level 1:colcon.colcon_core.package_identification:_identify(src) by extensions ['colcon_meta']
[0.738s] Level 1:colcon.colcon_core.package_identification:_identify(src) by extension 'colcon_meta'
[0.738s] Level 1:colcon.colcon_core.package_identification:_identify(src) by extensions ['ros']
[0.738s] Level 1:colcon.colcon_core.package_identification:_identify(src) by extension 'ros'
[0.738s] Level 1:colcon.colcon_core.package_identification:_identify(src) by extensions ['cmake', 'python']
[0.738s] Level 1:colcon.colcon_core.package_identification:_identify(src) by extension 'cmake'
[0.738s] Level 1:colcon.colcon_core.package_identification:_identify(src) by extension 'python'
[0.738s] Level 1:colcon.colcon_core.package_identification:_identify(src) by extensions ['python_setup_py']
[0.738s] Level 1:colcon.colcon_core.package_identification:_identify(src) by extension 'python_setup_py'
[0.739s] Level 1:colcon.colcon_core.package_identification:_identify(src/interfaces) by extensions ['ignore', 'ignore_ament_install']
[0.739s] Level 1:colcon.colcon_core.package_identification:_identify(src/interfaces) by extension 'ignore'
[0.739s] Level 1:colcon.colcon_core.package_identification:_identify(src/interfaces) by extension 'ignore_ament_install'
[0.739s] Level 1:colcon.colcon_core.package_identification:_identify(src/interfaces) by extensions ['colcon_pkg']
[0.739s] Level 1:colcon.colcon_core.package_identification:_identify(src/interfaces) by extension 'colcon_pkg'
[0.739s] Level 1:colcon.colcon_core.package_identification:_identify(src/interfaces) by extensions ['colcon_meta']
[0.739s] Level 1:colcon.colcon_core.package_identification:_identify(src/interfaces) by extension 'colcon_meta'
[0.739s] Level 1:colcon.colcon_core.package_identification:_identify(src/interfaces) by extensions ['ros']
[0.739s] Level 1:colcon.colcon_core.package_identification:_identify(src/interfaces) by extension 'ros'
[0.744s] DEBUG:colcon.colcon_core.package_identification:Package 'src/interfaces' with type 'ros.ament_cmake' and name 'interfaces'
[0.745s] Level 1:colcon.colcon_core.package_identification:_identify(src/turtlesim_controller) by extensions ['ignore', 'ignore_ament_install']
[0.745s] Level 1:colcon.colcon_core.package_identification:_identify(src/turtlesim_controller) by extension 'ignore'
[0.745s] Level 1:colcon.colcon_core.package_identification:_identify(src/turtlesim_controller) by extension 'ignore_ament_install'
[0.745s] Level 1:colcon.colcon_core.package_identification:_identify(src/turtlesim_controller) by extensions ['colcon_pkg']
[0.745s] Level 1:colcon.colcon_core.package_identification:_identify(src/turtlesim_controller) by extension 'colcon_pkg'
[0.745s] Level 1:colcon.colcon_core.package_identification:_identify(src/turtlesim_controller) by extensions ['colcon_meta']
[0.745s] Level 1:colcon.colcon_core.package_identification:_identify(src/turtlesim_controller) by extension 'colcon_meta'
[0.746s] Level 1:colcon.colcon_core.package_identification:_identify(src/turtlesim_controller) by extensions ['ros']
[0.746s] Level 1:colcon.colcon_core.package_identification:_identify(src/turtlesim_controller) by extension 'ros'
[0.746s] DEBUG:colcon.colcon_core.package_identification:Package 'src/turtlesim_controller' with type 'ros.ament_python' and name 'turtlesim_controller'
[0.747s] Level 1:colcon.colcon_core.package_identification:_identify(src/yangsim) by extensions ['ignore', 'ignore_ament_install']
[0.747s] Level 1:colcon.colcon_core.package_identification:_identify(src/yangsim) by extension 'ignore'
[0.747s] Level 1:colcon.colcon_core.package_identification:_identify(src/yangsim) by extension 'ignore_ament_install'
[0.747s] Level 1:colcon.colcon_core.package_identification:_identify(src/yangsim) by extensions ['colcon_pkg']
[0.747s] Level 1:colcon.colcon_core.package_identification:_identify(src/yangsim) by extension 'colcon_pkg'
[0.747s] Level 1:colcon.colcon_core.package_identification:_identify(src/yangsim) by extensions ['colcon_meta']
[0.747s] Level 1:colcon.colcon_core.package_identification:_identify(src/yangsim) by extension 'colcon_meta'
[0.747s] Level 1:colcon.colcon_core.package_identification:_identify(src/yangsim) by extensions ['ros']
[0.747s] Level 1:colcon.colcon_core.package_identification:_identify(src/yangsim) by extension 'ros'
[0.749s] DEBUG:colcon.colcon_core.package_identification:Package 'src/yangsim' with type 'ros.ament_cmake' and name 'yangsim'
[0.749s] Level 1:colcon.colcon_core.package_identification:_identify(src/yinsim) by extensions ['ignore', 'ignore_ament_install']
[0.749s] Level 1:colcon.colcon_core.package_identification:_identify(src/yinsim) by extension 'ignore'
[0.749s] Level 1:colcon.colcon_core.package_identification:_identify(src/yinsim) by extension 'ignore_ament_install'
[0.749s] Level 1:colcon.colcon_core.package_identification:_identify(src/yinsim) by extensions ['colcon_pkg']
[0.750s] Level 1:colcon.colcon_core.package_identification:_identify(src/yinsim) by extension 'colcon_pkg'
[0.750s] Level 1:colcon.colcon_core.package_identification:_identify(src/yinsim) by extensions ['colcon_meta']
[0.750s] Level 1:colcon.colcon_core.package_identification:_identify(src/yinsim) by extension 'colcon_meta'
[0.750s] Level 1:colcon.colcon_core.package_identification:_identify(src/yinsim) by extensions ['ros']
[0.750s] Level 1:colcon.colcon_core.package_identification:_identify(src/yinsim) by extension 'ros'
[0.751s] DEBUG:colcon.colcon_core.package_identification:Package 'src/yinsim' with type 'ros.ament_python' and name 'yinsim'
[0.751s] Level 1:colcon.colcon_core.package_discovery:discover_packages(recursive) using defaults
[0.751s] Level 1:colcon.colcon_core.package_discovery:discover_packages(ignore) discover
[0.751s] Level 1:colcon.colcon_core.package_discovery:discover_packages(ignore) using defaults
[0.752s] Level 1:colcon.colcon_core.package_discovery:discover_packages(path) discover
[0.752s] Level 1:colcon.colcon_core.package_discovery:discover_packages(path) using defaults
[0.800s] INFO:colcon.colcon_core.package_selection:Skipping not selected package 'interfaces' in 'src/interfaces'
[0.800s] INFO:colcon.colcon_core.package_selection:Skipping not selected package 'turtlesim_controller' in 'src/turtlesim_controller'
[0.800s] INFO:colcon.colcon_core.package_selection:Skipping not selected package 'yinsim' in 'src/yinsim'
[0.802s] Level 5:colcon.colcon_core.verb:set package 'yangsim' build argument 'cmake_args' from command line to 'None'
[0.802s] Level 5:colcon.colcon_core.verb:set package 'yangsim' build argument 'cmake_target' from command line to 'None'
[0.802s] Level 5:colcon.colcon_core.verb:set package 'yangsim' build argument 'cmake_target_skip_unavailable' from command line to 'False'
[0.802s] Level 5:colcon.colcon_core.verb:set package 'yangsim' build argument 'cmake_clean_cache' from command line to 'False'
[0.803s] Level 5:colcon.colcon_core.verb:set package 'yangsim' build argument 'cmake_clean_first' from command line to 'False'
[0.803s] Level 5:colcon.colcon_core.verb:set package 'yangsim' build argument 'cmake_force_configure' from command line to 'False'
[0.803s] Level 5:colcon.colcon_core.verb:set package 'yangsim' build argument 'ament_cmake_args' from command line to 'None'
[0.803s] Level 5:colcon.colcon_core.verb:set package 'yangsim' build argument 'catkin_cmake_args' from command line to 'None'
[0.803s] Level 5:colcon.colcon_core.verb:set package 'yangsim' build argument 'catkin_skip_building_tests' from command line to 'False'
[0.803s] DEBUG:colcon.colcon_core.verb:Building package 'yangsim' with the following arguments: {'ament_cmake_args': None, 'build_base': '/home/soroush/robatics/Assignment2/assi2/build/yangsim', 'catkin_cmake_args': None, 'catkin_skip_building_tests': False, 'cmake_args': None, 'cmake_clean_cache': False, 'cmake_clean_first': False, 'cmake_force_configure': False, 'cmake_target': None, 'cmake_target_skip_unavailable': False, 'install_base': '/home/soroush/robatics/Assignment2/assi2/install/yangsim', 'merge_install': False, 'path': '/home/soroush/robatics/Assignment2/assi2/src/yangsim', 'symlink_install': False, 'test_result_base': None}
[0.804s] INFO:colcon.colcon_core.executor:Executing jobs using 'parallel' executor
[0.810s] DEBUG:colcon.colcon_parallel_executor.executor.parallel:run_until_complete
[0.811s] INFO:colcon.colcon_ros.task.ament_cmake.build:Building ROS package in '/home/soroush/robatics/Assignment2/assi2/src/yangsim' with build type 'ament_cmake'
[0.811s] INFO:colcon.colcon_cmake.task.cmake.build:Building CMake package in '/home/soroush/robatics/Assignment2/assi2/src/yangsim'
[0.822s] INFO:colcon.colcon_core.plugin_system:Skipping extension 'colcon_core.shell.bat': Not used on non-Windows systems
[0.822s] INFO:colcon.colcon_core.shell:Skip shell extension 'powershell' for command environment: Not usable outside of PowerShell
[0.822s] DEBUG:colcon.colcon_core.shell:Skip shell extension 'dsv' for command environment
[0.851s] DEBUG:colcon.colcon_core.event_handler.log_command:Invoking command in '/home/soroush/robatics/Assignment2/assi2/build/yangsim': CMAKE_PREFIX_PATH=/home/soroush/robatics/Assignment2/assi2/install/interfaces:/home/soroush/robatics/Assignment2/assi2/install/yangsim:/home/soroush/robatics/Assignment2/assi2/install/yinsim:/home/soroush/robatics/Assignment2/assi2/install/py_srvcli:/opt/ros/humble /usr/bin/cmake --build /home/soroush/robatics/Assignment2/assi2/build/yangsim -- -j8 -l8
[9.443s] DEBUG:colcon.colcon_core.event_handler.log_command:Invoked command in '/home/soroush/robatics/Assignment2/assi2/build/yangsim' returned '0': CMAKE_PREFIX_PATH=/home/soroush/robatics/Assignment2/assi2/install/interfaces:/home/soroush/robatics/Assignment2/assi2/install/yangsim:/home/soroush/robatics/Assignment2/assi2/install/yinsim:/home/soroush/robatics/Assignment2/assi2/install/py_srvcli:/opt/ros/humble /usr/bin/cmake --build /home/soroush/robatics/Assignment2/assi2/build/yangsim -- -j8 -l8
[9.508s] DEBUG:colcon.colcon_core.event_handler.log_command:Invoking command in '/home/soroush/robatics/Assignment2/assi2/build/yangsim': CMAKE_PREFIX_PATH=/home/soroush/robatics/Assignment2/assi2/install/interfaces:/home/soroush/robatics/Assignment2/assi2/install/yangsim:/home/soroush/robatics/Assignment2/assi2/install/yinsim:/home/soroush/robatics/Assignment2/assi2/install/py_srvcli:/opt/ros/humble /usr/bin/cmake --install /home/soroush/robatics/Assignment2/assi2/build/yangsim
[9.529s] Level 1:colcon.colcon_core.environment:create_environment_scripts_only(yangsim)
[9.530s] DEBUG:colcon.colcon_core.event_handler.log_command:Invoked command in '/home/soroush/robatics/Assignment2/assi2/build/yangsim' returned '0': CMAKE_PREFIX_PATH=/home/soroush/robatics/Assignment2/assi2/install/interfaces:/home/soroush/robatics/Assignment2/assi2/install/yangsim:/home/soroush/robatics/Assignment2/assi2/install/yinsim:/home/soroush/robatics/Assignment2/assi2/install/py_srvcli:/opt/ros/humble /usr/bin/cmake --install /home/soroush/robatics/Assignment2/assi2/build/yangsim
[9.538s] Level 1:colcon.colcon_core.environment:checking '/home/soroush/robatics/Assignment2/assi2/install/yangsim' for CMake module files
[9.539s] Level 1:colcon.colcon_core.environment:checking '/home/soroush/robatics/Assignment2/assi2/install/yangsim' for CMake config files
[9.539s] Level 1:colcon.colcon_core.shell:create_environment_hook('yangsim', 'cmake_prefix_path')
[9.542s] INFO:colcon.colcon_core.shell:Creating environment hook '/home/soroush/robatics/Assignment2/assi2/install/yangsim/share/yangsim/hook/cmake_prefix_path.ps1'
[9.543s] INFO:colcon.colcon_core.shell:Creating environment descriptor '/home/soroush/robatics/Assignment2/assi2/install/yangsim/share/yangsim/hook/cmake_prefix_path.dsv'
[9.543s] INFO:colcon.colcon_core.shell:Creating environment hook '/home/soroush/robatics/Assignment2/assi2/install/yangsim/share/yangsim/hook/cmake_prefix_path.sh'
[9.545s] Level 1:colcon.colcon_core.environment:checking '/home/soroush/robatics/Assignment2/assi2/install/yangsim/lib'
[9.546s] Level 1:colcon.colcon_core.environment:checking '/home/soroush/robatics/Assignment2/assi2/install/yangsim/bin'
[9.546s] Level 1:colcon.colcon_core.environment:checking '/home/soroush/robatics/Assignment2/assi2/install/yangsim/lib/pkgconfig/yangsim.pc'
[9.547s] Level 1:colcon.colcon_core.environment:checking '/home/soroush/robatics/Assignment2/assi2/install/yangsim/lib/python3.10/site-packages'
[9.548s] Level 1:colcon.colcon_core.environment:checking '/home/soroush/robatics/Assignment2/assi2/install/yangsim/bin'
[9.551s] INFO:colcon.colcon_core.shell:Creating package script '/home/soroush/robatics/Assignment2/assi2/install/yangsim/share/yangsim/package.ps1'
[9.552s] INFO:colcon.colcon_core.shell:Creating package descriptor '/home/soroush/robatics/Assignment2/assi2/install/yangsim/share/yangsim/package.dsv'
[9.553s] INFO:colcon.colcon_core.shell:Creating package script '/home/soroush/robatics/Assignment2/assi2/install/yangsim/share/yangsim/package.sh'
[9.554s] INFO:colcon.colcon_core.shell:Creating package script '/home/soroush/robatics/Assignment2/assi2/install/yangsim/share/yangsim/package.bash'
[9.555s] INFO:colcon.colcon_core.shell:Creating package script '/home/soroush/robatics/Assignment2/assi2/install/yangsim/share/yangsim/package.zsh'
[9.556s] Level 1:colcon.colcon_core.environment:create_file_with_runtime_dependencies(/home/soroush/robatics/Assignment2/assi2/install/yangsim/share/colcon-core/packages/yangsim)
[9.606s] Level 1:colcon.colcon_core.environment:create_environment_scripts_only(yangsim)
[9.609s] Level 1:colcon.colcon_core.environment:checking '/home/soroush/robatics/Assignment2/assi2/install/yangsim' for CMake module files
[9.610s] Level 1:colcon.colcon_core.environment:checking '/home/soroush/robatics/Assignment2/assi2/install/yangsim' for CMake config files
[9.611s] Level 1:colcon.colcon_core.shell:create_environment_hook('yangsim', 'cmake_prefix_path')
[9.613s] INFO:colcon.colcon_core.shell:Creating environment hook '/home/soroush/robatics/Assignment2/assi2/install/yangsim/share/yangsim/hook/cmake_prefix_path.ps1'
[9.614s] INFO:colcon.colcon_core.shell:Creating environment descriptor '/home/soroush/robatics/Assignment2/assi2/install/yangsim/share/yangsim/hook/cmake_prefix_path.dsv'
[9.614s] INFO:colcon.colcon_core.shell:Creating environment hook '/home/soroush/robatics/Assignment2/assi2/install/yangsim/share/yangsim/hook/cmake_prefix_path.sh'
[9.615s] Level 1:colcon.colcon_core.environment:checking '/home/soroush/robatics/Assignment2/assi2/install/yangsim/lib'
[9.615s] Level 1:colcon.colcon_core.environment:checking '/home/soroush/robatics/Assignment2/assi2/install/yangsim/bin'
[9.615s] Level 1:colcon.colcon_core.environment:checking '/home/soroush/robatics/Assignment2/assi2/install/yangsim/lib/pkgconfig/yangsim.pc'
[9.616s] Level 1:colcon.colcon_core.environment:checking '/home/soroush/robatics/Assignment2/assi2/install/yangsim/lib/python3.10/site-packages'
[9.616s] Level 1:colcon.colcon_core.environment:checking '/home/soroush/robatics/Assignment2/assi2/install/yangsim/bin'
[9.619s] INFO:colcon.colcon_core.shell:Creating package script '/home/soroush/robatics/Assignment2/assi2/install/yangsim/share/yangsim/package.ps1'
[9.620s] INFO:colcon.colcon_core.shell:Creating package descriptor '/home/soroush/robatics/Assignment2/assi2/install/yangsim/share/yangsim/package.dsv'
[9.621s] INFO:colcon.colcon_core.shell:Creating package script '/home/soroush/robatics/Assignment2/assi2/install/yangsim/share/yangsim/package.sh'
[9.621s] INFO:colcon.colcon_core.shell:Creating package script '/home/soroush/robatics/Assignment2/assi2/install/yangsim/share/yangsim/package.bash'
[9.622s] INFO:colcon.colcon_core.shell:Creating package script '/home/soroush/robatics/Assignment2/assi2/install/yangsim/share/yangsim/package.zsh'
[9.623s] Level 1:colcon.colcon_core.environment:create_file_with_runtime_dependencies(/home/soroush/robatics/Assignment2/assi2/install/yangsim/share/colcon-core/packages/yangsim)
[9.623s] DEBUG:colcon.colcon_parallel_executor.executor.parallel:closing loop
[9.624s] DEBUG:colcon.colcon_parallel_executor.executor.parallel:loop closed
[9.624s] DEBUG:colcon.colcon_parallel_executor.executor.parallel:run_until_complete finished with '0'
[9.624s] DEBUG:colcon.colcon_core.event_reactor:joining thread
[9.635s] INFO:colcon.colcon_core.plugin_system:Skipping extension 'colcon_notification.desktop_notification.notify_send': Could not find 'notify-send'
[9.635s] INFO:colcon.colcon_core.plugin_system:Skipping extension 'colcon_notification.desktop_notification.terminal_notifier': Not used on non-Darwin systems
[9.635s] INFO:colcon.colcon_core.plugin_system:Skipping extension 'colcon_notification.desktop_notification.win32': Not used on non-Windows systems
[9.635s] INFO:colcon.colcon_notification.desktop_notification:Sending desktop notification using 'notify2'
[9.646s] DEBUG:colcon.colcon_core.event_reactor:joined thread
[9.649s] INFO:colcon.colcon_core.shell:Creating prefix script '/home/soroush/robatics/Assignment2/assi2/install/local_setup.ps1'
[9.650s] INFO:colcon.colcon_core.shell:Creating prefix util module '/home/soroush/robatics/Assignment2/assi2/install/_local_setup_util_ps1.py'
[9.653s] INFO:colcon.colcon_core.shell:Creating prefix chain script '/home/soroush/robatics/Assignment2/assi2/install/setup.ps1'
[9.655s] INFO:colcon.colcon_core.shell:Creating prefix script '/home/soroush/robatics/Assignment2/assi2/install/local_setup.sh'
[9.656s] INFO:colcon.colcon_core.shell:Creating prefix util module '/home/soroush/robatics/Assignment2/assi2/install/_local_setup_util_sh.py'
[9.657s] INFO:colcon.colcon_core.shell:Creating prefix chain script '/home/soroush/robatics/Assignment2/assi2/install/setup.sh'
[9.660s] INFO:colcon.colcon_core.shell:Creating prefix script '/home/soroush/robatics/Assignment2/assi2/install/local_setup.bash'
[9.661s] INFO:colcon.colcon_core.shell:Creating prefix chain script '/home/soroush/robatics/Assignment2/assi2/install/setup.bash'
[9.663s] INFO:colcon.colcon_core.shell:Creating prefix script '/home/soroush/robatics/Assignment2/assi2/install/local_setup.zsh'
[9.664s] INFO:colcon.colcon_core.shell:Creating prefix chain script '/home/soroush/robatics/Assignment2/assi2/install/setup.zsh'
