[2.661s] DEBUG:colcon:Command line arguments: ['/usr/bin/colcon', 'build', '--packages-select', 'turtlesim_controller']
[2.662s] DEBUG:colcon:Parsed command line arguments: Namespace(log_base=None, log_level=None, verb_name='build', build_base='build', install_base='install', merge_install=False, symlink_install=False, test_result_base=None, continue_on_error=False, executor='parallel', parallel_workers=8, event_handlers=None, ignore_user_meta=False, metas=['./colcon.meta'], base_paths=['.'], packages_ignore=None, packages_ignore_regex=None, paths=None, packages_up_to=None, packages_up_to_regex=None, packages_above=None, packages_above_and_dependencies=None, packages_above_depth=None, packages_select_by_dep=None, packages_skip_by_dep=None, packages_skip_up_to=None, packages_select_build_failed=False, packages_skip_build_finished=False, packages_select_test_failures=False, packages_skip_test_passed=False, packages_select=['turtlesim_controller'], packages_skip=None, packages_select_regex=None, packages_skip_regex=None, packages_start=None, packages_end=None, cmake_args=None, cmake_target=None, cmake_target_skip_unavailable=False, cmake_clean_cache=False, cmake_clean_first=False, cmake_force_configure=False, ament_cmake_args=None, catkin_cmake_args=None, catkin_skip_building_tests=False, mixin_files=None, mixin=None, verb_parser=<colcon_mixin.mixin.mixin_argument.MixinArgumentDecorator object at 0x7fec81b8dba0>, verb_extension=<colcon_core.verb.build.BuildVerb object at 0x7fec824fb490>, main=<bound method BuildVerb.main of <colcon_core.verb.build.BuildVerb object at 0x7fec824fb490>>, mixin_verb=('build',))
[2.837s] Level 1:colcon.colcon_core.package_discovery:discover_packages(colcon_meta) check parameters
[2.838s] Level 1:colcon.colcon_core.package_discovery:discover_packages(recursive) check parameters
[2.838s] Level 1:colcon.colcon_core.package_discovery:discover_packages(ignore) check parameters
[2.839s] Level 1:colcon.colcon_core.package_discovery:discover_packages(path) check parameters
[2.839s] Level 1:colcon.colcon_core.package_discovery:discover_packages(colcon_meta) discover
[2.839s] Level 1:colcon.colcon_core.package_discovery:discover_packages(recursive) discover
[2.840s] INFO:colcon.colcon_core.package_discovery:Crawling recursively for packages in '/home/soroush/robatics/Assignment2/assi2/src/turtlesim_controller'
[2.840s] Level 1:colcon.colcon_core.package_identification:_identify(.) by extensions ['ignore', 'ignore_ament_install']
[2.841s] Level 1:colcon.colcon_core.package_identification:_identify(.) by extension 'ignore'
[2.842s] Level 1:colcon.colcon_core.package_identification:_identify(.) by extension 'ignore_ament_install'
[2.842s] Level 1:colcon.colcon_core.package_identification:_identify(.) by extensions ['colcon_pkg']
[2.842s] Level 1:colcon.colcon_core.package_identification:_identify(.) by extension 'colcon_pkg'
[2.843s] Level 1:colcon.colcon_core.package_identification:_identify(.) by extensions ['colcon_meta']
[2.843s] Level 1:colcon.colcon_core.package_identification:_identify(.) by extension 'colcon_meta'
[2.843s] Level 1:colcon.colcon_core.package_identification:_identify(.) by extensions ['ros']
[2.844s] Level 1:colcon.colcon_core.package_identification:_identify(.) by extension 'ros'
[2.990s] DEBUG:colcon.colcon_core.package_identification:Package '.' with type 'ros.ament_python' and name 'turtlesim_controller'
[2.991s] Level 1:colcon.colcon_core.package_discovery:discover_packages(recursive) using defaults
[2.991s] Level 1:colcon.colcon_core.package_discovery:discover_packages(ignore) discover
[2.991s] Level 1:colcon.colcon_core.package_discovery:discover_packages(ignore) using defaults
[2.992s] Level 1:colcon.colcon_core.package_discovery:discover_packages(path) discover
[2.992s] Level 1:colcon.colcon_core.package_discovery:discover_packages(path) using defaults
[3.188s] Level 5:colcon.colcon_core.verb:set package 'turtlesim_controller' build argument 'cmake_args' from command line to 'None'
[3.188s] Level 5:colcon.colcon_core.verb:set package 'turtlesim_controller' build argument 'cmake_target' from command line to 'None'
[3.189s] Level 5:colcon.colcon_core.verb:set package 'turtlesim_controller' build argument 'cmake_target_skip_unavailable' from command line to 'False'
[3.189s] Level 5:colcon.colcon_core.verb:set package 'turtlesim_controller' build argument 'cmake_clean_cache' from command line to 'False'
[3.189s] Level 5:colcon.colcon_core.verb:set package 'turtlesim_controller' build argument 'cmake_clean_first' from command line to 'False'
[3.189s] Level 5:colcon.colcon_core.verb:set package 'turtlesim_controller' build argument 'cmake_force_configure' from command line to 'False'
[3.190s] Level 5:colcon.colcon_core.verb:set package 'turtlesim_controller' build argument 'ament_cmake_args' from command line to 'None'
[3.190s] Level 5:colcon.colcon_core.verb:set package 'turtlesim_controller' build argument 'catkin_cmake_args' from command line to 'None'
[3.190s] Level 5:colcon.colcon_core.verb:set package 'turtlesim_controller' build argument 'catkin_skip_building_tests' from command line to 'False'
[3.190s] DEBUG:colcon.colcon_core.verb:Building package 'turtlesim_controller' with the following arguments: {'ament_cmake_args': None, 'build_base': '/home/soroush/robatics/Assignment2/assi2/src/turtlesim_controller/build/turtlesim_controller', 'catkin_cmake_args': None, 'catkin_skip_building_tests': False, 'cmake_args': None, 'cmake_clean_cache': False, 'cmake_clean_first': False, 'cmake_force_configure': False, 'cmake_target': None, 'cmake_target_skip_unavailable': False, 'install_base': '/home/soroush/robatics/Assignment2/assi2/src/turtlesim_controller/install/turtlesim_controller', 'merge_install': False, 'path': '/home/soroush/robatics/Assignment2/assi2/src/turtlesim_controller', 'symlink_install': False, 'test_result_base': None}
[3.195s] INFO:colcon.colcon_core.executor:Executing jobs using 'parallel' executor
[3.219s] DEBUG:colcon.colcon_parallel_executor.executor.parallel:run_until_complete
[3.221s] INFO:colcon.colcon_ros.task.ament_python.build:Building ROS package in '/home/soroush/robatics/Assignment2/assi2/src/turtlesim_controller' with build type 'ament_python'
[3.222s] Level 1:colcon.colcon_core.shell:create_environment_hook('turtlesim_controller', 'ament_prefix_path')
[3.259s] INFO:colcon.colcon_core.plugin_system:Skipping extension 'colcon_core.shell.bat': Not used on non-Windows systems
[3.261s] INFO:colcon.colcon_core.shell:Creating environment hook '/home/soroush/robatics/Assignment2/assi2/src/turtlesim_controller/install/turtlesim_controller/share/turtlesim_controller/hook/ament_prefix_path.ps1'
[3.266s] INFO:colcon.colcon_core.shell:Creating environment descriptor '/home/soroush/robatics/Assignment2/assi2/src/turtlesim_controller/install/turtlesim_controller/share/turtlesim_controller/hook/ament_prefix_path.dsv'
[3.269s] INFO:colcon.colcon_core.shell:Creating environment hook '/home/soroush/robatics/Assignment2/assi2/src/turtlesim_controller/install/turtlesim_controller/share/turtlesim_controller/hook/ament_prefix_path.sh'
[3.284s] INFO:colcon.colcon_core.shell:Skip shell extension 'powershell' for command environment: Not usable outside of PowerShell
[3.284s] DEBUG:colcon.colcon_core.shell:Skip shell extension 'dsv' for command environment
[5.458s] INFO:colcon.colcon_core.task.python.build:Building Python package in '/home/soroush/robatics/Assignment2/assi2/src/turtlesim_controller'
[5.468s] INFO:colcon.colcon_core.shell:Skip shell extension 'powershell' for command environment: Not usable outside of PowerShell
[5.468s] DEBUG:colcon.colcon_core.shell:Skip shell extension 'dsv' for command environment
[8.231s] DEBUG:colcon.colcon_core.event_handler.log_command:Invoking command in '/home/soroush/robatics/Assignment2/assi2/src/turtlesim_controller': PYTHONPATH=/home/soroush/robatics/Assignment2/assi2/src/turtlesim_controller/build/turtlesim_controller/prefix_override:/home/soroush/robatics/Assignment2/assi2/src/turtlesim_controller/install/turtlesim_controller/lib/python3.10/site-packages:${PYTHONPATH} /usr/bin/python3 setup.py egg_info --egg-base build/turtlesim_controller build --build-base /home/soroush/robatics/Assignment2/assi2/src/turtlesim_controller/build/turtlesim_controller/build install --record /home/soroush/robatics/Assignment2/assi2/src/turtlesim_controller/build/turtlesim_controller/install.log --single-version-externally-managed
[10.681s] DEBUG:colcon.colcon_core.event_handler.log_command:Invoked command in '/home/soroush/robatics/Assignment2/assi2/src/turtlesim_controller' returned '0': PYTHONPATH=/home/soroush/robatics/Assignment2/assi2/src/turtlesim_controller/build/turtlesim_controller/prefix_override:/home/soroush/robatics/Assignment2/assi2/src/turtlesim_controller/install/turtlesim_controller/lib/python3.10/site-packages:${PYTHONPATH} /usr/bin/python3 setup.py egg_info --egg-base build/turtlesim_controller build --build-base /home/soroush/robatics/Assignment2/assi2/src/turtlesim_controller/build/turtlesim_controller/build install --record /home/soroush/robatics/Assignment2/assi2/src/turtlesim_controller/build/turtlesim_controller/install.log --single-version-externally-managed
[10.718s] Level 1:colcon.colcon_core.environment:checking '/home/soroush/robatics/Assignment2/assi2/src/turtlesim_controller/install/turtlesim_controller' for CMake module files
[10.721s] Level 1:colcon.colcon_core.environment:checking '/home/soroush/robatics/Assignment2/assi2/src/turtlesim_controller/install/turtlesim_controller' for CMake config files
[10.726s] Level 1:colcon.colcon_core.environment:checking '/home/soroush/robatics/Assignment2/assi2/src/turtlesim_controller/install/turtlesim_controller/lib'
[10.728s] Level 1:colcon.colcon_core.environment:checking '/home/soroush/robatics/Assignment2/assi2/src/turtlesim_controller/install/turtlesim_controller/bin'
[10.728s] Level 1:colcon.colcon_core.environment:checking '/home/soroush/robatics/Assignment2/assi2/src/turtlesim_controller/install/turtlesim_controller/lib/pkgconfig/turtlesim_controller.pc'
[10.730s] Level 1:colcon.colcon_core.environment:checking '/home/soroush/robatics/Assignment2/assi2/src/turtlesim_controller/install/turtlesim_controller/lib/python3.10/site-packages'
[10.731s] Level 1:colcon.colcon_core.shell:create_environment_hook('turtlesim_controller', 'pythonpath')
[10.740s] INFO:colcon.colcon_core.shell:Creating environment hook '/home/soroush/robatics/Assignment2/assi2/src/turtlesim_controller/install/turtlesim_controller/share/turtlesim_controller/hook/pythonpath.ps1'
[10.744s] INFO:colcon.colcon_core.shell:Creating environment descriptor '/home/soroush/robatics/Assignment2/assi2/src/turtlesim_controller/install/turtlesim_controller/share/turtlesim_controller/hook/pythonpath.dsv'
[10.747s] INFO:colcon.colcon_core.shell:Creating environment hook '/home/soroush/robatics/Assignment2/assi2/src/turtlesim_controller/install/turtlesim_controller/share/turtlesim_controller/hook/pythonpath.sh'
[10.751s] Level 1:colcon.colcon_core.environment:checking '/home/soroush/robatics/Assignment2/assi2/src/turtlesim_controller/install/turtlesim_controller/bin'
[10.751s] Level 1:colcon.colcon_core.environment:create_environment_scripts_only(turtlesim_controller)
[10.764s] INFO:colcon.colcon_core.shell:Creating package script '/home/soroush/robatics/Assignment2/assi2/src/turtlesim_controller/install/turtlesim_controller/share/turtlesim_controller/package.ps1'
[10.771s] INFO:colcon.colcon_core.shell:Creating package descriptor '/home/soroush/robatics/Assignment2/assi2/src/turtlesim_controller/install/turtlesim_controller/share/turtlesim_controller/package.dsv'
[10.775s] INFO:colcon.colcon_core.shell:Creating package script '/home/soroush/robatics/Assignment2/assi2/src/turtlesim_controller/install/turtlesim_controller/share/turtlesim_controller/package.sh'
[10.781s] INFO:colcon.colcon_core.shell:Creating package script '/home/soroush/robatics/Assignment2/assi2/src/turtlesim_controller/install/turtlesim_controller/share/turtlesim_controller/package.bash'
[10.787s] INFO:colcon.colcon_core.shell:Creating package script '/home/soroush/robatics/Assignment2/assi2/src/turtlesim_controller/install/turtlesim_controller/share/turtlesim_controller/package.zsh'
[10.792s] Level 1:colcon.colcon_core.environment:create_file_with_runtime_dependencies(/home/soroush/robatics/Assignment2/assi2/src/turtlesim_controller/install/turtlesim_controller/share/colcon-core/packages/turtlesim_controller)
[10.794s] DEBUG:colcon.colcon_parallel_executor.executor.parallel:closing loop
[10.797s] DEBUG:colcon.colcon_parallel_executor.executor.parallel:loop closed
[10.797s] DEBUG:colcon.colcon_parallel_executor.executor.parallel:run_until_complete finished with '0'
[10.798s] DEBUG:colcon.colcon_core.event_reactor:joining thread
[10.862s] INFO:colcon.colcon_core.plugin_system:Skipping extension 'colcon_notification.desktop_notification.notify_send': Could not find 'notify-send'
[10.863s] INFO:colcon.colcon_core.plugin_system:Skipping extension 'colcon_notification.desktop_notification.terminal_notifier': Not used on non-Darwin systems
[10.865s] INFO:colcon.colcon_core.plugin_system:Skipping extension 'colcon_notification.desktop_notification.win32': Not used on non-Windows systems
[10.865s] INFO:colcon.colcon_notification.desktop_notification:Sending desktop notification using 'notify2'
[10.950s] DEBUG:colcon.colcon_core.event_reactor:joined thread
[10.962s] INFO:colcon.colcon_core.shell:Creating prefix script '/home/soroush/robatics/Assignment2/assi2/src/turtlesim_controller/install/local_setup.ps1'
[10.969s] INFO:colcon.colcon_core.shell:Creating prefix util module '/home/soroush/robatics/Assignment2/assi2/src/turtlesim_controller/install/_local_setup_util_ps1.py'
[10.980s] INFO:colcon.colcon_core.shell:Creating prefix chain script '/home/soroush/robatics/Assignment2/assi2/src/turtlesim_controller/install/setup.ps1'
[10.991s] INFO:colcon.colcon_core.shell:Creating prefix script '/home/soroush/robatics/Assignment2/assi2/src/turtlesim_controller/install/local_setup.sh'
[10.996s] INFO:colcon.colcon_core.shell:Creating prefix util module '/home/soroush/robatics/Assignment2/assi2/src/turtlesim_controller/install/_local_setup_util_sh.py'
[11.001s] INFO:colcon.colcon_core.shell:Creating prefix chain script '/home/soroush/robatics/Assignment2/assi2/src/turtlesim_controller/install/setup.sh'
[11.012s] INFO:colcon.colcon_core.shell:Creating prefix script '/home/soroush/robatics/Assignment2/assi2/src/turtlesim_controller/install/local_setup.bash'
[11.016s] INFO:colcon.colcon_core.shell:Creating prefix chain script '/home/soroush/robatics/Assignment2/assi2/src/turtlesim_controller/install/setup.bash'
[11.027s] INFO:colcon.colcon_core.shell:Creating prefix script '/home/soroush/robatics/Assignment2/assi2/src/turtlesim_controller/install/local_setup.zsh'
[11.031s] INFO:colcon.colcon_core.shell:Creating prefix chain script '/home/soroush/robatics/Assignment2/assi2/src/turtlesim_controller/install/setup.zsh'
