[0.009s] Invoking command in '/home/soroush/robatics/Assignment2/assi2/build/ros_gz_bridge': AMENT_PREFIX_PATH=/home/soroush/robatics/Assignment2/assi2/install/ros_gz_interfaces:${AMENT_PREFIX_PATH} CMAKE_PREFIX_PATH=/home/soroush/robatics/Assignment2/assi2/install/ros_gz_interfaces:/opt/ros/humble LD_LIBRARY_PATH=/home/soroush/robatics/Assignment2/assi2/install/ros_gz_interfaces/lib:${LD_LIBRARY_PATH} PYTHONPATH=/home/soroush/robatics/Assignment2/assi2/install/ros_gz_interfaces/local/lib/python3.10/dist-packages:${PYTHONPATH} /usr/bin/cmake /home/soroush/robatics/Assignment2/assi2/src/ros_gz/ros_gz_bridge -DAMENT_CMAKE_SYMLINK_INSTALL=1 -DCMAKE_INSTALL_PREFIX=/home/soroush/robatics/Assignment2/assi2/install/ros_gz_bridge
[0.064s] -- The C compiler identification is GNU 11.3.0
[0.122s] -- The CXX compiler identification is GNU 11.3.0
[0.130s] -- Detecting C compiler ABI info
[0.198s] -- Detecting C compiler ABI info - done
[0.206s] -- Check for working C compiler: /usr/bin/cc - skipped
[0.207s] -- Detecting C compile features
[0.207s] -- Detecting C compile features - done
[0.210s] -- Detecting CXX compiler ABI info
[0.291s] -- Detecting CXX compiler ABI info - done
[0.298s] -- Check for working CXX compiler: /usr/bin/c++ - skipped
[0.299s] -- Detecting CXX compile features
[0.299s] -- Detecting CXX compile features - done
[0.302s] -- Found ament_cmake: 1.3.3 (/opt/ros/humble/share/ament_cmake/cmake)
[0.661s] -- Found Python3: /usr/bin/python3.10 (found version "3.10.6") found components: Interpreter 
[0.725s] -- Override CMake install command with custom implementation using symlinks instead of copying resources
[0.762s] -- Found rclcpp: 16.0.3 (/opt/ros/humble/share/rclcpp/cmake)
[0.815s] -- Found rosidl_generator_c: 3.1.4 (/opt/ros/humble/share/rosidl_generator_c/cmake)
[0.821s] -- Found rosidl_adapter: 3.1.4 (/opt/ros/humble/share/rosidl_adapter/cmake)
[0.831s] -- Found rosidl_generator_cpp: 3.1.4 (/opt/ros/humble/share/rosidl_generator_cpp/cmake)
[0.847s] -- Using all available rosidl_typesupport_c: rosidl_typesupport_fastrtps_c;rosidl_typesupport_introspection_c
[0.867s] -- Using all available rosidl_typesupport_cpp: rosidl_typesupport_fastrtps_cpp;rosidl_typesupport_introspection_cpp
[0.941s] -- Found rmw_implementation_cmake: 6.1.1 (/opt/ros/humble/share/rmw_implementation_cmake/cmake)
[0.944s] -- Found rmw_fastrtps_cpp: 6.2.2 (/opt/ros/humble/share/rmw_fastrtps_cpp/cmake)
[1.045s] -- Found OpenSSL: /usr/lib/x86_64-linux-gnu/libcrypto.so (found version "3.0.2")  
[1.081s] -- Found FastRTPS: /opt/ros/humble/include  
[1.142s] -- Using RMW implementation 'rmw_fastrtps_cpp' as default
[1.154s] -- Looking for pthread.h
[1.225s] -- Looking for pthread.h - found
[1.226s] -- Performing Test CMAKE_HAVE_LIBC_PTHREAD
[1.303s] -- Performing Test CMAKE_HAVE_LIBC_PTHREAD - Success
[1.304s] -- Found Threads: TRUE  
[1.483s] -- Found rclcpp_components: 16.0.3 (/opt/ros/humble/share/rclcpp_components/cmake)
[1.565s] -- Found yaml_cpp_vendor: 8.0.2 (/opt/ros/humble/share/yaml_cpp_vendor/cmake)
[1.569s] [31mCMake Error at CMakeLists.txt:33 (message):
[1.569s]   This branch is only compatible with Gazebo Garden forward.
[1.569s] 
[1.569s] [0m
[1.569s] -- Configuring incomplete, errors occurred!
[1.569s] See also "/home/soroush/robatics/Assignment2/assi2/build/ros_gz_bridge/CMakeFiles/CMakeOutput.log".
[1.576s] Invoked command in '/home/soroush/robatics/Assignment2/assi2/build/ros_gz_bridge' returned '1': AMENT_PREFIX_PATH=/home/soroush/robatics/Assignment2/assi2/install/ros_gz_interfaces:${AMENT_PREFIX_PATH} CMAKE_PREFIX_PATH=/home/soroush/robatics/Assignment2/assi2/install/ros_gz_interfaces:/opt/ros/humble LD_LIBRARY_PATH=/home/soroush/robatics/Assignment2/assi2/install/ros_gz_interfaces/lib:${LD_LIBRARY_PATH} PYTHONPATH=/home/soroush/robatics/Assignment2/assi2/install/ros_gz_interfaces/local/lib/python3.10/dist-packages:${PYTHONPATH} /usr/bin/cmake /home/soroush/robatics/Assignment2/assi2/src/ros_gz/ros_gz_bridge -DAMENT_CMAKE_SYMLINK_INSTALL=1 -DCMAKE_INSTALL_PREFIX=/home/soroush/robatics/Assignment2/assi2/install/ros_gz_bridge
