[0.662s] Invoking command in '/home/soroush/robatics/Assignment2/assi2/src/peresenr_one': PYTHONPATH=/home/soroush/robatics/Assignment2/assi2/build/peresenr_one/prefix_override:/home/soroush/robatics/Assignment2/assi2/install/peresenr_one/lib/python3.10/site-packages:${PYTHONPATH} /usr/bin/python3 setup.py egg_info --egg-base ../../build/peresenr_one build --build-base /home/soroush/robatics/Assignment2/assi2/build/peresenr_one/build install --record /home/soroush/robatics/Assignment2/assi2/build/peresenr_one/install.log --single-version-externally-managed
[0.866s] running egg_info
[0.868s] creating ../../build/peresenr_one/peresenr_one.egg-info
[0.881s] writing ../../build/peresenr_one/peresenr_one.egg-info/PKG-INFO
[0.881s] writing dependency_links to ../../build/peresenr_one/peresenr_one.egg-info/dependency_links.txt
[0.881s] writing entry points to ../../build/peresenr_one/peresenr_one.egg-info/entry_points.txt
[0.881s] writing requirements to ../../build/peresenr_one/peresenr_one.egg-info/requires.txt
[0.881s] writing top-level names to ../../build/peresenr_one/peresenr_one.egg-info/top_level.txt
[0.882s] writing manifest file '../../build/peresenr_one/peresenr_one.egg-info/SOURCES.txt'
[0.907s] reading manifest file '../../build/peresenr_one/peresenr_one.egg-info/SOURCES.txt'
[0.908s] writing manifest file '../../build/peresenr_one/peresenr_one.egg-info/SOURCES.txt'
[0.908s] running build
[0.908s] running build_py
[0.909s] creating /home/soroush/robatics/Assignment2/assi2/build/peresenr_one/build
[0.909s] creating /home/soroush/robatics/Assignment2/assi2/build/peresenr_one/build/lib
[0.909s] creating /home/soroush/robatics/Assignment2/assi2/build/peresenr_one/build/lib/peresenr_one
[0.909s] copying peresenr_one/__init__.py -> /home/soroush/robatics/Assignment2/assi2/build/peresenr_one/build/lib/peresenr_one
[0.909s] copying peresenr_one/subscriber.py -> /home/soroush/robatics/Assignment2/assi2/build/peresenr_one/build/lib/peresenr_one
[0.909s] copying peresenr_one/publisher.py -> /home/soroush/robatics/Assignment2/assi2/build/peresenr_one/build/lib/peresenr_one
[0.909s] running install
[0.909s] /home/soroush/.local/lib/python3.10/site-packages/setuptools/command/install.py:34: SetuptoolsDeprecationWarning: setup.py install is deprecated. Use build and pip and other standards-based tools.
[0.909s]   warnings.warn(
[0.914s] running install_lib
[0.927s] creating /home/soroush/robatics/Assignment2/assi2/install/peresenr_one/lib/python3.10/site-packages/peresenr_one
[0.927s] copying /home/soroush/robatics/Assignment2/assi2/build/peresenr_one/build/lib/peresenr_one/__init__.py -> /home/soroush/robatics/Assignment2/assi2/install/peresenr_one/lib/python3.10/site-packages/peresenr_one
[0.927s] copying /home/soroush/robatics/Assignment2/assi2/build/peresenr_one/build/lib/peresenr_one/subscriber.py -> /home/soroush/robatics/Assignment2/assi2/install/peresenr_one/lib/python3.10/site-packages/peresenr_one
[0.927s] copying /home/soroush/robatics/Assignment2/assi2/build/peresenr_one/build/lib/peresenr_one/publisher.py -> /home/soroush/robatics/Assignment2/assi2/install/peresenr_one/lib/python3.10/site-packages/peresenr_one
[0.928s] byte-compiling /home/soroush/robatics/Assignment2/assi2/install/peresenr_one/lib/python3.10/site-packages/peresenr_one/__init__.py to __init__.cpython-310.pyc
[0.928s] byte-compiling /home/soroush/robatics/Assignment2/assi2/install/peresenr_one/lib/python3.10/site-packages/peresenr_one/subscriber.py to subscriber.cpython-310.pyc
[0.928s] byte-compiling /home/soroush/robatics/Assignment2/assi2/install/peresenr_one/lib/python3.10/site-packages/peresenr_one/publisher.py to publisher.cpython-310.pyc
[0.929s] running install_data
[0.942s] creating /home/soroush/robatics/Assignment2/assi2/install/peresenr_one/share/ament_index
[0.942s] creating /home/soroush/robatics/Assignment2/assi2/install/peresenr_one/share/ament_index/resource_index
[0.943s] creating /home/soroush/robatics/Assignment2/assi2/install/peresenr_one/share/ament_index/resource_index/packages
[0.943s] copying resource/peresenr_one -> /home/soroush/robatics/Assignment2/assi2/install/peresenr_one/share/ament_index/resource_index/packages
[0.943s] copying package.xml -> /home/soroush/robatics/Assignment2/assi2/install/peresenr_one/share/peresenr_one
[0.943s] running install_egg_info
[0.956s] Copying ../../build/peresenr_one/peresenr_one.egg-info to /home/soroush/robatics/Assignment2/assi2/install/peresenr_one/lib/python3.10/site-packages/peresenr_one-0.0.0-py3.10.egg-info
[0.957s] running install_scripts
[1.111s] Installing listener script to /home/soroush/robatics/Assignment2/assi2/install/peresenr_one/lib/peresenr_one
[1.111s] Installing talker script to /home/soroush/robatics/Assignment2/assi2/install/peresenr_one/lib/peresenr_one
[1.111s] writing list of installed files to '/home/soroush/robatics/Assignment2/assi2/build/peresenr_one/install.log'
[1.137s] Invoked command in '/home/soroush/robatics/Assignment2/assi2/src/peresenr_one' returned '0': PYTHONPATH=/home/soroush/robatics/Assignment2/assi2/build/peresenr_one/prefix_override:/home/soroush/robatics/Assignment2/assi2/install/peresenr_one/lib/python3.10/site-packages:${PYTHONPATH} /usr/bin/python3 setup.py egg_info --egg-base ../../build/peresenr_one build --build-base /home/soroush/robatics/Assignment2/assi2/build/peresenr_one/build install --record /home/soroush/robatics/Assignment2/assi2/build/peresenr_one/install.log --single-version-externally-managed
