running egg_info
creating ../build/Lab7/Lab7.egg-info
writing ../build/Lab7/Lab7.egg-info/PKG-INFO
writing dependency_links to ../build/Lab7/Lab7.egg-info/dependency_links.txt
writing entry points to ../build/Lab7/Lab7.egg-info/entry_points.txt
writing requirements to ../build/Lab7/Lab7.egg-info/requires.txt
writing top-level names to ../build/Lab7/Lab7.egg-info/top_level.txt
writing manifest file '../build/Lab7/Lab7.egg-info/SOURCES.txt'
reading manifest file '../build/Lab7/Lab7.egg-info/SOURCES.txt'
writing manifest file '../build/Lab7/Lab7.egg-info/SOURCES.txt'
running build
running build_py
creating /home/soroush/robatics/Assignment2/assi2/src/build/Lab7/build
creating /home/soroush/robatics/Assignment2/assi2/src/build/Lab7/build/lib
creating /home/soroush/robatics/Assignment2/assi2/src/build/Lab7/build/lib/Lab7
copying Lab7/model_gazebo.py -> /home/soroush/robatics/Assignment2/assi2/src/build/Lab7/build/lib/Lab7
copying Lab7/__init__.py -> /home/soroush/robatics/Assignment2/assi2/src/build/Lab7/build/lib/Lab7
running install
running install_lib
creating /home/soroush/robatics/Assignment2/assi2/src/install/Lab7/lib/python3.10/site-packages/Lab7
copying /home/soroush/robatics/Assignment2/assi2/src/build/Lab7/build/lib/Lab7/model_gazebo.py -> /home/soroush/robatics/Assignment2/assi2/src/install/Lab7/lib/python3.10/site-packages/Lab7
copying /home/soroush/robatics/Assignment2/assi2/src/build/Lab7/build/lib/Lab7/__init__.py -> /home/soroush/robatics/Assignment2/assi2/src/install/Lab7/lib/python3.10/site-packages/Lab7
byte-compiling /home/soroush/robatics/Assignment2/assi2/src/install/Lab7/lib/python3.10/site-packages/Lab7/model_gazebo.py to model_gazebo.cpython-310.pyc
byte-compiling /home/soroush/robatics/Assignment2/assi2/src/install/Lab7/lib/python3.10/site-packages/Lab7/__init__.py to __init__.cpython-310.pyc
running install_data
creating /home/soroush/robatics/Assignment2/assi2/src/install/Lab7/share/ament_index
creating /home/soroush/robatics/Assignment2/assi2/src/install/Lab7/share/ament_index/resource_index
creating /home/soroush/robatics/Assignment2/assi2/src/install/Lab7/share/ament_index/resource_index/packages
copying resource/Lab7 -> /home/soroush/robatics/Assignment2/assi2/src/install/Lab7/share/ament_index/resource_index/packages
copying package.xml -> /home/soroush/robatics/Assignment2/assi2/src/install/Lab7/share/Lab7
running install_egg_info
Copying ../build/Lab7/Lab7.egg-info to /home/soroush/robatics/Assignment2/assi2/src/install/Lab7/lib/python3.10/site-packages/Lab7-0.0.0-py3.10.egg-info
running install_scripts
Installing modelgazebo script to /home/soroush/robatics/Assignment2/assi2/src/install/Lab7/lib/Lab7
writing list of installed files to '/home/soroush/robatics/Assignment2/assi2/src/build/Lab7/install.log'
