[0.950s] Invoking command in '/home/soroush/robatics/Assignment2/assi2/src/Lab7': PYTHONPATH=/home/soroush/robatics/Assignment2/assi2/src/build/Lab7/prefix_override:/home/soroush/robatics/Assignment2/assi2/src/install/Lab7/lib/python3.10/site-packages:${PYTHONPATH} /usr/bin/python3 setup.py egg_info --egg-base ../build/Lab7 build --build-base /home/soroush/robatics/Assignment2/assi2/src/build/Lab7/build install --record /home/soroush/robatics/Assignment2/assi2/src/build/Lab7/install.log --single-version-externally-managed
[1.181s] running egg_info
[1.181s] creating ../build/Lab7/Lab7.egg-info
[1.195s] writing ../build/Lab7/Lab7.egg-info/PKG-INFO
[1.196s] writing dependency_links to ../build/Lab7/Lab7.egg-info/dependency_links.txt
[1.196s] writing entry points to ../build/Lab7/Lab7.egg-info/entry_points.txt
[1.196s] writing requirements to ../build/Lab7/Lab7.egg-info/requires.txt
[1.196s] writing top-level names to ../build/Lab7/Lab7.egg-info/top_level.txt
[1.196s] writing manifest file '../build/Lab7/Lab7.egg-info/SOURCES.txt'
[1.227s] reading manifest file '../build/Lab7/Lab7.egg-info/SOURCES.txt'
[1.227s] writing manifest file '../build/Lab7/Lab7.egg-info/SOURCES.txt'
[1.227s] running build
[1.227s] running build_py
[1.228s] creating /home/soroush/robatics/Assignment2/assi2/src/build/Lab7/build
[1.228s] creating /home/soroush/robatics/Assignment2/assi2/src/build/Lab7/build/lib
[1.228s] creating /home/soroush/robatics/Assignment2/assi2/src/build/Lab7/build/lib/Lab7
[1.228s] copying Lab7/model_gazebo.py -> /home/soroush/robatics/Assignment2/assi2/src/build/Lab7/build/lib/Lab7
[1.228s] copying Lab7/__init__.py -> /home/soroush/robatics/Assignment2/assi2/src/build/Lab7/build/lib/Lab7
[1.228s] running install
[1.229s] /home/soroush/.local/lib/python3.10/site-packages/setuptools/command/install.py:34: SetuptoolsDeprecationWarning: setup.py install is deprecated. Use build and pip and other standards-based tools.
[1.230s]   warnings.warn(
[1.236s] running install_lib
[1.251s] creating /home/soroush/robatics/Assignment2/assi2/src/install/Lab7/lib/python3.10/site-packages/Lab7
[1.252s] copying /home/soroush/robatics/Assignment2/assi2/src/build/Lab7/build/lib/Lab7/model_gazebo.py -> /home/soroush/robatics/Assignment2/assi2/src/install/Lab7/lib/python3.10/site-packages/Lab7
[1.252s] copying /home/soroush/robatics/Assignment2/assi2/src/build/Lab7/build/lib/Lab7/__init__.py -> /home/soroush/robatics/Assignment2/assi2/src/install/Lab7/lib/python3.10/site-packages/Lab7
[1.252s] byte-compiling /home/soroush/robatics/Assignment2/assi2/src/install/Lab7/lib/python3.10/site-packages/Lab7/model_gazebo.py to model_gazebo.cpython-310.pyc
[1.253s] byte-compiling /home/soroush/robatics/Assignment2/assi2/src/install/Lab7/lib/python3.10/site-packages/Lab7/__init__.py to __init__.cpython-310.pyc
[1.253s] running install_data
[1.268s] creating /home/soroush/robatics/Assignment2/assi2/src/install/Lab7/share/ament_index
[1.268s] creating /home/soroush/robatics/Assignment2/assi2/src/install/Lab7/share/ament_index/resource_index
[1.268s] creating /home/soroush/robatics/Assignment2/assi2/src/install/Lab7/share/ament_index/resource_index/packages
[1.268s] copying resource/Lab7 -> /home/soroush/robatics/Assignment2/assi2/src/install/Lab7/share/ament_index/resource_index/packages
[1.268s] copying package.xml -> /home/soroush/robatics/Assignment2/assi2/src/install/Lab7/share/Lab7
[1.269s] running install_egg_info
[1.284s] Copying ../build/Lab7/Lab7.egg-info to /home/soroush/robatics/Assignment2/assi2/src/install/Lab7/lib/python3.10/site-packages/Lab7-0.0.0-py3.10.egg-info
[1.285s] running install_scripts
[1.457s] Installing modelgazebo script to /home/soroush/robatics/Assignment2/assi2/src/install/Lab7/lib/Lab7
[1.457s] writing list of installed files to '/home/soroush/robatics/Assignment2/assi2/src/build/Lab7/install.log'
[1.484s] Invoked command in '/home/soroush/robatics/Assignment2/assi2/src/Lab7' returned '0': PYTHONPATH=/home/soroush/robatics/Assignment2/assi2/src/build/Lab7/prefix_override:/home/soroush/robatics/Assignment2/assi2/src/install/Lab7/lib/python3.10/site-packages:${PYTHONPATH} /usr/bin/python3 setup.py egg_info --egg-base ../build/Lab7 build --build-base /home/soroush/robatics/Assignment2/assi2/src/build/Lab7/build install --record /home/soroush/robatics/Assignment2/assi2/src/build/Lab7/install.log --single-version-externally-managed
