running egg_info
creating ../../build/alicesim/alicesim.egg-info
writing ../../build/alicesim/alicesim.egg-info/PKG-INFO
writing dependency_links to ../../build/alicesim/alicesim.egg-info/dependency_links.txt
writing entry points to ../../build/alicesim/alicesim.egg-info/entry_points.txt
writing requirements to ../../build/alicesim/alicesim.egg-info/requires.txt
writing top-level names to ../../build/alicesim/alicesim.egg-info/top_level.txt
writing manifest file '../../build/alicesim/alicesim.egg-info/SOURCES.txt'
reading manifest file '../../build/alicesim/alicesim.egg-info/SOURCES.txt'
writing manifest file '../../build/alicesim/alicesim.egg-info/SOURCES.txt'
running build
running build_py
creating /home/soroush/ros2_ws/build/alicesim/build
creating /home/soroush/ros2_ws/build/alicesim/build/lib
creating /home/soroush/ros2_ws/build/alicesim/build/lib/alicesim
copying alicesim/__init__.py -> /home/soroush/ros2_ws/build/alicesim/build/lib/alicesim
copying alicesim/subscriber_member_function.py -> /home/soroush/ros2_ws/build/alicesim/build/lib/alicesim
running install
running install_lib
creating /home/soroush/ros2_ws/install/alicesim/lib/python3.10/site-packages/alicesim
copying /home/soroush/ros2_ws/build/alicesim/build/lib/alicesim/__init__.py -> /home/soroush/ros2_ws/install/alicesim/lib/python3.10/site-packages/alicesim
copying /home/soroush/ros2_ws/build/alicesim/build/lib/alicesim/subscriber_member_function.py -> /home/soroush/ros2_ws/install/alicesim/lib/python3.10/site-packages/alicesim
byte-compiling /home/soroush/ros2_ws/install/alicesim/lib/python3.10/site-packages/alicesim/__init__.py to __init__.cpython-310.pyc
byte-compiling /home/soroush/ros2_ws/install/alicesim/lib/python3.10/site-packages/alicesim/subscriber_member_function.py to subscriber_member_function.cpython-310.pyc
running install_data
creating /home/soroush/ros2_ws/install/alicesim/share/ament_index
creating /home/soroush/ros2_ws/install/alicesim/share/ament_index/resource_index
creating /home/soroush/ros2_ws/install/alicesim/share/ament_index/resource_index/packages
copying resource/alicesim -> /home/soroush/ros2_ws/install/alicesim/share/ament_index/resource_index/packages
copying package.xml -> /home/soroush/ros2_ws/install/alicesim/share/alicesim
running install_egg_info
Copying ../../build/alicesim/alicesim.egg-info to /home/soroush/ros2_ws/install/alicesim/lib/python3.10/site-packages/alicesim-0.0.0-py3.10.egg-info
running install_scripts
Installing listener script to /home/soroush/ros2_ws/install/alicesim/lib/alicesim
writing list of installed files to '/home/soroush/ros2_ws/build/alicesim/install.log'
