running egg_info
writing ../../build/alicesim/alicesim.egg-info/PKG-INFO
writing dependency_links to ../../build/alicesim/alicesim.egg-info/dependency_links.txt
writing entry points to ../../build/alicesim/alicesim.egg-info/entry_points.txt
writing requirements to ../../build/alicesim/alicesim.egg-info/requires.txt
writing top-level names to ../../build/alicesim/alicesim.egg-info/top_level.txt
reading manifest file '../../build/alicesim/alicesim.egg-info/SOURCES.txt'
writing manifest file '../../build/alicesim/alicesim.egg-info/SOURCES.txt'
running build
running build_py
copying alicesim/subscriber_member_function.py -> /home/soroush/ros2_ws/build/alicesim/build/lib/alicesim
running install
/usr/lib/python3/dist-packages/setuptools/command/install.py:34: SetuptoolsDeprecationWarning: setup.py install is deprecated. Use build and pip and other standards-based tools.
  warnings.warn(
running install_lib
copying /home/soroush/ros2_ws/build/alicesim/build/lib/alicesim/subscriber_member_function.py -> /home/soroush/ros2_ws/install/alicesim/lib/python3.10/site-packages/alicesim
byte-compiling /home/soroush/ros2_ws/install/alicesim/lib/python3.10/site-packages/alicesim/subscriber_member_function.py to subscriber_member_function.cpython-310.pyc
running install_data
running install_egg_info
removing '/home/soroush/ros2_ws/install/alicesim/lib/python3.10/site-packages/alicesim-0.0.0-py3.10.egg-info' (and everything under it)
Copying ../../build/alicesim/alicesim.egg-info to /home/soroush/ros2_ws/install/alicesim/lib/python3.10/site-packages/alicesim-0.0.0-py3.10.egg-info
running install_scripts
Installing listener script to /home/soroush/ros2_ws/install/alicesim/lib/alicesim
writing list of installed files to '/home/soroush/ros2_ws/build/alicesim/install.log'
