[0.589s] Invoking command in '/home/soroush/robatics/Assignment2/assi2/src/yinsim': PYTHONPATH=/home/soroush/robatics/Assignment2/assi2/build/yinsim/prefix_override:/home/soroush/robatics/Assignment2/assi2/install/yinsim/lib/python3.10/site-packages:${PYTHONPATH} /usr/bin/python3 setup.py egg_info --egg-base ../../build/yinsim build --build-base /home/soroush/robatics/Assignment2/assi2/build/yinsim/build install --record /home/soroush/robatics/Assignment2/assi2/build/yinsim/install.log --single-version-externally-managed
[0.821s] running egg_info
[0.821s] creating ../../build/yinsim/yinsim.egg-info
[0.822s] writing ../../build/yinsim/yinsim.egg-info/PKG-INFO
[0.822s] writing dependency_links to ../../build/yinsim/yinsim.egg-info/dependency_links.txt
[0.822s] writing entry points to ../../build/yinsim/yinsim.egg-info/entry_points.txt
[0.822s] writing requirements to ../../build/yinsim/yinsim.egg-info/requires.txt
[0.822s] writing top-level names to ../../build/yinsim/yinsim.egg-info/top_level.txt
[0.822s] writing manifest file '../../build/yinsim/yinsim.egg-info/SOURCES.txt'
[0.824s] reading manifest file '../../build/yinsim/yinsim.egg-info/SOURCES.txt'
[0.824s] writing manifest file '../../build/yinsim/yinsim.egg-info/SOURCES.txt'
[0.825s] running build
[0.825s] running build_py
[0.825s] creating /home/soroush/robatics/Assignment2/assi2/build/yinsim/build
[0.825s] creating /home/soroush/robatics/Assignment2/assi2/build/yinsim/build/lib
[0.825s] creating /home/soroush/robatics/Assignment2/assi2/build/yinsim/build/lib/yinsim
[0.825s] copying yinsim/__init__.py -> /home/soroush/robatics/Assignment2/assi2/build/yinsim/build/lib/yinsim
[0.825s] copying yinsim/yinnode.py -> /home/soroush/robatics/Assignment2/assi2/build/yinsim/build/lib/yinsim
[0.825s] running install
[0.826s] /usr/lib/python3/dist-packages/setuptools/command/install.py:34: SetuptoolsDeprecationWarning: setup.py install is deprecated. Use build and pip and other standards-based tools.
[0.826s]   warnings.warn(
[0.826s] running install_lib
[0.827s] creating /home/soroush/robatics/Assignment2/assi2/install/yinsim/lib/python3.10/site-packages/yinsim
[0.827s] copying /home/soroush/robatics/Assignment2/assi2/build/yinsim/build/lib/yinsim/__init__.py -> /home/soroush/robatics/Assignment2/assi2/install/yinsim/lib/python3.10/site-packages/yinsim
[0.827s] copying /home/soroush/robatics/Assignment2/assi2/build/yinsim/build/lib/yinsim/yinnode.py -> /home/soroush/robatics/Assignment2/assi2/install/yinsim/lib/python3.10/site-packages/yinsim
[0.827s] byte-compiling /home/soroush/robatics/Assignment2/assi2/install/yinsim/lib/python3.10/site-packages/yinsim/__init__.py to __init__.cpython-310.pyc
[0.828s] byte-compiling /home/soroush/robatics/Assignment2/assi2/install/yinsim/lib/python3.10/site-packages/yinsim/yinnode.py to yinnode.cpython-310.pyc
[0.828s] running install_data
[0.829s] creating /home/soroush/robatics/Assignment2/assi2/install/yinsim/share/ament_index
[0.829s] creating /home/soroush/robatics/Assignment2/assi2/install/yinsim/share/ament_index/resource_index
[0.829s] creating /home/soroush/robatics/Assignment2/assi2/install/yinsim/share/ament_index/resource_index/packages
[0.829s] copying resource/yinsim -> /home/soroush/robatics/Assignment2/assi2/install/yinsim/share/ament_index/resource_index/packages
[0.829s] copying package.xml -> /home/soroush/robatics/Assignment2/assi2/install/yinsim/share/yinsim
[0.829s] running install_egg_info
[0.831s] Copying ../../build/yinsim/yinsim.egg-info to /home/soroush/robatics/Assignment2/assi2/install/yinsim/lib/python3.10/site-packages/yinsim-0.0.0-py3.10.egg-info
[0.831s] running install_scripts
[0.851s] Installing service script to /home/soroush/robatics/Assignment2/assi2/install/yinsim/lib/yinsim
[0.851s] writing list of installed files to '/home/soroush/robatics/Assignment2/assi2/build/yinsim/install.log'
[0.878s] Invoked command in '/home/soroush/robatics/Assignment2/assi2/src/yinsim' returned '0': PYTHONPATH=/home/soroush/robatics/Assignment2/assi2/build/yinsim/prefix_override:/home/soroush/robatics/Assignment2/assi2/install/yinsim/lib/python3.10/site-packages:${PYTHONPATH} /usr/bin/python3 setup.py egg_info --egg-base ../../build/yinsim build --build-base /home/soroush/robatics/Assignment2/assi2/build/yinsim/build install --record /home/soroush/robatics/Assignment2/assi2/build/yinsim/install.log --single-version-externally-managed
